#
# A fatal error has been detected by the Java Runtime Environment:
#
#  SIGSEGV (0xb) at pc=0x00007f74d89acae3, pid=26657, tid=26661
#
# JRE version: OpenJDK Runtime Environment GraalVM CE 22.3.0 (11.0.17+8) (build 11.0.17+8-jvmci-22.3-b08)
# Java VM: OpenJDK 64-Bit Server VM GraalVM CE 22.3.0 (11.0.17+8-jvmci-22.3-b08, mixed mode, sharing, tiered, jvmci, jvmci compiler, compressed oops, g1 gc, linux-amd64)
# Problematic frame:
# C  [libnvidia-glcore.so.515.65.01+0xfacae3]
#
# Core dump will be written. Default location: Core dumps may be processed with "/usr/share/apport/apport -p%p -s%s -c%c -d%d -P%P -u%u -g%g -- %E" (or dumping to /media/daniil/New Volume/documents/projects/GitHub/JavaGameEngine/core.26657)
#
# If you would like to submit a bug report, please visit:
#   https://github.com/oracle/graal/issues
# The crash happened outside the Java Virtual Machine in native code.
# See problematic frame for where to report the bug.
#

---------------  S U M M A R Y ------------

Command Line: -XX:ThreadPriorityPolicy=1 -XX:+UnlockExperimentalVMOptions -XX:+EnableJVMCIProduct -XX:JVMCIThreadsPerNativeLibraryRuntime=1 -XX:-UnlockExperimentalVMOptions -agentlib:jdwp=transport=dt_socket,address=127.0.0.1:38327,suspend=y,server=n -javaagent:/snap/intellij-idea-ultimate/386/plugins/java/lib/rt/debugger-agent.jar -Dfile.encoding=UTF-8 com.kgaft.JavaGameEngine.Main

Host: Intel(R) Core(TM) i5-3570 CPU @ 3.40GHz, 4 cores, 7G, Ubuntu 22.04.1 LTS
Time: Tue Nov 15 17:58:13 2022 MSK elapsed time: 7.086783 seconds (0d 0h 0m 7s)

---------------  T H R E A D  ---------------

Current thread (0x00007f755402b800):  JavaThread "main" [_thread_in_native, id=26661, stack(0x00007f755af00000,0x00007f755b000000)]

Stack: [0x00007f755af00000,0x00007f755b000000],  sp=0x00007f755affde80,  free space=1015k
Native frames: (J=compiled Java code, A=aot compiled Java code, j=interpreted, Vv=VM code, C=native code)
C  [libnvidia-glcore.so.515.65.01+0xfacae3]

Java frames: (J=compiled Java code, j=interpreted, Vv=VM code)
j  org.lwjgl.opengl.GL11C.nglTexImage2D(IIIIIIIIJ)V+0
j  org.lwjgl.opengl.GL11C.glTexImage2D(IIIIIIIILjava/nio/ByteBuffer;)V+17
j  org.lwjgl.opengl.GL11.glTexImage2D(IIIIIIIILjava/nio/ByteBuffer;)V+14
j  com.kgaft.JavaGameEngine.Engine.GraphicsObjects.Texture.loadTexture(Ljava/awt/image/BufferedImage;)Lcom/kgaft/JavaGameEngine/Engine/GraphicsObjects/Texture;+251
j  com.kgaft.JavaGameEngine.Engine.Engine.start()V+850
j  com.kgaft.JavaGameEngine.Main.main([Ljava/lang/String;)V+24
v  ~StubRoutines::call_stub

siginfo: si_signo: 11 (SIGSEGV), si_code: 1 (SEGV_MAPERR), si_addr: 0x00007f74d6a00000

Register to memory mapping:

RAX=0x00007f74d69ff010 points into unknown readable memory: 0x0000000000000000 | 00 00 00 00 00 00 00 00
RBX=0x0000000000001000 is an unknown value
RCX=0x00007f7525e00020 points into unknown readable memory: 0x0000000000000000 | 00 00 00 00 00 00 00 00
RDX=0x00007f7525e00020 points into unknown readable memory: 0x0000000000000000 | 00 00 00 00 00 00 00 00
RSP=0x00007f755affde80 is pointing into the stack for thread: 0x00007f755402b800
RBP=0x0000000000000400 is an unknown value
RSI=0x00007f74d6a00010 is an unknown value
RDI=0x00007f7525dff020 points into unknown readable memory: 0x0000000000000000 | 00 00 00 00 00 00 00 00
R8 =0x00007f74d89ba620: <offset 0x0000000000fba620> in /lib/x86_64-linux-gnu/libnvidia-glcore.so.515.65.01 at 0x00007f74d7a00000
R9 =0x0000000000000001 is an unknown value
R10=0x0 is NULL
R11=0x0 is NULL
R12=0x0 is NULL
R13=0x0 is NULL
R14=0x00007f7525dff020 points into unknown readable memory: 0x0000000000000000 | 00 00 00 00 00 00 00 00
R15=0x0000000000001000 is an unknown value


Registers:
RAX=0x00007f74d69ff010, RBX=0x0000000000001000, RCX=0x00007f7525e00020, RDX=0x00007f7525e00020
RSP=0x00007f755affde80, RBP=0x0000000000000400, RSI=0x00007f74d6a00010, RDI=0x00007f7525dff020
R8 =0x00007f74d89ba620, R9 =0x0000000000000001, R10=0x0000000000000000, R11=0x0000000000000000
R12=0x0000000000000000, R13=0x0000000000000000, R14=0x00007f7525dff020, R15=0x0000000000001000
RIP=0x00007f74d89acae3, EFLAGS=0x0000000000010202, CSGSFS=0x002b000000000033, ERR=0x0000000000000004
  TRAPNO=0x000000000000000e

Top of Stack: (sp=0x00007f755affde80)
0x00007f755affde80:   000000000000001e 0000000000000000
0x00007f755affde90:   0000000000000000 0000000000000000
0x00007f755affdea0:   00007f755affdeff 0000000000000000
0x00007f755affdeb0:   0000000000000000 00007f755affe060 

Instructions: (pc=0x00007f74d89acae3)
0x00007f74d89ac9e3:   0e 48 83 c1 10 0f 29 41 f0 48 39 d1 75 ef e9 63
0x00007f74d89ac9f3:   fd ff ff 66 2e 0f 1f 84 00 00 00 00 00 4d 85 ff
0x00007f74d89aca03:   0f 84 cb fd ff ff 49 c1 e7 06 4c 89 f6 48 89 c1
0x00007f74d89aca13:   49 8d 14 07 66 0f 1f 84 00 00 00 00 00 0f 10 19
0x00007f74d89aca23:   48 83 c1 40 48 83 c6 40 0f 10 51 d0 0f 10 49 e0
0x00007f74d89aca33:   0f 10 41 f0 0f 29 5e c0 0f 29 56 d0 0f 29 4e e0
0x00007f74d89aca43:   0f 29 46 f0 48 39 d1 75 d4 e9 83 fd ff ff 0f 1f
0x00007f74d89aca53:   80 00 00 00 00 4d 85 d2 74 53 4d 85 ff 0f 84 6e
0x00007f74d89aca63:   fd ff ff 49 c1 e7 06 4c 89 f6 48 89 c1 49 8d 14
0x00007f74d89aca73:   07 0f 1f 40 00 0f 28 19 48 83 c1 40 48 83 c6 40
0x00007f74d89aca83:   0f 28 51 d0 0f 28 49 e0 0f 28 41 f0 0f 11 5e c0
0x00007f74d89aca93:   0f 11 56 d0 0f 11 4e e0 0f 11 46 f0 48 39 d1 75
0x00007f74d89acaa3:   d4 e9 2b fd ff ff 0f 1f 80 00 00 00 00 4d 85 ff
0x00007f74d89acab3:   0f 84 1b fd ff ff 49 c1 e7 06 4c 89 f1 48 89 c6
0x00007f74d89acac3:   4b 8d 14 37 66 0f 1f 84 00 00 00 00 00 0f 28 1e
0x00007f74d89acad3:   48 83 c1 40 48 83 c6 40 0f 28 56 d0 0f 28 4e e0
0x00007f74d89acae3:   0f 28 46 f0 0f 29 59 c0 0f 29 51 d0 0f 29 49 e0
0x00007f74d89acaf3:   0f 29 41 f0 48 39 ca 75 d4 e9 d3 fc ff ff 0f 1f
0x00007f74d89acb03:   80 00 00 00 00 48 89 c5 e9 05 fb ff ff 48 89 e8
0x00007f74d89acb13:   e9 67 fc ff ff 0f 1f 84 00 00 00 00 00 48 89 f9
0x00007f74d89acb23:   53 83 e1 0f 74 70 b8 10 00 00 00 29 c8 48 98 48
0x00007f74d89acb33:   39 c2 48 0f 46 c2 83 f8 08 0f 82 fe 01 00 00 48
0x00007f74d89acb43:   8b 0e 49 89 f3 48 89 0f 89 c1 4c 8b 44 0e f8 4c
0x00007f74d89acb53:   89 44 0f f8 4c 8d 47 08 48 89 f9 49 83 e0 f8 4c
0x00007f74d89acb63:   29 c1 49 29 cb 01 c1 83 e1 f8 83 f9 08 72 1e 83
0x00007f74d89acb73:   e1 f8 45 31 c9 45 89 ca 41 83 c1 08 4b 8b 1c 13
0x00007f74d89acb83:   41 39 c9 4b 89 1c 10 72 ec 0f 1f 40 00 48 01 c7
0x00007f74d89acb93:   48 01 c6 48 29 c2 40 f6 c6 0f 0f 84 a5 00 00 00
0x00007f74d89acba3:   48 83 fa 3f 76 4a 48 8d 42 c0 48 83 e0 c0 4c 8d
0x00007f74d89acbb3:   40 40 48 89 f0 4a 8d 0c 07 0f 1f 40 00 0f 10 50
0x00007f74d89acbc3:   10 48 83 c7 40 48 83 c0 40 0f 10 48 e0 0f 10 40
0x00007f74d89acbd3:   f0 0f 10 58 c0 0f 2b 57 d0 0f 2b 5f c0 0f 2b 4f 


Stack slot to memory mapping:
stack at sp + 0 slots: 0x000000000000001e is an unknown value
stack at sp + 1 slots: 0x0 is NULL
stack at sp + 2 slots: 0x0 is NULL
stack at sp + 3 slots: 0x0 is NULL
stack at sp + 4 slots: 0x00007f755affdeff is pointing into the stack for thread: 0x00007f755402b800
stack at sp + 5 slots: 0x0 is NULL
stack at sp + 6 slots: 0x0 is NULL
stack at sp + 7 slots: 0x00007f755affe060 is pointing into the stack for thread: 0x00007f755402b800


---------------  P R O C E S S  ---------------

Threads class SMR info:
_java_thread_list=0x00007f75549ee140, length=13, elements={
0x00007f755402b800, 0x00007f755418f800, 0x00007f755419a000, 0x00007f755419e800,
0x00007f75541a0800, 0x00007f75541a2800, 0x00007f75541a4800, 0x00007f75541a6800,
0x00007f75541bc800, 0x00007f7554217000, 0x00007f755421b800, 0x00007f74f0001800,
0x00007f75549ec800
}

Java Threads: ( => current thread )
=>0x00007f755402b800 JavaThread "main" [_thread_in_native, id=26661, stack(0x00007f755af00000,0x00007f755b000000)]
  0x00007f755418f800 JavaThread "Reference Handler" daemon [_thread_blocked, id=26672, stack(0x00007f75272f9000,0x00007f75273f9000)]
  0x00007f755419a000 JavaThread "Finalizer" daemon [_thread_blocked, id=26673, stack(0x00007f75271f9000,0x00007f75272f9000)]
  0x00007f755419e800 JavaThread "Signal Dispatcher" daemon [_thread_blocked, id=26674, stack(0x00007f75270f9000,0x00007f75271f9000)]
  0x00007f75541a0800 JavaThread "Service Thread" daemon [_thread_blocked, id=26675, stack(0x00007f7526ff9000,0x00007f75270f9000)]
  0x00007f75541a2800 JavaThread "JVMCI-native CompilerThread0" daemon [_thread_blocked, id=26676, stack(0x00007f7526df9000,0x00007f7526ff9000)]
  0x00007f75541a4800 JavaThread "C1 CompilerThread0" daemon [_thread_blocked, id=26678, stack(0x00007f7526bf9000,0x00007f7526df9000)]
  0x00007f75541a6800 JavaThread "Sweeper thread" daemon [_thread_blocked, id=26680, stack(0x00007f7526af9000,0x00007f7526bf9000)]
  0x00007f75541bc800 JavaThread "Common-Cleaner" daemon [_thread_blocked, id=26686, stack(0x00007f75267f9000,0x00007f75268f9000)]
  0x00007f7554217000 JavaThread "JDWP Transport Listener: dt_socket" daemon [_thread_blocked, id=26690, stack(0x00007f75266f9000,0x00007f75267f9000)]
  0x00007f755421b800 JavaThread "JDWP Event Helper Thread" daemon [_thread_blocked, id=26691, stack(0x00007f7526300000,0x00007f7526400000)]
  0x00007f74f0001800 JavaThread "JDWP Command Reader" daemon [_thread_in_native, id=26692, stack(0x00007f7526200000,0x00007f7526300000)]
  0x00007f75549ec800 JavaThread "Java2D Disposer" daemon [_thread_blocked, id=26714, stack(0x00007f7524300000,0x00007f7524400000)]

Other Threads:
  0x00007f755418d000 VMThread "VM Thread" [stack: 0x00007f75273fb000,0x00007f75274fb000] [id=26667]
  0x00007f755422c800 WatcherThread [stack: 0x00007f7524e00000,0x00007f7524f00000] [id=26696]
  0x00007f7554046000 GCTaskThread "GC Thread#0" [stack: 0x00007f755a300000,0x00007f755a400000] [id=26662]
  0x00007f7518001800 GCTaskThread "GC Thread#1" [stack: 0x00007f75268fb000,0x00007f7526af9000] [id=26712]
  0x00007f7518002800 GCTaskThread "GC Thread#2" [stack: 0x00007f74dbb00000,0x00007f74dbc00000] [id=26713]
  0x00007f7554077000 ConcurrentGCThread "G1 Main Marker" [stack: 0x00007f7558049000,0x00007f7558149000] [id=26663]
  0x00007f7554079000 ConcurrentGCThread "G1 Conc#0" [stack: 0x00007f7534299000,0x00007f7534399000] [id=26664]
  0x00007f75540f1000 ConcurrentGCThread "G1 Refine#0" [stack: 0x00007f7527dff000,0x00007f7527eff000] [id=26665]
  0x00007f75540f3000 ConcurrentGCThread "G1 Young RemSet Sampling" [stack: 0x00007f7527cfd000,0x00007f7527dfd000] [id=26666]

Threads with active compile tasks:

VM state:not at safepoint (normal execution)

VM Mutex/Monitor currently owned by a thread: None

Heap address: 0x0000000084c00000, size: 1972 MB, Compressed Oops mode: 32-bit
Narrow klass base: 0x0000000800000000, Narrow klass shift: 3
Compressed class space size: 1073741824 Address: 0x0000000840000000

Heap:
 garbage-first heap   total 129024K, used 20658K [0x0000000084c00000, 0x0000000100000000)
  region size 1024K, 12 young (12288K), 2 survivors (2048K)
 Metaspace       used 6793K, capacity 7699K, committed 7936K, reserved 1056768K
  class space    used 545K, capacity 757K, committed 768K, reserved 1048576K
Heap Regions: E=young(eden), S=young(survivor), O=old, HS=humongous(starts), HC=humongous(continues), CS=collection set, F=free, A=archive, TAMS=top-at-mark-start (previous, next)
|   0|0x0000000084c00000, 0x0000000084d00000, 0x0000000084d00000|100%|HS|  |TAMS 0x0000000084c00000, 0x0000000084c00000| Complete 
|   1|0x0000000084d00000, 0x0000000084e00000, 0x0000000084e00000|100%|HC|  |TAMS 0x0000000084d00000, 0x0000000084d00000| Complete 
|   2|0x0000000084e00000, 0x0000000084f00000, 0x0000000084f00000|100%|HC|  |TAMS 0x0000000084e00000, 0x0000000084e00000| Complete 
|   3|0x0000000084f00000, 0x0000000085000000, 0x0000000085000000|100%|HC|  |TAMS 0x0000000084f00000, 0x0000000084f00000| Complete 
|   4|0x0000000085000000, 0x0000000085100000, 0x0000000085100000|100%|HS|  |TAMS 0x0000000085000000, 0x0000000085000000| Complete 
|   5|0x0000000085100000, 0x0000000085200000, 0x0000000085200000|100%|HC|  |TAMS 0x0000000085100000, 0x0000000085100000| Complete 
|   6|0x0000000085200000, 0x0000000085300000, 0x0000000085300000|100%|HC|  |TAMS 0x0000000085200000, 0x0000000085200000| Complete 
|   7|0x0000000085300000, 0x0000000085400000, 0x0000000085400000|100%|HC|  |TAMS 0x0000000085300000, 0x0000000085300000| Complete 
|   8|0x0000000085400000, 0x0000000085500000, 0x0000000085500000|100%|HC|  |TAMS 0x0000000085400000, 0x0000000085400000| Complete 
|   9|0x0000000085500000, 0x0000000085500000, 0x0000000085600000|  0%| F|  |TAMS 0x0000000085500000, 0x0000000085500000| Untracked 
|  10|0x0000000085600000, 0x0000000085600000, 0x0000000085700000|  0%| F|  |TAMS 0x0000000085600000, 0x0000000085600000| Untracked 
|  11|0x0000000085700000, 0x0000000085700000, 0x0000000085800000|  0%| F|  |TAMS 0x0000000085700000, 0x0000000085700000| Untracked 
|  12|0x0000000085800000, 0x0000000085800000, 0x0000000085900000|  0%| F|  |TAMS 0x0000000085800000, 0x0000000085800000| Untracked 
|  13|0x0000000085900000, 0x0000000085900000, 0x0000000085a00000|  0%| F|  |TAMS 0x0000000085900000, 0x0000000085900000| Untracked 
|  14|0x0000000085a00000, 0x0000000085a00000, 0x0000000085b00000|  0%| F|  |TAMS 0x0000000085a00000, 0x0000000085a00000| Untracked 
|  15|0x0000000085b00000, 0x0000000085b00000, 0x0000000085c00000|  0%| F|  |TAMS 0x0000000085b00000, 0x0000000085b00000| Untracked 
|  16|0x0000000085c00000, 0x0000000085c00000, 0x0000000085d00000|  0%| F|  |TAMS 0x0000000085c00000, 0x0000000085c00000| Untracked 
|  17|0x0000000085d00000, 0x0000000085d00000, 0x0000000085e00000|  0%| F|  |TAMS 0x0000000085d00000, 0x0000000085d00000| Untracked 
|  18|0x0000000085e00000, 0x0000000085e00000, 0x0000000085f00000|  0%| F|  |TAMS 0x0000000085e00000, 0x0000000085e00000| Untracked 
|  19|0x0000000085f00000, 0x0000000085f00000, 0x0000000086000000|  0%| F|  |TAMS 0x0000000085f00000, 0x0000000085f00000| Untracked 
|  20|0x0000000086000000, 0x0000000086000000, 0x0000000086100000|  0%| F|  |TAMS 0x0000000086000000, 0x0000000086000000| Untracked 
|  21|0x0000000086100000, 0x0000000086100000, 0x0000000086200000|  0%| F|  |TAMS 0x0000000086100000, 0x0000000086100000| Untracked 
|  22|0x0000000086200000, 0x0000000086200000, 0x0000000086300000|  0%| F|  |TAMS 0x0000000086200000, 0x0000000086200000| Untracked 
|  23|0x0000000086300000, 0x0000000086300000, 0x0000000086400000|  0%| F|  |TAMS 0x0000000086300000, 0x0000000086300000| Untracked 
|  24|0x0000000086400000, 0x0000000086400000, 0x0000000086500000|  0%| F|  |TAMS 0x0000000086400000, 0x0000000086400000| Untracked 
|  25|0x0000000086500000, 0x0000000086500000, 0x0000000086600000|  0%| F|  |TAMS 0x0000000086500000, 0x0000000086500000| Untracked 
|  26|0x0000000086600000, 0x0000000086600000, 0x0000000086700000|  0%| F|  |TAMS 0x0000000086600000, 0x0000000086600000| Untracked 
|  27|0x0000000086700000, 0x0000000086700000, 0x0000000086800000|  0%| F|  |TAMS 0x0000000086700000, 0x0000000086700000| Untracked 
|  28|0x0000000086800000, 0x0000000086800000, 0x0000000086900000|  0%| F|  |TAMS 0x0000000086800000, 0x0000000086800000| Untracked 
|  29|0x0000000086900000, 0x0000000086900000, 0x0000000086a00000|  0%| F|  |TAMS 0x0000000086900000, 0x0000000086900000| Untracked 
|  30|0x0000000086a00000, 0x0000000086a00000, 0x0000000086b00000|  0%| F|  |TAMS 0x0000000086a00000, 0x0000000086a00000| Untracked 
|  31|0x0000000086b00000, 0x0000000086b00000, 0x0000000086c00000|  0%| F|  |TAMS 0x0000000086b00000, 0x0000000086b00000| Untracked 
|  32|0x0000000086c00000, 0x0000000086c00000, 0x0000000086d00000|  0%| F|  |TAMS 0x0000000086c00000, 0x0000000086c00000| Untracked 
|  33|0x0000000086d00000, 0x0000000086d00000, 0x0000000086e00000|  0%| F|  |TAMS 0x0000000086d00000, 0x0000000086d00000| Untracked 
|  34|0x0000000086e00000, 0x0000000086e00000, 0x0000000086f00000|  0%| F|  |TAMS 0x0000000086e00000, 0x0000000086e00000| Untracked 
|  35|0x0000000086f00000, 0x0000000086f00000, 0x0000000087000000|  0%| F|  |TAMS 0x0000000086f00000, 0x0000000086f00000| Untracked 
|  36|0x0000000087000000, 0x0000000087000000, 0x0000000087100000|  0%| F|  |TAMS 0x0000000087000000, 0x0000000087000000| Untracked 
|  37|0x0000000087100000, 0x0000000087100000, 0x0000000087200000|  0%| F|  |TAMS 0x0000000087100000, 0x0000000087100000| Untracked 
|  38|0x0000000087200000, 0x0000000087200000, 0x0000000087300000|  0%| F|  |TAMS 0x0000000087200000, 0x0000000087200000| Untracked 
|  39|0x0000000087300000, 0x0000000087300000, 0x0000000087400000|  0%| F|  |TAMS 0x0000000087300000, 0x0000000087300000| Untracked 
|  40|0x0000000087400000, 0x0000000087400000, 0x0000000087500000|  0%| F|  |TAMS 0x0000000087400000, 0x0000000087400000| Untracked 
|  41|0x0000000087500000, 0x0000000087500000, 0x0000000087600000|  0%| F|  |TAMS 0x0000000087500000, 0x0000000087500000| Untracked 
|  42|0x0000000087600000, 0x0000000087600000, 0x0000000087700000|  0%| F|  |TAMS 0x0000000087600000, 0x0000000087600000| Untracked 
|  43|0x0000000087700000, 0x0000000087700000, 0x0000000087800000|  0%| F|  |TAMS 0x0000000087700000, 0x0000000087700000| Untracked 
|  44|0x0000000087800000, 0x0000000087800000, 0x0000000087900000|  0%| F|  |TAMS 0x0000000087800000, 0x0000000087800000| Untracked 
|  45|0x0000000087900000, 0x0000000087900000, 0x0000000087a00000|  0%| F|  |TAMS 0x0000000087900000, 0x0000000087900000| Untracked 
|  46|0x0000000087a00000, 0x0000000087a00000, 0x0000000087b00000|  0%| F|  |TAMS 0x0000000087a00000, 0x0000000087a00000| Untracked 
|  47|0x0000000087b00000, 0x0000000087b00000, 0x0000000087c00000|  0%| F|  |TAMS 0x0000000087b00000, 0x0000000087b00000| Untracked 
|  48|0x0000000087c00000, 0x0000000087c00000, 0x0000000087d00000|  0%| F|  |TAMS 0x0000000087c00000, 0x0000000087c00000| Untracked 
|  49|0x0000000087d00000, 0x0000000087d00000, 0x0000000087e00000|  0%| F|  |TAMS 0x0000000087d00000, 0x0000000087d00000| Untracked 
|  50|0x0000000087e00000, 0x0000000087e00000, 0x0000000087f00000|  0%| F|  |TAMS 0x0000000087e00000, 0x0000000087e00000| Untracked 
|  51|0x0000000087f00000, 0x0000000087f00000, 0x0000000088000000|  0%| F|  |TAMS 0x0000000087f00000, 0x0000000087f00000| Untracked 
|  52|0x0000000088000000, 0x0000000088000000, 0x0000000088100000|  0%| F|  |TAMS 0x0000000088000000, 0x0000000088000000| Untracked 
|  53|0x0000000088100000, 0x0000000088100000, 0x0000000088200000|  0%| F|  |TAMS 0x0000000088100000, 0x0000000088100000| Untracked 
|  54|0x0000000088200000, 0x0000000088200000, 0x0000000088300000|  0%| F|  |TAMS 0x0000000088200000, 0x0000000088200000| Untracked 
|  55|0x0000000088300000, 0x0000000088300000, 0x0000000088400000|  0%| F|  |TAMS 0x0000000088300000, 0x0000000088300000| Untracked 
|  56|0x0000000088400000, 0x0000000088400000, 0x0000000088500000|  0%| F|  |TAMS 0x0000000088400000, 0x0000000088400000| Untracked 
|  57|0x0000000088500000, 0x0000000088500000, 0x0000000088600000|  0%| F|  |TAMS 0x0000000088500000, 0x0000000088500000| Untracked 
|  58|0x0000000088600000, 0x0000000088600000, 0x0000000088700000|  0%| F|  |TAMS 0x0000000088600000, 0x0000000088600000| Untracked 
|  59|0x0000000088700000, 0x0000000088700000, 0x0000000088800000|  0%| F|  |TAMS 0x0000000088700000, 0x0000000088700000| Untracked 
|  60|0x0000000088800000, 0x0000000088800000, 0x0000000088900000|  0%| F|  |TAMS 0x0000000088800000, 0x0000000088800000| Untracked 
|  61|0x0000000088900000, 0x0000000088900000, 0x0000000088a00000|  0%| F|  |TAMS 0x0000000088900000, 0x0000000088900000| Untracked 
|  62|0x0000000088a00000, 0x0000000088a00000, 0x0000000088b00000|  0%| F|  |TAMS 0x0000000088a00000, 0x0000000088a00000| Untracked 
|  63|0x0000000088b00000, 0x0000000088b00000, 0x0000000088c00000|  0%| F|  |TAMS 0x0000000088b00000, 0x0000000088b00000| Untracked 
|  64|0x0000000088c00000, 0x0000000088c00000, 0x0000000088d00000|  0%| F|  |TAMS 0x0000000088c00000, 0x0000000088c00000| Untracked 
|  65|0x0000000088d00000, 0x0000000088d00000, 0x0000000088e00000|  0%| F|  |TAMS 0x0000000088d00000, 0x0000000088d00000| Untracked 
|  66|0x0000000088e00000, 0x0000000088e00000, 0x0000000088f00000|  0%| F|  |TAMS 0x0000000088e00000, 0x0000000088e00000| Untracked 
|  67|0x0000000088f00000, 0x0000000088f00000, 0x0000000089000000|  0%| F|  |TAMS 0x0000000088f00000, 0x0000000088f00000| Untracked 
|  68|0x0000000089000000, 0x0000000089000000, 0x0000000089100000|  0%| F|  |TAMS 0x0000000089000000, 0x0000000089000000| Untracked 
|  69|0x0000000089100000, 0x0000000089100000, 0x0000000089200000|  0%| F|  |TAMS 0x0000000089100000, 0x0000000089100000| Untracked 
|  70|0x0000000089200000, 0x0000000089200000, 0x0000000089300000|  0%| F|  |TAMS 0x0000000089200000, 0x0000000089200000| Untracked 
|  71|0x0000000089300000, 0x0000000089300000, 0x0000000089400000|  0%| F|  |TAMS 0x0000000089300000, 0x0000000089300000| Untracked 
|  72|0x0000000089400000, 0x0000000089400000, 0x0000000089500000|  0%| F|  |TAMS 0x0000000089400000, 0x0000000089400000| Untracked 
|  73|0x0000000089500000, 0x0000000089500000, 0x0000000089600000|  0%| F|  |TAMS 0x0000000089500000, 0x0000000089500000| Untracked 
|  74|0x0000000089600000, 0x0000000089600000, 0x0000000089700000|  0%| F|  |TAMS 0x0000000089600000, 0x0000000089600000| Untracked 
|  75|0x0000000089700000, 0x0000000089700000, 0x0000000089800000|  0%| F|  |TAMS 0x0000000089700000, 0x0000000089700000| Untracked 
|  76|0x0000000089800000, 0x0000000089800000, 0x0000000089900000|  0%| F|  |TAMS 0x0000000089800000, 0x0000000089800000| Untracked 
|  77|0x0000000089900000, 0x0000000089900000, 0x0000000089a00000|  0%| F|  |TAMS 0x0000000089900000, 0x0000000089900000| Untracked 
|  78|0x0000000089a00000, 0x0000000089a00000, 0x0000000089b00000|  0%| F|  |TAMS 0x0000000089a00000, 0x0000000089a00000| Untracked 
|  79|0x0000000089b00000, 0x0000000089b00000, 0x0000000089c00000|  0%| F|  |TAMS 0x0000000089b00000, 0x0000000089b00000| Untracked 
|  80|0x0000000089c00000, 0x0000000089c00000, 0x0000000089d00000|  0%| F|  |TAMS 0x0000000089c00000, 0x0000000089c00000| Untracked 
|  81|0x0000000089d00000, 0x0000000089d00000, 0x0000000089e00000|  0%| F|  |TAMS 0x0000000089d00000, 0x0000000089d00000| Untracked 
|  82|0x0000000089e00000, 0x0000000089e00000, 0x0000000089f00000|  0%| F|  |TAMS 0x0000000089e00000, 0x0000000089e00000| Untracked 
|  83|0x0000000089f00000, 0x0000000089f00000, 0x000000008a000000|  0%| F|  |TAMS 0x0000000089f00000, 0x0000000089f00000| Untracked 
|  84|0x000000008a000000, 0x000000008a000000, 0x000000008a100000|  0%| F|  |TAMS 0x000000008a000000, 0x000000008a000000| Untracked 
|  85|0x000000008a100000, 0x000000008a100000, 0x000000008a200000|  0%| F|  |TAMS 0x000000008a100000, 0x000000008a100000| Untracked 
|  86|0x000000008a200000, 0x000000008a200000, 0x000000008a300000|  0%| F|  |TAMS 0x000000008a200000, 0x000000008a200000| Untracked 
|  87|0x000000008a300000, 0x000000008a300000, 0x000000008a400000|  0%| F|  |TAMS 0x000000008a300000, 0x000000008a300000| Untracked 
|  88|0x000000008a400000, 0x000000008a400000, 0x000000008a500000|  0%| F|  |TAMS 0x000000008a400000, 0x000000008a400000| Untracked 
|  89|0x000000008a500000, 0x000000008a500000, 0x000000008a600000|  0%| F|  |TAMS 0x000000008a500000, 0x000000008a500000| Untracked 
|  90|0x000000008a600000, 0x000000008a600000, 0x000000008a700000|  0%| F|  |TAMS 0x000000008a600000, 0x000000008a600000| Untracked 
|  91|0x000000008a700000, 0x000000008a700000, 0x000000008a800000|  0%| F|  |TAMS 0x000000008a700000, 0x000000008a700000| Untracked 
|  92|0x000000008a800000, 0x000000008a800000, 0x000000008a900000|  0%| F|  |TAMS 0x000000008a800000, 0x000000008a800000| Untracked 
|  93|0x000000008a900000, 0x000000008a900000, 0x000000008aa00000|  0%| F|  |TAMS 0x000000008a900000, 0x000000008a900000| Untracked 
|  94|0x000000008aa00000, 0x000000008aa00000, 0x000000008ab00000|  0%| F|  |TAMS 0x000000008aa00000, 0x000000008aa00000| Untracked 
|  95|0x000000008ab00000, 0x000000008ab00000, 0x000000008ac00000|  0%| F|  |TAMS 0x000000008ab00000, 0x000000008ab00000| Untracked 
|  96|0x000000008ac00000, 0x000000008ac00000, 0x000000008ad00000|  0%| F|  |TAMS 0x000000008ac00000, 0x000000008ac00000| Untracked 
|  97|0x000000008ad00000, 0x000000008ad00000, 0x000000008ae00000|  0%| F|  |TAMS 0x000000008ad00000, 0x000000008ad00000| Untracked 
|  98|0x000000008ae00000, 0x000000008ae00000, 0x000000008af00000|  0%| F|  |TAMS 0x000000008ae00000, 0x000000008ae00000| Untracked 
|  99|0x000000008af00000, 0x000000008af00000, 0x000000008b000000|  0%| F|  |TAMS 0x000000008af00000, 0x000000008af00000| Untracked 
| 100|0x000000008b000000, 0x000000008b000000, 0x000000008b100000|  0%| F|  |TAMS 0x000000008b000000, 0x000000008b000000| Untracked 
| 101|0x000000008b100000, 0x000000008b100000, 0x000000008b200000|  0%| F|  |TAMS 0x000000008b100000, 0x000000008b100000| Untracked 
| 102|0x000000008b200000, 0x000000008b200000, 0x000000008b300000|  0%| F|  |TAMS 0x000000008b200000, 0x000000008b200000| Untracked 
| 103|0x000000008b300000, 0x000000008b300000, 0x000000008b400000|  0%| F|  |TAMS 0x000000008b300000, 0x000000008b300000| Untracked 
| 104|0x000000008b400000, 0x000000008b400000, 0x000000008b500000|  0%| F|  |TAMS 0x000000008b400000, 0x000000008b400000| Untracked 
| 105|0x000000008b500000, 0x000000008b500000, 0x000000008b600000|  0%| F|  |TAMS 0x000000008b500000, 0x000000008b500000| Untracked 
| 106|0x000000008b600000, 0x000000008b600000, 0x000000008b700000|  0%| F|  |TAMS 0x000000008b600000, 0x000000008b600000| Untracked 
| 107|0x000000008b700000, 0x000000008b700000, 0x000000008b800000|  0%| F|  |TAMS 0x000000008b700000, 0x000000008b700000| Untracked 
| 108|0x000000008b800000, 0x000000008b872aa8, 0x000000008b900000| 44%| S|CS|TAMS 0x000000008b800000, 0x000000008b800000| Complete 
| 109|0x000000008b900000, 0x000000008ba00000, 0x000000008ba00000|100%| S|CS|TAMS 0x000000008b900000, 0x000000008b900000| Complete 
| 110|0x000000008ba00000, 0x000000008ba00000, 0x000000008bb00000|  0%| F|  |TAMS 0x000000008ba00000, 0x000000008ba00000| Untracked 
| 111|0x000000008bb00000, 0x000000008bb00000, 0x000000008bc00000|  0%| F|  |TAMS 0x000000008bb00000, 0x000000008bb00000| Untracked 
| 112|0x000000008bc00000, 0x000000008bc00000, 0x000000008bd00000|  0%| F|  |TAMS 0x000000008bc00000, 0x000000008bc00000| Untracked 
| 113|0x000000008bd00000, 0x000000008bd00000, 0x000000008be00000|  0%| F|  |TAMS 0x000000008bd00000, 0x000000008bd00000| Untracked 
| 114|0x000000008be00000, 0x000000008be82010, 0x000000008bf00000| 50%| E|  |TAMS 0x000000008be00000, 0x000000008be00000| Complete 
| 115|0x000000008bf00000, 0x000000008c000000, 0x000000008c000000|100%| E|CS|TAMS 0x000000008bf00000, 0x000000008bf00000| Complete 
| 116|0x000000008c000000, 0x000000008c100000, 0x000000008c100000|100%| E|CS|TAMS 0x000000008c000000, 0x000000008c000000| Complete 
| 117|0x000000008c100000, 0x000000008c200000, 0x000000008c200000|100%| E|CS|TAMS 0x000000008c100000, 0x000000008c100000| Complete 
| 118|0x000000008c200000, 0x000000008c300000, 0x000000008c300000|100%| E|CS|TAMS 0x000000008c200000, 0x000000008c200000| Complete 
| 119|0x000000008c300000, 0x000000008c400000, 0x000000008c400000|100%| E|CS|TAMS 0x000000008c300000, 0x000000008c300000| Complete 
| 120|0x000000008c400000, 0x000000008c500000, 0x000000008c500000|100%| E|CS|TAMS 0x000000008c400000, 0x000000008c400000| Complete 
| 121|0x000000008c500000, 0x000000008c600000, 0x000000008c600000|100%| E|CS|TAMS 0x000000008c500000, 0x000000008c500000| Complete 
| 122|0x000000008c600000, 0x000000008c700000, 0x000000008c700000|100%| E|CS|TAMS 0x000000008c600000, 0x000000008c600000| Complete 
| 123|0x000000008c700000, 0x000000008c800000, 0x000000008c800000|100%| E|CS|TAMS 0x000000008c700000, 0x000000008c700000| Complete 
|1968|0x00000000ffc00000, 0x00000000ffc4c000, 0x00000000ffd00000| 29%|OA|  |TAMS 0x00000000ffc00000, 0x00000000ffc00000| Untracked 
|1969|0x00000000ffd00000, 0x00000000ffd6e000, 0x00000000ffe00000| 42%|CA|  |TAMS 0x00000000ffd00000, 0x00000000ffd00000| Untracked 

Card table byte_map: [0x00007f7558149000,0x00007f7558523000] _byte_map_base: 0x00007f7557d23000

Marking Bits (Prev, Next): (CMBitMap*) 0x00007f755406e798, (CMBitMap*) 0x00007f755406e7d0
 Prev Bits: [0x00007f7534399000, 0x00007f7536269000)
 Next Bits: [0x00007f752e130000, 0x00007f7530000000)

Polling page: 0x00007f755cbff000

Metaspace:

Usage:
  Non-class:      6,78 MB capacity,     6,10 MB ( 90%) used,   658,59 KB (  9%) free+waste,    36,00 KB ( <1%) overhead. 
      Class:    757,00 KB capacity,   545,72 KB ( 72%) used,   192,03 KB ( 25%) free+waste,    19,25 KB (  3%) overhead. 
       Both:      7,52 MB capacity,     6,63 MB ( 88%) used,   850,62 KB ( 11%) free+waste,    55,25 KB ( <1%) overhead. 

Virtual space:
  Non-class space:        8,00 MB reserved,       7,00 MB ( 88%) committed 
      Class space:        1,00 GB reserved,     768,00 KB ( <1%) committed 
             Both:        1,01 GB reserved,       7,75 MB ( <1%) committed 

Chunk freelists:
   Non-Class:  54,00 KB
       Class:  0 bytes
        Both:  54,00 KB

MaxMetaspaceSize: unlimited
CompressedClassSpaceSize: 1,00 GB
Initial GC threshold: 20,80 MB
Current GC threshold: 20,80 MB
CDS: on

CodeHeap 'non-profiled nmethods': size=160716Kb used=345Kb max_used=345Kb free=160370Kb
 bounds [0x00007f7540950000, 0x00007f7541950000, 0x00007f754a643000]
CodeHeap 'profiled nmethods': size=160712Kb used=1979Kb max_used=1979Kb free=158732Kb
 bounds [0x00007f7536c5e000, 0x00007f7537c5e000, 0x00007f7540950000]
CodeHeap 'non-nmethods': size=6252Kb used=1667Kb max_used=2164Kb free=4584Kb
 bounds [0x00007f7536643000, 0x00007f7536c5e000, 0x00007f7536c5e000]
 total_blobs=2038 nmethods=1035 adapters=933
 compilation: enabled
              stopped_count=0, restarted_count=0
 full_count=0

JVMCI Events (15 events):
Event: 0,008 Thread 0x00007f755402b800 created new Java JVMCI runtime -1 (0x00007f7554188560)
Event: 0,133 Thread 0x00007f75541a2800 created new CompileBroker JVMCI runtime 0 (0x00007f74fc0197f0)
Event: 0,133 Thread 0x00007f75541a2800 attached to JVMCI runtime 0
Event: 0,134 Thread 0x00007f75541a2800 loaded JVMCI shared library from /home/daniil/.jdks/graalvm-ce-11/lib/libjvmcicompiler.so
Event: 0,135 Thread 0x00007f75541a2800 created JavaVM[1]@0x00007f7525cc7ec8 for JVMCI runtime 0
Event: 0,135 Thread 0x00007f75541a2800 initializing JVMCI runtime 0
Event: 0,135 Thread 0x00007f75541a2800 initializing JavaVM references in JVMCI runtime 0
Event: 0,135 Thread 0x00007f75541a2800 initialized JavaVM references in JVMCI runtime 0
Event: 0,137 Thread 0x00007f75541a2800 initialized JVMCI runtime 0
Event: 4,890 Thread 0x00007f75541a2800 detaching from JVMCI runtime 0: releasing idle compiler thread (0 other threads still attached)
Event: 4,890 Thread 0x00007f75541a2800 shutting down HotSpotJVMCIRuntime for JVMCI runtime 0
Event: 4,968 Thread 0x00007f75541a2800 shut down JVMCI runtime 0
Event: 5,516 Thread 0x00007f75541a2800 destroyed JavaVM[1]@0x00007f7525cc7ec8 for JVMCI runtime 0
Event: 5,516 Thread 0x00007f75541a2800 releasing handles for JVMCI runtime 0: oop handles=63, metadata handles={total=224, live=199, blocks=7}
Event: 5,516 Thread 0x00007f75541a2800 detached from JVMCI runtime 0

Compilation events (20 events):
Event: 3,885 Thread 0x00007f75541a4800 1028   !   3       java.util.zip.ZipFile$ZipFileInputStream::close (59 bytes)
Event: 3,886 Thread 0x00007f75541a4800 nmethod 1028 0x00007f7536e47910 code [0x00007f7536e47ae0, 0x00007f7536e480c0]
Event: 3,886 Thread 0x00007f75541a4800 1029       3       java.util.jar.Manifest$FastInputStream::readLine (9 bytes)
Event: 3,886 Thread 0x00007f75541a4800 nmethod 1029 0x00007f7536e48310 code [0x00007f7536e484c0, 0x00007f7536e48640]
Event: 3,886 Thread 0x00007f75541a4800 1030       3       java.lang.ref.Cleaner::register (25 bytes)
Event: 3,886 Thread 0x00007f75541a4800 nmethod 1030 0x00007f7536e48710 code [0x00007f7536e48920, 0x00007f7536e48ec0]
Event: 3,886 Thread 0x00007f75541a4800 1031       3       jdk.internal.ref.CleanerImpl$PhantomCleanableRef::<init> (12 bytes)
Event: 3,886 Thread 0x00007f75541a4800 nmethod 1031 0x00007f7536e49110 code [0x00007f7536e492c0, 0x00007f7536e49480]
Event: 3,887 Thread 0x00007f75541a4800 1032   !   3       java.util.zip.Inflater::setInput (69 bytes)
Event: 3,887 Thread 0x00007f75541a4800 nmethod 1032 0x00007f7536e49510 code [0x00007f7536e496e0, 0x00007f7536e49c40]
Event: 3,888 Thread 0x00007f75541a4800 1033       3       java.util.WeakHashMap::remove (133 bytes)
Event: 3,889 Thread 0x00007f75541a4800 nmethod 1033 0x00007f7536e49e10 code [0x00007f7536e4a040, 0x00007f7536e4b0e0]
Event: 3,889 Thread 0x00007f75541a4800 1034       3       java.lang.ThreadLocal::get (38 bytes)
Event: 3,889 Thread 0x00007f75541a4800 nmethod 1034 0x00007f7536e4b510 code [0x00007f7536e4b6e0, 0x00007f7536e4bb60]
Event: 3,889 Thread 0x00007f75541a4800 1035       3       java.util.Collections$SetFromMap::remove (19 bytes)
Event: 3,889 Thread 0x00007f75541a4800 nmethod 1035 0x00007f7536e4bc90 code [0x00007f7536e4be40, 0x00007f7536e4c200]
Event: 3,889 Thread 0x00007f75541a4800 1036       3       java.nio.charset.CoderResult::isUnderflow (13 bytes)
Event: 3,889 Thread 0x00007f75541a4800 nmethod 1036 0x00007f7536e4c310 code [0x00007f7536e4c4a0, 0x00007f7536e4c610]
Event: 3,890 Thread 0x00007f75541a4800 1037       3       java.nio.CharBuffer::arrayOffset (35 bytes)
Event: 3,891 Thread 0x00007f75541a4800 nmethod 1037 0x00007f7536e4c690 code [0x00007f7536e4c860, 0x00007f7536e4cb70]

GC Heap History (2 events):
Event: 2,461 GC heap before
{Heap before GC invocations=0 (full 0):
 garbage-first heap   total 129024K, used 14056K [0x0000000084c00000, 0x0000000100000000)
  region size 1024K, 14 young (14336K), 0 survivors (0K)
 Metaspace       used 4829K, capacity 7156K, committed 7296K, reserved 1056768K
  class space    used 314K, capacity 587K, committed 640K, reserved 1048576K
}
Event: 2,467 GC heap after
{Heap after GC invocations=1 (full 0):
 garbage-first heap   total 129024K, used 2226K [0x0000000084c00000, 0x0000000100000000)
  region size 1024K, 2 young (2048K), 2 survivors (2048K)
 Metaspace       used 4829K, capacity 7156K, committed 7296K, reserved 1056768K
  class space    used 314K, capacity 587K, committed 640K, reserved 1048576K
}

Deoptimization events (20 events):
Event: 2,579 Thread 0x00007f755402b800 DEOPT PACKING pc=0x00007f7536deb260 sp=0x00007f755affe070
Event: 2,579 Thread 0x00007f755402b800 DEOPT UNPACKING pc=0x00007f753668d451 sp=0x00007f755affd568 mode 0
Event: 2,579 Thread 0x00007f755402b800 DEOPT PACKING pc=0x00007f7536deb260 sp=0x00007f755affe070
Event: 2,579 Thread 0x00007f755402b800 DEOPT UNPACKING pc=0x00007f753668d451 sp=0x00007f755affd568 mode 0
Event: 2,579 Thread 0x00007f755402b800 DEOPT PACKING pc=0x00007f7536deb260 sp=0x00007f755affe070
Event: 2,579 Thread 0x00007f755402b800 DEOPT UNPACKING pc=0x00007f753668d451 sp=0x00007f755affd568 mode 0
Event: 2,580 Thread 0x00007f755402b800 DEOPT PACKING pc=0x00007f7536deb260 sp=0x00007f755affe070
Event: 2,580 Thread 0x00007f755402b800 DEOPT UNPACKING pc=0x00007f753668d451 sp=0x00007f755affd568 mode 0
Event: 2,580 Thread 0x00007f755402b800 DEOPT PACKING pc=0x00007f7536deb260 sp=0x00007f755affe070
Event: 2,580 Thread 0x00007f755402b800 DEOPT UNPACKING pc=0x00007f753668d451 sp=0x00007f755affd568 mode 0
Event: 2,580 Thread 0x00007f755402b800 DEOPT PACKING pc=0x00007f7536deb260 sp=0x00007f755affe070
Event: 2,580 Thread 0x00007f755402b800 DEOPT UNPACKING pc=0x00007f753668d451 sp=0x00007f755affd568 mode 0
Event: 2,580 Thread 0x00007f755402b800 DEOPT PACKING pc=0x00007f7536deb260 sp=0x00007f755affe070
Event: 2,580 Thread 0x00007f755402b800 DEOPT UNPACKING pc=0x00007f753668d451 sp=0x00007f755affd568 mode 0
Event: 3,272 Thread 0x00007f755402b800 DEOPT PACKING pc=0x00007f7536e3f480 sp=0x00007f755affe630
Event: 3,272 Thread 0x00007f755402b800 DEOPT UNPACKING pc=0x00007f753668d451 sp=0x00007f755affdbc0 mode 0
Event: 3,284 Thread 0x00007f755402b800 Uncommon trap: trap_request=0xffffffed fr.pc=0x00007f75409a3213 relative=0x0000000000000bb3
Event: 3,284 Thread 0x00007f755402b800 Uncommon trap: reason=null_assert_or_unreached0 action=reinterpret pc=0x00007f75409a3213 method=java.awt.image.BufferedImage.getRGB(IIII[III)[I @ 144 jvmci
Event: 3,284 Thread 0x00007f755402b800 DEOPT PACKING pc=0x00007f75409a3213 sp=0x00007f755affe6c0
Event: 3,284 Thread 0x00007f755402b800 DEOPT UNPACKING pc=0x00007f753668d451 sp=0x00007f755affdbc0 mode 3

Classes redefined (0 events):
No events

Internal exceptions (20 events):
Event: 0,659 Thread 0x00007f755402b800 Exception <a 'java/lang/NoSuchMethodError'{0x000000008bbc1618}: 'void java.lang.invoke.DirectMethodHandle$Holder.invokeStatic(java.lang.Object, int)'> (0x000000008bbc1618) thrown at [./src/hotspot/share/interpreter/linkResolver.cpp, line 773]
Event: 2,436 Thread 0x00007f755402b800 Exception <a 'java/lang/ClassNotFoundException'{0x000000008ba387e8}: sun/awt/resources/spi/awtProvider> (0x000000008ba387e8) thrown at [./src/hotspot/share/classfile/systemDictionary.cpp, line 227]
Event: 2,457 Thread 0x00007f755402b800 Exception <a 'java/io/FileNotFoundException'{0x000000008bac9e90}> (0x000000008bac9e90) thrown at [./src/hotspot/share/prims/jni.cpp, line 613]
Event: 2,471 Thread 0x00007f755402b800 Exception <a 'java/lang/NoSuchMethodError'{0x000000008c728f08}: 'java.lang.Object java.lang.invoke.DirectMethodHandle$Holder.invokeStatic(java.lang.Object, java.lang.Object, java.lang.Object, java.lang.Object, java.lang.Object, java.lang.Object, java.lang.Object, java.lang.Object, java.lang.Object, java.lang.Object, java.lang.Object, java.lang.Object, java.lang.Object, java.lang.Object, java.lang.Object)'> (0x000000008c728f08) thrown at [./src/hotspot/share/interpreter/linkResolver.cpp, line 773]
Event: 2,472 Thread 0x00007f755402b800 Exception <a 'java/lang/NoSuchMethodError'{0x000000008c7380a8}: 'java.lang.Object java.lang.invoke.DirectMethodHandle$Holder.invokeStatic(java.lang.Object, java.lang.Object, java.lang.Object, java.lang.Object, java.lang.Object, java.lang.Object, java.lang.Object, java.lang.Object, java.lang.Object, java.lang.Object, java.lang.Object, java.lang.Object, java.lang.Object, java.lang.Object, java.lang.Object, java.lang.Object)'> (0x000000008c7380a8) thrown at [./src/hotspot/share/interpreter/linkResolver.cpp, l
Event: 2,473 Thread 0x00007f755402b800 Exception <a 'java/lang/NoSuchMethodError'{0x000000008c745d18}: 'java.lang.Object java.lang.invoke.DirectMethodHandle$Holder.invokeSpecial(java.lang.Object, java.lang.Object, int, int, java.lang.Object, java.lang.Object, java.lang.Object)'> (0x000000008c745d18) thrown at [./src/hotspot/share/interpreter/linkResolver.cpp, line 773]
Event: 2,473 Thread 0x00007f755402b800 Exception <a 'java/lang/NoSuchMethodError'{0x000000008c7492a8}: 'java.lang.Object java.lang.invoke.DelegatingMethodHandle$Holder.reinvoke_L(java.lang.Object, int, int, java.lang.Object, java.lang.Object, java.lang.Object)'> (0x000000008c7492a8) thrown at [./src/hotspot/share/interpreter/linkResolver.cpp, line 773]
Event: 2,474 Thread 0x00007f755402b800 Exception <a 'java/lang/NoSuchMethodError'{0x000000008c74e028}: 'java.lang.Object java.lang.invoke.DirectMethodHandle$Holder.invokeStatic(java.lang.Object, java.lang.Object, java.lang.Object, java.lang.Object, int)'> (0x000000008c74e028) thrown at [./src/hotspot/share/interpreter/linkResolver.cpp, line 773]
Event: 2,487 Thread 0x00007f755402b800 Exception <a 'java/io/FileNotFoundException'{0x000000008c7b2460}> (0x000000008c7b2460) thrown at [./src/hotspot/share/prims/jni.cpp, line 613]
Event: 2,642 Thread 0x00007f755402b800 Exception <a 'java/lang/NoSuchMethodError'{0x000000008c124440}: 'java.lang.Object java.lang.invoke.DirectMethodHandle$Holder.invokeSpecial(java.lang.Object, java.lang.Object, int, int, int, java.lang.Object, int, java.lang.Object, java.lang.Object)'> (0x000000008c124440) thrown at [./src/hotspot/share/interpreter/linkResolver.cpp, line 773]
Event: 2,642 Thread 0x00007f755402b800 Exception <a 'java/lang/NoSuchMethodError'{0x000000008c127af8}: 'java.lang.Object java.lang.invoke.DelegatingMethodHandle$Holder.reinvoke_L(java.lang.Object, int, int, int, java.lang.Object, int, java.lang.Object, java.lang.Object)'> (0x000000008c127af8) thrown at [./src/hotspot/share/interpreter/linkResolver.cpp, line 773]
Event: 2,661 Thread 0x00007f755402b800 Exception <a 'java/lang/NoSuchMethodError'{0x000000008c00ea38}: 'java.lang.Object java.lang.invoke.DelegatingMethodHandle$Holder.reinvoke_L(java.lang.Object, java.lang.Object, int, int, int, int, java.lang.Object, int, int, int)'> (0x000000008c00ea38) thrown at [./src/hotspot/share/interpreter/linkResolver.cpp, line 773]
Event: 2,667 Thread 0x00007f755402b800 Exception <a 'java/lang/NoSuchMethodError'{0x000000008c06a1c0}: 'java.lang.Object java.lang.invoke.DirectMethodHandle$Holder.invokeSpecial(java.lang.Object, java.lang.Object, int, int, int, int, int, java.lang.Object, int, int, int)'> (0x000000008c06a1c0) thrown at [./src/hotspot/share/interpreter/linkResolver.cpp, line 773]
Event: 2,667 Thread 0x00007f755402b800 Exception <a 'java/lang/NoSuchMethodError'{0x000000008c06d858}: 'java.lang.Object java.lang.invoke.DelegatingMethodHandle$Holder.reinvoke_L(java.lang.Object, int, int, int, int, int, java.lang.Object, int, int, int)'> (0x000000008c06d858) thrown at [./src/hotspot/share/interpreter/linkResolver.cpp, line 773]
Event: 2,668 Thread 0x00007f755402b800 Exception <a 'java/lang/NoSuchMethodError'{0x000000008c075908}: 'java.lang.Object java.lang.invoke.DirectMethodHandle$Holder.invokeStatic(java.lang.Object, java.lang.Object, java.lang.Object, java.lang.Object, java.lang.Object, int)'> (0x000000008c075908) thrown at [./src/hotspot/share/interpreter/linkResolver.cpp, line 773]
Event: 2,681 Thread 0x00007f755402b800 Exception <a 'java/lang/NoSuchMethodError'{0x000000008bf17f08}: 'java.lang.Object java.lang.invoke.DirectMethodHandle$Holder.invokeSpecial(java.lang.Object, java.lang.Object, int, int, int, int, int, int, int)'> (0x000000008bf17f08) thrown at [./src/hotspot/share/interpreter/linkResolver.cpp, line 773]
Event: 2,681 Thread 0x00007f755402b800 Exception <a 'java/lang/NoSuchMethodError'{0x000000008bf1b2c0}: 'java.lang.Object java.lang.invoke.DelegatingMethodHandle$Holder.reinvoke_L(java.lang.Object, int, int, int, int, int, int, int)'> (0x000000008bf1b2c0) thrown at [./src/hotspot/share/interpreter/linkResolver.cpp, line 773]
Event: 2,684 Thread 0x00007f755402b800 Exception <a 'java/lang/NoSuchMethodError'{0x000000008bf3ffb0}: 'java.lang.Object java.lang.invoke.DirectMethodHandle$Holder.invokeSpecial(java.lang.Object, java.lang.Object, int, int, int, int)'> (0x000000008bf3ffb0) thrown at [./src/hotspot/share/interpreter/linkResolver.cpp, line 773]
Event: 2,684 Thread 0x00007f755402b800 Exception <a 'java/lang/NoSuchMethodError'{0x000000008bf42e48}: 'java.lang.Object java.lang.invoke.Invokers$Holder.linkToTargetMethod(int, int, int, int, java.lang.Object)'> (0x000000008bf42e48) thrown at [./src/hotspot/share/interpreter/linkResolver.cpp, line 773]
Event: 3,889 Thread 0x00007f755402b800 Exception <a 'sun/nio/fs/UnixException'{0x000000008be06c48}> (0x000000008be06c48) thrown at [./src/hotspot/share/prims/jni.cpp, line 613]

Events (20 events):
Event: 6,411 Executing VM operation: ThreadsSuspendJVMTI
Event: 6,411 Executing VM operation: ThreadsSuspendJVMTI done
Event: 6,412 Executing VM operation: GetFrameCount
Event: 6,412 Executing VM operation: GetFrameCount done
Event: 6,412 Executing VM operation: GetFrameCount
Event: 6,412 Executing VM operation: GetFrameCount done
Event: 6,412 Executing VM operation: GetStackTrace
Event: 6,412 Executing VM operation: GetStackTrace done
Event: 6,420 Executing VM operation: GetOrSetLocal
Event: 6,420 Executing VM operation: GetOrSetLocal done
Event: 6,420 Executing VM operation: GetOrSetLocal
Event: 6,421 Executing VM operation: GetOrSetLocal done
Event: 6,421 Executing VM operation: GetOrSetLocal
Event: 6,421 Executing VM operation: GetOrSetLocal done
Event: 6,421 Executing VM operation: GetOrSetLocal
Event: 6,421 Executing VM operation: GetOrSetLocal done
Event: 6,423 Executing VM operation: GetFrameCount
Event: 6,423 Executing VM operation: GetFrameCount done
Event: 6,423 Executing VM operation: GetStackTrace
Event: 6,425 Executing VM operation: GetStackTrace done


Dynamic libraries:
415e3000-415e5000 r-xs 00000000 00:01 3025                               /memfd:/.glXXXXXX (deleted)
41cbc000-41d6b000 rw-p 00000000 00:00 0 
84c00000-8c800000 rw-p 00000000 00:00 0 
8c800000-ffc00000 ---p 00000000 00:00 0 
ffc00000-ffc4c000 rw-p 00aea000 08:22 8258411                            /home/daniil/.jdks/graalvm-ce-11/lib/server/classes.jsa
ffc4c000-ffd00000 rw-p 00000000 00:00 0 
ffd00000-ffd6e000 rw-p 00a7c000 08:22 8258411                            /home/daniil/.jdks/graalvm-ce-11/lib/server/classes.jsa
ffd6e000-ffe00000 rw-p 00000000 00:00 0 
ffe00000-100000000 ---p 00000000 00:00 0 
800000000-800002000 rwxp 00001000 08:22 8258411                          /home/daniil/.jdks/graalvm-ce-11/lib/server/classes.jsa
800002000-800a7b000 rw-p 00003000 08:22 8258411                          /home/daniil/.jdks/graalvm-ce-11/lib/server/classes.jsa
840000000-8400c0000 rw-p 00000000 00:00 0 
8400c0000-880000000 ---p 00000000 00:00 0 
55a13b600000-55a13b601000 r-xp 00000000 08:22 8258433                    /home/daniil/.jdks/graalvm-ce-11/bin/java
55a13b801000-55a13b802000 r--p 00001000 08:22 8258433                    /home/daniil/.jdks/graalvm-ce-11/bin/java
55a13b802000-55a13b803000 rw-p 00002000 08:22 8258433                    /home/daniil/.jdks/graalvm-ce-11/bin/java
55a13cadb000-55a13cafc000 rw-p 00000000 00:00 0                          [heap]
7f74c8000000-7f74c8021000 rw-p 00000000 00:00 0 
7f74c8021000-7f74cc000000 ---p 00000000 00:00 0 
7f74d0000000-7f74d0021000 rw-p 00000000 00:00 0 
7f74d0021000-7f74d4000000 ---p 00000000 00:00 0 
7f74d6200000-7f74d6270000 r-xp 00000000 08:22 21897886                   /tmp/lwjgldaniil/3.3.1-build-7/liblwjgl_stb.so
7f74d6270000-7f74d6470000 ---p 00070000 08:22 21897886                   /tmp/lwjgldaniil/3.3.1-build-7/liblwjgl_stb.so
7f74d6470000-7f74d6471000 r--p 00070000 08:22 21897886                   /tmp/lwjgldaniil/3.3.1-build-7/liblwjgl_stb.so
7f74d6471000-7f74d6472000 rw-p 00071000 08:22 21897886                   /tmp/lwjgldaniil/3.3.1-build-7/liblwjgl_stb.so
7f74d65ff000-7f74d6a00000 rw-p 00000000 00:00 0 
7f74d6e00000-7f74d6e5f000 r-xp 00000000 08:22 8258367                    /home/daniil/.jdks/graalvm-ce-11/lib/libawt_xawt.so
7f74d6e5f000-7f74d705f000 ---p 0005f000 08:22 8258367                    /home/daniil/.jdks/graalvm-ce-11/lib/libawt_xawt.so
7f74d705f000-7f74d7060000 r--p 0005f000 08:22 8258367                    /home/daniil/.jdks/graalvm-ce-11/lib/libawt_xawt.so
7f74d7060000-7f74d7062000 rw-p 00060000 08:22 8258367                    /home/daniil/.jdks/graalvm-ce-11/lib/libawt_xawt.so
7f74d7062000-7f74d7064000 rw-p 00000000 00:00 0 
7f74d7200000-7f74d72a0000 r-xp 00000000 08:22 8258363                    /home/daniil/.jdks/graalvm-ce-11/lib/libawt.so
7f74d72a0000-7f74d74a0000 ---p 000a0000 08:22 8258363                    /home/daniil/.jdks/graalvm-ce-11/lib/libawt.so
7f74d74a0000-7f74d74a1000 r--p 000a0000 08:22 8258363                    /home/daniil/.jdks/graalvm-ce-11/lib/libawt.so
7f74d74a1000-7f74d74ac000 rw-p 000a1000 08:22 8258363                    /home/daniil/.jdks/graalvm-ce-11/lib/libawt.so
7f74d74ac000-7f74d74d1000 rw-p 00000000 00:00 0 
7f74d7600000-7f74d7656000 r-xp 00000000 08:22 21897882                   /tmp/lwjgldaniil/3.3.1-build-7/liblwjgl_opengl.so
7f74d7656000-7f74d7855000 ---p 00056000 08:22 21897882                   /tmp/lwjgldaniil/3.3.1-build-7/liblwjgl_opengl.so
7f74d7855000-7f74d7856000 r--p 00055000 08:22 21897882                   /tmp/lwjgldaniil/3.3.1-build-7/liblwjgl_opengl.so
7f74d7856000-7f74d7857000 rw-p 00056000 08:22 21897882                   /tmp/lwjgldaniil/3.3.1-build-7/liblwjgl_opengl.so
7f74d7a00000-7f74d7c6a000 r-xp 00000000 08:22 20057637                   /usr/lib/x86_64-linux-gnu/libnvidia-glcore.so.515.65.01
7f74d7c6a000-7f74d7c8b000 rwxp 0026a000 08:22 20057637                   /usr/lib/x86_64-linux-gnu/libnvidia-glcore.so.515.65.01
7f74d7c8b000-7f74d96fe000 r-xp 0028b000 08:22 20057637                   /usr/lib/x86_64-linux-gnu/libnvidia-glcore.so.515.65.01
7f74d96fe000-7f74d98fd000 ---p 01cfe000 08:22 20057637                   /usr/lib/x86_64-linux-gnu/libnvidia-glcore.so.515.65.01
7f74d98fd000-7f74d9ea3000 r--p 01cfd000 08:22 20057637                   /usr/lib/x86_64-linux-gnu/libnvidia-glcore.so.515.65.01
7f74d9ea3000-7f74d9f10000 rw-p 022a3000 08:22 20057637                   /usr/lib/x86_64-linux-gnu/libnvidia-glcore.so.515.65.01
7f74d9f10000-7f74d9f39000 rw-p 00000000 00:00 0 
7f74da000000-7f74da003000 r-xp 00000000 08:22 20057643                   /usr/lib/x86_64-linux-gnu/libnvidia-tls.so.515.65.01
7f74da003000-7f74da203000 ---p 00003000 08:22 20057643                   /usr/lib/x86_64-linux-gnu/libnvidia-tls.so.515.65.01
7f74da203000-7f74da204000 r--p 00003000 08:22 20057643                   /usr/lib/x86_64-linux-gnu/libnvidia-tls.so.515.65.01
7f74da204000-7f74da205000 rw-p 00004000 08:22 20057643                   /usr/lib/x86_64-linux-gnu/libnvidia-tls.so.515.65.01
7f74da400000-7f74da473000 r-xp 00000000 08:22 20057638                   /usr/lib/x86_64-linux-gnu/libnvidia-glsi.so.515.65.01
7f74da473000-7f74da673000 ---p 00073000 08:22 20057638                   /usr/lib/x86_64-linux-gnu/libnvidia-glsi.so.515.65.01
7f74da673000-7f74da69c000 r--p 00073000 08:22 20057638                   /usr/lib/x86_64-linux-gnu/libnvidia-glsi.so.515.65.01
7f74da69c000-7f74da69d000 rw-p 0009c000 08:22 20057638                   /usr/lib/x86_64-linux-gnu/libnvidia-glsi.so.515.65.01
7f74da69d000-7f74da6a5000 rw-p 00000000 00:00 0 
7f74da800000-7f74da8b2000 r-xp 00000000 08:22 20057634                   /usr/lib/x86_64-linux-gnu/libGLX_nvidia.so.515.65.01
7f74da8b2000-7f74da8e7000 rwxp 000b2000 08:22 20057634                   /usr/lib/x86_64-linux-gnu/libGLX_nvidia.so.515.65.01
7f74da8e7000-7f74da8ee000 r-xp 000e7000 08:22 20057634                   /usr/lib/x86_64-linux-gnu/libGLX_nvidia.so.515.65.01
7f74da8ee000-7f74daaed000 ---p 000ee000 08:22 20057634                   /usr/lib/x86_64-linux-gnu/libGLX_nvidia.so.515.65.01
7f74daaed000-7f74dab36000 r--p 000ed000 08:22 20057634                   /usr/lib/x86_64-linux-gnu/libGLX_nvidia.so.515.65.01
7f74dab36000-7f74dab3b000 rw-p 00136000 08:22 20057634                   /usr/lib/x86_64-linux-gnu/libGLX_nvidia.so.515.65.01
7f74dab3b000-7f74dab3d000 rw-p 00000000 00:00 0 
7f74dac00000-7f74dac57000 r-xp 00000000 08:22 21897880                   /tmp/lwjgldaniil/3.3.1-build-7/libglfw.so
7f74dac57000-7f74dae56000 ---p 00057000 08:22 21897880                   /tmp/lwjgldaniil/3.3.1-build-7/libglfw.so
7f74dae56000-7f74dae59000 r--p 00056000 08:22 21897880                   /tmp/lwjgldaniil/3.3.1-build-7/libglfw.so
7f74dae59000-7f74dae5b000 rw-p 00059000 08:22 21897880                   /tmp/lwjgldaniil/3.3.1-build-7/libglfw.so
7f74dae5b000-7f74dae7e000 rw-p 00000000 00:00 0 
7f74db800000-7f74db86b000 r-xp 00000000 08:22 21897878                   /tmp/lwjgldaniil/3.3.1-build-7/liblwjgl.so
7f74db86b000-7f74dba6a000 ---p 0006b000 08:22 21897878                   /tmp/lwjgldaniil/3.3.1-build-7/liblwjgl.so
7f74dba6a000-7f74dba6b000 r--p 0006a000 08:22 21897878                   /tmp/lwjgldaniil/3.3.1-build-7/liblwjgl.so
7f74dba6b000-7f74dba6c000 rw-p 0006b000 08:22 21897878                   /tmp/lwjgldaniil/3.3.1-build-7/liblwjgl.so
7f74dbafe000-7f74dbaff000 ---p 00000000 00:00 0 
7f74dbaff000-7f74dbc00000 rw-p 00000000 00:00 0 
7f74dc000000-7f74dc021000 rw-p 00000000 00:00 0 
7f74dc021000-7f74e0000000 ---p 00000000 00:00 0 
7f74e1e00000-7f74e3d20000 r-xp 00000000 08:22 8258308                    /home/daniil/.jdks/graalvm-ce-11/lib/libjvmcicompiler.so
7f74e3d20000-7f74e3f1f000 ---p 01f20000 08:22 8258308                    /home/daniil/.jdks/graalvm-ce-11/lib/libjvmcicompiler.so
7f74e3f1f000-7f74e3f20000 r--p 01f1f000 08:22 8258308                    /home/daniil/.jdks/graalvm-ce-11/lib/libjvmcicompiler.so
7f74e3f20000-7f74e3f22000 rw-p 01f20000 08:22 8258308                    /home/daniil/.jdks/graalvm-ce-11/lib/libjvmcicompiler.so
7f74e3f22000-7f74e3f23000 rw-p 00000000 00:00 0 
7f74e4000000-7f74e4025000 rw-p 00000000 00:00 0 
7f74e4025000-7f74e8000000 ---p 00000000 00:00 0 
7f74e8000000-7f74e8021000 rw-p 00000000 00:00 0 
7f74e8021000-7f74ec000000 ---p 00000000 00:00 0 
7f74ec000000-7f74ec021000 rw-p 00000000 00:00 0 
7f74ec021000-7f74f0000000 ---p 00000000 00:00 0 
7f74f0000000-7f74f002e000 rw-p 00000000 00:00 0 
7f74f002e000-7f74f4000000 ---p 00000000 00:00 0 
7f74f4000000-7f74f4021000 rw-p 00000000 00:00 0 
7f74f4021000-7f74f8000000 ---p 00000000 00:00 0 
7f74f8000000-7f74f80f6000 rw-p 00000000 00:00 0 
7f74f80f6000-7f74fc000000 ---p 00000000 00:00 0 
7f74fc000000-7f74fc07a000 rw-p 00000000 00:00 0 
7f74fc07a000-7f7500000000 ---p 00000000 00:00 0 
7f7500000000-7f75003db000 rw-p 00000000 00:00 0 
7f75003db000-7f7504000000 ---p 00000000 00:00 0 
7f7504000000-7f7504021000 rw-p 00000000 00:00 0 
7f7504021000-7f7508000000 ---p 00000000 00:00 0 
7f7508000000-7f7508021000 rw-p 00000000 00:00 0 
7f7508021000-7f750c000000 ---p 00000000 00:00 0 
7f750c000000-7f750c021000 rw-p 00000000 00:00 0 
7f750c021000-7f7510000000 ---p 00000000 00:00 0 
7f7510000000-7f7510021000 rw-p 00000000 00:00 0 
7f7510021000-7f7514000000 ---p 00000000 00:00 0 
7f7514000000-7f7514021000 rw-p 00000000 00:00 0 
7f7514021000-7f7518000000 ---p 00000000 00:00 0 
7f7518000000-7f7518021000 rw-p 00000000 00:00 0 
7f7518021000-7f751c000000 ---p 00000000 00:00 0 
7f751c000000-7f751c021000 rw-p 00000000 00:00 0 
7f751c021000-7f7520000000 ---p 00000000 00:00 0 
7f7520000000-7f7520021000 rw-p 00000000 00:00 0 
7f7520021000-7f7524000000 ---p 00000000 00:00 0 
7f7524300000-7f7524304000 ---p 00000000 00:00 0 
7f7524304000-7f7524400000 rw-p 00000000 00:00 0 
7f7524400000-7f7524415000 r-xp 00000000 08:22 8258384                    /home/daniil/.jdks/graalvm-ce-11/lib/libnet.so
7f7524415000-7f7524614000 ---p 00015000 08:22 8258384                    /home/daniil/.jdks/graalvm-ce-11/lib/libnet.so
7f7524614000-7f7524615000 r--p 00014000 08:22 8258384                    /home/daniil/.jdks/graalvm-ce-11/lib/libnet.so
7f7524615000-7f7524616000 rw-p 00015000 08:22 8258384                    /home/daniil/.jdks/graalvm-ce-11/lib/libnet.so
7f752465b000-7f7524800000 rw-s 00000000 00:01 2053                       /memfd:/.nvidia_drv.XXXXXX (deleted)
7f7524800000-7f7524810000 r-xp 00000000 08:22 8258385                    /home/daniil/.jdks/graalvm-ce-11/lib/libnio.so
7f7524810000-7f7524a10000 ---p 00010000 08:22 8258385                    /home/daniil/.jdks/graalvm-ce-11/lib/libnio.so
7f7524a10000-7f7524a11000 r--p 00010000 08:22 8258385                    /home/daniil/.jdks/graalvm-ce-11/lib/libnio.so
7f7524a11000-7f7524a12000 rw-p 00011000 08:22 8258385                    /home/daniil/.jdks/graalvm-ce-11/lib/libnio.so
7f7524ac0000-7f7524ad9000 r--p 00000000 08:22 20059949                   /usr/lib/x86_64-linux-gnu/libX11.so.6.4.0
7f7524ad9000-7f7524b65000 r-xp 00019000 08:22 20059949                   /usr/lib/x86_64-linux-gnu/libX11.so.6.4.0
7f7524b65000-7f7524bfa000 r--p 000a5000 08:22 20059949                   /usr/lib/x86_64-linux-gnu/libX11.so.6.4.0
7f7524bfa000-7f7524bfb000 ---p 0013a000 08:22 20059949                   /usr/lib/x86_64-linux-gnu/libX11.so.6.4.0
7f7524bfb000-7f7524bfc000 r--p 0013a000 08:22 20059949                   /usr/lib/x86_64-linux-gnu/libX11.so.6.4.0
7f7524bfc000-7f7524c00000 rw-p 0013b000 08:22 20059949                   /usr/lib/x86_64-linux-gnu/libX11.so.6.4.0
7f7524dfe000-7f7524dff000 ---p 00000000 00:00 0 
7f7524dff000-7f7524f00000 rw-p 00000000 00:00 0 
7f7525000000-7f7525100000 rw-s 00000000 00:05 987                        /dev/nvidiactl
7f7525dff000-7f7526200000 rw-p 00000000 00:00 0 
7f7526200000-7f7526204000 ---p 00000000 00:00 0 
7f7526204000-7f7526300000 rw-p 00000000 00:00 0 
7f7526300000-7f7526304000 ---p 00000000 00:00 0 
7f7526304000-7f7526400000 rw-p 00000000 00:00 0 
7f7526400000-7f7526404000 r-xp 00000000 08:22 8258390                    /home/daniil/.jdks/graalvm-ce-11/lib/libdt_socket.so
7f7526404000-7f7526604000 ---p 00004000 08:22 8258390                    /home/daniil/.jdks/graalvm-ce-11/lib/libdt_socket.so
7f7526604000-7f7526605000 r--p 00004000 08:22 8258390                    /home/daniil/.jdks/graalvm-ce-11/lib/libdt_socket.so
7f7526605000-7f7526606000 rw-p 00005000 08:22 8258390                    /home/daniil/.jdks/graalvm-ce-11/lib/libdt_socket.so
7f75266f9000-7f75266fd000 ---p 00000000 00:00 0 
7f75266fd000-7f75267f9000 rw-p 00000000 00:00 0 
7f75267f9000-7f75267fd000 ---p 00000000 00:00 0 
7f75267fd000-7f75268f9000 rw-p 00000000 00:00 0 
7f75268f9000-7f75268fd000 ---p 00000000 00:00 0 
7f75268fd000-7f7526af9000 rw-p 00000000 00:00 0 
7f7526af9000-7f7526afd000 ---p 00000000 00:00 0 
7f7526afd000-7f7526bf9000 rw-p 00000000 00:00 0 
7f7526bf9000-7f7526bfd000 ---p 00000000 00:00 0 
7f7526bfd000-7f7526df9000 rw-p 00000000 00:00 0 
7f7526df9000-7f7526dfd000 ---p 00000000 00:00 0 
7f7526dfd000-7f7526ff9000 rw-p 00000000 00:00 0 
7f7526ff9000-7f7526ffd000 ---p 00000000 00:00 0 
7f7526ffd000-7f75270f9000 rw-p 00000000 00:00 0 
7f75270f9000-7f75270fd000 ---p 00000000 00:00 0 
7f75270fd000-7f75271f9000 rw-p 00000000 00:00 0 
7f75271f9000-7f75271fd000 ---p 00000000 00:00 0 
7f75271fd000-7f75272f9000 rw-p 00000000 00:00 0 
7f75272f9000-7f75272fd000 ---p 00000000 00:00 0 
7f75272fd000-7f75273f9000 rw-p 00000000 00:00 0 
7f75273f9000-7f75273fa000 ---p 00000000 00:00 0 
7f75273fa000-7f7527bfb000 rw-p 00000000 00:00 0 
7f7527bfb000-7f7527cfb000 ---p 00000000 00:00 0 
7f7527cfb000-7f7527cfc000 ---p 00000000 00:00 0 
7f7527cfc000-7f7527dfd000 rw-p 00000000 00:00 0 
7f7527dfd000-7f7527dfe000 ---p 00000000 00:00 0 
7f7527dfe000-7f7528000000 rw-p 00000000 00:00 0 
7f7528000000-7f7528021000 rw-p 00000000 00:00 0 
7f7528021000-7f752c000000 ---p 00000000 00:00 0 
7f752c02f000-7f752e320000 rw-p 00000000 00:00 0 
7f752e320000-7f752fff0000 ---p 00000000 00:00 0 
7f752fff0000-7f752fff8000 rw-p 00000000 00:00 0 
7f752fff8000-7f7530000000 ---p 00000000 00:00 0 
7f7530000000-7f7530021000 rw-p 00000000 00:00 0 
7f7530021000-7f7534000000 ---p 00000000 00:00 0 
7f7534015000-7f7534095000 rw-s 00000000 00:05 987                        /dev/nvidiactl
7f7534095000-7f7534297000 rw-p 00000000 00:00 0 
7f7534297000-7f7534298000 ---p 00000000 00:00 0 
7f7534298000-7f7534589000 rw-p 00000000 00:00 0 
7f7534589000-7f7536259000 ---p 00000000 00:00 0 
7f7536259000-7f7536261000 rw-p 00000000 00:00 0 
7f7536261000-7f7536269000 ---p 00000000 00:00 0 
7f7536269000-7f75362a7000 rw-p 00000000 00:00 0 
7f75362a7000-7f7536641000 ---p 00000000 00:00 0 
7f7536641000-7f7536642000 rw-p 00000000 00:00 0 
7f7536642000-7f7536643000 ---p 00000000 00:00 0 
7f7536643000-7f7537c5e000 rwxp 00000000 00:00 0 
7f7537c5e000-7f7540950000 ---p 00000000 00:00 0 
7f7540950000-7f7541950000 rwxp 00000000 00:00 0 
7f7541950000-7f754a643000 ---p 00000000 00:00 0 
7f754a643000-7f7554000000 r--s 00000000 08:22 8258358                    /home/daniil/.jdks/graalvm-ce-11/lib/modules
7f7554000000-7f7554b06000 rw-p 00000000 00:00 0 
7f7554b06000-7f7558000000 ---p 00000000 00:00 0 
7f7558047000-7f7558048000 ---p 00000000 00:00 0 
7f7558048000-7f7558187000 rw-p 00000000 00:00 0 
7f7558187000-7f7558521000 ---p 00000000 00:00 0 
7f7558521000-7f7558522000 rw-p 00000000 00:00 0 
7f7558522000-7f7558523000 ---p 00000000 00:00 0 
7f7558523000-7f7558561000 rw-p 00000000 00:00 0 
7f7558561000-7f75588fb000 ---p 00000000 00:00 0 
7f75588fb000-7f75588fc000 rw-p 00000000 00:00 0 
7f75588fc000-7f75588fd000 ---p 00000000 00:00 0 
7f75588fd000-7f7558c00000 rw-p 00000000 00:00 0 
7f7558c00000-7f7558c07000 r-xp 00000000 08:22 8258382                    /home/daniil/.jdks/graalvm-ce-11/lib/libzip.so
7f7558c07000-7f7558e07000 ---p 00007000 08:22 8258382                    /home/daniil/.jdks/graalvm-ce-11/lib/libzip.so
7f7558e07000-7f7558e08000 r--p 00007000 08:22 8258382                    /home/daniil/.jdks/graalvm-ce-11/lib/libzip.so
7f7558e08000-7f7558e09000 rw-p 00008000 08:22 8258382                    /home/daniil/.jdks/graalvm-ce-11/lib/libzip.so
7f7558e19000-7f7559c00000 r--p 00000000 08:22 20059453                   /usr/lib/locale/locale-archive
7f7559c00000-7f7559c0a000 r-xp 00000000 08:22 8258397                    /home/daniil/.jdks/graalvm-ce-11/lib/libinstrument.so
7f7559c0a000-7f7559e09000 ---p 0000a000 08:22 8258397                    /home/daniil/.jdks/graalvm-ce-11/lib/libinstrument.so
7f7559e09000-7f7559e0a000 r--p 00009000 08:22 8258397                    /home/daniil/.jdks/graalvm-ce-11/lib/libinstrument.so
7f7559e0a000-7f7559e0b000 rw-p 0000a000 08:22 8258397                    /home/daniil/.jdks/graalvm-ce-11/lib/libinstrument.so
7f7559e7f000-7f7559ebf000 rw-s 00000000 00:05 987                        /dev/nvidiactl
7f7559ebf000-7f7559eff000 rw-s 00000000 00:05 987                        /dev/nvidiactl
7f7559eff000-7f755a000000 rw-p 00000000 00:00 0 
7f755a000000-7f755a03c000 r-xp 00000000 08:22 8258391                    /home/daniil/.jdks/graalvm-ce-11/lib/libjdwp.so
7f755a03c000-7f755a23b000 ---p 0003c000 08:22 8258391                    /home/daniil/.jdks/graalvm-ce-11/lib/libjdwp.so
7f755a23b000-7f755a23c000 r--p 0003b000 08:22 8258391                    /home/daniil/.jdks/graalvm-ce-11/lib/libjdwp.so
7f755a23c000-7f755a23d000 rw-p 0003c000 08:22 8258391                    /home/daniil/.jdks/graalvm-ce-11/lib/libjdwp.so
7f755a246000-7f755a286000 r--p 00000000 08:22 20059931                   /usr/lib/x86_64-linux-gnu/libGLdispatch.so.0.0.0
7f755a286000-7f755a289000 r-xp 00040000 08:22 20059931                   /usr/lib/x86_64-linux-gnu/libGLdispatch.so.0.0.0
7f755a289000-7f755a2c4000 r-xp 00043000 08:22 20059931                   /usr/lib/x86_64-linux-gnu/libGLdispatch.so.0.0.0
7f755a2c4000-7f755a2c5000 r-xp 0007e000 08:22 20059931                   /usr/lib/x86_64-linux-gnu/libGLdispatch.so.0.0.0
7f755a2c5000-7f755a2d8000 r--p 0007f000 08:22 20059931                   /usr/lib/x86_64-linux-gnu/libGLdispatch.so.0.0.0
7f755a2d8000-7f755a2d9000 ---p 00092000 08:22 20059931                   /usr/lib/x86_64-linux-gnu/libGLdispatch.so.0.0.0
7f755a2d9000-7f755a2f5000 r--p 00092000 08:22 20059931                   /usr/lib/x86_64-linux-gnu/libGLdispatch.so.0.0.0
7f755a2f5000-7f755a2f6000 rw-p 000ae000 08:22 20059931                   /usr/lib/x86_64-linux-gnu/libGLdispatch.so.0.0.0
7f755a2f6000-7f755a2fe000 rw-p 00000000 00:00 0 
7f755a2fe000-7f755a2ff000 ---p 00000000 00:00 0 
7f755a2ff000-7f755a400000 rw-p 00000000 00:00 0 
7f755a400000-7f755a41b000 r-xp 00000000 08:22 8258383                    /home/daniil/.jdks/graalvm-ce-11/lib/libjimage.so
7f755a41b000-7f755a61a000 ---p 0001b000 08:22 8258383                    /home/daniil/.jdks/graalvm-ce-11/lib/libjimage.so
7f755a61a000-7f755a61c000 r--p 0001a000 08:22 8258383                    /home/daniil/.jdks/graalvm-ce-11/lib/libjimage.so
7f755a61c000-7f755a61d000 rw-p 0001c000 08:22 8258383                    /home/daniil/.jdks/graalvm-ce-11/lib/libjimage.so
7f755a61e000-7f755a620000 r--p 00000000 08:22 20059992                   /usr/lib/x86_64-linux-gnu/libXtst.so.6.1.0
7f755a620000-7f755a623000 r-xp 00002000 08:22 20059992                   /usr/lib/x86_64-linux-gnu/libXtst.so.6.1.0
7f755a623000-7f755a624000 r--p 00005000 08:22 20059992                   /usr/lib/x86_64-linux-gnu/libXtst.so.6.1.0
7f755a624000-7f755a625000 r--p 00005000 08:22 20059992                   /usr/lib/x86_64-linux-gnu/libXtst.so.6.1.0
7f755a625000-7f755a626000 rw-p 00006000 08:22 20059992                   /usr/lib/x86_64-linux-gnu/libXtst.so.6.1.0
7f755a626000-7f755a646000 rw-s 00000000 00:05 987                        /dev/nvidiactl
7f755a646000-7f755a666000 rw-s 00000000 00:05 987                        /dev/nvidiactl
7f755a666000-7f755a6a6000 rw-s 00000000 00:05 987                        /dev/nvidiactl
7f755a6a6000-7f755a6c6000 rw-s 00000000 00:05 987                        /dev/nvidiactl
7f755a6c6000-7f755a6e6000 rw-p 00000000 00:00 0 
7f755a6e6000-7f755a800000 ---p 00000000 00:00 0 
7f755a800000-7f755a82a000 r-xp 00000000 08:22 8258381                    /home/daniil/.jdks/graalvm-ce-11/lib/libjava.so
7f755a82a000-7f755aa29000 ---p 0002a000 08:22 8258381                    /home/daniil/.jdks/graalvm-ce-11/lib/libjava.so
7f755aa29000-7f755aa2a000 r--p 00029000 08:22 8258381                    /home/daniil/.jdks/graalvm-ce-11/lib/libjava.so
7f755aa2a000-7f755aa2b000 rw-p 0002a000 08:22 8258381                    /home/daniil/.jdks/graalvm-ce-11/lib/libjava.so
7f755aa2b000-7f755aa2c000 rw-p 00000000 00:00 0 
7f755aa2c000-7f755aa3f000 rw-s 00000000 00:05 987                        /dev/nvidiactl
7f755aa3f000-7f755aa82000 r--p 00000000 08:22 20059920                   /usr/lib/x86_64-linux-gnu/libGL.so.1.7.0
7f755aa82000-7f755aa85000 r-xp 00043000 08:22 20059920                   /usr/lib/x86_64-linux-gnu/libGL.so.1.7.0
7f755aa85000-7f755aaa0000 r-xp 00046000 08:22 20059920                   /usr/lib/x86_64-linux-gnu/libGL.so.1.7.0
7f755aaa0000-7f755aaa1000 r-xp 00061000 08:22 20059920                   /usr/lib/x86_64-linux-gnu/libGL.so.1.7.0
7f755aaa1000-7f755aab6000 r--p 00062000 08:22 20059920                   /usr/lib/x86_64-linux-gnu/libGL.so.1.7.0
7f755aab6000-7f755aac4000 r--p 00076000 08:22 20059920                   /usr/lib/x86_64-linux-gnu/libGL.so.1.7.0
7f755aac4000-7f755aac5000 rw-p 00084000 08:22 20059920                   /usr/lib/x86_64-linux-gnu/libGL.so.1.7.0
7f755aac5000-7f755aae6000 rw-p 00000000 00:00 0 
7f755aae6000-7f755ac00000 ---p 00000000 00:00 0 
7f755ac00000-7f755ac0d000 r-xp 00000000 08:22 8258380                    /home/daniil/.jdks/graalvm-ce-11/lib/libverify.so
7f755ac0d000-7f755ae0c000 ---p 0000d000 08:22 8258380                    /home/daniil/.jdks/graalvm-ce-11/lib/libverify.so
7f755ae0c000-7f755ae0e000 r--p 0000c000 08:22 8258380                    /home/daniil/.jdks/graalvm-ce-11/lib/libverify.so
7f755ae0e000-7f755ae0f000 rw-p 0000e000 08:22 8258380                    /home/daniil/.jdks/graalvm-ce-11/lib/libverify.so
7f755ae16000-7f755ae17000 r-xp 00053000 08:22 21897878                   /tmp/lwjgldaniil/3.3.1-build-7/liblwjgl.so
7f755ae17000-7f755ae18000 rw-p 00000000 00:00 0 
7f755ae18000-7f755ae1d000 r--p 00000000 08:22 20060400                   /usr/lib/x86_64-linux-gnu/libdrm.so.2.4.0
7f755ae1d000-7f755ae28000 r-xp 00005000 08:22 20060400                   /usr/lib/x86_64-linux-gnu/libdrm.so.2.4.0
7f755ae28000-7f755ae2c000 r--p 00010000 08:22 20060400                   /usr/lib/x86_64-linux-gnu/libdrm.so.2.4.0
7f755ae2c000-7f755ae2d000 r--p 00013000 08:22 20060400                   /usr/lib/x86_64-linux-gnu/libdrm.so.2.4.0
7f755ae2d000-7f755ae2e000 rw-p 00014000 08:22 20060400                   /usr/lib/x86_64-linux-gnu/libdrm.so.2.4.0
7f755ae2e000-7f755ae39000 r--p 00000000 08:22 20061534                   /usr/lib/x86_64-linux-gnu/libxcb-glx.so.0.0.0
7f755ae39000-7f755ae42000 r-xp 0000b000 08:22 20061534                   /usr/lib/x86_64-linux-gnu/libxcb-glx.so.0.0.0
7f755ae42000-7f755ae47000 r--p 00014000 08:22 20061534                   /usr/lib/x86_64-linux-gnu/libxcb-glx.so.0.0.0
7f755ae47000-7f755ae48000 ---p 00019000 08:22 20061534                   /usr/lib/x86_64-linux-gnu/libxcb-glx.so.0.0.0
7f755ae48000-7f755ae4a000 r--p 00019000 08:22 20061534                   /usr/lib/x86_64-linux-gnu/libxcb-glx.so.0.0.0
7f755ae4a000-7f755ae4b000 rw-p 0001b000 08:22 20061534                   /usr/lib/x86_64-linux-gnu/libxcb-glx.so.0.0.0
7f755ae4b000-7f755ae4e000 r--p 00000000 08:22 20059926                   /usr/lib/x86_64-linux-gnu/libGLX.so.0.0.0
7f755ae4e000-7f755ae69000 r-xp 00003000 08:22 20059926                   /usr/lib/x86_64-linux-gnu/libGLX.so.0.0.0
7f755ae69000-7f755ae6c000 r--p 0001e000 08:22 20059926                   /usr/lib/x86_64-linux-gnu/libGLX.so.0.0.0
7f755ae6c000-7f755ae6d000 ---p 00021000 08:22 20059926                   /usr/lib/x86_64-linux-gnu/libGLX.so.0.0.0
7f755ae6d000-7f755ae6e000 r--p 00021000 08:22 20059926                   /usr/lib/x86_64-linux-gnu/libGLX.so.0.0.0
7f755ae6e000-7f755ae6f000 rw-p 00022000 08:22 20059926                   /usr/lib/x86_64-linux-gnu/libGLX.so.0.0.0
7f755ae6f000-7f755ae7f000 rw-p 00000000 00:00 0 
7f755ae7f000-7f755ae80000 r--p 00000000 08:22 20059947                   /usr/lib/x86_64-linux-gnu/libX11-xcb.so.1.0.0
7f755ae80000-7f755ae81000 r-xp 00001000 08:22 20059947                   /usr/lib/x86_64-linux-gnu/libX11-xcb.so.1.0.0
7f755ae81000-7f755ae82000 r--p 00002000 08:22 20059947                   /usr/lib/x86_64-linux-gnu/libX11-xcb.so.1.0.0
7f755ae82000-7f755ae83000 r--p 00002000 08:22 20059947                   /usr/lib/x86_64-linux-gnu/libX11-xcb.so.1.0.0
7f755ae83000-7f755ae84000 rw-p 00003000 08:22 20059947                   /usr/lib/x86_64-linux-gnu/libX11-xcb.so.1.0.0
7f755ae84000-7f755ae86000 r--p 00000000 08:22 20059968                   /usr/lib/x86_64-linux-gnu/libXfixes.so.3.1.0
7f755ae86000-7f755ae89000 r-xp 00002000 08:22 20059968                   /usr/lib/x86_64-linux-gnu/libXfixes.so.3.1.0
7f755ae89000-7f755ae8a000 r--p 00005000 08:22 20059968                   /usr/lib/x86_64-linux-gnu/libXfixes.so.3.1.0
7f755ae8a000-7f755ae8b000 r--p 00006000 08:22 20059968                   /usr/lib/x86_64-linux-gnu/libXfixes.so.3.1.0
7f755ae8b000-7f755ae8c000 rw-p 00007000 08:22 20059968                   /usr/lib/x86_64-linux-gnu/libXfixes.so.3.1.0
7f755ae8c000-7f755ae8e000 r--p 00000000 08:22 20059960                   /usr/lib/x86_64-linux-gnu/libXcursor.so.1.0.2
7f755ae8e000-7f755ae94000 r-xp 00002000 08:22 20059960                   /usr/lib/x86_64-linux-gnu/libXcursor.so.1.0.2
7f755ae94000-7f755ae96000 r--p 00008000 08:22 20059960                   /usr/lib/x86_64-linux-gnu/libXcursor.so.1.0.2
7f755ae96000-7f755ae97000 r--p 00009000 08:22 20059960                   /usr/lib/x86_64-linux-gnu/libXcursor.so.1.0.2
7f755ae97000-7f755ae98000 rw-p 0000a000 08:22 20059960                   /usr/lib/x86_64-linux-gnu/libXcursor.so.1.0.2
7f755ae98000-7f755ae9a000 r--p 00000000 08:22 20059986                   /usr/lib/x86_64-linux-gnu/libXrender.so.1.3.0
7f755ae9a000-7f755aea1000 r-xp 00002000 08:22 20059986                   /usr/lib/x86_64-linux-gnu/libXrender.so.1.3.0
7f755aea1000-7f755aea3000 r--p 00009000 08:22 20059986                   /usr/lib/x86_64-linux-gnu/libXrender.so.1.3.0
7f755aea3000-7f755aea4000 r--p 0000a000 08:22 20059986                   /usr/lib/x86_64-linux-gnu/libXrender.so.1.3.0
7f755aea4000-7f755aea5000 rw-p 0000b000 08:22 20059986                   /usr/lib/x86_64-linux-gnu/libXrender.so.1.3.0
7f755aea5000-7f755aea7000 r--p 00000000 08:22 20059984                   /usr/lib/x86_64-linux-gnu/libXrandr.so.2.2.0
7f755aea7000-7f755aeae000 r-xp 00002000 08:22 20059984                   /usr/lib/x86_64-linux-gnu/libXrandr.so.2.2.0
7f755aeae000-7f755aeb0000 r--p 00009000 08:22 20059984                   /usr/lib/x86_64-linux-gnu/libXrandr.so.2.2.0
7f755aeb0000-7f755aeb1000 r--p 0000a000 08:22 20059984                   /usr/lib/x86_64-linux-gnu/libXrandr.so.2.2.0
7f755aeb1000-7f755aeb2000 rw-p 0000b000 08:22 20059984                   /usr/lib/x86_64-linux-gnu/libXrandr.so.2.2.0
7f755aeb2000-7f755aeb5000 r--p 00000000 08:22 20059974                   /usr/lib/x86_64-linux-gnu/libXi.so.6.1.0
7f755aeb5000-7f755aec1000 r-xp 00003000 08:22 20059974                   /usr/lib/x86_64-linux-gnu/libXi.so.6.1.0
7f755aec1000-7f755aec4000 r--p 0000f000 08:22 20059974                   /usr/lib/x86_64-linux-gnu/libXi.so.6.1.0
7f755aec4000-7f755aec5000 r--p 00011000 08:22 20059974                   /usr/lib/x86_64-linux-gnu/libXi.so.6.1.0
7f755aec5000-7f755aec6000 rw-p 00012000 08:22 20059974                   /usr/lib/x86_64-linux-gnu/libXi.so.6.1.0
7f755aec6000-7f755aeca000 r--p 00000000 08:22 20059966                   /usr/lib/x86_64-linux-gnu/libXext.so.6.4.0
7f755aeca000-7f755aed5000 r-xp 00004000 08:22 20059966                   /usr/lib/x86_64-linux-gnu/libXext.so.6.4.0
7f755aed5000-7f755aed9000 r--p 0000f000 08:22 20059966                   /usr/lib/x86_64-linux-gnu/libXext.so.6.4.0
7f755aed9000-7f755aeda000 r--p 00012000 08:22 20059966                   /usr/lib/x86_64-linux-gnu/libXext.so.6.4.0
7f755aeda000-7f755aedb000 rw-p 00013000 08:22 20059966                   /usr/lib/x86_64-linux-gnu/libXext.so.6.4.0
7f755aedb000-7f755aedd000 r--p 00000000 08:22 20060910                   /usr/lib/x86_64-linux-gnu/libmd.so.0.0.5
7f755aedd000-7f755aee4000 r-xp 00002000 08:22 20060910                   /usr/lib/x86_64-linux-gnu/libmd.so.0.0.5
7f755aee4000-7f755aee6000 r--p 00009000 08:22 20060910                   /usr/lib/x86_64-linux-gnu/libmd.so.0.0.5
7f755aee6000-7f755aee7000 r--p 0000a000 08:22 20060910                   /usr/lib/x86_64-linux-gnu/libmd.so.0.0.5
7f755aee7000-7f755aee8000 rw-p 0000b000 08:22 20060910                   /usr/lib/x86_64-linux-gnu/libmd.so.0.0.5
7f755aee8000-7f755aeec000 r--p 00000000 08:22 20060244                   /usr/lib/x86_64-linux-gnu/libbsd.so.0.11.5
7f755aeec000-7f755aef9000 r-xp 00004000 08:22 20060244                   /usr/lib/x86_64-linux-gnu/libbsd.so.0.11.5
7f755aef9000-7f755aefc000 r--p 00011000 08:22 20060244                   /usr/lib/x86_64-linux-gnu/libbsd.so.0.11.5
7f755aefc000-7f755aefd000 ---p 00014000 08:22 20060244                   /usr/lib/x86_64-linux-gnu/libbsd.so.0.11.5
7f755aefd000-7f755aefe000 r--p 00014000 08:22 20060244                   /usr/lib/x86_64-linux-gnu/libbsd.so.0.11.5
7f755aefe000-7f755aeff000 rw-p 00015000 08:22 20060244                   /usr/lib/x86_64-linux-gnu/libbsd.so.0.11.5
7f755aeff000-7f755af00000 rw-p 00000000 00:00 0 
7f755af00000-7f755af04000 ---p 00000000 00:00 0 
7f755af04000-7f755b000000 rw-p 00000000 00:00 0 
7f755b000000-7f755c1c0000 r-xp 00000000 08:22 8258409                    /home/daniil/.jdks/graalvm-ce-11/lib/server/libjvm.so
7f755c1c0000-7f755c3c0000 ---p 011c0000 08:22 8258409                    /home/daniil/.jdks/graalvm-ce-11/lib/server/libjvm.so
7f755c3c0000-7f755c482000 r--p 011c0000 08:22 8258409                    /home/daniil/.jdks/graalvm-ce-11/lib/server/libjvm.so
7f755c482000-7f755c4bd000 rw-p 01282000 08:22 8258409                    /home/daniil/.jdks/graalvm-ce-11/lib/server/libjvm.so
7f755c4bd000-7f755c515000 rw-p 00000000 00:00 0 
7f755c515000-7f755c518000 rw-s 00000000 00:05 987                        /dev/nvidiactl
7f755c518000-7f755c519000 r--p 00000000 08:22 20060002                   /usr/lib/x86_64-linux-gnu/libXxf86vm.so.1.0.0
7f755c519000-7f755c51c000 r-xp 00001000 08:22 20060002                   /usr/lib/x86_64-linux-gnu/libXxf86vm.so.1.0.0
7f755c51c000-7f755c51d000 r--p 00004000 08:22 20060002                   /usr/lib/x86_64-linux-gnu/libXxf86vm.so.1.0.0
7f755c51d000-7f755c51e000 r--p 00004000 08:22 20060002                   /usr/lib/x86_64-linux-gnu/libXxf86vm.so.1.0.0
7f755c51e000-7f755c51f000 rw-p 00005000 08:22 20060002                   /usr/lib/x86_64-linux-gnu/libXxf86vm.so.1.0.0
7f755c51f000-7f755c521000 r--p 00000000 08:22 20059964                   /usr/lib/x86_64-linux-gnu/libXdmcp.so.6.0.0
7f755c521000-7f755c523000 r-xp 00002000 08:22 20059964                   /usr/lib/x86_64-linux-gnu/libXdmcp.so.6.0.0
7f755c523000-7f755c525000 r--p 00004000 08:22 20059964                   /usr/lib/x86_64-linux-gnu/libXdmcp.so.6.0.0
7f755c525000-7f755c526000 r--p 00005000 08:22 20059964                   /usr/lib/x86_64-linux-gnu/libXdmcp.so.6.0.0
7f755c526000-7f755c527000 rw-p 00006000 08:22 20059964                   /usr/lib/x86_64-linux-gnu/libXdmcp.so.6.0.0
7f755c527000-7f755c528000 r--p 00000000 08:22 20059953                   /usr/lib/x86_64-linux-gnu/libXau.so.6.0.0
7f755c528000-7f755c52a000 r-xp 00001000 08:22 20059953                   /usr/lib/x86_64-linux-gnu/libXau.so.6.0.0
7f755c52a000-7f755c52b000 r--p 00003000 08:22 20059953                   /usr/lib/x86_64-linux-gnu/libXau.so.6.0.0
7f755c52b000-7f755c52c000 r--p 00003000 08:22 20059953                   /usr/lib/x86_64-linux-gnu/libXau.so.6.0.0
7f755c52c000-7f755c52d000 rw-p 00004000 08:22 20059953                   /usr/lib/x86_64-linux-gnu/libXau.so.6.0.0
7f755c52d000-7f755c538000 r--p 00000000 08:22 20061566                   /usr/lib/x86_64-linux-gnu/libxcb.so.1.1.0
7f755c538000-7f755c54c000 r-xp 0000b000 08:22 20061566                   /usr/lib/x86_64-linux-gnu/libxcb.so.1.1.0
7f755c54c000-7f755c555000 r--p 0001f000 08:22 20061566                   /usr/lib/x86_64-linux-gnu/libxcb.so.1.1.0
7f755c555000-7f755c556000 r--p 00027000 08:22 20061566                   /usr/lib/x86_64-linux-gnu/libxcb.so.1.1.0
7f755c556000-7f755c557000 rw-p 00028000 08:22 20061566                   /usr/lib/x86_64-linux-gnu/libxcb.so.1.1.0
7f755c557000-7f755c5d8000 rw-p 00000000 00:00 0 
7f755c5d8000-7f755c600000 r--p 00000000 08:22 20060248                   /usr/lib/x86_64-linux-gnu/libc.so.6
7f755c600000-7f755c795000 r-xp 00028000 08:22 20060248                   /usr/lib/x86_64-linux-gnu/libc.so.6
7f755c795000-7f755c7ed000 r--p 001bd000 08:22 20060248                   /usr/lib/x86_64-linux-gnu/libc.so.6
7f755c7ed000-7f755c7f1000 r--p 00214000 08:22 20060248                   /usr/lib/x86_64-linux-gnu/libc.so.6
7f755c7f1000-7f755c7f3000 rw-p 00218000 08:22 20060248                   /usr/lib/x86_64-linux-gnu/libc.so.6
7f755c7f3000-7f755c800000 rw-p 00000000 00:00 0 
7f755c800000-7f755c810000 r-xp 00000000 08:22 8258413                    /home/daniil/.jdks/graalvm-ce-11/lib/jli/libjli.so
7f755c810000-7f755ca0f000 ---p 00010000 08:22 8258413                    /home/daniil/.jdks/graalvm-ce-11/lib/jli/libjli.so
7f755ca0f000-7f755ca10000 r--p 0000f000 08:22 8258413                    /home/daniil/.jdks/graalvm-ce-11/lib/jli/libjli.so
7f755ca10000-7f755ca11000 rw-p 00010000 08:22 8258413                    /home/daniil/.jdks/graalvm-ce-11/lib/jli/libjli.so
7f755ca11000-7f755ca12000 r--p 00000000 08:22 20059976                   /usr/lib/x86_64-linux-gnu/libXinerama.so.1.0.0
7f755ca12000-7f755ca13000 r-xp 00001000 08:22 20059976                   /usr/lib/x86_64-linux-gnu/libXinerama.so.1.0.0
7f755ca13000-7f755ca14000 r--p 00002000 08:22 20059976                   /usr/lib/x86_64-linux-gnu/libXinerama.so.1.0.0
7f755ca14000-7f755ca15000 r--p 00003000 08:22 20059976                   /usr/lib/x86_64-linux-gnu/libXinerama.so.1.0.0
7f755ca15000-7f755ca16000 rw-p 00004000 08:22 20059976                   /usr/lib/x86_64-linux-gnu/libXinerama.so.1.0.0
7f755ca16000-7f755ca18000 rw-s 00000000 00:01 3025                       /memfd:/.glXXXXXX (deleted)
7f755ca18000-7f755ca1c000 rw-s 00000000 00:05 987                        /dev/nvidiactl
7f755ca1c000-7f755ca1d000 rw-s 00000000 00:05 988                        /dev/nvidia0
7f755ca1d000-7f755ca1f000 rw-s 00000000 00:05 987                        /dev/nvidiactl
7f755ca1f000-7f755ca23000 rw-s 00000000 00:05 987                        /dev/nvidiactl
7f755ca23000-7f755ca24000 rw-s 00000000 00:05 988                        /dev/nvidia0
7f755ca24000-7f755ca25000 rw-s 00000000 00:05 988                        /dev/nvidia0
7f755ca25000-7f755ca26000 rw-s 00000000 00:05 988                        /dev/nvidia0
7f755ca26000-7f755ca27000 rw-s 00000000 00:05 987                        /dev/nvidiactl
7f755ca27000-7f755ca28000 rw-s 00000000 00:05 987                        /dev/nvidiactl
7f755ca28000-7f755ca2f000 r--s 00000000 08:22 20713805                   /usr/lib/x86_64-linux-gnu/gconv/gconv-modules.cache
7f755ca2f000-7f755cad9000 rw-p 00000000 00:00 0 
7f755cad9000-7f755cada000 r--p 00000000 08:22 20061224                   /usr/lib/x86_64-linux-gnu/librt.so.1
7f755cada000-7f755cadb000 r-xp 00001000 08:22 20061224                   /usr/lib/x86_64-linux-gnu/librt.so.1
7f755cadb000-7f755cadc000 r--p 00002000 08:22 20061224                   /usr/lib/x86_64-linux-gnu/librt.so.1
7f755cadc000-7f755cadd000 r--p 00002000 08:22 20061224                   /usr/lib/x86_64-linux-gnu/librt.so.1
7f755cadd000-7f755cade000 rw-p 00003000 08:22 20061224                   /usr/lib/x86_64-linux-gnu/librt.so.1
7f755cade000-7f755caec000 r--p 00000000 08:22 20060899                   /usr/lib/x86_64-linux-gnu/libm.so.6
7f755caec000-7f755cb68000 r-xp 0000e000 08:22 20060899                   /usr/lib/x86_64-linux-gnu/libm.so.6
7f755cb68000-7f755cbc3000 r--p 0008a000 08:22 20060899                   /usr/lib/x86_64-linux-gnu/libm.so.6
7f755cbc3000-7f755cbc4000 r--p 000e4000 08:22 20060899                   /usr/lib/x86_64-linux-gnu/libm.so.6
7f755cbc4000-7f755cbc5000 rw-p 000e5000 08:22 20060899                   /usr/lib/x86_64-linux-gnu/libm.so.6
7f755cbc5000-7f755cbc9000 rw-p 00000000 00:00 0 
7f755cbc9000-7f755cbca000 r--p 00000000 08:22 20060390                   /usr/lib/x86_64-linux-gnu/libdl.so.2
7f755cbca000-7f755cbcb000 r-xp 00001000 08:22 20060390                   /usr/lib/x86_64-linux-gnu/libdl.so.2
7f755cbcb000-7f755cbcc000 r--p 00002000 08:22 20060390                   /usr/lib/x86_64-linux-gnu/libdl.so.2
7f755cbcc000-7f755cbcd000 r--p 00002000 08:22 20060390                   /usr/lib/x86_64-linux-gnu/libdl.so.2
7f755cbcd000-7f755cbce000 rw-p 00003000 08:22 20060390                   /usr/lib/x86_64-linux-gnu/libdl.so.2
7f755cbce000-7f755cbcf000 r--p 00000000 08:22 20061168                   /usr/lib/x86_64-linux-gnu/libpthread.so.0
7f755cbcf000-7f755cbd0000 r-xp 00001000 08:22 20061168                   /usr/lib/x86_64-linux-gnu/libpthread.so.0
7f755cbd0000-7f755cbd1000 r--p 00002000 08:22 20061168                   /usr/lib/x86_64-linux-gnu/libpthread.so.0
7f755cbd1000-7f755cbd2000 r--p 00002000 08:22 20061168                   /usr/lib/x86_64-linux-gnu/libpthread.so.0
7f755cbd2000-7f755cbd3000 rw-p 00003000 08:22 20061168                   /usr/lib/x86_64-linux-gnu/libpthread.so.0
7f755cbd3000-7f755cbd5000 r--p 00000000 08:22 20054206                   /usr/lib/x86_64-linux-gnu/libz.so.1.2.11
7f755cbd5000-7f755cbe6000 r-xp 00002000 08:22 20054206                   /usr/lib/x86_64-linux-gnu/libz.so.1.2.11
7f755cbe6000-7f755cbec000 r--p 00013000 08:22 20054206                   /usr/lib/x86_64-linux-gnu/libz.so.1.2.11
7f755cbec000-7f755cbed000 ---p 00019000 08:22 20054206                   /usr/lib/x86_64-linux-gnu/libz.so.1.2.11
7f755cbed000-7f755cbee000 r--p 00019000 08:22 20054206                   /usr/lib/x86_64-linux-gnu/libz.so.1.2.11
7f755cbee000-7f755cbef000 rw-p 0001a000 08:22 20054206                   /usr/lib/x86_64-linux-gnu/libz.so.1.2.11
7f755cbef000-7f755cbf0000 rw-s 00000000 00:05 987                        /dev/nvidiactl
7f755cbf0000-7f755cbf7000 r--s 00066000 07:0c 1814                       /snap/intellij-idea-ultimate/386/plugins/java/lib/rt/debugger-agent.jar
7f755cbf7000-7f755cbff000 rw-s 00000000 08:22 21897884                   /tmp/hsperfdata_daniil/26657
7f755cbff000-7f755cc00000 ---p 00000000 00:00 0 
7f755cc00000-7f755cc01000 r--p 00000000 00:00 0 
7f755cc01000-7f755cc03000 rw-p 00000000 00:00 0 
7f755cc03000-7f755cc05000 r--p 00000000 08:22 20059911                   /usr/lib/x86_64-linux-gnu/ld-linux-x86-64.so.2
7f755cc05000-7f755cc2f000 r-xp 00002000 08:22 20059911                   /usr/lib/x86_64-linux-gnu/ld-linux-x86-64.so.2
7f755cc2f000-7f755cc3a000 r--p 0002c000 08:22 20059911                   /usr/lib/x86_64-linux-gnu/ld-linux-x86-64.so.2
7f755cc3a000-7f755cc3b000 rw-s 00044000 00:01 2053                       /memfd:/.nvidia_drv.XXXXXX (deleted)
7f755cc3b000-7f755cc3d000 r--p 00037000 08:22 20059911                   /usr/lib/x86_64-linux-gnu/ld-linux-x86-64.so.2
7f755cc3d000-7f755cc3f000 rw-p 00039000 08:22 20059911                   /usr/lib/x86_64-linux-gnu/ld-linux-x86-64.so.2
7ffff51ce000-7ffff51ef000 rw-p 00000000 00:00 0                          [stack]
7ffff51fa000-7ffff51fe000 r--p 00000000 00:00 0                          [vvar]
7ffff51fe000-7ffff5200000 r-xp 00000000 00:00 0                          [vdso]
ffffffffff600000-ffffffffff601000 --xp 00000000 00:00 0                  [vsyscall]


VM Arguments:
jvm_args: -XX:ThreadPriorityPolicy=1 -XX:+UnlockExperimentalVMOptions -XX:+EnableJVMCIProduct -XX:JVMCIThreadsPerNativeLibraryRuntime=1 -XX:-UnlockExperimentalVMOptions -agentlib:jdwp=transport=dt_socket,address=127.0.0.1:38327,suspend=y,server=n -javaagent:/snap/intellij-idea-ultimate/386/plugins/java/lib/rt/debugger-agent.jar -Dfile.encoding=UTF-8 
java_command: com.kgaft.JavaGameEngine.Main
java_class_path (initial): /media/daniil/New Volume/documents/projects/GitHub/JavaGameEngine/target/classes:/home/daniil/.m2/repository/org/lwjgl/lwjgl/3.3.1/lwjgl-3.3.1.jar:/home/daniil/.m2/repository/org/lwjgl/lwjgl-assimp/3.3.1/lwjgl-assimp-3.3.1.jar:/home/daniil/.m2/repository/org/lwjgl/lwjgl-glfw/3.3.1/lwjgl-glfw-3.3.1.jar:/home/daniil/.m2/repository/org/lwjgl/lwjgl-openal/3.3.1/lwjgl-openal-3.3.1.jar:/home/daniil/.m2/repository/org/lwjgl/lwjgl-opengl/3.3.1/lwjgl-opengl-3.3.1.jar:/home/daniil/.m2/repository/org/lwjgl/lwjgl-stb/3.3.1/lwjgl-stb-3.3.1.jar:/home/daniil/.m2/repository/org/lwjgl/lwjgl/3.3.1/lwjgl-3.3.1-natives-linux.jar:/home/daniil/.m2/repository/org/lwjgl/lwjgl-assimp/3.3.1/lwjgl-assimp-3.3.1-natives-linux.jar:/home/daniil/.m2/repository/org/lwjgl/lwjgl-glfw/3.3.1/lwjgl-glfw-3.3.1-natives-linux.jar:/home/daniil/.m2/repository/org/lwjgl/lwjgl-openal/3.3.1/lwjgl-openal-3.3.1-natives-linux.jar:/home/daniil/.m2/repository/org/lwjgl/lwjgl-opengl/3.3.1/lwjgl-opengl-3.3.1-natives-linux.jar:/home/daniil/.m2/repository/org/lwjgl/lwjgl-stb/3.3.1/lwjgl-stb-3.3.1-natives-linux.jar:/home/daniil/.m2/repository/org/joml/joml/1.10.5/joml-1.10.5.jar:/snap/intellij-idea-ultimate/386/lib/idea_rt.jar
Launcher Type: SUN_STANDARD

[Global flags]
     intx CICompilerCount                          = 3                                         {product} {ergonomic}
     uint ConcGCThreads                            = 1                                         {product} {ergonomic}
     bool EnableJVMCIProduct                       = true                                {JVMCI product} {jimage}
     uint G1ConcRefinementThreads                  = 4                                         {product} {ergonomic}
   size_t G1HeapRegionSize                         = 1048576                                   {product} {ergonomic}
    uintx GCDrainStackTargetSize                   = 64                                        {product} {ergonomic}
   size_t InitialHeapSize                          = 130023424                                 {product} {ergonomic}
     uint JVMCIThreadsPerNativeLibraryRuntime      = 1                                   {JVMCI product} {jimage}
   size_t MarkStackSize                            = 4194304                                   {product} {ergonomic}
   size_t MaxHeapSize                              = 2067791872                                {product} {ergonomic}
   size_t MaxNewSize                               = 1240465408                                {product} {ergonomic}
   size_t MinHeapDeltaBytes                        = 1048576                                   {product} {ergonomic}
    uintx NonNMethodCodeHeapSize                   = 6401880                                {pd product} {ergonomic}
    uintx NonProfiledCodeHeapSize                  = 164571220                              {pd product} {ergonomic}
    uintx ProfiledCodeHeapSize                     = 164571220                              {pd product} {ergonomic}
    uintx ReservedCodeCacheSize                    = 335544320                              {pd product} {ergonomic}
     bool SegmentedCodeCache                       = true                                      {product} {ergonomic}
     intx ThreadPriorityPolicy                     = 1                                         {product} {jimage}
     bool UseCompressedClassPointers               = true                                 {lp64_product} {ergonomic}
     bool UseCompressedOops                        = true                                 {lp64_product} {ergonomic}
     bool UseG1GC                                  = true                                      {product} {ergonomic}

Logging:
Log output configuration:
 #0: stdout all=warning uptime,level,tags
 #1: stderr all=off uptime,level,tags

Environment Variables:
PATH=/usr/local/sbin:/usr/local/bin:/usr/sbin:/usr/bin:/sbin:/bin:/usr/games:/usr/local/games:/snap/bin:/snap/bin
USERNAME=daniil
SHELL=/bin/bash
DISPLAY=:1
LANG=en_US.UTF-8
LC_NUMERIC=ru_RU.UTF-8
LC_TIME=ru_RU.UTF-8

Signal Handlers:
SIGSEGV: [libjvm.so+0xead160], sa_mask[0]=11111111011111111101111111111110, sa_flags=SA_RESTART|SA_SIGINFO
SIGBUS: [libjvm.so+0xead160], sa_mask[0]=11111111011111111101111111111110, sa_flags=SA_RESTART|SA_SIGINFO
SIGFPE: [libjvm.so+0xead160], sa_mask[0]=11111111011111111101111111111110, sa_flags=SA_RESTART|SA_SIGINFO
SIGPIPE: [libjvmcicompiler.so+0x19dd20], sa_mask[0]=00000000000000000000000000000000, sa_flags=SA_RESTART
SIGXFSZ: [libjvm.so+0xc7da80], sa_mask[0]=11111111011111111101111111111110, sa_flags=SA_RESTART|SA_SIGINFO
SIGILL: [libjvm.so+0xead160], sa_mask[0]=11111111011111111101111111111110, sa_flags=SA_RESTART|SA_SIGINFO
SIGUSR2: [libjvm.so+0xc7d920], sa_mask[0]=00100000000000000000000000000000, sa_flags=SA_RESTART|SA_SIGINFO
SIGHUP: [libjvm.so+0xc7dad0], sa_mask[0]=11111111011111111101111111111110, sa_flags=SA_RESTART|SA_SIGINFO
SIGINT: [libjvm.so+0xc7dad0], sa_mask[0]=11111111011111111101111111111110, sa_flags=SA_RESTART|SA_SIGINFO
SIGTERM: [libjvm.so+0xc7dad0], sa_mask[0]=11111111011111111101111111111110, sa_flags=SA_RESTART|SA_SIGINFO
SIGQUIT: [libjvm.so+0xc7dad0], sa_mask[0]=11111111011111111101111111111110, sa_flags=SA_RESTART|SA_SIGINFO


---------------  S Y S T E M  ---------------

OS:DISTRIB_ID=Ubuntu
DISTRIB_RELEASE=22.04
DISTRIB_CODENAME=jammy
DISTRIB_DESCRIPTION="Ubuntu 22.04.1 LTS"
uname:Linux 5.15.0-52-generic #58-Ubuntu SMP Thu Oct 13 08:03:55 UTC 2022 x86_64
OS uptime: 0 days 1:33 hours
libc:glibc 2.35 NPTL 2.35 
rlimit (soft/hard): STACK 8192k/infinity , CORE 0k/infinity , NPROC 31255/31255 , NOFILE 1048576/1048576 , AS infinity/infinity , CPU infinity/infinity , DATA infinity/infinity , FSIZE infinity/infinity , MEMLOCK 1008956k/1008956k
load average:0,89 0,91 0,91

/proc/meminfo:
MemTotal:        8071672 kB
MemFree:          188260 kB
MemAvailable:     952008 kB
Buffers:           42344 kB
Cached:           893872 kB
SwapCached:        92328 kB
Active:          1719416 kB
Inactive:        5617816 kB
Active(anon):    1179124 kB
Inactive(anon):  5240280 kB
Active(file):     540292 kB
Inactive(file):   377536 kB
Unevictable:           0 kB
Mlocked:               0 kB
SwapTotal:       2097148 kB
SwapFree:         945916 kB
Dirty:             13332 kB
Writeback:             0 kB
AnonPages:       6366280 kB
Mapped:           460460 kB
Shmem:             18388 kB
KReclaimable:     129288 kB
Slab:             269548 kB
SReclaimable:     129288 kB
SUnreclaim:       140260 kB
KernelStack:       26384 kB
PageTables:        60084 kB
NFS_Unstable:          0 kB
Bounce:                0 kB
WritebackTmp:          0 kB
CommitLimit:     6132984 kB
Committed_AS:   12003952 kB
VmallocTotal:   34359738367 kB
VmallocUsed:       92076 kB
VmallocChunk:          0 kB
Percpu:             4128 kB
HardwareCorrupted:     0 kB
AnonHugePages:         0 kB
ShmemHugePages:        0 kB
ShmemPmdMapped:        0 kB
FileHugePages:         0 kB
FilePmdMapped:         0 kB
HugePages_Total:       0
HugePages_Free:        0
HugePages_Rsvd:        0
HugePages_Surp:        0
Hugepagesize:       2048 kB
Hugetlb:               0 kB
DirectMap4k:      453964 kB
DirectMap2M:     7868416 kB

/sys/kernel/mm/transparent_hugepage/enabled:
always [madvise] never
/sys/kernel/mm/transparent_hugepage/defrag (defrag/compaction efforts parameter):
always defer defer+madvise [madvise] never

Process Memory:
Virtual Size: 5332868K (peak: 13573916K)
Resident Set Size: 121312K (peak: 159048K) (anon: 65544K, file: 55692K, shmem: 76K)
Swapped out: 0K
C-Heap outstanding allocations: 28524K, retained: 8063K
glibc malloc tunables: (default)

/proc/sys/kernel/threads-max (system-wide limit on the number of threads):
62510
/proc/sys/vm/max_map_count (maximum number of memory map areas a process may have):
65530
/proc/sys/kernel/pid_max (system-wide limit on number of process identifiers):
4194304

container (cgroup) information:
container_type: cgroupv2
cpu_cpuset_cpus: not supported
cpu_memory_nodes: not supported
active_processor_count: 4
cpu_quota: not supported
cpu_period: not supported
cpu_shares: not supported
memory_limit_in_bytes: unlimited
memory_and_swap_limit_in_bytes: unlimited
memory_soft_limit_in_bytes: unlimited
memory_usage_in_bytes: 2726156 k
memory_max_usage_in_bytes: not supported
maximum number of tasks: 9376
current number of tasks: 192

Steal ticks since vm start: 0
Steal ticks percentage since vm start:  0,000

CPU:total 4 (initial active 4) (4 cores per cpu, 1 threads per core) family 6 model 58 stepping 9 microcode 0x21, cmov, cx8, fxsr, mmx, sse, sse2, sse3, ssse3, sse4.1, sse4.2, popcnt, avx, aes, clmul, erms, tsc, tscinvbit, tscinv
CPU Model and flags from /proc/cpuinfo:
model name	: Intel(R) Core(TM) i5-3570 CPU @ 3.40GHz
flags		: fpu vme de pse tsc msr pae mce cx8 apic sep mtrr pge mca cmov pat pse36 clflush dts acpi mmx fxsr sse sse2 ss ht tm pbe syscall nx rdtscp lm constant_tsc arch_perfmon pebs bts rep_good nopl xtopology nonstop_tsc cpuid aperfmperf pni pclmulqdq dtes64 monitor ds_cpl vmx smx est tm2 ssse3 cx16 xtpr pdcm pcid sse4_1 sse4_2 x2apic popcnt tsc_deadline_timer aes xsave avx f16c rdrand lahf_lm cpuid_fault epb pti ssbd ibrs ibpb stibp tpr_shadow vnmi flexpriority ept vpid fsgsbase smep erms xsaveopt dtherm ida arat pln pts md_clear flush_l1d
Online cpus:
0-3
Offline cpus:

BIOS frequency limitation:
<Not Available>
Frequency switch latency (ns):
20000
Available cpu frequencies:
<Not Available>
Current governor:
schedutil
Core performance/turbo boost:
<Not Available>

Memory: 4k page, physical 8071672k(188260k free), swap 2097148k(945916k free)

vm_info: OpenJDK 64-Bit Server VM (11.0.17+8-jvmci-22.3-b08) for linux-amd64 JRE (11.0.17+8-jvmci-22.3-b08), built on Oct 19 2022 09:01:18 by "buildslave" with gcc 7.3.0

END.
