#
# A fatal error has been detected by the Java Runtime Environment:
#
#  EXCEPTION_ACCESS_VIOLATION (0xc0000005) at pc=0x00007ffcaa39eead, pid=3288, tid=7396
#
# JRE version: OpenJDK Runtime Environment GraalVM CE 22.3.0 (11.0.17+8) (build 11.0.17+8-jvmci-22.3-b08)
# Java VM: OpenJDK 64-Bit Server VM GraalVM CE 22.3.0 (11.0.17+8-jvmci-22.3-b08, mixed mode, sharing, tiered, jvmci, jvmci compiler, compressed oops, g1 gc, windows-amd64)
# Problematic frame:
# C  [VkLayer_khronos_validation.dll+0x45eead]
#
# No core dump will be written. Minidumps are not enabled by default on client versions of Windows
#
# If you would like to submit a bug report, please visit:
#   https://github.com/oracle/graal/issues
# The crash happened outside the Java Virtual Machine in native code.
# See problematic frame for where to report the bug.
#

---------------  S U M M A R Y ------------

Command Line: -XX:ThreadPriorityPolicy=1 -XX:+UnlockExperimentalVMOptions -XX:+EnableJVMCIProduct -XX:JVMCIThreadsPerNativeLibraryRuntime=1 -XX:-UnlockExperimentalVMOptions -agentlib:jdwp=transport=dt_socket,server=n,suspend=y,address=localhost:50614 com.kgaft.KGAFTEngine.Main

Host: Intel(R) Core(TM) i5-3570 CPU @ 3.40GHz, 4 cores, 7G,  Windows 10 , 64 bit Build 19041 (10.0.19041.2364)
Time: Sun Jan 15 00:45:35 2023 RTZ 2 (s 10 , 64 bit Build 19041 (10.0.19041.2364) elapsed time: 11.250871 seconds (0d 0h 0m 11s)

---------------  T H R E A D  ---------------

Current thread (0x000001df71261000):  JavaThread "main" [_thread_in_native, id=7396, stack(0x000000111a400000,0x000000111a500000)]

Stack: [0x000000111a400000,0x000000111a500000],  sp=0x000000111a4feb90,  free space=1018k
Native frames: (J=compiled Java code, j=interpreted, Vv=VM code, C=native code)
C  [VkLayer_khronos_validation.dll+0x45eead]

Java frames: (J=compiled Java code, j=interpreted, Vv=VM code)
j  org.lwjgl.system.JNI.callPPPV(JIJIJJ)V+0
j  org.lwjgl.vulkan.VK10.nvkUpdateDescriptorSets(Lorg/lwjgl/vulkan/VkDevice;IJIJ)V+21
j  org.lwjgl.vulkan.VK10.vkUpdateDescriptorSets(Lorg/lwjgl/vulkan/VkDevice;Lorg/lwjgl/vulkan/VkWriteDescriptorSet$Buffer;Lorg/lwjgl/vulkan/VkCopyDescriptorSet$Buffer;)V+17
j  com.kgaft.KGAFTEngine.VulkanRenderer.GraphicsPipeline.DescriptorSet.createDescriptorSets(Lcom/kgaft/KGAFTEngine/VulkanRenderer/VulkanDevice;Ljava/util/List;Ljava/util/List;JLcom/kgaft/KGAFTEngine/VulkanRenderer/GraphicsPipeline/Texture;)V+303
j  com.kgaft.KGAFTEngine.VulkanRenderer.GraphicsPipeline.GraphicsPipeline.load(Lcom/kgaft/KGAFTEngine/VulkanRenderer/GraphicsPipeline/PipelineConfigStruct;)V+643
j  com.kgaft.KGAFTEngine.Main.main([Ljava/lang/String;)V+93
v  ~StubRoutines::call_stub

siginfo: EXCEPTION_ACCESS_VIOLATION (0xc0000005), reading address 0xffffffffffffffff


Register to memory mapping:

RIP=0x00007ffcaa39eead VkLayer_khronos_validation.dll
RAX=0x000001df1aa69680 points into unknown readable memory: 0x00007ffcab37ba78 | 78 ba 37 ab fc 7f 00 00
RBX=0x000001df188fb038 points into unknown readable memory: 0x80002b000d1f87f6 | f6 87 1f 0d 00 2b 00 80
RCX=0x000001df1a6da5e0 points into unknown readable memory: 0x0073007400000000 | 00 00 00 00 74 00 73 00
RDX=0x0000000000000001 is an unknown value
RSP=0x000000111a4feb90 is pointing into the stack for thread: 0x000001df71261000
RBP=0x000001df1af4b350 points into unknown readable memory: 0x00007ffcaafa2d58 | 58 2d fa aa fc 7f 00 00
RSI=0x80002b000d1f87f6 is an unknown value
RDI=0x000001df188fb038 points into unknown readable memory: 0x80002b000d1f87f6 | f6 87 1f 0d 00 2b 00 80
R8 =0x000000000000000e is an unknown value
R9 =0x000001df1a6da640 points into unknown readable memory: 0x006f005c00730065 | 65 00 73 00 5c 00 6f 00
R10=0x0000000000000001 is an unknown value
R11=0x0000000000000020 is an unknown value
R12=0x0000000000000001 is an unknown value
R13=0x000001df18b8fd18 points into unknown readable memory: 0x0000000000000023 | 23 00 00 00 00 00 00 00
R14=0x0 is NULL
R15=0x0 is NULL


Registers:
RAX=0x000001df1aa69680, RBX=0x000001df188fb038, RCX=0x000001df1a6da5e0, RDX=0x0000000000000001
RSP=0x000000111a4feb90, RBP=0x000001df1af4b350, RSI=0x80002b000d1f87f6, RDI=0x000001df188fb038
R8 =0x000000000000000e, R9 =0x000001df1a6da640, R10=0x0000000000000001, R11=0x0000000000000020
R12=0x0000000000000001, R13=0x000001df18b8fd18, R14=0x0000000000000000, R15=0x0000000000000000
RIP=0x00007ffcaa39eead, EFLAGS=0x0000000000010246

Top of Stack: (sp=0x000000111a4feb90)
0x000000111a4feb90:   3fbcd60000000028 000001df188fb030
0x000000111a4feba0:   000001df188fb038 000001df188fb038
0x000000111a4febb0:   0000000000000000 ffffffffffffff00
0x000000111a4febc0:   000001df18b8fd28 000001df1a9d2b80
0x000000111a4febd0:   000001df18b8fcd8 0000000000000002
0x000000111a4febe0:   000001df1a9cd510 00007ffcaa39ea3e
0x000000111a4febf0:   000001df00000001 000001df1af4b340
0x000000111a4fec00:   000000111a4fec70 0000000000000001
0x000000111a4fec10:   00001876b3ce74d8 2723ba0000000037
0x000000111a4fec20:   000001df1f723f70 000001df1aef82a0
0x000000111a4fec30:   fffffffffffffffe 000001df1af4b350
0x000000111a4fec40:   000001df1af4b340 0000000000000001
0x000000111a4fec50:   000001df18b8fcd8 00007ffcaa4d92aa
0x000000111a4fec60:   2723ba0000000037 000001df18b8fcd8
0x000000111a4fec70:   0000000000000000 000001df1aef82a0
0x000000111a4fec80:   0000000000000002 0000000000000000 

Instructions: (pc=0x00007ffcaa39eead)
0x00007ffcaa39edad:   03 48 8d 1c d1 48 3b d0 72 03 48 8b df 48 8b 33
0x00007ffcaa39edbd:   45 33 ff 45 85 e4 0f 84 c2 00 00 00 0f 1f 80 00
0x00007ffcaa39edcd:   00 00 00 48 3b df 0f 84 b2 00 00 00 48 8b 0b 83
0x00007ffcaa39eddd:   79 1c 00 74 2d 8b 41 0c 39 46 0c 0f 85 9d 00 00
0x00007ffcaa39eded:   00 8b 41 14 39 46 14 0f 85 91 00 00 00 8b 41 18
0x00007ffcaa39edfd:   39 46 18 0f 85 85 00 00 00 0f b6 41 20 38 46 20
0x00007ffcaa39ee0d:   75 7c 48 8b 01 41 8b d6 ff 50 18 48 8b 0b 4d 8b
0x00007ffcaa39ee1d:   cd 4c 8b 85 c8 00 00 00 48 8b d5 4c 8b 10 f6 41
0x00007ffcaa39ee2d:   18 05 0f 95 c1 88 4c 24 28 48 8b c8 44 89 7c 24
0x00007ffcaa39ee3d:   20 41 ff 52 08 48 8b 03 48 8b 48 38 48 83 c0 30
0x00007ffcaa39ee4d:   48 85 c9 48 0f 44 c8 41 8b c6 41 ff c7 41 ff c6
0x00007ffcaa39ee5d:   c6 04 01 01 48 8b 03 44 3b 70 1c 72 18 45 33 f6
0x00007ffcaa39ee6d:   0f 1f 00 48 83 c3 08 48 3b df 74 09 48 8b 03 44
0x00007ffcaa39ee7d:   39 70 1c 74 ee 45 3b fc 0f 82 45 ff ff ff 41 83
0x00007ffcaa39ee8d:   7d 20 00 74 0b 48 ff 85 d8 00 00 00 c6 45 78 01
0x00007ffcaa39ee9d:   48 8b 85 88 00 00 00 48 8b 48 78 f6 01 01 75 10
0x00007ffcaa39eead:   f6 46 18 03 75 0a 33 d2 48 8b cd e8 e3 ce fa ff
0x00007ffcaa39eebd:   48 8b 5c 24 68 48 8b 6c 24 70 48 8b 74 24 78 48
0x00007ffcaa39eecd:   83 c4 30 41 5f 41 5e 41 5d 41 5c 5f c3 cc cc cc
0x00007ffcaa39eedd:   cc cc cc 40 56 41 57 48 83 ec 28 8b 41 28 4c 8b
0x00007ffcaa39eeed:   fa 48 8b f1 85 c0 74 7b 48 89 5c 24 40 33 db 48
0x00007ffcaa39eefd:   89 6c 24 48 8b e8 48 89 7c 24 50 8b fb 4c 89 74
0x00007ffcaa39ef0d:   24 20 4c 8d 71 30 0f 1f 40 00 66 0f 1f 84 00 00
0x00007ffcaa39ef1d:   00 00 00 48 8b 46 38 48 85 c0 49 0f 44 c6 80 3c
0x00007ffcaa39ef2d:   18 00 74 1e 48 8b 8e 88 00 00 00 48 8d 46 48 48
0x00007ffcaa39ef3d:   85 c9 49 8b d7 48 0f 44 c8 48 03 cf 48 8b 01 ff
0x00007ffcaa39ef4d:   50 30 48 ff c3 48 83 c7 40 48 83 ed 01 75 c4 4c
0x00007ffcaa39ef5d:   8b 74 24 20 48 8b 7c 24 50 48 8b 6c 24 48 48 8b
0x00007ffcaa39ef6d:   5c 24 40 48 83 c4 28 41 5f 5e c3 cc cc cc cc cc
0x00007ffcaa39ef7d:   cc cc cc 40 56 41 57 48 83 ec 28 8b 41 28 4c 8b
0x00007ffcaa39ef8d:   fa 48 8b f1 85 c0 74 78 48 89 5c 24 40 33 db 48
0x00007ffcaa39ef9d:   89 6c 24 48 8b e8 48 89 7c 24 50 8b fb 4c 89 74 


Stack slot to memory mapping:
stack at sp + 0 slots: 0x3fbcd60000000028 is an unknown value
stack at sp + 1 slots: 0x000001df188fb030 points into unknown readable memory: 0x000001df1a662c50 | 50 2c 66 1a df 01 00 00
stack at sp + 2 slots: 0x000001df188fb038 points into unknown readable memory: 0x80002b000d1f87f6 | f6 87 1f 0d 00 2b 00 80
stack at sp + 3 slots: 0x000001df188fb038 points into unknown readable memory: 0x80002b000d1f87f6 | f6 87 1f 0d 00 2b 00 80
stack at sp + 4 slots: 0x0 is NULL
stack at sp + 5 slots: 0xffffffffffffff00 is an unknown value
stack at sp + 6 slots: 0x000001df18b8fd28 points into unknown readable memory: 0x2723ba0000000037 | 37 00 00 00 00 ba 23 27
stack at sp + 7 slots: 0x000001df1a9d2b80 points into unknown readable memory: 0x0000000000000000 | 00 00 00 00 00 00 00 00


---------------  P R O C E S S  ---------------

Threads class SMR info:
_java_thread_list=0x000001df1aa69350, length=13, elements={
0x000001df71261000, 0x000001df7fbeb800, 0x000001df7fbec800, 0x000001df7fc09800,
0x000001df7fc0a800, 0x000001df7fc0d800, 0x000001df7fc15000, 0x000001df7fc18800,
0x000001df7fc21800, 0x000001df1887b800, 0x000001df188e7800, 0x000001df188ed000,
0x000001df188ed800
}

Java Threads: ( => current thread )
=>0x000001df71261000 JavaThread "main" [_thread_in_native, id=7396, stack(0x000000111a400000,0x000000111a500000)]
  0x000001df7fbeb800 JavaThread "Reference Handler" daemon [_thread_blocked, id=116, stack(0x000000111ab00000,0x000000111ac00000)]
  0x000001df7fbec800 JavaThread "Finalizer" daemon [_thread_blocked, id=1020, stack(0x000000111ac00000,0x000000111ad00000)]
  0x000001df7fc09800 JavaThread "Signal Dispatcher" daemon [_thread_blocked, id=7184, stack(0x000000111ad00000,0x000000111ae00000)]
  0x000001df7fc0a800 JavaThread "Attach Listener" daemon [_thread_blocked, id=2068, stack(0x000000111ae00000,0x000000111af00000)]
  0x000001df7fc0d800 JavaThread "Service Thread" daemon [_thread_blocked, id=1920, stack(0x000000111af00000,0x000000111b000000)]
  0x000001df7fc15000 JavaThread "JVMCI-native CompilerThread0" daemon [_thread_blocked, id=12380, stack(0x000000111b000000,0x000000111b100000)]
  0x000001df7fc18800 JavaThread "C1 CompilerThread0" daemon [_thread_blocked, id=13796, stack(0x000000111b100000,0x000000111b200000)]
  0x000001df7fc21800 JavaThread "Sweeper thread" daemon [_thread_blocked, id=12088, stack(0x000000111b200000,0x000000111b300000)]
  0x000001df1887b800 JavaThread "Common-Cleaner" daemon [_thread_blocked, id=8768, stack(0x000000111b300000,0x000000111b400000)]
  0x000001df188e7800 JavaThread "JDWP Transport Listener: dt_socket" daemon [_thread_blocked, id=11060, stack(0x000000111b500000,0x000000111b600000)]
  0x000001df188ed000 JavaThread "JDWP Event Helper Thread" daemon [_thread_blocked, id=13816, stack(0x000000111b600000,0x000000111b700000)]
  0x000001df188ed800 JavaThread "JDWP Command Reader" daemon [_thread_in_native, id=10464, stack(0x000000111b700000,0x000000111b800000)]

Other Threads:
  0x000001df7fbe8000 VMThread "VM Thread" [stack: 0x000000111aa00000,0x000000111ab00000] [id=11108]
  0x000001df188fe800 WatcherThread [stack: 0x000000111b800000,0x000000111b900000] [id=4256]
  0x000001df7127c000 GCTaskThread "GC Thread#0" [stack: 0x000000111a500000,0x000000111a600000] [id=2228]
  0x000001df1f8b1000 GCTaskThread "GC Thread#1" [stack: 0x000000111c500000,0x000000111c600000] [id=9760]
  0x000001df1f8dc800 GCTaskThread "GC Thread#2" [stack: 0x000000111c600000,0x000000111c700000] [id=1688]
  0x000001df712ac000 ConcurrentGCThread "G1 Main Marker" [stack: 0x000000111a600000,0x000000111a700000] [id=14148]
  0x000001df712ad800 ConcurrentGCThread "G1 Conc#0" [stack: 0x000000111a700000,0x000000111a800000] [id=13600]
  0x000001df71337000 ConcurrentGCThread "G1 Refine#0" [stack: 0x000000111a800000,0x000000111a900000] [id=5348]
  0x000001df71338000 ConcurrentGCThread "G1 Young RemSet Sampling" [stack: 0x000000111a900000,0x000000111aa00000] [id=9632]

Threads with active compile tasks:

VM state:not at safepoint (normal execution)

VM Mutex/Monitor currently owned by a thread: None

Heap address: 0x0000000081000000, size: 2032 MB, Compressed Oops mode: 32-bit
Narrow klass base: 0x0000000800000000, Narrow klass shift: 3
Compressed class space size: 1073741824 Address: 0x0000000840000000

Heap:
 garbage-first heap   total 131072K, used 4603K [0x0000000081000000, 0x0000000100000000)
  region size 1024K, 5 young (5120K), 2 survivors (2048K)
 Metaspace       used 5989K, capacity 8610K, committed 8704K, reserved 1056768K
  class space    used 366K, capacity 684K, committed 768K, reserved 1048576K
Heap Regions: E=young(eden), S=young(survivor), O=old, HS=humongous(starts), HC=humongous(continues), CS=collection set, F=free, A=archive, TAMS=top-at-mark-start (previous, next)
|   0|0x0000000081000000, 0x000000008107ec00, 0x0000000081100000| 49%| O|  |TAMS 0x0000000081000000, 0x0000000081000000| Untracked 
|   1|0x0000000081100000, 0x0000000081100000, 0x0000000081200000|  0%| F|  |TAMS 0x0000000081100000, 0x0000000081100000| Untracked 
|   2|0x0000000081200000, 0x0000000081200000, 0x0000000081300000|  0%| F|  |TAMS 0x0000000081200000, 0x0000000081200000| Untracked 
|   3|0x0000000081300000, 0x0000000081300000, 0x0000000081400000|  0%| F|  |TAMS 0x0000000081300000, 0x0000000081300000| Untracked 
|   4|0x0000000081400000, 0x0000000081400000, 0x0000000081500000|  0%| F|  |TAMS 0x0000000081400000, 0x0000000081400000| Untracked 
|   5|0x0000000081500000, 0x0000000081500000, 0x0000000081600000|  0%| F|  |TAMS 0x0000000081500000, 0x0000000081500000| Untracked 
|   6|0x0000000081600000, 0x0000000081600000, 0x0000000081700000|  0%| F|  |TAMS 0x0000000081600000, 0x0000000081600000| Untracked 
|   7|0x0000000081700000, 0x0000000081700000, 0x0000000081800000|  0%| F|  |TAMS 0x0000000081700000, 0x0000000081700000| Untracked 
|   8|0x0000000081800000, 0x0000000081800000, 0x0000000081900000|  0%| F|  |TAMS 0x0000000081800000, 0x0000000081800000| Untracked 
|   9|0x0000000081900000, 0x0000000081900000, 0x0000000081a00000|  0%| F|  |TAMS 0x0000000081900000, 0x0000000081900000| Untracked 
|  10|0x0000000081a00000, 0x0000000081a00000, 0x0000000081b00000|  0%| F|  |TAMS 0x0000000081a00000, 0x0000000081a00000| Untracked 
|  11|0x0000000081b00000, 0x0000000081b00000, 0x0000000081c00000|  0%| F|  |TAMS 0x0000000081b00000, 0x0000000081b00000| Untracked 
|  12|0x0000000081c00000, 0x0000000081c00000, 0x0000000081d00000|  0%| F|  |TAMS 0x0000000081c00000, 0x0000000081c00000| Untracked 
|  13|0x0000000081d00000, 0x0000000081d00000, 0x0000000081e00000|  0%| F|  |TAMS 0x0000000081d00000, 0x0000000081d00000| Untracked 
|  14|0x0000000081e00000, 0x0000000081e00000, 0x0000000081f00000|  0%| F|  |TAMS 0x0000000081e00000, 0x0000000081e00000| Untracked 
|  15|0x0000000081f00000, 0x0000000081f00000, 0x0000000082000000|  0%| F|  |TAMS 0x0000000081f00000, 0x0000000081f00000| Untracked 
|  16|0x0000000082000000, 0x0000000082000000, 0x0000000082100000|  0%| F|  |TAMS 0x0000000082000000, 0x0000000082000000| Untracked 
|  17|0x0000000082100000, 0x0000000082100000, 0x0000000082200000|  0%| F|  |TAMS 0x0000000082100000, 0x0000000082100000| Untracked 
|  18|0x0000000082200000, 0x0000000082200000, 0x0000000082300000|  0%| F|  |TAMS 0x0000000082200000, 0x0000000082200000| Untracked 
|  19|0x0000000082300000, 0x0000000082300000, 0x0000000082400000|  0%| F|  |TAMS 0x0000000082300000, 0x0000000082300000| Untracked 
|  20|0x0000000082400000, 0x0000000082400000, 0x0000000082500000|  0%| F|  |TAMS 0x0000000082400000, 0x0000000082400000| Untracked 
|  21|0x0000000082500000, 0x0000000082500000, 0x0000000082600000|  0%| F|  |TAMS 0x0000000082500000, 0x0000000082500000| Untracked 
|  22|0x0000000082600000, 0x0000000082600000, 0x0000000082700000|  0%| F|  |TAMS 0x0000000082600000, 0x0000000082600000| Untracked 
|  23|0x0000000082700000, 0x0000000082700000, 0x0000000082800000|  0%| F|  |TAMS 0x0000000082700000, 0x0000000082700000| Untracked 
|  24|0x0000000082800000, 0x0000000082800000, 0x0000000082900000|  0%| F|  |TAMS 0x0000000082800000, 0x0000000082800000| Untracked 
|  25|0x0000000082900000, 0x0000000082900000, 0x0000000082a00000|  0%| F|  |TAMS 0x0000000082900000, 0x0000000082900000| Untracked 
|  26|0x0000000082a00000, 0x0000000082a00000, 0x0000000082b00000|  0%| F|  |TAMS 0x0000000082a00000, 0x0000000082a00000| Untracked 
|  27|0x0000000082b00000, 0x0000000082b00000, 0x0000000082c00000|  0%| F|  |TAMS 0x0000000082b00000, 0x0000000082b00000| Untracked 
|  28|0x0000000082c00000, 0x0000000082c00000, 0x0000000082d00000|  0%| F|  |TAMS 0x0000000082c00000, 0x0000000082c00000| Untracked 
|  29|0x0000000082d00000, 0x0000000082d00000, 0x0000000082e00000|  0%| F|  |TAMS 0x0000000082d00000, 0x0000000082d00000| Untracked 
|  30|0x0000000082e00000, 0x0000000082e00000, 0x0000000082f00000|  0%| F|  |TAMS 0x0000000082e00000, 0x0000000082e00000| Untracked 
|  31|0x0000000082f00000, 0x0000000082f00000, 0x0000000083000000|  0%| F|  |TAMS 0x0000000082f00000, 0x0000000082f00000| Untracked 
|  32|0x0000000083000000, 0x0000000083000000, 0x0000000083100000|  0%| F|  |TAMS 0x0000000083000000, 0x0000000083000000| Untracked 
|  33|0x0000000083100000, 0x0000000083100000, 0x0000000083200000|  0%| F|  |TAMS 0x0000000083100000, 0x0000000083100000| Untracked 
|  34|0x0000000083200000, 0x0000000083200000, 0x0000000083300000|  0%| F|  |TAMS 0x0000000083200000, 0x0000000083200000| Untracked 
|  35|0x0000000083300000, 0x0000000083300000, 0x0000000083400000|  0%| F|  |TAMS 0x0000000083300000, 0x0000000083300000| Untracked 
|  36|0x0000000083400000, 0x0000000083400000, 0x0000000083500000|  0%| F|  |TAMS 0x0000000083400000, 0x0000000083400000| Untracked 
|  37|0x0000000083500000, 0x0000000083500000, 0x0000000083600000|  0%| F|  |TAMS 0x0000000083500000, 0x0000000083500000| Untracked 
|  38|0x0000000083600000, 0x0000000083600000, 0x0000000083700000|  0%| F|  |TAMS 0x0000000083600000, 0x0000000083600000| Untracked 
|  39|0x0000000083700000, 0x0000000083700000, 0x0000000083800000|  0%| F|  |TAMS 0x0000000083700000, 0x0000000083700000| Untracked 
|  40|0x0000000083800000, 0x0000000083800000, 0x0000000083900000|  0%| F|  |TAMS 0x0000000083800000, 0x0000000083800000| Untracked 
|  41|0x0000000083900000, 0x0000000083900000, 0x0000000083a00000|  0%| F|  |TAMS 0x0000000083900000, 0x0000000083900000| Untracked 
|  42|0x0000000083a00000, 0x0000000083a00000, 0x0000000083b00000|  0%| F|  |TAMS 0x0000000083a00000, 0x0000000083a00000| Untracked 
|  43|0x0000000083b00000, 0x0000000083b00000, 0x0000000083c00000|  0%| F|  |TAMS 0x0000000083b00000, 0x0000000083b00000| Untracked 
|  44|0x0000000083c00000, 0x0000000083c00000, 0x0000000083d00000|  0%| F|  |TAMS 0x0000000083c00000, 0x0000000083c00000| Untracked 
|  45|0x0000000083d00000, 0x0000000083d00000, 0x0000000083e00000|  0%| F|  |TAMS 0x0000000083d00000, 0x0000000083d00000| Untracked 
|  46|0x0000000083e00000, 0x0000000083e00000, 0x0000000083f00000|  0%| F|  |TAMS 0x0000000083e00000, 0x0000000083e00000| Untracked 
|  47|0x0000000083f00000, 0x0000000083f00000, 0x0000000084000000|  0%| F|  |TAMS 0x0000000083f00000, 0x0000000083f00000| Untracked 
|  48|0x0000000084000000, 0x0000000084000000, 0x0000000084100000|  0%| F|  |TAMS 0x0000000084000000, 0x0000000084000000| Untracked 
|  49|0x0000000084100000, 0x0000000084100000, 0x0000000084200000|  0%| F|  |TAMS 0x0000000084100000, 0x0000000084100000| Untracked 
|  50|0x0000000084200000, 0x0000000084200000, 0x0000000084300000|  0%| F|  |TAMS 0x0000000084200000, 0x0000000084200000| Untracked 
|  51|0x0000000084300000, 0x0000000084300000, 0x0000000084400000|  0%| F|  |TAMS 0x0000000084300000, 0x0000000084300000| Untracked 
|  52|0x0000000084400000, 0x0000000084400000, 0x0000000084500000|  0%| F|  |TAMS 0x0000000084400000, 0x0000000084400000| Untracked 
|  53|0x0000000084500000, 0x0000000084500000, 0x0000000084600000|  0%| F|  |TAMS 0x0000000084500000, 0x0000000084500000| Untracked 
|  54|0x0000000084600000, 0x0000000084600000, 0x0000000084700000|  0%| F|  |TAMS 0x0000000084600000, 0x0000000084600000| Untracked 
|  55|0x0000000084700000, 0x0000000084700000, 0x0000000084800000|  0%| F|  |TAMS 0x0000000084700000, 0x0000000084700000| Untracked 
|  56|0x0000000084800000, 0x0000000084800000, 0x0000000084900000|  0%| F|  |TAMS 0x0000000084800000, 0x0000000084800000| Untracked 
|  57|0x0000000084900000, 0x0000000084900000, 0x0000000084a00000|  0%| F|  |TAMS 0x0000000084900000, 0x0000000084900000| Untracked 
|  58|0x0000000084a00000, 0x0000000084a00000, 0x0000000084b00000|  0%| F|  |TAMS 0x0000000084a00000, 0x0000000084a00000| Untracked 
|  59|0x0000000084b00000, 0x0000000084b00000, 0x0000000084c00000|  0%| F|  |TAMS 0x0000000084b00000, 0x0000000084b00000| Untracked 
|  60|0x0000000084c00000, 0x0000000084c00000, 0x0000000084d00000|  0%| F|  |TAMS 0x0000000084c00000, 0x0000000084c00000| Untracked 
|  61|0x0000000084d00000, 0x0000000084d00000, 0x0000000084e00000|  0%| F|  |TAMS 0x0000000084d00000, 0x0000000084d00000| Untracked 
|  62|0x0000000084e00000, 0x0000000084e00000, 0x0000000084f00000|  0%| F|  |TAMS 0x0000000084e00000, 0x0000000084e00000| Untracked 
|  63|0x0000000084f00000, 0x0000000084f00000, 0x0000000085000000|  0%| F|  |TAMS 0x0000000084f00000, 0x0000000084f00000| Untracked 
|  64|0x0000000085000000, 0x0000000085000000, 0x0000000085100000|  0%| F|  |TAMS 0x0000000085000000, 0x0000000085000000| Untracked 
|  65|0x0000000085100000, 0x0000000085100000, 0x0000000085200000|  0%| F|  |TAMS 0x0000000085100000, 0x0000000085100000| Untracked 
|  66|0x0000000085200000, 0x0000000085200000, 0x0000000085300000|  0%| F|  |TAMS 0x0000000085200000, 0x0000000085200000| Untracked 
|  67|0x0000000085300000, 0x0000000085300000, 0x0000000085400000|  0%| F|  |TAMS 0x0000000085300000, 0x0000000085300000| Untracked 
|  68|0x0000000085400000, 0x0000000085400000, 0x0000000085500000|  0%| F|  |TAMS 0x0000000085400000, 0x0000000085400000| Untracked 
|  69|0x0000000085500000, 0x0000000085500000, 0x0000000085600000|  0%| F|  |TAMS 0x0000000085500000, 0x0000000085500000| Untracked 
|  70|0x0000000085600000, 0x0000000085600000, 0x0000000085700000|  0%| F|  |TAMS 0x0000000085600000, 0x0000000085600000| Untracked 
|  71|0x0000000085700000, 0x0000000085700000, 0x0000000085800000|  0%| F|  |TAMS 0x0000000085700000, 0x0000000085700000| Untracked 
|  72|0x0000000085800000, 0x0000000085800000, 0x0000000085900000|  0%| F|  |TAMS 0x0000000085800000, 0x0000000085800000| Untracked 
|  73|0x0000000085900000, 0x0000000085900000, 0x0000000085a00000|  0%| F|  |TAMS 0x0000000085900000, 0x0000000085900000| Untracked 
|  74|0x0000000085a00000, 0x0000000085a00000, 0x0000000085b00000|  0%| F|  |TAMS 0x0000000085a00000, 0x0000000085a00000| Untracked 
|  75|0x0000000085b00000, 0x0000000085b00000, 0x0000000085c00000|  0%| F|  |TAMS 0x0000000085b00000, 0x0000000085b00000| Untracked 
|  76|0x0000000085c00000, 0x0000000085c00000, 0x0000000085d00000|  0%| F|  |TAMS 0x0000000085c00000, 0x0000000085c00000| Untracked 
|  77|0x0000000085d00000, 0x0000000085d00000, 0x0000000085e00000|  0%| F|  |TAMS 0x0000000085d00000, 0x0000000085d00000| Untracked 
|  78|0x0000000085e00000, 0x0000000085e00000, 0x0000000085f00000|  0%| F|  |TAMS 0x0000000085e00000, 0x0000000085e00000| Untracked 
|  79|0x0000000085f00000, 0x0000000085f00000, 0x0000000086000000|  0%| F|  |TAMS 0x0000000085f00000, 0x0000000085f00000| Untracked 
|  80|0x0000000086000000, 0x0000000086000000, 0x0000000086100000|  0%| F|  |TAMS 0x0000000086000000, 0x0000000086000000| Untracked 
|  81|0x0000000086100000, 0x0000000086100000, 0x0000000086200000|  0%| F|  |TAMS 0x0000000086100000, 0x0000000086100000| Untracked 
|  82|0x0000000086200000, 0x0000000086200000, 0x0000000086300000|  0%| F|  |TAMS 0x0000000086200000, 0x0000000086200000| Untracked 
|  83|0x0000000086300000, 0x0000000086300000, 0x0000000086400000|  0%| F|  |TAMS 0x0000000086300000, 0x0000000086300000| Untracked 
|  84|0x0000000086400000, 0x0000000086400000, 0x0000000086500000|  0%| F|  |TAMS 0x0000000086400000, 0x0000000086400000| Untracked 
|  85|0x0000000086500000, 0x0000000086500000, 0x0000000086600000|  0%| F|  |TAMS 0x0000000086500000, 0x0000000086500000| Untracked 
|  86|0x0000000086600000, 0x0000000086600000, 0x0000000086700000|  0%| F|  |TAMS 0x0000000086600000, 0x0000000086600000| Untracked 
|  87|0x0000000086700000, 0x0000000086700000, 0x0000000086800000|  0%| F|  |TAMS 0x0000000086700000, 0x0000000086700000| Untracked 
|  88|0x0000000086800000, 0x0000000086800000, 0x0000000086900000|  0%| F|  |TAMS 0x0000000086800000, 0x0000000086800000| Untracked 
|  89|0x0000000086900000, 0x0000000086900000, 0x0000000086a00000|  0%| F|  |TAMS 0x0000000086900000, 0x0000000086900000| Untracked 
|  90|0x0000000086a00000, 0x0000000086a00000, 0x0000000086b00000|  0%| F|  |TAMS 0x0000000086a00000, 0x0000000086a00000| Untracked 
|  91|0x0000000086b00000, 0x0000000086b00000, 0x0000000086c00000|  0%| F|  |TAMS 0x0000000086b00000, 0x0000000086b00000| Untracked 
|  92|0x0000000086c00000, 0x0000000086c00000, 0x0000000086d00000|  0%| F|  |TAMS 0x0000000086c00000, 0x0000000086c00000| Untracked 
|  93|0x0000000086d00000, 0x0000000086d00000, 0x0000000086e00000|  0%| F|  |TAMS 0x0000000086d00000, 0x0000000086d00000| Untracked 
|  94|0x0000000086e00000, 0x0000000086e00000, 0x0000000086f00000|  0%| F|  |TAMS 0x0000000086e00000, 0x0000000086e00000| Untracked 
|  95|0x0000000086f00000, 0x0000000086f00000, 0x0000000087000000|  0%| F|  |TAMS 0x0000000086f00000, 0x0000000086f00000| Untracked 
|  96|0x0000000087000000, 0x0000000087000000, 0x0000000087100000|  0%| F|  |TAMS 0x0000000087000000, 0x0000000087000000| Untracked 
|  97|0x0000000087100000, 0x0000000087100000, 0x0000000087200000|  0%| F|  |TAMS 0x0000000087100000, 0x0000000087100000| Untracked 
|  98|0x0000000087200000, 0x0000000087200000, 0x0000000087300000|  0%| F|  |TAMS 0x0000000087200000, 0x0000000087200000| Untracked 
|  99|0x0000000087300000, 0x0000000087300000, 0x0000000087400000|  0%| F|  |TAMS 0x0000000087300000, 0x0000000087300000| Untracked 
| 100|0x0000000087400000, 0x0000000087400000, 0x0000000087500000|  0%| F|  |TAMS 0x0000000087400000, 0x0000000087400000| Untracked 
| 101|0x0000000087500000, 0x0000000087500000, 0x0000000087600000|  0%| F|  |TAMS 0x0000000087500000, 0x0000000087500000| Untracked 
| 102|0x0000000087600000, 0x0000000087600000, 0x0000000087700000|  0%| F|  |TAMS 0x0000000087600000, 0x0000000087600000| Untracked 
| 103|0x0000000087700000, 0x0000000087700000, 0x0000000087800000|  0%| F|  |TAMS 0x0000000087700000, 0x0000000087700000| Untracked 
| 104|0x0000000087800000, 0x0000000087800000, 0x0000000087900000|  0%| F|  |TAMS 0x0000000087800000, 0x0000000087800000| Untracked 
| 105|0x0000000087900000, 0x0000000087900000, 0x0000000087a00000|  0%| F|  |TAMS 0x0000000087900000, 0x0000000087900000| Untracked 
| 106|0x0000000087a00000, 0x0000000087a00000, 0x0000000087b00000|  0%| F|  |TAMS 0x0000000087a00000, 0x0000000087a00000| Untracked 
| 107|0x0000000087b00000, 0x0000000087b00000, 0x0000000087c00000|  0%| F|  |TAMS 0x0000000087b00000, 0x0000000087b00000| Untracked 
| 108|0x0000000087c00000, 0x0000000087c00000, 0x0000000087d00000|  0%| F|  |TAMS 0x0000000087c00000, 0x0000000087c00000| Untracked 
| 109|0x0000000087d00000, 0x0000000087d00000, 0x0000000087e00000|  0%| F|  |TAMS 0x0000000087d00000, 0x0000000087d00000| Untracked 
| 110|0x0000000087e00000, 0x0000000087e00000, 0x0000000087f00000|  0%| F|  |TAMS 0x0000000087e00000, 0x0000000087e00000| Untracked 
| 111|0x0000000087f00000, 0x0000000087f00000, 0x0000000088000000|  0%| F|  |TAMS 0x0000000087f00000, 0x0000000087f00000| Untracked 
| 112|0x0000000088000000, 0x0000000088100000, 0x0000000088100000|100%| S|CS|TAMS 0x0000000088000000, 0x0000000088000000| Complete 
| 113|0x0000000088100000, 0x0000000088200000, 0x0000000088200000|100%| S|CS|TAMS 0x0000000088100000, 0x0000000088100000| Complete 
| 114|0x0000000088200000, 0x0000000088200000, 0x0000000088300000|  0%| F|  |TAMS 0x0000000088200000, 0x0000000088200000| Untracked 
| 115|0x0000000088300000, 0x0000000088300000, 0x0000000088400000|  0%| F|  |TAMS 0x0000000088300000, 0x0000000088300000| Untracked 
| 116|0x0000000088400000, 0x0000000088400000, 0x0000000088500000|  0%| F|  |TAMS 0x0000000088400000, 0x0000000088400000| Untracked 
| 117|0x0000000088500000, 0x0000000088500000, 0x0000000088600000|  0%| F|  |TAMS 0x0000000088500000, 0x0000000088500000| Untracked 
| 118|0x0000000088600000, 0x0000000088600000, 0x0000000088700000|  0%| F|  |TAMS 0x0000000088600000, 0x0000000088600000| Untracked 
| 119|0x0000000088700000, 0x0000000088700000, 0x0000000088800000|  0%| F|  |TAMS 0x0000000088700000, 0x0000000088700000| Untracked 
| 120|0x0000000088800000, 0x0000000088800000, 0x0000000088900000|  0%| F|  |TAMS 0x0000000088800000, 0x0000000088800000| Untracked 
| 121|0x0000000088900000, 0x0000000088900000, 0x0000000088a00000|  0%| F|  |TAMS 0x0000000088900000, 0x0000000088900000| Untracked 
| 122|0x0000000088a00000, 0x0000000088a00000, 0x0000000088b00000|  0%| F|  |TAMS 0x0000000088a00000, 0x0000000088a00000| Untracked 
| 123|0x0000000088b00000, 0x0000000088b00000, 0x0000000088c00000|  0%| F|  |TAMS 0x0000000088b00000, 0x0000000088b00000| Untracked 
| 124|0x0000000088c00000, 0x0000000088c00000, 0x0000000088d00000|  0%| F|  |TAMS 0x0000000088c00000, 0x0000000088c00000| Untracked 
| 125|0x0000000088d00000, 0x0000000088e00000, 0x0000000088e00000|100%| E|  |TAMS 0x0000000088d00000, 0x0000000088d00000| Complete 
| 126|0x0000000088e00000, 0x0000000088f00000, 0x0000000088f00000|100%| E|CS|TAMS 0x0000000088e00000, 0x0000000088e00000| Complete 
| 127|0x0000000088f00000, 0x0000000089000000, 0x0000000089000000|100%| E|CS|TAMS 0x0000000088f00000, 0x0000000088f00000| Complete 

Card table byte_map: [0x000001df7ce30000,0x000001df7d230000] _byte_map_base: 0x000001df7ca28000

Marking Bits (Prev, Next): (CMBitMap*) 0x000001df712a3738, (CMBitMap*) 0x000001df712a3770
 Prev Bits: [0x000001df7d630000, 0x000001df7f5f0000)
 Next Bits: [0x000001df14000000, 0x000001df15fc0000)

Polling page: 0x000001df71340000

Metaspace:

Usage:
  Non-class:      7.74 MB capacity,     5.49 MB ( 71%) used,     2.24 MB ( 29%) free+waste,    13.88 KB ( <1%) overhead. 
      Class:    684.00 KB capacity,   366.13 KB ( 54%) used,   311.05 KB ( 45%) free+waste,     6.81 KB ( <1%) overhead. 
       Both:      8.41 MB capacity,     5.85 MB ( 70%) used,     2.54 MB ( 30%) free+waste,    20.69 KB ( <1%) overhead. 

Virtual space:
  Non-class space:        8.00 MB reserved,       7.75 MB ( 97%) committed 
      Class space:        1.00 GB reserved,     768.00 KB ( <1%) committed 
             Both:        1.01 GB reserved,       8.50 MB ( <1%) committed 

Chunk freelists:
   Non-Class:  10.00 KB
       Class:  20.00 KB
        Both:  30.00 KB

MaxMetaspaceSize: 17179869184.00 GB
CompressedClassSpaceSize: 1.00 GB
Initial GC threshold: 20.80 MB
Current GC threshold: 20.80 MB
CDS: on

CodeHeap 'non-profiled nmethods': size=160704Kb used=246Kb max_used=246Kb free=160457Kb
 bounds [0x000001df0a310000, 0x000001df0b310000, 0x000001df14000000]
CodeHeap 'profiled nmethods': size=160704Kb used=1739Kb max_used=1739Kb free=158964Kb
 bounds [0x000001df00620000, 0x000001df01620000, 0x000001df0a310000]
CodeHeap 'non-nmethods': size=6272Kb used=1682Kb max_used=2241Kb free=4589Kb
 bounds [0x000001df00000000, 0x000001df00620000, 0x000001df00620000]
 total_blobs=1866 nmethods=875 adapters=917
 compilation: enabled
              stopped_count=0, restarted_count=0
 full_count=0

JVMCI Events (20 events):
Event: 0.026 Thread 0x000001df71261000 created new Java JVMCI runtime -1 (0x000001df71276e30)
Event: 0.293 Thread 0x000001df7fc15000 created new CompileBroker JVMCI runtime 0 (0x000001df188dd4e0)
Event: 0.293 Thread 0x000001df7fc15000 attached to JVMCI runtime 0
Event: 0.294 Thread 0x000001df7fc15000 loaded JVMCI shared library from C:\Program Files\Java\graalvm-ce-java11-22.3.0\bin\jvmcicompiler.dll
Event: 0.298 Thread 0x000001df7fc15000 created JavaVM[1]@0x000001df809d8080 for JVMCI runtime 0
Event: 0.298 Thread 0x000001df7fc15000 initializing JVMCI runtime 0
Event: 0.298 Thread 0x000001df7fc15000 initializing JavaVM references in JVMCI runtime 0
Event: 0.298 Thread 0x000001df7fc15000 initialized JavaVM references in JVMCI runtime 0
Event: 0.300 Thread 0x000001df7fc15000 initialized JVMCI runtime 0
Event: 3.135 Thread 0x000001df7fc15000 detaching from JVMCI runtime 0: releasing idle compiler thread (0 other threads still attached)
Event: 3.135 Thread 0x000001df7fc15000 shutting down HotSpotJVMCIRuntime for JVMCI runtime 0
Event: 3.135 Thread 0x000001df7fc15000 shut down JVMCI runtime 0
Event: 3.138 Thread 0x000001df7fc15000 destroyed JavaVM[1]@0x000001df809d8080 for JVMCI runtime 0
Event: 3.138 Thread 0x000001df7fc15000 releasing handles for JVMCI runtime 0: oop handles=45, metadata handles={total=201, live=201, blocks=7}
Event: 3.138 Thread 0x000001df7fc15000 detached from JVMCI runtime 0
Event: 11.191 Thread 0x000001df7fc15000 attached to JVMCI runtime 0
Event: 11.193 Thread 0x000001df7fc15000 created JavaVM[2]@0x000001df809d8080 for JVMCI runtime 0
Event: 11.193 Thread 0x000001df7fc15000 initializing JVMCI runtime 0
Event: 11.193 Thread 0x000001df7fc15000 done waiting for JavaVM references initialization in JVMCI runtime 0
Event: 11.195 Thread 0x000001df7fc15000 initialized JVMCI runtime 0

Compilation events (20 events):
Event: 11.211 Thread 0x000001df7fc18800  865       3       java.util.zip.InflaterInputStream::<init> (79 bytes)
Event: 11.211 Thread 0x000001df7fc18800 nmethod 865 0x000001df007cc710 code [0x000001df007cc920, 0x000001df007cd1b8]
Event: 11.211 Thread 0x000001df7fc18800  866       3       java.util.zip.ZipFile$InflaterCleanupAction::<init> (15 bytes)
Event: 11.211 Thread 0x000001df7fc18800 nmethod 866 0x000001df007cd410 code [0x000001df007cd5c0, 0x000001df007cd7f8]
Event: 11.212 Thread 0x000001df7fc18800  867       3       java.net.URL::toExternalForm (9 bytes)
Event: 11.212 Thread 0x000001df7fc18800 nmethod 867 0x000001df007cd890 code [0x000001df007cda40, 0x000001df007cdd88]
Event: 11.212 Thread 0x000001df7fc18800  868       3       java.net.URLStreamHandler::toExternalForm (156 bytes)
Event: 11.214 Thread 0x000001df7fc18800 nmethod 868 0x000001df007cde90 code [0x000001df007ce320, 0x000001df007d0418]
Event: 11.218 Thread 0x000001df7fc18800  869       3       java.util.zip.ZipFile$InflaterCleanupAction::run (12 bytes)
Event: 11.219 Thread 0x000001df7fc18800 nmethod 869 0x000001df007d0e90 code [0x000001df007d1040, 0x000001df007d1388]
Event: 11.219 Thread 0x000001df7fc18800  870   !   3       java.util.zip.ZipFile$CleanableResource::releaseInflater (53 bytes)
Event: 11.219 Thread 0x000001df7fc18800 nmethod 870 0x000001df007d1490 code [0x000001df007d1680, 0x000001df007d1d28]
Event: 11.219 Thread 0x000001df7fc18800  871   !   3       java.util.zip.Inflater::reset (64 bytes)
Event: 11.219 Thread 0x000001df7fc18800 nmethod 871 0x000001df007d1f10 code [0x000001df007d20e0, 0x000001df007d2558]
Event: 11.219 Thread 0x000001df7fc18800  873       3       java.net.URL::toString (5 bytes)
Event: 11.220 Thread 0x000001df7fc18800 nmethod 873 0x000001df007d2710 code [0x000001df007d28c0, 0x000001df007d2c68]
Event: 11.222 Thread 0x000001df7fc15000  874       4       java.util.zip.ZipCoder$UTF8::getBytes (10 bytes)
Event: 11.232 Thread 0x000001df7fc15000 nmethod 874 0x000001df0a34cf10 code [0x000001df0a34d0a0, 0x000001df0a34d360]
Event: 11.232 Thread 0x000001df7fc15000  875       4       java.lang.StringCoding::encodeUTF8 (132 bytes)
Event: 11.234 Thread 0x000001df7fc15000 nmethod 875 0x000001df0a34d510 code [0x000001df0a34d6a0, 0x000001df0a34d900]

GC Heap History (2 events):
Event: 1.199 GC heap before
{Heap before GC invocations=0 (full 0):
 garbage-first heap   total 131072K, used 14336K [0x0000000081000000, 0x0000000100000000)
  region size 1024K, 14 young (14336K), 0 survivors (0K)
 Metaspace       used 5150K, capacity 7866K, committed 8192K, reserved 1056768K
  class space    used 336K, capacity 649K, committed 768K, reserved 1048576K
}
Event: 1.202 GC heap after
{Heap after GC invocations=1 (full 0):
 garbage-first heap   total 131072K, used 2555K [0x0000000081000000, 0x0000000100000000)
  region size 1024K, 2 young (2048K), 2 survivors (2048K)
 Metaspace       used 5150K, capacity 7866K, committed 8192K, reserved 1056768K
  class space    used 336K, capacity 649K, committed 768K, reserved 1048576K
}

Deoptimization events (20 events):
Event: 0.538 Thread 0x000001df71261000 DEOPT PACKING pc=0x000001df006a430c sp=0x000000111a4fdd30
Event: 0.538 Thread 0x000001df71261000 DEOPT UNPACKING pc=0x000001df0004a771 sp=0x000000111a4fd198 mode 0
Event: 0.625 Thread 0x000001df71261000 DEOPT PACKING pc=0x000001df006e4df2 sp=0x000000111a4fbe00
Event: 0.625 Thread 0x000001df71261000 DEOPT UNPACKING pc=0x000001df0004a771 sp=0x000000111a4fb288 mode 0
Event: 0.630 Thread 0x000001df71261000 DEOPT PACKING pc=0x000001df00672ed0 sp=0x000000111a4fda30
Event: 0.630 Thread 0x000001df71261000 DEOPT UNPACKING pc=0x000001df0004a771 sp=0x000000111a4fceb8 mode 0
Event: 0.649 Thread 0x000001df71261000 Uncommon trap: trap_request=0xffffffed fr.pc=0x000001df0a32d007 relative=0x0000000000000ce7
Event: 0.649 Thread 0x000001df71261000 Uncommon trap: reason=null_assert_or_unreached0 action=reinterpret pc=0x000001df0a32d007 method=java.util.HashMap.putVal(ILjava/lang/Object;Ljava/lang/Object;ZZ)Ljava/lang/Object; @ 29 jvmci
Event: 0.649 Thread 0x000001df71261000 DEOPT PACKING pc=0x000001df0a32d007 sp=0x000000111a4fea70
Event: 0.649 Thread 0x000001df71261000 DEOPT UNPACKING pc=0x000001df0004a771 sp=0x000000111a4fdf20 mode 3
Event: 0.799 Thread 0x000001df71261000 DEOPT PACKING pc=0x000001df006c73dd sp=0x000000111a4feb40
Event: 0.799 Thread 0x000001df71261000 DEOPT UNPACKING pc=0x000001df0004a771 sp=0x000000111a4fdfa0 mode 0
Event: 0.973 Thread 0x000001df71261000 DEOPT PACKING pc=0x000001df0067e9f3 sp=0x000000111a4fb950
Event: 0.973 Thread 0x000001df71261000 DEOPT UNPACKING pc=0x000001df0004a771 sp=0x000000111a4fadb0 mode 0
Event: 1.242 Thread 0x000001df71261000 Uncommon trap: trap_request=0xffffffe5 fr.pc=0x000001df0a345fb3 relative=0x0000000000000293
Event: 1.242 Thread 0x000001df71261000 Uncommon trap: reason=range_check action=reinterpret pc=0x000001df0a345fb3 method=java.lang.StringLatin1.indexOf([BI[BII)I @ 0 jvmci
Event: 1.242 Thread 0x000001df71261000 DEOPT PACKING pc=0x000001df0a345fb3 sp=0x000000111a4febe0
Event: 1.242 Thread 0x000001df71261000 DEOPT UNPACKING pc=0x000001df0004a771 sp=0x000000111a4fe050 mode 3
Event: 11.220 Thread 0x000001df71261000 DEOPT PACKING pc=0x000001df00799bf3 sp=0x000000111a4fd640
Event: 11.220 Thread 0x000001df71261000 DEOPT UNPACKING pc=0x000001df0004a771 sp=0x000000111a4fcaa0 mode 0

Classes redefined (0 events):
No events

Internal exceptions (20 events):
Event: 0.389 Thread 0x000001df71261000 Exception <a 'java/lang/NoSuchMethodError'{0x0000000088cc7870}: 'java.lang.Object java.lang.invoke.DirectMethodHandle$Holder.invokeStaticInit(java.lang.Object, java.lang.Object, java.lang.Object)'> (0x0000000088cc7870) thrown at [./src/hotspot/share/interpreter/linkResolver.cpp, line 773]
Event: 0.401 Thread 0x000001df71261000 Exception <a 'java/lang/NoSuchMethodError'{0x0000000088ced378}: 'int java.lang.invoke.DirectMethodHandle$Holder.invokeSpecialIFC(java.lang.Object, java.lang.Object, int)'> (0x0000000088ced378) thrown at [./src/hotspot/share/interpreter/linkResolver.cpp, line 773]
Event: 0.461 Thread 0x000001df71261000 Exception <a 'sun/nio/fs/WindowsException'{0x0000000088bb3338}> (0x0000000088bb3338) thrown at [./src/hotspot/share/prims/jni.cpp, line 613]
Event: 0.461 Thread 0x000001df71261000 Exception <a 'sun/nio/fs/WindowsException'{0x0000000088bb37f8}> (0x0000000088bb37f8) thrown at [./src/hotspot/share/prims/jni.cpp, line 613]
Event: 0.509 Thread 0x000001df71261000 Exception <a 'sun/nio/fs/WindowsException'{0x0000000088ab5688}> (0x0000000088ab5688) thrown at [./src/hotspot/share/prims/jni.cpp, line 613]
Event: 0.509 Thread 0x000001df71261000 Exception <a 'sun/nio/fs/WindowsException'{0x0000000088ab5958}> (0x0000000088ab5958) thrown at [./src/hotspot/share/prims/jni.cpp, line 613]
Event: 0.520 Thread 0x000001df71261000 Exception <a 'java/lang/NoSuchMethodError'{0x0000000088904560}: 'int java.lang.invoke.DirectMethodHandle$Holder.invokeStaticInit(java.lang.Object, java.lang.Object, int, long)'> (0x0000000088904560) thrown at [./src/hotspot/share/interpreter/linkResolver.cpp, line 773]
Event: 0.521 Thread 0x000001df71261000 Exception <a 'java/lang/NoSuchMethodError'{0x0000000088909708}: 'java.lang.Object java.lang.invoke.Invokers$Holder.linkToTargetMethod(java.lang.Object, int, java.lang.Object)'> (0x0000000088909708) thrown at [./src/hotspot/share/interpreter/linkResolver.cpp, line 773]
Event: 0.523 Thread 0x000001df71261000 Exception <a 'java/lang/NoSuchMethodError'{0x0000000088916628}: 'int java.lang.invoke.DirectMethodHandle$Holder.invokeStaticInit(java.lang.Object, java.lang.Object, long, long)'> (0x0000000088916628) thrown at [./src/hotspot/share/interpreter/linkResolver.cpp, line 773]
Event: 0.525 Thread 0x000001df71261000 Exception <a 'java/lang/NoSuchMethodError'{0x0000000088921d88}: 'java.lang.Object java.lang.invoke.Invokers$Holder.linkToTargetMethod(java.lang.Object, long, java.lang.Object)'> (0x0000000088921d88) thrown at [./src/hotspot/share/interpreter/linkResolver.cpp, line 773]
Event: 0.526 Thread 0x000001df71261000 Exception <a 'java/lang/NoSuchMethodError'{0x00000000889280c0}: 'int java.lang.invoke.DirectMethodHandle$Holder.invokeStaticInit(java.lang.Object, java.lang.Object, java.lang.Object, long)'> (0x00000000889280c0) thrown at [./src/hotspot/share/interpreter/linkResolver.cpp, line 773]
Event: 0.630 Thread 0x000001df71261000 Exception <a 'sun/nio/fs/WindowsException'{0x000000008871f028}> (0x000000008871f028) thrown at [./src/hotspot/share/prims/jni.cpp, line 613]
Event: 0.630 Thread 0x000001df71261000 Exception <a 'sun/nio/fs/WindowsException'{0x000000008871f278}> (0x000000008871f278) thrown at [./src/hotspot/share/prims/jni.cpp, line 613]
Event: 0.779 Thread 0x000001df71261000 Exception <a 'java/lang/NoSuchMethodError'{0x0000000088674da0}: 'java.lang.Object java.lang.invoke.DirectMethodHandle$Holder.invokeStatic(java.lang.Object, long)'> (0x0000000088674da0) thrown at [./src/hotspot/share/interpreter/linkResolver.cpp, line 773]
Event: 0.780 Thread 0x000001df71261000 Exception <a 'java/lang/NoSuchMethodError'{0x0000000088677e38}: 'java.lang.Object java.lang.invoke.DirectMethodHandle$Holder.invokeSpecial(java.lang.Object, java.lang.Object, long)'> (0x0000000088677e38) thrown at [./src/hotspot/share/interpreter/linkResolver.cpp, line 773]
Event: 0.830 Thread 0x000001df71261000 Exception <a 'java/lang/NoSuchMethodError'{0x000000008858ee10}: 'void java.lang.invoke.DirectMethodHandle$Holder.invokeStatic(java.lang.Object, long)'> (0x000000008858ee10) thrown at [./src/hotspot/share/interpreter/linkResolver.cpp, line 773]
Event: 1.279 Thread 0x000001df71261000 Exception <a 'sun/nio/fs/WindowsException'{0x0000000088fde7d8}> (0x0000000088fde7d8) thrown at [./src/hotspot/share/prims/jni.cpp, line 613]
Event: 1.279 Thread 0x000001df71261000 Exception <a 'sun/nio/fs/WindowsException'{0x0000000088fdead8}> (0x0000000088fdead8) thrown at [./src/hotspot/share/prims/jni.cpp, line 613]
Event: 2.138 Thread 0x000001df71261000 Exception <a 'sun/nio/fs/WindowsException'{0x0000000088ec5ec8}> (0x0000000088ec5ec8) thrown at [./src/hotspot/share/prims/jni.cpp, line 613]
Event: 2.138 Thread 0x000001df71261000 Exception <a 'sun/nio/fs/WindowsException'{0x0000000088ec61b8}> (0x0000000088ec61b8) thrown at [./src/hotspot/share/prims/jni.cpp, line 613]

Events (20 events):
Event: 11.191 loading class org/lwjgl/vulkan/VkImageSubresourceLayers done
Event: 11.192 loading class org/lwjgl/vulkan/VkOffset3D
Event: 11.192 loading class org/lwjgl/vulkan/VkOffset3D done
Event: 11.194 loading class org/lwjgl/vulkan/VkBufferImageCopy$Buffer
Event: 11.194 loading class org/lwjgl/vulkan/VkBufferImageCopy$Buffer done
Event: 11.208 loading class org/lwjgl/vulkan/VkSamplerCreateInfo
Event: 11.208 loading class org/lwjgl/vulkan/VkSamplerCreateInfo done
Event: 11.210 loading class org/lwjgl/vulkan/VkDescriptorSetAllocateInfo
Event: 11.210 loading class org/lwjgl/vulkan/VkDescriptorSetAllocateInfo done
Event: 11.217 loading class org/lwjgl/vulkan/VkDescriptorBufferInfo
Event: 11.217 loading class org/lwjgl/vulkan/VkDescriptorBufferInfo done
Event: 11.218 loading class org/lwjgl/vulkan/VkDescriptorBufferInfo$Buffer
Event: 11.218 loading class org/lwjgl/vulkan/VkDescriptorBufferInfo$Buffer done
Event: 11.219 Loaded shared library C:\Program Files\Java\graalvm-ce-java11-22.3.0\bin\zip.dll
Event: 11.220 loading class org/lwjgl/vulkan/VkWriteDescriptorSet
Event: 11.220 loading class org/lwjgl/vulkan/VkWriteDescriptorSet done
Event: 11.221 loading class org/lwjgl/vulkan/VkDescriptorImageInfo
Event: 11.221 loading class org/lwjgl/vulkan/VkDescriptorImageInfo done
Event: 11.222 loading class org/lwjgl/vulkan/VkDescriptorImageInfo$Buffer
Event: 11.222 loading class org/lwjgl/vulkan/VkDescriptorImageInfo$Buffer done


Dynamic libraries:
0x00007ff79fee0000 - 0x00007ff79feed000 	C:\Program Files\Java\graalvm-ce-java11-22.3.0\bin\java.exe
0x00007ffd4c0f0000 - 0x00007ffd4c2e8000 	C:\Windows\SYSTEM32\ntdll.dll
0x00007ffd4b5a0000 - 0x00007ffd4b65f000 	C:\Windows\System32\KERNEL32.DLL
0x00007ffd49a60000 - 0x00007ffd49d32000 	C:\Windows\System32\KERNELBASE.dll
0x00007ffd49960000 - 0x00007ffd49a60000 	C:\Windows\System32\ucrtbase.dll
0x00007ffd453c0000 - 0x00007ffd453d7000 	C:\Program Files\Java\graalvm-ce-java11-22.3.0\bin\jli.dll
0x00007ffd40500000 - 0x00007ffd40515000 	C:\Program Files\Java\graalvm-ce-java11-22.3.0\bin\VCRUNTIME140.dll
0x00007ffd4aeb0000 - 0x00007ffd4b051000 	C:\Windows\System32\USER32.dll
0x00007ffd49d40000 - 0x00007ffd49d62000 	C:\Windows\System32\win32u.dll
0x00007ffd3cb20000 - 0x00007ffd3cdba000 	C:\Windows\WinSxS\amd64_microsoft.windows.common-controls_6595b64144ccf1df_6.0.19041.1110_none_60b5254171f9507e\COMCTL32.dll
0x00007ffd4b280000 - 0x00007ffd4b2ab000 	C:\Windows\System32\GDI32.dll
0x00007ffd4b1d0000 - 0x00007ffd4b26e000 	C:\Windows\System32\msvcrt.dll
0x00007ffd4a020000 - 0x00007ffd4a12f000 	C:\Windows\System32\gdi32full.dll
0x00007ffd49810000 - 0x00007ffd498ad000 	C:\Windows\System32\msvcp_win.dll
0x00007ffd4c070000 - 0x00007ffd4c0a2000 	C:\Windows\System32\IMM32.DLL
0x00007ffd304e0000 - 0x00007ffd3057b000 	C:\Program Files\Java\graalvm-ce-java11-22.3.0\bin\msvcp140.dll
0x00007ffd12c90000 - 0x00007ffd137c4000 	C:\Program Files\Java\graalvm-ce-java11-22.3.0\bin\server\jvm.dll
0x00007ffd4b970000 - 0x00007ffd4ba1e000 	C:\Windows\System32\ADVAPI32.dll
0x00007ffd4b800000 - 0x00007ffd4b89c000 	C:\Windows\System32\sechost.dll
0x00007ffd4b660000 - 0x00007ffd4b785000 	C:\Windows\System32\RPCRT4.dll
0x00007ffd4b270000 - 0x00007ffd4b278000 	C:\Windows\System32\PSAPI.DLL
0x00007ffd37bc0000 - 0x00007ffd37bc9000 	C:\Windows\SYSTEM32\WSOCK32.dll
0x00007ffd3c360000 - 0x00007ffd3c387000 	C:\Windows\SYSTEM32\WINMM.dll
0x00007ffd4b790000 - 0x00007ffd4b7fb000 	C:\Windows\System32\WS2_32.dll
0x00007ffd44ab0000 - 0x00007ffd44aba000 	C:\Windows\SYSTEM32\VERSION.dll
0x00007ffd475e0000 - 0x00007ffd475f2000 	C:\Windows\SYSTEM32\kernel.appcore.dll
0x00007ffd45430000 - 0x00007ffd45440000 	C:\Program Files\Java\graalvm-ce-java11-22.3.0\bin\verify.dll
0x00007ffd44100000 - 0x00007ffd442e4000 	C:\Windows\SYSTEM32\DBGHELP.DLL
0x00007ffd44070000 - 0x00007ffd440a5000 	C:\Windows\SYSTEM32\dbgcore.DLL
0x00007ffd49f20000 - 0x00007ffd49fa2000 	C:\Windows\System32\bcryptPrimitives.dll
0x00007ffd3f6d0000 - 0x00007ffd3f6f8000 	C:\Program Files\Java\graalvm-ce-java11-22.3.0\bin\java.dll
0x00007ffd3f780000 - 0x00007ffd3f78a000 	C:\Program Files\Java\graalvm-ce-java11-22.3.0\bin\jimage.dll
0x00007ffd382a0000 - 0x00007ffd382d8000 	C:\Program Files\Java\graalvm-ce-java11-22.3.0\bin\jdwp.dll
0x00007ffd37ae0000 - 0x00007ffd37af8000 	C:\Program Files\Java\graalvm-ce-java11-22.3.0\bin\zip.dll
0x00007ffd4a210000 - 0x00007ffd4a954000 	C:\Windows\System32\SHELL32.dll
0x00007ffd478c0000 - 0x00007ffd48052000 	C:\Windows\SYSTEM32\windows.storage.dll
0x00007ffd4a9c0000 - 0x00007ffd4ad15000 	C:\Windows\System32\combase.dll
0x00007ffd49240000 - 0x00007ffd49270000 	C:\Windows\SYSTEM32\Wldp.dll
0x00007ffd4b8a0000 - 0x00007ffd4b94d000 	C:\Windows\System32\SHCORE.dll
0x00007ffd4b2b0000 - 0x00007ffd4b305000 	C:\Windows\System32\shlwapi.dll
0x00007ffd49720000 - 0x00007ffd4973f000 	C:\Windows\SYSTEM32\profapi.dll
0x00007ffd3f720000 - 0x00007ffd3f72a000 	C:\Program Files\Java\graalvm-ce-java11-22.3.0\bin\dt_socket.dll
0x00007ffd48fa0000 - 0x00007ffd4900a000 	C:\Windows\System32\mswsock.dll
0x00007ffd48c80000 - 0x00007ffd48d4a000 	C:\Windows\SYSTEM32\DNSAPI.dll
0x00007ffd48c40000 - 0x00007ffd48c7b000 	C:\Windows\SYSTEM32\IPHLPAPI.DLL
0x00007ffd4be90000 - 0x00007ffd4be98000 	C:\Windows\System32\NSI.dll
0x00007ffd41820000 - 0x00007ffd418a0000 	C:\Windows\System32\fwpuclnt.dll
0x00007ffd497e0000 - 0x00007ffd49807000 	C:\Windows\System32\bcrypt.dll
0x00007ffd43f40000 - 0x00007ffd43f4a000 	C:\Windows\System32\rasadhlp.dll
0x00007ffd10e20000 - 0x00007ffd12c8d000 	C:\Program Files\Java\graalvm-ce-java11-22.3.0\bin\jvmcicompiler.dll
0x00007ffd496e0000 - 0x00007ffd4970e000 	C:\Windows\SYSTEM32\USERENV.dll
0x00007ffd36c80000 - 0x00007ffd36c99000 	C:\Program Files\Java\graalvm-ce-java11-22.3.0\bin\net.dll
0x00007ffd439b0000 - 0x00007ffd43abc000 	C:\Windows\SYSTEM32\WINHTTP.dll
0x00007ffd36c60000 - 0x00007ffd36c73000 	C:\Program Files\Java\graalvm-ce-java11-22.3.0\bin\nio.dll
0x00007ffd2fd40000 - 0x00007ffd2fdb5000 	C:\!TEMP\lwjglDaniil\3.3.1-build-7\lwjgl.dll
0x00007ffd2c6c0000 - 0x00007ffd2c721000 	C:\!TEMP\lwjglDaniil\3.3.1-build-7\glfw.dll
0x00007ffd2ecf0000 - 0x00007ffd2ed35000 	C:\Windows\SYSTEM32\dinput8.dll
0x00007ffcef7c0000 - 0x00007ffcef7d1000 	C:\Windows\SYSTEM32\xinput1_4.dll
0x00007ffd49d70000 - 0x00007ffd49dbe000 	C:\Windows\System32\cfgmgr32.dll
0x00007ffd49590000 - 0x00007ffd495bc000 	C:\Windows\SYSTEM32\DEVOBJ.dll
0x00007ffd475b0000 - 0x00007ffd475df000 	C:\Windows\SYSTEM32\dwmapi.dll
0x00007ffd34f40000 - 0x00007ffd35092000 	C:\Windows\SYSTEM32\inputhost.dll
0x00007ffd4b060000 - 0x00007ffd4b12d000 	C:\Windows\System32\OLEAUT32.dll
0x00007ffd46e60000 - 0x00007ffd46f52000 	C:\Windows\SYSTEM32\CoreMessaging.dll
0x00007ffd41720000 - 0x00007ffd41816000 	C:\Windows\SYSTEM32\PROPSYS.dll
0x00007ffd45750000 - 0x00007ffd458a4000 	C:\Windows\SYSTEM32\wintypes.dll
0x00007ffd46b00000 - 0x00007ffd46e5e000 	C:\Windows\SYSTEM32\CoreUIComponents.dll
0x00007ffd48970000 - 0x00007ffd489a3000 	C:\Windows\SYSTEM32\ntmarta.dll
0x00007ffd471f0000 - 0x00007ffd4728e000 	C:\Windows\system32\uxtheme.dll
0x00007ffd4bea0000 - 0x00007ffd4bfb5000 	C:\Windows\System32\MSCTF.dll
0x00007ffd37c00000 - 0x00007ffd37cf9000 	C:\Windows\SYSTEM32\textinputframework.dll
0x00007ffd2a7c0000 - 0x00007ffd2a92b000 	C:\Windows\SYSTEM32\vulkan-1.dll
0x00007ffd480a0000 - 0x00007ffd48193000 	C:\Windows\system32\dxgi.dll
0x00007ffcac1d0000 - 0x00007ffcafb01000 	C:\Windows\System32\DriverStore\FileRepository\nv_dispi.inf_amd64_009debfbd2e1619b\nvoglv64.dll
0x00007ffd4ba20000 - 0x00007ffd4be88000 	C:\Windows\System32\SETUPAPI.dll
0x00007ffd4ad20000 - 0x00007ffd4ae4a000 	C:\Windows\System32\ole32.dll
0x00007ffd455a0000 - 0x00007ffd455b4000 	C:\Windows\SYSTEM32\WTSAPI32.dll
0x00007ffd493d0000 - 0x00007ffd493e2000 	C:\Windows\SYSTEM32\msasn1.dll
0x00007ffd44a60000 - 0x00007ffd44a91000 	C:\Windows\SYSTEM32\cryptnet.dll
0x00007ffd49dc0000 - 0x00007ffd49f16000 	C:\Windows\System32\CRYPT32.dll
0x00007ffd44910000 - 0x00007ffd44a58000 	C:\Windows\SYSTEM32\drvstore.dll
0x00007ffd49190000 - 0x00007ffd4919c000 	C:\Windows\SYSTEM32\cryptbase.dll
0x00007ffd49fb0000 - 0x00007ffd4a019000 	C:\Windows\System32\WINTRUST.dll
0x00007ffd4bfc0000 - 0x00007ffd4c06f000 	C:\Windows\System32\clbcatq.dll
0x00007ffca9f40000 - 0x00007ffcac1cc000 	C:\VulkanSDK\1.3.231.1\Bin\VkLayer_khronos_validation.dll
0x00007ffd30cc0000 - 0x00007ffd30cfb000 	C:\Windows\SYSTEM32\dxcore.dll
0x00007ffd236e0000 - 0x00007ffd239af000 	C:\Windows\system32\nvspcap64.dll
0x00007ffd42160000 - 0x00007ffd428cf000 	C:\Windows\SYSTEM32\nvapi64.dll
0x00007ffd4b950000 - 0x00007ffd4b96d000 	C:\Windows\System32\imagehlp.dll
0x00007ffd491a0000 - 0x00007ffd491b8000 	C:\Windows\SYSTEM32\CRYPTSP.dll
0x00007ffd48850000 - 0x00007ffd48884000 	C:\Windows\system32\rsaenh.dll
0x00007ffd48070000 - 0x00007ffd48093000 	C:\Windows\SYSTEM32\gpapi.dll
0x00007ffd2a710000 - 0x00007ffd2a7be000 	C:\Windows\System32\DriverStore\FileRepository\nv_dispi.inf_amd64_009debfbd2e1619b\NvCamera\NvCameraAllowlisting64.dll
0x00007ffd196c0000 - 0x00007ffd197e5000 	C:\Windows\SYSTEM32\opengl32.dll
0x00007ffd30240000 - 0x00007ffd3026c000 	C:\Windows\SYSTEM32\GLU32.dll
0x00007ffd48db0000 - 0x00007ffd48dfb000 	C:\Windows\SYSTEM32\powrprof.dll
0x00007ffd48c20000 - 0x00007ffd48c32000 	C:\Windows\SYSTEM32\UMPDC.dll
0x00007ffd48680000 - 0x00007ffd486e4000 	C:\Windows\SYSTEM32\WINSTA.dll
0x00007ffd18f10000 - 0x00007ffd1935a000 	C:\!TEMP\lwjglDaniil\3.3.1-build-7\shaderc.dll
0x00007ffd2a680000 - 0x00007ffd2a701000 	C:\!TEMP\lwjglDaniil\3.3.1-build-7\lwjgl_stb.dll

dbghelp: loaded successfully - version: 4.0.5 - missing functions: none
symbol engine: initialized successfully - sym options: 0x614 - pdb path: .;C:\Program Files\Java\graalvm-ce-java11-22.3.0\bin;C:\Windows\SYSTEM32;C:\Windows\WinSxS\amd64_microsoft.windows.common-controls_6595b64144ccf1df_6.0.19041.1110_none_60b5254171f9507e;C:\Program Files\Java\graalvm-ce-java11-22.3.0\bin\server;C:\!TEMP\lwjglDaniil\3.3.1-build-7;C:\Windows\System32\DriverStore\FileRepository\nv_dispi.inf_amd64_009debfbd2e1619b;C:\VulkanSDK\1.3.231.1\Bin;C:\Windows\System32\DriverStore\FileRepository\nv_dispi.inf_amd64_009debfbd2e1619b\NvCamera

VM Arguments:
jvm_args: -XX:ThreadPriorityPolicy=1 -XX:+UnlockExperimentalVMOptions -XX:+EnableJVMCIProduct -XX:JVMCIThreadsPerNativeLibraryRuntime=1 -XX:-UnlockExperimentalVMOptions -agentlib:jdwp=transport=dt_socket,server=n,suspend=y,address=localhost:50614 
java_command: com.kgaft.KGAFTEngine.Main
java_class_path (initial): E:\documents\projects\GitHub\JavaGameEngine\target\classes;C:\Users\Daniil\.m2\repository\org\lwjgl\lwjgl\3.3.1\lwjgl-3.3.1.jar;C:\Users\Daniil\.m2\repository\org\l33tlabs\twl\pngdecoder\1.0\pngdecoder-1.0.jar;C:\Users\Daniil\.m2\repository\org\lwjgl\lwjgl-assimp\3.3.1\lwjgl-assimp-3.3.1.jar;C:\Users\Daniil\.m2\repository\org\lwjgl\lwjgl-glfw\3.3.1\lwjgl-glfw-3.3.1.jar;C:\Users\Daniil\.m2\repository\org\lwjgl\lwjgl-openal\3.3.1\lwjgl-openal-3.3.1.jar;C:\Users\Daniil\.m2\repository\org\lwjgl\lwjgl-opengl\3.3.1\lwjgl-opengl-3.3.1.jar;C:\Users\Daniil\.m2\repository\org\lwjgl\lwjgl-stb\3.3.1\lwjgl-stb-3.3.1.jar;C:\Users\Daniil\.m2\repository\org\lwjgl\lwjgl-vulkan\3.3.1\lwjgl-vulkan-3.3.1.jar;C:\Users\Daniil\.m2\repository\org\lwjgl\lwjgl\3.3.1\lwjgl-3.3.1-natives-windows.jar;C:\Users\Daniil\.m2\repository\org\lwjgl\lwjgl-assimp\3.3.1\lwjgl-assimp-3.3.1-natives-windows.jar;C:\Users\Daniil\.m2\repository\org\lwjgl\lwjgl-glfw\3.3.1\lwjgl-glfw-3.3.1-natives-windows.jar;C:\Users\Daniil\.m2\repository\org\lwjgl\lwjgl-openal\3.3.1\lwjgl-openal-3.3.1-natives-windows.jar;C:\Users\Daniil\.m2\repository\org\lwjgl\lwjgl-opengl\3.3.1\lwjgl-opengl-3.3.1-natives-windows.jar;C:\Users\Daniil\.m2\repository\org\lwjgl\lwjgl-stb\3.3.1\lwjgl-stb-3.3.1-natives-windows.jar;C:\Users\Daniil\.m2\repository\org\lwjgl\lwjgl\lwjgl_util\2.9.1\lwjgl_util-2.9.1.jar;C:\Users\Daniil\.m2\repository\org\lwjgl\lwjgl\lwjgl\2.9.1\lwjgl-2.9.1.jar;C:\Users\Daniil\.m2\repository\org\lwjgl\lwjgl\lwjgl-platform\2.9.1\lwjgl-platform-2.9.1-natives-windows.jar;C:\Users\Daniil\.m2\repository\org\lwjgl\lwjgl\lwjgl-platform\2.9.1\lwjgl-platform-2.9.1-natives-linux.jar;C:\Users\Daniil\.m2\repository\org\lwjgl\lwjgl\lwjgl-platform\2.9.1\lwjgl-platform-2.9.1-natives-osx.jar;C:\Users\Daniil\.m2\repository\net\java\jinput\jinput\2.0.5\jinput-2.0.5.jar;C:\Users\Daniil\.m2\repository\net\java\jutils\jutils\1.0.0\jutils-1.0.0.jar;C:\Users\Daniil\.m2\repository\net\java\jinput\jinput-platform\2.0.5
Launcher Type: SUN_STANDARD

[Global flags]
     intx CICompilerCount                          = 3                                         {product} {ergonomic}
     uint ConcGCThreads                            = 1                                         {product} {ergonomic}
     bool EnableJVMCIProduct                       = true                                {JVMCI product} {jimage}
     uint G1ConcRefinementThreads                  = 4                                         {product} {ergonomic}
   size_t G1HeapRegionSize                         = 1048576                                   {product} {ergonomic}
    uintx GCDrainStackTargetSize                   = 64                                        {product} {ergonomic}
   size_t InitialHeapSize                          = 134217728                                 {product} {ergonomic}
     uint JVMCIThreadsPerNativeLibraryRuntime      = 1                                   {JVMCI product} {jimage}
   size_t MarkStackSize                            = 4194304                                   {product} {ergonomic}
   size_t MaxHeapSize                              = 2130706432                                {product} {ergonomic}
   size_t MaxNewSize                               = 1278214144                                {product} {ergonomic}
   size_t MinHeapDeltaBytes                        = 1048576                                   {product} {ergonomic}
    uintx NonNMethodCodeHeapSize                   = 6401880                                {pd product} {ergonomic}
    uintx NonProfiledCodeHeapSize                  = 164571220                              {pd product} {ergonomic}
    uintx ProfiledCodeHeapSize                     = 164571220                              {pd product} {ergonomic}
    uintx ReservedCodeCacheSize                    = 335544320                              {pd product} {ergonomic}
     bool SegmentedCodeCache                       = true                                      {product} {ergonomic}
     intx ThreadPriorityPolicy                     = 1                                         {product} {jimage}
     bool UseCompressedClassPointers               = true                                 {lp64_product} {ergonomic}
     bool UseCompressedOops                        = true                                 {lp64_product} {ergonomic}
     bool UseG1GC                                  = true                                      {product} {ergonomic}
     bool UseLargePagesIndividualAllocation        = false                                  {pd product} {ergonomic}

Logging:
Log output configuration:
 #0: stdout all=warning uptime,level,tags
 #1: stderr all=off uptime,level,tags

Environment Variables:
JAVA_HOME=C:\Program Files\Java\graalvm-ce-java11-22.3.0
PATH=C:\VulkanSDK\1.3.231.1\Bin;C:\Windows\system32;C:\Windows;C:\Windows\System32\Wbem;C:\Windows\System32\WindowsPowerShell\v1.0\;C:\Windows\System32\OpenSSH\;C:\Program Files (x86)\NVIDIA Corporation\PhysX\Common;C:\Program Files\NVIDIA Corporation\NVIDIA NvDLISR;C:\Program Files\Git\cmd;C:\Program Files\Java\graalvm-ce-java11-22.3.0\bin;C:\Program Files\dotnet\;C:\Program Files\CMake\bin;C:\Users\Daniil\AppData\Local\Microsoft\WindowsApps;;C:\Program Files\JetBrains\PyCharm Community Edition 2022.2.3\bin;;C:\Users\Daniil\AppData\Local\Programs\Microsoft VS Code\bin;C:\Program Files\JetBrains\CLion 2022.3\bin;;C:\Users\Daniil\.dotnet\tools
USERNAME=Daniil
LANG=en_US.UTF-8
OS=Windows_NT
PROCESSOR_IDENTIFIER=Intel64 Family 6 Model 58 Stepping 9, GenuineIntel
TMP=C:\!TEMP
TEMP=C:\!TEMP



---------------  S Y S T E M  ---------------

OS: Windows 10 , 64 bit Build 19041 (10.0.19041.2364)
OS uptime: 0 days 9:32 hours

CPU:total 4 (initial active 4) (4 cores per cpu, 1 threads per core) family 6 model 58 stepping 9 microcode 0x21, cmov, cx8, fxsr, mmx, sse, sse2, sse3, ssse3, sse4.1, sse4.2, popcnt, avx, aes, clmul, erms, tsc, tscinvbit, tscinv

Memory: 4k page, system-wide physical 8126M (5394M free)
TotalPageFile size 16322M (AvailPageFile size 5636M)
current process WorkingSet (physical memory assigned to process): 175M, peak: 212M
current process commit charge ("private bytes"): 373M, peak: 395M

vm_info: OpenJDK 64-Bit Server VM (11.0.17+8-jvmci-22.3-b08) for windows-amd64 JRE (11.0.17+8-jvmci-22.3-b08), built on Oct 19 2022 01:56:15 by "" with MS VC++ 15.9 (VS2017)

END.
