#
# A fatal error has been detected by the Java Runtime Environment:
#
#  EXCEPTION_ACCESS_VIOLATION (0xc0000005) at pc=0x00007ffca8cd2c20, pid=7552, tid=10208
#
# JRE version: OpenJDK Runtime Environment GraalVM CE 22.3.0 (11.0.17+8) (build 11.0.17+8-jvmci-22.3-b08)
# Java VM: OpenJDK 64-Bit Server VM GraalVM CE 22.3.0 (11.0.17+8-jvmci-22.3-b08, mixed mode, sharing, tiered, jvmci, jvmci compiler, compressed oops, g1 gc, windows-amd64)
# Problematic frame:
# C  [nvoglv64.dll+0x1852c20]
#
# No core dump will be written. Minidumps are not enabled by default on client versions of Windows
#
# If you would like to submit a bug report, please visit:
#   https://github.com/oracle/graal/issues
# The crash happened outside the Java Virtual Machine in native code.
# See problematic frame for where to report the bug.
#

---------------  S U M M A R Y ------------

Command Line: -XX:ThreadPriorityPolicy=1 -XX:+UnlockExperimentalVMOptions -XX:+EnableJVMCIProduct -XX:JVMCIThreadsPerNativeLibraryRuntime=1 -XX:-UnlockExperimentalVMOptions -agentlib:jdwp=transport=dt_socket,server=n,suspend=y,address=localhost:58591 com.kgaft.KGAFTEngine.Main

Host: Intel(R) Core(TM) i5-3570 CPU @ 3.40GHz, 4 cores, 7G,  Windows 10 , 64 bit Build 19041 (10.0.19041.2364)
Time: Sun Jan 15 14:03:24 2023 RTZ 2 (s 10 , 64 bit Build 19041 (10.0.19041.2364) elapsed time: 26.038478 seconds (0d 0h 0m 26s)

---------------  T H R E A D  ---------------

Current thread (0x0000020b367bd000):  JavaThread "main" [_thread_in_native, id=10208, stack(0x0000001979c00000,0x0000001979d00000)]

Stack: [0x0000001979c00000,0x0000001979d00000],  sp=0x0000001979cfeeb8,  free space=1019k
Native frames: (J=compiled Java code, j=interpreted, Vv=VM code, C=native code)
C  [nvoglv64.dll+0x1852c20]

Java frames: (J=compiled Java code, j=interpreted, Vv=VM code)
j  org.lwjgl.system.JNI.callPPV(JJIJ)V+0
j  org.lwjgl.vulkan.VK10.nvkCmdBeginRenderPass(Lorg/lwjgl/vulkan/VkCommandBuffer;JI)V+17
j  org.lwjgl.vulkan.VK10.vkCmdBeginRenderPass(Lorg/lwjgl/vulkan/VkCommandBuffer;Lorg/lwjgl/vulkan/VkRenderPassBeginInfo;I)V+6
j  com.kgaft.KGAFTEngine.VulkanRenderer.VulkanRenderingContext.loadCommandBuffer(Lorg/lwjgl/vulkan/VkCommandBuffer;Lorg/lwjgl/vulkan/VkCommandBufferBeginInfo;Lorg/lwjgl/vulkan/VkRenderPassBeginInfo;)V+22
j  com.kgaft.KGAFTEngine.VulkanRenderer.VulkanRenderingContext.updateDrawData()V+103
j  com.kgaft.KGAFTEngine.Main.main([Ljava/lang/String;)V+106
v  ~StubRoutines::call_stub

siginfo: EXCEPTION_ACCESS_VIOLATION (0xc0000005), reading address 0x0000000000000000


Register to memory mapping:

RIP=0x00007ffca8cd2c20 nvoglv64.dll
RAX=0x0000020b63550e00 points into unknown readable memory: 0x0000000800080848 | 48 08 08 00 08 00 00 00
RBX=0x0000020b5bdffbe0 points into unknown readable memory: 0x00007ffcaa038538 | 38 85 03 aa fc 7f 00 00
RCX=0x0000020b5ca53140 points into unknown readable memory: 0x0000000000000000 | 00 00 00 00 00 00 00 00
RDX=0x0 is NULL
RSP=0x0000001979cfeeb8 is pointing into the stack for thread: 0x0000020b367bd000
RBP=0x0 is NULL
RSI=0x0000000000000002 is an unknown value
RDI=0x0 is NULL
R8 =0x0000000000000020 is an unknown value
R9 =0x0000000000000201 is an unknown value
R10=0x0 is NULL
R11=0x0000020b5ca53140 points into unknown readable memory: 0x0000000000000000 | 00 00 00 00 00 00 00 00
R12=0x0 is NULL
R13=0x0000001979cfef60 is pointing into the stack for thread: 0x0000020b367bd000
R14=0x0000020b63bbfdd0 points into unknown readable memory: 0x00007ffcaa038130 | 30 81 03 aa fc 7f 00 00
R15=0x0000020b5c950270 points into unknown readable memory: 0x00007ffcaa038cd8 | d8 8c 03 aa fc 7f 00 00


Registers:
RAX=0x0000020b63550e00, RBX=0x0000020b5bdffbe0, RCX=0x0000020b5ca53140, RDX=0x0000000000000000
RSP=0x0000001979cfeeb8, RBP=0x0000000000000000, RSI=0x0000000000000002, RDI=0x0000000000000000
R8 =0x0000000000000020, R9 =0x0000000000000201, R10=0x0000000000000000, R11=0x0000020b5ca53140
R12=0x0000000000000000, R13=0x0000001979cfef60, R14=0x0000020b63bbfdd0, R15=0x0000020b5c950270
RIP=0x00007ffca8cd2c20, EFLAGS=0x0000000000010246

Top of Stack: (sp=0x0000001979cfeeb8)
0x0000001979cfeeb8:   00007ffca8b41ee2 0000020b5bdffbe0
0x0000001979cfeec8:   0000020b5ff15150 0000001979cfef60
0x0000001979cfeed8:   0000001979cfef60 0000000000000000
0x0000001979cfeee8:   0000000000000000 00007ffca4e2a040
0x0000001979cfeef8:   0000020b6340aca0 0000020b5c3eaf68
0x0000001979cfef08:   0000020b5ff15150 0000020b5ff15150
0x0000001979cfef18:   00007ffca3277a7c 0000020b63beffe0
0x0000001979cfef28:   0000000000000000 0000001979cfef60
0x0000001979cfef38:   0000001979cfef60 0000020b5bb12260
0x0000001979cfef48:   fffffffffffffffe fffffffffffffffe
0x0000001979cfef58:   0000020b63256320 0000020b0000002b
0x0000001979cfef68:   0000000000000000 0000020b63bbfe20
0x0000001979cfef78:   0000020b5c9502c0 0000000000000000
0x0000001979cfef88:   0000000000000000 0000020b00000002
0x0000001979cfef98:   0000000000000000 0000b972e0038a8c
0x0000001979cfefa8:   00007ffca33af901 0000000000000000 

Instructions: (pc=0x00007ffca8cd2c20)
0x00007ffca8cd2b20:   33 c0 c3 1b c0 83 d8 ff c3 90 49 c1 e9 02 74 37
0x00007ffca8cd2b30:   48 8b 01 48 3b 04 11 75 5b 48 8b 41 08 48 3b 44
0x00007ffca8cd2b40:   11 08 75 4c 48 8b 41 10 48 3b 44 11 10 75 3d 48
0x00007ffca8cd2b50:   8b 41 18 48 3b 44 11 18 75 2e 48 83 c1 20 49 ff
0x00007ffca8cd2b60:   c9 75 cd 49 83 e0 1f 4d 8b c8 49 c1 e9 03 74 9b
0x00007ffca8cd2b70:   48 8b 01 48 3b 04 11 75 1b 48 83 c1 08 49 ff c9
0x00007ffca8cd2b80:   75 ee 49 83 e0 07 eb 83 48 83 c1 08 48 83 c1 08
0x00007ffca8cd2b90:   48 83 c1 08 48 8b 0c 0a 48 0f c8 48 0f c9 48 3b
0x00007ffca8cd2ba0:   c1 1b c0 83 d8 ff c3 cc cc cc cc cc cc cc cc cc
0x00007ffca8cd2bb0:   cc cc cc cc cc cc 66 66 0f 1f 84 00 00 00 00 00
0x00007ffca8cd2bc0:   57 56 49 8b c3 48 8b f9 49 8b c8 49 8b f2 f3 a4
0x00007ffca8cd2bd0:   5e 5f c3 cc cc cc cc cc cc 0f 1f 80 00 00 00 00
0x00007ffca8cd2be0:   4c 8b d9 4c 8b d2 49 83 f8 10 76 54 49 83 f8 20
0x00007ffca8cd2bf0:   76 2e 48 2b d1 73 0d 4b 8d 04 10 48 3b c8 0f 82
0x00007ffca8cd2c00:   dc 02 00 00 49 81 f8 80 00 00 00 0f 86 0f 02 00
0x00007ffca8cd2c10:   00 f6 05 68 38 ef 01 02 0f 84 52 01 00 00 eb a0
0x00007ffca8cd2c20:   0f 10 02 42 0f 10 4c 02 f0 0f 11 01 42 0f 11 4c
0x00007ffca8cd2c30:   01 f0 48 8b c1 c3 66 66 0f 1f 84 00 00 00 00 00
0x00007ffca8cd2c40:   48 8b c1 4c 8d 0d b6 d3 7a fe 43 8b 8c 81 10 2a
0x00007ffca8cd2c50:   8d 03 49 03 c9 ff e1 66 0f 1f 84 00 00 00 00 00
0x00007ffca8cd2c60:   c3 0f b7 0a 66 89 08 c3 48 8b 0a 48 89 08 c3 0f
0x00007ffca8cd2c70:   b7 0a 44 0f b6 42 02 66 89 08 44 88 40 02 c3 0f
0x00007ffca8cd2c80:   b6 0a 88 08 c3 f3 0f 6f 02 f3 0f 7f 00 c3 66 90
0x00007ffca8cd2c90:   4c 8b 02 0f b7 4a 08 44 0f b6 4a 0a 4c 89 00 66
0x00007ffca8cd2ca0:   89 48 08 44 88 48 0a c3 8b 0a 89 08 c3 0f 1f 00
0x00007ffca8cd2cb0:   8b 0a 44 0f b6 42 04 89 08 44 88 40 04 c3 66 90
0x00007ffca8cd2cc0:   8b 0a 44 0f b7 42 04 89 08 66 44 89 40 04 c3 90
0x00007ffca8cd2cd0:   8b 0a 44 0f b7 42 04 44 0f b6 4a 06 89 08 66 44
0x00007ffca8cd2ce0:   89 40 04 44 88 48 06 c3 4c 8b 02 8b 4a 08 44 0f
0x00007ffca8cd2cf0:   b6 4a 0c 4c 89 00 89 48 08 44 88 48 0c c3 66 90
0x00007ffca8cd2d00:   4c 8b 02 0f b6 4a 08 4c 89 00 88 48 08 c3 66 90
0x00007ffca8cd2d10:   4c 8b 02 0f b7 4a 08 4c 89 00 66 89 48 08 c3 90 


Stack slot to memory mapping:
stack at sp + 0 slots: 0x00007ffca8b41ee2 nvoglv64.dll
stack at sp + 1 slots: 0x0000020b5bdffbe0 points into unknown readable memory: 0x00007ffcaa038538 | 38 85 03 aa fc 7f 00 00
stack at sp + 2 slots: 0x0000020b5ff15150 points into unknown readable memory: 0x000000000000002b | 2b 00 00 00 00 00 00 00
stack at sp + 3 slots: 0x0000001979cfef60 is pointing into the stack for thread: 0x0000020b367bd000
stack at sp + 4 slots: 0x0000001979cfef60 is pointing into the stack for thread: 0x0000020b367bd000
stack at sp + 5 slots: 0x0 is NULL
stack at sp + 6 slots: 0x0 is NULL
stack at sp + 7 slots: 0x00007ffca4e2a040 VkLayer_khronos_validation.dll


---------------  P R O C E S S  ---------------

Threads class SMR info:
_java_thread_list=0x0000020b60981a20, length=13, elements={
0x0000020b367bd000, 0x0000020b5ba61000, 0x0000020b5ba62800, 0x0000020b5ba93000,
0x0000020b5ba94000, 0x0000020b5ba95000, 0x0000020b5ba9b800, 0x0000020b5ba9e000,
0x0000020b5bab3800, 0x0000020b5bc25800, 0x0000020b5bcf1000, 0x0000020b5bcf4800,
0x0000020b5bd00800
}

Java Threads: ( => current thread )
=>0x0000020b367bd000 JavaThread "main" [_thread_in_native, id=10208, stack(0x0000001979c00000,0x0000001979d00000)]
  0x0000020b5ba61000 JavaThread "Reference Handler" daemon [_thread_blocked, id=232, stack(0x000000197a300000,0x000000197a400000)]
  0x0000020b5ba62800 JavaThread "Finalizer" daemon [_thread_blocked, id=14276, stack(0x000000197a400000,0x000000197a500000)]
  0x0000020b5ba93000 JavaThread "Signal Dispatcher" daemon [_thread_blocked, id=1544, stack(0x000000197a500000,0x000000197a600000)]
  0x0000020b5ba94000 JavaThread "Attach Listener" daemon [_thread_blocked, id=200, stack(0x000000197a600000,0x000000197a700000)]
  0x0000020b5ba95000 JavaThread "Service Thread" daemon [_thread_blocked, id=13488, stack(0x000000197a700000,0x000000197a800000)]
  0x0000020b5ba9b800 JavaThread "JVMCI-native CompilerThread0" daemon [_thread_blocked, id=10096, stack(0x000000197a800000,0x000000197a900000)]
  0x0000020b5ba9e000 JavaThread "C1 CompilerThread0" daemon [_thread_blocked, id=5548, stack(0x000000197a900000,0x000000197aa00000)]
  0x0000020b5bab3800 JavaThread "Sweeper thread" daemon [_thread_blocked, id=1832, stack(0x000000197aa00000,0x000000197ab00000)]
  0x0000020b5bc25800 JavaThread "Common-Cleaner" daemon [_thread_blocked, id=1552, stack(0x000000197ab00000,0x000000197ac00000)]
  0x0000020b5bcf1000 JavaThread "JDWP Transport Listener: dt_socket" daemon [_thread_blocked, id=6948, stack(0x000000197ad00000,0x000000197ae00000)]
  0x0000020b5bcf4800 JavaThread "JDWP Event Helper Thread" daemon [_thread_blocked, id=13452, stack(0x000000197ae00000,0x000000197af00000)]
  0x0000020b5bd00800 JavaThread "JDWP Command Reader" daemon [_thread_in_native, id=11596, stack(0x000000197af00000,0x000000197b000000)]

Other Threads:
  0x0000020b5ba54800 VMThread "VM Thread" [stack: 0x000000197a200000,0x000000197a300000] [id=9772]
  0x0000020b5bd0a000 WatcherThread [stack: 0x000000197b000000,0x000000197b100000] [id=12124]
  0x0000020b367e0000 GCTaskThread "GC Thread#0" [stack: 0x0000001979d00000,0x0000001979e00000] [id=8832]
  0x0000020b63d8d000 GCTaskThread "GC Thread#1" [stack: 0x000000197bc00000,0x000000197bd00000] [id=13688]
  0x0000020b63d8e000 GCTaskThread "GC Thread#2" [stack: 0x000000197bd00000,0x000000197be00000] [id=1836]
  0x0000020b36816000 ConcurrentGCThread "G1 Main Marker" [stack: 0x0000001979e00000,0x0000001979f00000] [id=3292]
  0x0000020b36817000 ConcurrentGCThread "G1 Conc#0" [stack: 0x0000001979f00000,0x000000197a000000] [id=2068]
  0x0000020b5b0c4800 ConcurrentGCThread "G1 Refine#0" [stack: 0x000000197a000000,0x000000197a100000] [id=6612]
  0x0000020b5b0c5800 ConcurrentGCThread "G1 Young RemSet Sampling" [stack: 0x000000197a100000,0x000000197a200000] [id=9316]

Threads with active compile tasks:

VM state:not at safepoint (normal execution)

VM Mutex/Monitor currently owned by a thread: None

Heap address: 0x0000000081000000, size: 2032 MB, Compressed Oops mode: 32-bit
Narrow klass base: 0x0000000800000000, Narrow klass shift: 3
Compressed class space size: 1073741824 Address: 0x0000000840000000

Heap:
 garbage-first heap   total 131072K, used 2523K [0x0000000081000000, 0x0000000100000000)
  region size 1024K, 3 young (3072K), 2 survivors (2048K)
 Metaspace       used 5299K, capacity 7988K, committed 8192K, reserved 1056768K
  class space    used 342K, capacity 647K, committed 768K, reserved 1048576K
Heap Regions: E=young(eden), S=young(survivor), O=old, HS=humongous(starts), HC=humongous(continues), CS=collection set, F=free, A=archive, TAMS=top-at-mark-start (previous, next)
|   0|0x0000000081000000, 0x0000000081076c00, 0x0000000081100000| 46%| O|  |TAMS 0x0000000081000000, 0x0000000081000000| Untracked 
|   1|0x0000000081100000, 0x0000000081100000, 0x0000000081200000|  0%| F|  |TAMS 0x0000000081100000, 0x0000000081100000| Untracked 
|   2|0x0000000081200000, 0x0000000081200000, 0x0000000081300000|  0%| F|  |TAMS 0x0000000081200000, 0x0000000081200000| Untracked 
|   3|0x0000000081300000, 0x0000000081300000, 0x0000000081400000|  0%| F|  |TAMS 0x0000000081300000, 0x0000000081300000| Untracked 
|   4|0x0000000081400000, 0x0000000081400000, 0x0000000081500000|  0%| F|  |TAMS 0x0000000081400000, 0x0000000081400000| Untracked 
|   5|0x0000000081500000, 0x0000000081500000, 0x0000000081600000|  0%| F|  |TAMS 0x0000000081500000, 0x0000000081500000| Untracked 
|   6|0x0000000081600000, 0x0000000081600000, 0x0000000081700000|  0%| F|  |TAMS 0x0000000081600000, 0x0000000081600000| Untracked 
|   7|0x0000000081700000, 0x0000000081700000, 0x0000000081800000|  0%| F|  |TAMS 0x0000000081700000, 0x0000000081700000| Untracked 
|   8|0x0000000081800000, 0x0000000081800000, 0x0000000081900000|  0%| F|  |TAMS 0x0000000081800000, 0x0000000081800000| Untracked 
|   9|0x0000000081900000, 0x0000000081900000, 0x0000000081a00000|  0%| F|  |TAMS 0x0000000081900000, 0x0000000081900000| Untracked 
|  10|0x0000000081a00000, 0x0000000081a00000, 0x0000000081b00000|  0%| F|  |TAMS 0x0000000081a00000, 0x0000000081a00000| Untracked 
|  11|0x0000000081b00000, 0x0000000081b00000, 0x0000000081c00000|  0%| F|  |TAMS 0x0000000081b00000, 0x0000000081b00000| Untracked 
|  12|0x0000000081c00000, 0x0000000081c00000, 0x0000000081d00000|  0%| F|  |TAMS 0x0000000081c00000, 0x0000000081c00000| Untracked 
|  13|0x0000000081d00000, 0x0000000081d00000, 0x0000000081e00000|  0%| F|  |TAMS 0x0000000081d00000, 0x0000000081d00000| Untracked 
|  14|0x0000000081e00000, 0x0000000081e00000, 0x0000000081f00000|  0%| F|  |TAMS 0x0000000081e00000, 0x0000000081e00000| Untracked 
|  15|0x0000000081f00000, 0x0000000081f00000, 0x0000000082000000|  0%| F|  |TAMS 0x0000000081f00000, 0x0000000081f00000| Untracked 
|  16|0x0000000082000000, 0x0000000082000000, 0x0000000082100000|  0%| F|  |TAMS 0x0000000082000000, 0x0000000082000000| Untracked 
|  17|0x0000000082100000, 0x0000000082100000, 0x0000000082200000|  0%| F|  |TAMS 0x0000000082100000, 0x0000000082100000| Untracked 
|  18|0x0000000082200000, 0x0000000082200000, 0x0000000082300000|  0%| F|  |TAMS 0x0000000082200000, 0x0000000082200000| Untracked 
|  19|0x0000000082300000, 0x0000000082300000, 0x0000000082400000|  0%| F|  |TAMS 0x0000000082300000, 0x0000000082300000| Untracked 
|  20|0x0000000082400000, 0x0000000082400000, 0x0000000082500000|  0%| F|  |TAMS 0x0000000082400000, 0x0000000082400000| Untracked 
|  21|0x0000000082500000, 0x0000000082500000, 0x0000000082600000|  0%| F|  |TAMS 0x0000000082500000, 0x0000000082500000| Untracked 
|  22|0x0000000082600000, 0x0000000082600000, 0x0000000082700000|  0%| F|  |TAMS 0x0000000082600000, 0x0000000082600000| Untracked 
|  23|0x0000000082700000, 0x0000000082700000, 0x0000000082800000|  0%| F|  |TAMS 0x0000000082700000, 0x0000000082700000| Untracked 
|  24|0x0000000082800000, 0x0000000082800000, 0x0000000082900000|  0%| F|  |TAMS 0x0000000082800000, 0x0000000082800000| Untracked 
|  25|0x0000000082900000, 0x0000000082900000, 0x0000000082a00000|  0%| F|  |TAMS 0x0000000082900000, 0x0000000082900000| Untracked 
|  26|0x0000000082a00000, 0x0000000082a00000, 0x0000000082b00000|  0%| F|  |TAMS 0x0000000082a00000, 0x0000000082a00000| Untracked 
|  27|0x0000000082b00000, 0x0000000082b00000, 0x0000000082c00000|  0%| F|  |TAMS 0x0000000082b00000, 0x0000000082b00000| Untracked 
|  28|0x0000000082c00000, 0x0000000082c00000, 0x0000000082d00000|  0%| F|  |TAMS 0x0000000082c00000, 0x0000000082c00000| Untracked 
|  29|0x0000000082d00000, 0x0000000082d00000, 0x0000000082e00000|  0%| F|  |TAMS 0x0000000082d00000, 0x0000000082d00000| Untracked 
|  30|0x0000000082e00000, 0x0000000082e00000, 0x0000000082f00000|  0%| F|  |TAMS 0x0000000082e00000, 0x0000000082e00000| Untracked 
|  31|0x0000000082f00000, 0x0000000082f00000, 0x0000000083000000|  0%| F|  |TAMS 0x0000000082f00000, 0x0000000082f00000| Untracked 
|  32|0x0000000083000000, 0x0000000083000000, 0x0000000083100000|  0%| F|  |TAMS 0x0000000083000000, 0x0000000083000000| Untracked 
|  33|0x0000000083100000, 0x0000000083100000, 0x0000000083200000|  0%| F|  |TAMS 0x0000000083100000, 0x0000000083100000| Untracked 
|  34|0x0000000083200000, 0x0000000083200000, 0x0000000083300000|  0%| F|  |TAMS 0x0000000083200000, 0x0000000083200000| Untracked 
|  35|0x0000000083300000, 0x0000000083300000, 0x0000000083400000|  0%| F|  |TAMS 0x0000000083300000, 0x0000000083300000| Untracked 
|  36|0x0000000083400000, 0x0000000083400000, 0x0000000083500000|  0%| F|  |TAMS 0x0000000083400000, 0x0000000083400000| Untracked 
|  37|0x0000000083500000, 0x0000000083500000, 0x0000000083600000|  0%| F|  |TAMS 0x0000000083500000, 0x0000000083500000| Untracked 
|  38|0x0000000083600000, 0x0000000083600000, 0x0000000083700000|  0%| F|  |TAMS 0x0000000083600000, 0x0000000083600000| Untracked 
|  39|0x0000000083700000, 0x0000000083700000, 0x0000000083800000|  0%| F|  |TAMS 0x0000000083700000, 0x0000000083700000| Untracked 
|  40|0x0000000083800000, 0x0000000083800000, 0x0000000083900000|  0%| F|  |TAMS 0x0000000083800000, 0x0000000083800000| Untracked 
|  41|0x0000000083900000, 0x0000000083900000, 0x0000000083a00000|  0%| F|  |TAMS 0x0000000083900000, 0x0000000083900000| Untracked 
|  42|0x0000000083a00000, 0x0000000083a00000, 0x0000000083b00000|  0%| F|  |TAMS 0x0000000083a00000, 0x0000000083a00000| Untracked 
|  43|0x0000000083b00000, 0x0000000083b00000, 0x0000000083c00000|  0%| F|  |TAMS 0x0000000083b00000, 0x0000000083b00000| Untracked 
|  44|0x0000000083c00000, 0x0000000083c00000, 0x0000000083d00000|  0%| F|  |TAMS 0x0000000083c00000, 0x0000000083c00000| Untracked 
|  45|0x0000000083d00000, 0x0000000083d00000, 0x0000000083e00000|  0%| F|  |TAMS 0x0000000083d00000, 0x0000000083d00000| Untracked 
|  46|0x0000000083e00000, 0x0000000083e00000, 0x0000000083f00000|  0%| F|  |TAMS 0x0000000083e00000, 0x0000000083e00000| Untracked 
|  47|0x0000000083f00000, 0x0000000083f00000, 0x0000000084000000|  0%| F|  |TAMS 0x0000000083f00000, 0x0000000083f00000| Untracked 
|  48|0x0000000084000000, 0x0000000084000000, 0x0000000084100000|  0%| F|  |TAMS 0x0000000084000000, 0x0000000084000000| Untracked 
|  49|0x0000000084100000, 0x0000000084100000, 0x0000000084200000|  0%| F|  |TAMS 0x0000000084100000, 0x0000000084100000| Untracked 
|  50|0x0000000084200000, 0x0000000084200000, 0x0000000084300000|  0%| F|  |TAMS 0x0000000084200000, 0x0000000084200000| Untracked 
|  51|0x0000000084300000, 0x0000000084300000, 0x0000000084400000|  0%| F|  |TAMS 0x0000000084300000, 0x0000000084300000| Untracked 
|  52|0x0000000084400000, 0x0000000084400000, 0x0000000084500000|  0%| F|  |TAMS 0x0000000084400000, 0x0000000084400000| Untracked 
|  53|0x0000000084500000, 0x0000000084500000, 0x0000000084600000|  0%| F|  |TAMS 0x0000000084500000, 0x0000000084500000| Untracked 
|  54|0x0000000084600000, 0x0000000084600000, 0x0000000084700000|  0%| F|  |TAMS 0x0000000084600000, 0x0000000084600000| Untracked 
|  55|0x0000000084700000, 0x0000000084700000, 0x0000000084800000|  0%| F|  |TAMS 0x0000000084700000, 0x0000000084700000| Untracked 
|  56|0x0000000084800000, 0x0000000084800000, 0x0000000084900000|  0%| F|  |TAMS 0x0000000084800000, 0x0000000084800000| Untracked 
|  57|0x0000000084900000, 0x0000000084900000, 0x0000000084a00000|  0%| F|  |TAMS 0x0000000084900000, 0x0000000084900000| Untracked 
|  58|0x0000000084a00000, 0x0000000084a00000, 0x0000000084b00000|  0%| F|  |TAMS 0x0000000084a00000, 0x0000000084a00000| Untracked 
|  59|0x0000000084b00000, 0x0000000084b00000, 0x0000000084c00000|  0%| F|  |TAMS 0x0000000084b00000, 0x0000000084b00000| Untracked 
|  60|0x0000000084c00000, 0x0000000084c00000, 0x0000000084d00000|  0%| F|  |TAMS 0x0000000084c00000, 0x0000000084c00000| Untracked 
|  61|0x0000000084d00000, 0x0000000084d00000, 0x0000000084e00000|  0%| F|  |TAMS 0x0000000084d00000, 0x0000000084d00000| Untracked 
|  62|0x0000000084e00000, 0x0000000084e00000, 0x0000000084f00000|  0%| F|  |TAMS 0x0000000084e00000, 0x0000000084e00000| Untracked 
|  63|0x0000000084f00000, 0x0000000084f00000, 0x0000000085000000|  0%| F|  |TAMS 0x0000000084f00000, 0x0000000084f00000| Untracked 
|  64|0x0000000085000000, 0x0000000085000000, 0x0000000085100000|  0%| F|  |TAMS 0x0000000085000000, 0x0000000085000000| Untracked 
|  65|0x0000000085100000, 0x0000000085100000, 0x0000000085200000|  0%| F|  |TAMS 0x0000000085100000, 0x0000000085100000| Untracked 
|  66|0x0000000085200000, 0x0000000085200000, 0x0000000085300000|  0%| F|  |TAMS 0x0000000085200000, 0x0000000085200000| Untracked 
|  67|0x0000000085300000, 0x0000000085300000, 0x0000000085400000|  0%| F|  |TAMS 0x0000000085300000, 0x0000000085300000| Untracked 
|  68|0x0000000085400000, 0x0000000085400000, 0x0000000085500000|  0%| F|  |TAMS 0x0000000085400000, 0x0000000085400000| Untracked 
|  69|0x0000000085500000, 0x0000000085500000, 0x0000000085600000|  0%| F|  |TAMS 0x0000000085500000, 0x0000000085500000| Untracked 
|  70|0x0000000085600000, 0x0000000085600000, 0x0000000085700000|  0%| F|  |TAMS 0x0000000085600000, 0x0000000085600000| Untracked 
|  71|0x0000000085700000, 0x0000000085700000, 0x0000000085800000|  0%| F|  |TAMS 0x0000000085700000, 0x0000000085700000| Untracked 
|  72|0x0000000085800000, 0x0000000085800000, 0x0000000085900000|  0%| F|  |TAMS 0x0000000085800000, 0x0000000085800000| Untracked 
|  73|0x0000000085900000, 0x0000000085900000, 0x0000000085a00000|  0%| F|  |TAMS 0x0000000085900000, 0x0000000085900000| Untracked 
|  74|0x0000000085a00000, 0x0000000085a00000, 0x0000000085b00000|  0%| F|  |TAMS 0x0000000085a00000, 0x0000000085a00000| Untracked 
|  75|0x0000000085b00000, 0x0000000085b00000, 0x0000000085c00000|  0%| F|  |TAMS 0x0000000085b00000, 0x0000000085b00000| Untracked 
|  76|0x0000000085c00000, 0x0000000085c00000, 0x0000000085d00000|  0%| F|  |TAMS 0x0000000085c00000, 0x0000000085c00000| Untracked 
|  77|0x0000000085d00000, 0x0000000085d00000, 0x0000000085e00000|  0%| F|  |TAMS 0x0000000085d00000, 0x0000000085d00000| Untracked 
|  78|0x0000000085e00000, 0x0000000085e00000, 0x0000000085f00000|  0%| F|  |TAMS 0x0000000085e00000, 0x0000000085e00000| Untracked 
|  79|0x0000000085f00000, 0x0000000085f00000, 0x0000000086000000|  0%| F|  |TAMS 0x0000000085f00000, 0x0000000085f00000| Untracked 
|  80|0x0000000086000000, 0x0000000086000000, 0x0000000086100000|  0%| F|  |TAMS 0x0000000086000000, 0x0000000086000000| Untracked 
|  81|0x0000000086100000, 0x0000000086100000, 0x0000000086200000|  0%| F|  |TAMS 0x0000000086100000, 0x0000000086100000| Untracked 
|  82|0x0000000086200000, 0x0000000086200000, 0x0000000086300000|  0%| F|  |TAMS 0x0000000086200000, 0x0000000086200000| Untracked 
|  83|0x0000000086300000, 0x0000000086300000, 0x0000000086400000|  0%| F|  |TAMS 0x0000000086300000, 0x0000000086300000| Untracked 
|  84|0x0000000086400000, 0x0000000086400000, 0x0000000086500000|  0%| F|  |TAMS 0x0000000086400000, 0x0000000086400000| Untracked 
|  85|0x0000000086500000, 0x0000000086500000, 0x0000000086600000|  0%| F|  |TAMS 0x0000000086500000, 0x0000000086500000| Untracked 
|  86|0x0000000086600000, 0x0000000086600000, 0x0000000086700000|  0%| F|  |TAMS 0x0000000086600000, 0x0000000086600000| Untracked 
|  87|0x0000000086700000, 0x0000000086700000, 0x0000000086800000|  0%| F|  |TAMS 0x0000000086700000, 0x0000000086700000| Untracked 
|  88|0x0000000086800000, 0x0000000086800000, 0x0000000086900000|  0%| F|  |TAMS 0x0000000086800000, 0x0000000086800000| Untracked 
|  89|0x0000000086900000, 0x0000000086900000, 0x0000000086a00000|  0%| F|  |TAMS 0x0000000086900000, 0x0000000086900000| Untracked 
|  90|0x0000000086a00000, 0x0000000086a00000, 0x0000000086b00000|  0%| F|  |TAMS 0x0000000086a00000, 0x0000000086a00000| Untracked 
|  91|0x0000000086b00000, 0x0000000086b00000, 0x0000000086c00000|  0%| F|  |TAMS 0x0000000086b00000, 0x0000000086b00000| Untracked 
|  92|0x0000000086c00000, 0x0000000086c00000, 0x0000000086d00000|  0%| F|  |TAMS 0x0000000086c00000, 0x0000000086c00000| Untracked 
|  93|0x0000000086d00000, 0x0000000086d00000, 0x0000000086e00000|  0%| F|  |TAMS 0x0000000086d00000, 0x0000000086d00000| Untracked 
|  94|0x0000000086e00000, 0x0000000086e00000, 0x0000000086f00000|  0%| F|  |TAMS 0x0000000086e00000, 0x0000000086e00000| Untracked 
|  95|0x0000000086f00000, 0x0000000086f00000, 0x0000000087000000|  0%| F|  |TAMS 0x0000000086f00000, 0x0000000086f00000| Untracked 
|  96|0x0000000087000000, 0x0000000087000000, 0x0000000087100000|  0%| F|  |TAMS 0x0000000087000000, 0x0000000087000000| Untracked 
|  97|0x0000000087100000, 0x0000000087100000, 0x0000000087200000|  0%| F|  |TAMS 0x0000000087100000, 0x0000000087100000| Untracked 
|  98|0x0000000087200000, 0x0000000087200000, 0x0000000087300000|  0%| F|  |TAMS 0x0000000087200000, 0x0000000087200000| Untracked 
|  99|0x0000000087300000, 0x0000000087300000, 0x0000000087400000|  0%| F|  |TAMS 0x0000000087300000, 0x0000000087300000| Untracked 
| 100|0x0000000087400000, 0x0000000087400000, 0x0000000087500000|  0%| F|  |TAMS 0x0000000087400000, 0x0000000087400000| Untracked 
| 101|0x0000000087500000, 0x0000000087500000, 0x0000000087600000|  0%| F|  |TAMS 0x0000000087500000, 0x0000000087500000| Untracked 
| 102|0x0000000087600000, 0x0000000087600000, 0x0000000087700000|  0%| F|  |TAMS 0x0000000087600000, 0x0000000087600000| Untracked 
| 103|0x0000000087700000, 0x0000000087700000, 0x0000000087800000|  0%| F|  |TAMS 0x0000000087700000, 0x0000000087700000| Untracked 
| 104|0x0000000087800000, 0x0000000087800000, 0x0000000087900000|  0%| F|  |TAMS 0x0000000087800000, 0x0000000087800000| Untracked 
| 105|0x0000000087900000, 0x0000000087900000, 0x0000000087a00000|  0%| F|  |TAMS 0x0000000087900000, 0x0000000087900000| Untracked 
| 106|0x0000000087a00000, 0x0000000087a00000, 0x0000000087b00000|  0%| F|  |TAMS 0x0000000087a00000, 0x0000000087a00000| Untracked 
| 107|0x0000000087b00000, 0x0000000087b00000, 0x0000000087c00000|  0%| F|  |TAMS 0x0000000087b00000, 0x0000000087b00000| Untracked 
| 108|0x0000000087c00000, 0x0000000087c00000, 0x0000000087d00000|  0%| F|  |TAMS 0x0000000087c00000, 0x0000000087c00000| Untracked 
| 109|0x0000000087d00000, 0x0000000087d00000, 0x0000000087e00000|  0%| F|  |TAMS 0x0000000087d00000, 0x0000000087d00000| Untracked 
| 110|0x0000000087e00000, 0x0000000087e00000, 0x0000000087f00000|  0%| F|  |TAMS 0x0000000087e00000, 0x0000000087e00000| Untracked 
| 111|0x0000000087f00000, 0x0000000087f00000, 0x0000000088000000|  0%| F|  |TAMS 0x0000000087f00000, 0x0000000087f00000| Untracked 
| 112|0x0000000088000000, 0x0000000088100000, 0x0000000088100000|100%| S|CS|TAMS 0x0000000088000000, 0x0000000088000000| Complete 
| 113|0x0000000088100000, 0x0000000088200000, 0x0000000088200000|100%| S|CS|TAMS 0x0000000088100000, 0x0000000088100000| Complete 
| 114|0x0000000088200000, 0x0000000088200000, 0x0000000088300000|  0%| F|  |TAMS 0x0000000088200000, 0x0000000088200000| Untracked 
| 115|0x0000000088300000, 0x0000000088300000, 0x0000000088400000|  0%| F|  |TAMS 0x0000000088300000, 0x0000000088300000| Untracked 
| 116|0x0000000088400000, 0x0000000088400000, 0x0000000088500000|  0%| F|  |TAMS 0x0000000088400000, 0x0000000088400000| Untracked 
| 117|0x0000000088500000, 0x0000000088500000, 0x0000000088600000|  0%| F|  |TAMS 0x0000000088500000, 0x0000000088500000| Untracked 
| 118|0x0000000088600000, 0x0000000088600000, 0x0000000088700000|  0%| F|  |TAMS 0x0000000088600000, 0x0000000088600000| Untracked 
| 119|0x0000000088700000, 0x0000000088700000, 0x0000000088800000|  0%| F|  |TAMS 0x0000000088700000, 0x0000000088700000| Untracked 
| 120|0x0000000088800000, 0x0000000088800000, 0x0000000088900000|  0%| F|  |TAMS 0x0000000088800000, 0x0000000088800000| Untracked 
| 121|0x0000000088900000, 0x0000000088900000, 0x0000000088a00000|  0%| F|  |TAMS 0x0000000088900000, 0x0000000088900000| Untracked 
| 122|0x0000000088a00000, 0x0000000088a00000, 0x0000000088b00000|  0%| F|  |TAMS 0x0000000088a00000, 0x0000000088a00000| Untracked 
| 123|0x0000000088b00000, 0x0000000088b00000, 0x0000000088c00000|  0%| F|  |TAMS 0x0000000088b00000, 0x0000000088b00000| Untracked 
| 124|0x0000000088c00000, 0x0000000088c00000, 0x0000000088d00000|  0%| F|  |TAMS 0x0000000088c00000, 0x0000000088c00000| Untracked 
| 125|0x0000000088d00000, 0x0000000088d00000, 0x0000000088e00000|  0%| F|  |TAMS 0x0000000088d00000, 0x0000000088d00000| Untracked 
| 126|0x0000000088e00000, 0x0000000088e00000, 0x0000000088f00000|  0%| F|  |TAMS 0x0000000088e00000, 0x0000000088e00000| Untracked 
| 127|0x0000000088f00000, 0x0000000089000000, 0x0000000089000000|100%| E|  |TAMS 0x0000000088f00000, 0x0000000088f00000| Complete 

Card table byte_map: [0x0000020b54490000,0x0000020b54890000] _byte_map_base: 0x0000020b54088000

Marking Bits (Prev, Next): (CMBitMap*) 0x0000020b3680d3a8, (CMBitMap*) 0x0000020b3680d3e0
 Prev Bits: [0x0000020b54c90000, 0x0000020b56c50000)
 Next Bits: [0x0000020b56c50000, 0x0000020b58c10000)

Polling page: 0x0000020b34910000

Metaspace:

Usage:
  Non-class:      7.17 MB capacity,     4.84 MB ( 68%) used,     2.32 MB ( 32%) free+waste,    12.75 KB ( <1%) overhead. 
      Class:    647.00 KB capacity,   342.16 KB ( 53%) used,   298.40 KB ( 46%) free+waste,     6.44 KB ( <1%) overhead. 
       Both:      7.80 MB capacity,     5.18 MB ( 66%) used,     2.61 MB ( 33%) free+waste,    19.19 KB ( <1%) overhead. 

Virtual space:
  Non-class space:        8.00 MB reserved,       7.25 MB ( 91%) committed 
      Class space:        1.00 GB reserved,     768.00 KB ( <1%) committed 
             Both:        1.01 GB reserved,       8.00 MB ( <1%) committed 

Chunk freelists:
   Non-Class:  19.00 KB
       Class:  25.00 KB
        Both:  44.00 KB

MaxMetaspaceSize: 17179869184.00 GB
CompressedClassSpaceSize: 1.00 GB
Initial GC threshold: 20.80 MB
Current GC threshold: 20.80 MB
CDS: on

CodeHeap 'non-profiled nmethods': size=160704Kb used=235Kb max_used=235Kb free=160468Kb
 bounds [0x0000020b4a3a0000, 0x0000020b4b3a0000, 0x0000020b54090000]
CodeHeap 'profiled nmethods': size=160704Kb used=1649Kb max_used=1649Kb free=159054Kb
 bounds [0x0000020b406b0000, 0x0000020b416b0000, 0x0000020b4a3a0000]
CodeHeap 'non-nmethods': size=6272Kb used=1647Kb max_used=2210Kb free=4624Kb
 bounds [0x0000020b40090000, 0x0000020b406b0000, 0x0000020b406b0000]
 total_blobs=1784 nmethods=834 adapters=871
 compilation: enabled
              stopped_count=0, restarted_count=0
 full_count=0

JVMCI Events (20 events):
Event: 4.003 Thread 0x0000020b5ba9b800 initializing JVMCI runtime 0
Event: 4.003 Thread 0x0000020b5ba9b800 done waiting for JavaVM references initialization in JVMCI runtime 0
Event: 4.004 Thread 0x0000020b5ba9b800 initialized JVMCI runtime 0
Event: 5.059 Thread 0x0000020b5ba9b800 detaching from JVMCI runtime 0: releasing idle compiler thread (0 other threads still attached)
Event: 5.059 Thread 0x0000020b5ba9b800 shutting down HotSpotJVMCIRuntime for JVMCI runtime 0
Event: 5.059 Thread 0x0000020b5ba9b800 shut down JVMCI runtime 0
Event: 5.061 Thread 0x0000020b5ba9b800 destroyed JavaVM[2]@0x0000020b5d6d8080 for JVMCI runtime 0
Event: 5.061 Thread 0x0000020b5ba9b800 releasing handles for JVMCI runtime 0: oop handles=52, metadata handles={total=97, live=96, blocks=7}
Event: 5.061 Thread 0x0000020b5ba9b800 detached from JVMCI runtime 0
Event: 8.062 Thread 0x0000020b5ba9b800 attached to JVMCI runtime 0
Event: 8.064 Thread 0x0000020b5ba9b800 created JavaVM[3]@0x0000020b5d6d8080 for JVMCI runtime 0
Event: 8.064 Thread 0x0000020b5ba9b800 initializing JVMCI runtime 0
Event: 8.064 Thread 0x0000020b5ba9b800 done waiting for JavaVM references initialization in JVMCI runtime 0
Event: 8.065 Thread 0x0000020b5ba9b800 initialized JVMCI runtime 0
Event: 11.912 Thread 0x0000020b5ba9b800 detaching from JVMCI runtime 0: releasing idle compiler thread (0 other threads still attached)
Event: 11.912 Thread 0x0000020b5ba9b800 shutting down HotSpotJVMCIRuntime for JVMCI runtime 0
Event: 11.912 Thread 0x0000020b5ba9b800 shut down JVMCI runtime 0
Event: 11.915 Thread 0x0000020b5ba9b800 destroyed JavaVM[3]@0x0000020b5d6d8080 for JVMCI runtime 0
Event: 11.915 Thread 0x0000020b5ba9b800 releasing handles for JVMCI runtime 0: oop handles=39, metadata handles={total=137, live=135, blocks=7}
Event: 11.915 Thread 0x0000020b5ba9b800 detached from JVMCI runtime 0

Compilation events (20 events):
Event: 10.778 Thread 0x0000020b5ba9e000 nmethod 824 0x0000020b40844990 code [0x0000020b40844ba0, 0x0000020b40845768]
Event: 10.778 Thread 0x0000020b5ca4b800 nmethod 825 0x0000020b40845a10 code [0x0000020b40845c60, 0x0000020b40846568]
Event: 10.904 Thread 0x0000020b5ba9e000  826       3       java.net.URL::getDefaultPort (8 bytes)
Event: 10.905 Thread 0x0000020b5ba9e000 nmethod 826 0x0000020b40846990 code [0x0000020b40846b40, 0x0000020b40846eb8]
Event: 10.905 Thread 0x0000020b5ca4b800  827       3       java.util.ArrayDeque::pollFirst (36 bytes)
Event: 10.905 Thread 0x0000020b5ca4b800 nmethod 827 0x0000020b40846f90 code [0x0000020b40847160, 0x0000020b408476f8]
Event: 10.908 Thread 0x0000020b5ba9e000  829       3       java.lang.invoke.MemberName::getType (19 bytes)
Event: 10.908 Thread 0x0000020b5ca4b800  828       3       sun.invoke.util.VerifyAccess::isSamePackage (32 bytes)
Event: 10.908 Thread 0x0000020b5ba9e000 nmethod 829 0x0000020b40847890 code [0x0000020b40847a60, 0x0000020b40847e18]
Event: 10.908 Thread 0x0000020b5ba9e000  830       3       jdk.internal.org.objectweb.asm.MethodVisitor::<init> (35 bytes)
Event: 10.909 Thread 0x0000020b5ba9e000 nmethod 830 0x0000020b40847f90 code [0x0000020b40848160, 0x0000020b408484a8]
Event: 10.909 Thread 0x0000020b5ba9e000  831       3       java.lang.reflect.Modifier::isProtected (12 bytes)
Event: 10.909 Thread 0x0000020b5ba9e000 nmethod 831 0x0000020b40848610 code [0x0000020b408487a0, 0x0000020b408488d8]
Event: 10.909 Thread 0x0000020b5ca4b800 nmethod 828 0x0000020b40848990 code [0x0000020b40848ca0, 0x0000020b4084a708]
Event: 13.323 Thread 0x0000020b5ba9e000  832       3       java.util.jar.Attributes::getValue (9 bytes)
Event: 13.323 Thread 0x0000020b5ca4b800  833       3       java.util.jar.Attributes::get (11 bytes)
Event: 13.324 Thread 0x0000020b5ca4b800 nmethod 833 0x0000020b4084ad90 code [0x0000020b4084af40, 0x0000020b4084b2a8]
Event: 13.324 Thread 0x0000020b5ba9e000 nmethod 832 0x0000020b4084b390 code [0x0000020b4084b560, 0x0000020b4084bb88]
Event: 15.643 Thread 0x0000020b5ca4b800  834   !   3       jdk.internal.loader.BuiltinClassLoader::findClassOnClassPathOrNull (64 bytes)
Event: 15.644 Thread 0x0000020b5ca4b800 nmethod 834 0x0000020b4084bc90 code [0x0000020b4084bea0, 0x0000020b4084c538]

GC Heap History (2 events):
Event: 10.618 GC heap before
{Heap before GC invocations=0 (full 0):
 garbage-first heap   total 131072K, used 14336K [0x0000000081000000, 0x0000000100000000)
  region size 1024K, 14 young (14336K), 0 survivors (0K)
 Metaspace       used 5008K, capacity 7726K, committed 7936K, reserved 1056768K
  class space    used 325K, capacity 645K, committed 768K, reserved 1048576K
}
Event: 10.622 GC heap after
{Heap after GC invocations=1 (full 0):
 garbage-first heap   total 131072K, used 2523K [0x0000000081000000, 0x0000000100000000)
  region size 1024K, 2 young (2048K), 2 survivors (2048K)
 Metaspace       used 5008K, capacity 7726K, committed 7936K, reserved 1056768K
  class space    used 325K, capacity 645K, committed 768K, reserved 1048576K
}

Deoptimization events (20 events):
Event: 0.655 Thread 0x0000020b367bd000 DEOPT PACKING pc=0x0000020b4073658c sp=0x0000001979cfdf20
Event: 0.655 Thread 0x0000020b367bd000 DEOPT UNPACKING pc=0x0000020b400da771 sp=0x0000001979cfd388 mode 0
Event: 0.751 Thread 0x0000020b367bd000 DEOPT PACKING pc=0x0000020b4076ccf2 sp=0x0000001979cfbf80
Event: 0.752 Thread 0x0000020b367bd000 DEOPT UNPACKING pc=0x0000020b400da771 sp=0x0000001979cfb408 mode 0
Event: 0.754 Thread 0x0000020b367bd000 DEOPT PACKING pc=0x0000020b40705fd0 sp=0x0000001979cfc060
Event: 0.754 Thread 0x0000020b367bd000 DEOPT UNPACKING pc=0x0000020b400da771 sp=0x0000001979cfb4e8 mode 0
Event: 0.804 Thread 0x0000020b367bd000 Uncommon trap: trap_request=0xffffffed fr.pc=0x0000020b4a3bb98a relative=0x0000000000000cea
Event: 0.804 Thread 0x0000020b367bd000 Uncommon trap: reason=null_assert_or_unreached0 action=reinterpret pc=0x0000020b4a3bb98a method=java.util.HashMap.putVal(ILjava/lang/Object;Ljava/lang/Object;ZZ)Ljava/lang/Object; @ 29 jvmci
Event: 0.804 Thread 0x0000020b367bd000 DEOPT PACKING pc=0x0000020b4a3bb98a sp=0x0000001979cfebf0
Event: 0.804 Thread 0x0000020b367bd000 DEOPT UNPACKING pc=0x0000020b400da771 sp=0x0000001979cfe0a0 mode 3
Event: 1.097 Thread 0x0000020b367bd000 DEOPT PACKING pc=0x0000020b4075775d sp=0x0000001979cfeaf0
Event: 1.097 Thread 0x0000020b367bd000 DEOPT UNPACKING pc=0x0000020b400da771 sp=0x0000001979cfdf50 mode 0
Event: 8.977 Thread 0x0000020b367bd000 DEOPT PACKING pc=0x0000020b407107f3 sp=0x0000001979cfd7d0
Event: 8.977 Thread 0x0000020b367bd000 DEOPT UNPACKING pc=0x0000020b400da771 sp=0x0000001979cfcc30 mode 0
Event: 10.576 Thread 0x0000020b367bd000 Uncommon trap: trap_request=0xffffffe5 fr.pc=0x0000020b4a3d65b3 relative=0x0000000000000293
Event: 10.576 Thread 0x0000020b367bd000 Uncommon trap: reason=range_check action=reinterpret pc=0x0000020b4a3d65b3 method=java.lang.StringLatin1.indexOf([BI[BII)I @ 0 jvmci
Event: 10.576 Thread 0x0000020b367bd000 DEOPT PACKING pc=0x0000020b4a3d65b3 sp=0x0000001979cfed60
Event: 10.576 Thread 0x0000020b367bd000 DEOPT UNPACKING pc=0x0000020b400da771 sp=0x0000001979cfe1d0 mode 3
Event: 19.845 Thread 0x0000020b367bd000 DEOPT PACKING pc=0x0000020b4081dd73 sp=0x0000001979cfd960
Event: 19.845 Thread 0x0000020b367bd000 DEOPT UNPACKING pc=0x0000020b400da771 sp=0x0000001979cfcdc0 mode 0

Classes redefined (0 events):
No events

Internal exceptions (19 events):
Event: 0.490 Thread 0x0000020b367bd000 Exception <a 'java/lang/NoSuchMethodError'{0x0000000088ce95e8}: 'void java.lang.invoke.DelegatingMethodHandle$Holder.delegate(java.lang.Object, java.lang.Object, int, java.lang.Object)'> (0x0000000088ce95e8) thrown at [./src/hotspot/share/interpreter/linkResolver.cpp, line 773]
Event: 0.495 Thread 0x0000020b367bd000 Exception <a 'java/lang/NoSuchMethodError'{0x0000000088cf0958}: 'java.lang.Object java.lang.invoke.DirectMethodHandle$Holder.invokeStaticInit(java.lang.Object, java.lang.Object, java.lang.Object)'> (0x0000000088cf0958) thrown at [./src/hotspot/share/interpreter/linkResolver.cpp, line 773]
Event: 0.504 Thread 0x0000020b367bd000 Exception <a 'java/lang/NoSuchMethodError'{0x0000000088b16c28}: 'int java.lang.invoke.DirectMethodHandle$Holder.invokeSpecialIFC(java.lang.Object, java.lang.Object, int)'> (0x0000000088b16c28) thrown at [./src/hotspot/share/interpreter/linkResolver.cpp, line 773]
Event: 0.554 Thread 0x0000020b367bd000 Exception <a 'sun/nio/fs/WindowsException'{0x0000000088bdcc68}> (0x0000000088bdcc68) thrown at [./src/hotspot/share/prims/jni.cpp, line 613]
Event: 0.555 Thread 0x0000020b367bd000 Exception <a 'sun/nio/fs/WindowsException'{0x0000000088bdd128}> (0x0000000088bdd128) thrown at [./src/hotspot/share/prims/jni.cpp, line 613]
Event: 0.622 Thread 0x0000020b367bd000 Exception <a 'sun/nio/fs/WindowsException'{0x0000000088ade7d0}> (0x0000000088ade7d0) thrown at [./src/hotspot/share/prims/jni.cpp, line 613]
Event: 0.622 Thread 0x0000020b367bd000 Exception <a 'sun/nio/fs/WindowsException'{0x0000000088adeaa0}> (0x0000000088adeaa0) thrown at [./src/hotspot/share/prims/jni.cpp, line 613]
Event: 0.634 Thread 0x0000020b367bd000 Exception <a 'java/lang/NoSuchMethodError'{0x000000008892d460}: 'int java.lang.invoke.DirectMethodHandle$Holder.invokeStaticInit(java.lang.Object, java.lang.Object, int, long)'> (0x000000008892d460) thrown at [./src/hotspot/share/interpreter/linkResolver.cpp, line 773]
Event: 0.637 Thread 0x0000020b367bd000 Exception <a 'java/lang/NoSuchMethodError'{0x0000000088932608}: 'java.lang.Object java.lang.invoke.Invokers$Holder.linkToTargetMethod(java.lang.Object, int, java.lang.Object)'> (0x0000000088932608) thrown at [./src/hotspot/share/interpreter/linkResolver.cpp, line 773]
Event: 0.639 Thread 0x0000020b367bd000 Exception <a 'java/lang/NoSuchMethodError'{0x000000008893f528}: 'int java.lang.invoke.DirectMethodHandle$Holder.invokeStaticInit(java.lang.Object, java.lang.Object, long, long)'> (0x000000008893f528) thrown at [./src/hotspot/share/interpreter/linkResolver.cpp, line 773]
Event: 0.640 Thread 0x0000020b367bd000 Exception <a 'java/lang/NoSuchMethodError'{0x000000008894ac88}: 'java.lang.Object java.lang.invoke.Invokers$Holder.linkToTargetMethod(java.lang.Object, long, java.lang.Object)'> (0x000000008894ac88) thrown at [./src/hotspot/share/interpreter/linkResolver.cpp, line 773]
Event: 0.643 Thread 0x0000020b367bd000 Exception <a 'java/lang/NoSuchMethodError'{0x0000000088950fc0}: 'int java.lang.invoke.DirectMethodHandle$Holder.invokeStaticInit(java.lang.Object, java.lang.Object, java.lang.Object, long)'> (0x0000000088950fc0) thrown at [./src/hotspot/share/interpreter/linkResolver.cpp, line 773]
Event: 0.759 Thread 0x0000020b367bd000 Exception <a 'sun/nio/fs/WindowsException'{0x000000008874f580}> (0x000000008874f580) thrown at [./src/hotspot/share/prims/jni.cpp, line 613]
Event: 0.759 Thread 0x0000020b367bd000 Exception <a 'sun/nio/fs/WindowsException'{0x000000008874f7d0}> (0x000000008874f7d0) thrown at [./src/hotspot/share/prims/jni.cpp, line 613]
Event: 1.091 Thread 0x0000020b367bd000 Exception <a 'java/lang/NoSuchMethodError'{0x00000000886a5710}: 'java.lang.Object java.lang.invoke.DirectMethodHandle$Holder.invokeStatic(java.lang.Object, long)'> (0x00000000886a5710) thrown at [./src/hotspot/share/interpreter/linkResolver.cpp, line 773]
Event: 1.091 Thread 0x0000020b367bd000 Exception <a 'java/lang/NoSuchMethodError'{0x00000000886a87a8}: 'java.lang.Object java.lang.invoke.DirectMethodHandle$Holder.invokeSpecial(java.lang.Object, java.lang.Object, long)'> (0x00000000886a87a8) thrown at [./src/hotspot/share/interpreter/linkResolver.cpp, line 773]
Event: 8.074 Thread 0x0000020b367bd000 Exception <a 'java/lang/NoSuchMethodError'{0x00000000885d2b90}: 'void java.lang.invoke.DirectMethodHandle$Holder.invokeStatic(java.lang.Object, long)'> (0x00000000885d2b90) thrown at [./src/hotspot/share/interpreter/linkResolver.cpp, line 773]
Event: 10.615 Thread 0x0000020b367bd000 Exception <a 'sun/nio/fs/WindowsException'{0x00000000882e8db0}> (0x00000000882e8db0) thrown at [./src/hotspot/share/prims/jni.cpp, line 613]
Event: 10.615 Thread 0x0000020b367bd000 Exception <a 'sun/nio/fs/WindowsException'{0x00000000882e90b0}> (0x00000000882e90b0) thrown at [./src/hotspot/share/prims/jni.cpp, line 613]

Events (20 events):
Event: 25.308 Executing VM operation: GetFrameCount
Event: 25.308 Executing VM operation: GetFrameCount done
Event: 25.308 Executing VM operation: GetStackTrace
Event: 25.308 Executing VM operation: GetStackTrace done
Event: 25.338 Executing VM operation: GetFrameCount
Event: 25.338 Executing VM operation: GetFrameCount done
Event: 25.338 Executing VM operation: GetFrameCount
Event: 25.338 Executing VM operation: GetFrameCount done
Event: 25.338 Executing VM operation: GetStackTrace
Event: 25.338 Executing VM operation: GetStackTrace done
Event: 25.734 Executing VM operation: GetOrSetLocal
Event: 25.734 Executing VM operation: GetOrSetLocal done
Event: 25.734 Executing VM operation: GetOrSetLocal
Event: 25.734 Executing VM operation: GetOrSetLocal done
Event: 25.734 Executing VM operation: GetOrSetLocal
Event: 25.734 Executing VM operation: GetOrSetLocal done
Event: 25.735 Executing VM operation: GetFrameLocation
Event: 25.735 Executing VM operation: GetFrameLocation done
Event: 25.735 Executing VM operation: GetOrSetLocal
Event: 25.735 Executing VM operation: GetOrSetLocal done


Dynamic libraries:
0x00007ff748ad0000 - 0x00007ff748add000 	C:\Program Files\Java\graalvm-ce-java11-22.3.0\bin\java.exe
0x00007ffd4c0f0000 - 0x00007ffd4c2e8000 	C:\Windows\SYSTEM32\ntdll.dll
0x00007ffd4b5a0000 - 0x00007ffd4b65f000 	C:\Windows\System32\KERNEL32.DLL
0x00007ffd49a60000 - 0x00007ffd49d32000 	C:\Windows\System32\KERNELBASE.dll
0x00007ffd470b0000 - 0x00007ffd47141000 	C:\Windows\SYSTEM32\apphelp.dll
0x00007ffcad770000 - 0x00007ffcadc04000 	C:\Windows\SYSTEM32\AcLayers.DLL
0x00007ffd4b1d0000 - 0x00007ffd4b26e000 	C:\Windows\System32\msvcrt.dll
0x00007ffd4aeb0000 - 0x00007ffd4b051000 	C:\Windows\System32\USER32.dll
0x00007ffd49d40000 - 0x00007ffd49d62000 	C:\Windows\System32\win32u.dll
0x00007ffd4b280000 - 0x00007ffd4b2ab000 	C:\Windows\System32\GDI32.dll
0x00007ffd4a020000 - 0x00007ffd4a12f000 	C:\Windows\System32\gdi32full.dll
0x00007ffd49810000 - 0x00007ffd498ad000 	C:\Windows\System32\msvcp_win.dll
0x00007ffd49960000 - 0x00007ffd49a60000 	C:\Windows\System32\ucrtbase.dll
0x00007ffd4b2b0000 - 0x00007ffd4b305000 	C:\Windows\System32\SHLWAPI.dll
0x00007ffd4b970000 - 0x00007ffd4ba1e000 	C:\Windows\System32\ADVAPI32.dll
0x00007ffd4b800000 - 0x00007ffd4b89c000 	C:\Windows\System32\sechost.dll
0x00007ffd4b660000 - 0x00007ffd4b785000 	C:\Windows\System32\RPCRT4.dll
0x0000020b34520000 - 0x0000020b34523000 	C:\Windows\SYSTEM32\sfc.dll
0x00007ffd2fb10000 - 0x00007ffd2fba8000 	C:\Windows\SYSTEM32\WINSPOOL.DRV
0x00007ffd2dff0000 - 0x00007ffd2e002000 	C:\Windows\SYSTEM32\sfc_os.DLL
0x00007ffd4c070000 - 0x00007ffd4c0a2000 	C:\Windows\System32\IMM32.DLL
0x00007ffd36380000 - 0x00007ffd36395000 	C:\Program Files\Java\graalvm-ce-java11-22.3.0\bin\VCRUNTIME140.dll
0x00007ffd2e490000 - 0x00007ffd2e4a7000 	C:\Program Files\Java\graalvm-ce-java11-22.3.0\bin\jli.dll
0x00007ffd3cb20000 - 0x00007ffd3cdba000 	C:\Windows\WinSxS\amd64_microsoft.windows.common-controls_6595b64144ccf1df_6.0.19041.1110_none_60b5254171f9507e\COMCTL32.dll
0x00007ffd2a890000 - 0x00007ffd2a92b000 	C:\Program Files\Java\graalvm-ce-java11-22.3.0\bin\msvcp140.dll
0x00007ffcacc30000 - 0x00007ffcad764000 	C:\Program Files\Java\graalvm-ce-java11-22.3.0\bin\server\jvm.dll
0x00007ffd4b270000 - 0x00007ffd4b278000 	C:\Windows\System32\PSAPI.DLL
0x00007ffd37bc0000 - 0x00007ffd37bc9000 	C:\Windows\SYSTEM32\WSOCK32.dll
0x00007ffd3c360000 - 0x00007ffd3c387000 	C:\Windows\SYSTEM32\WINMM.dll
0x00007ffd4b790000 - 0x00007ffd4b7fb000 	C:\Windows\System32\WS2_32.dll
0x00007ffd44ab0000 - 0x00007ffd44aba000 	C:\Windows\SYSTEM32\VERSION.dll
0x00007ffd475e0000 - 0x00007ffd475f2000 	C:\Windows\SYSTEM32\kernel.appcore.dll
0x00007ffd36370000 - 0x00007ffd36380000 	C:\Program Files\Java\graalvm-ce-java11-22.3.0\bin\verify.dll
0x00007ffd44100000 - 0x00007ffd442e4000 	C:\Windows\SYSTEM32\DBGHELP.DLL
0x00007ffd44070000 - 0x00007ffd440a5000 	C:\Windows\SYSTEM32\dbgcore.DLL
0x00007ffd49f20000 - 0x00007ffd49fa2000 	C:\Windows\System32\bcryptPrimitives.dll
0x00007ffd2b440000 - 0x00007ffd2b468000 	C:\Program Files\Java\graalvm-ce-java11-22.3.0\bin\java.dll
0x00007ffd2b430000 - 0x00007ffd2b43a000 	C:\Program Files\Java\graalvm-ce-java11-22.3.0\bin\jimage.dll
0x00007ffd2a850000 - 0x00007ffd2a888000 	C:\Program Files\Java\graalvm-ce-java11-22.3.0\bin\jdwp.dll
0x00007ffd2b410000 - 0x00007ffd2b428000 	C:\Program Files\Java\graalvm-ce-java11-22.3.0\bin\zip.dll
0x00007ffd4a210000 - 0x00007ffd4a954000 	C:\Windows\System32\SHELL32.dll
0x00007ffd478c0000 - 0x00007ffd48052000 	C:\Windows\SYSTEM32\windows.storage.dll
0x00007ffd4a9c0000 - 0x00007ffd4ad15000 	C:\Windows\System32\combase.dll
0x00007ffd49240000 - 0x00007ffd49270000 	C:\Windows\SYSTEM32\Wldp.dll
0x00007ffd4b8a0000 - 0x00007ffd4b94d000 	C:\Windows\System32\SHCORE.dll
0x00007ffd49720000 - 0x00007ffd4973f000 	C:\Windows\SYSTEM32\profapi.dll
0x00007ffd2b3e0000 - 0x00007ffd2b3ea000 	C:\Program Files\Java\graalvm-ce-java11-22.3.0\bin\dt_socket.dll
0x00007ffd48fa0000 - 0x00007ffd4900a000 	C:\Windows\System32\mswsock.dll
0x00007ffd48c80000 - 0x00007ffd48d4a000 	C:\Windows\SYSTEM32\DNSAPI.dll
0x00007ffd48c40000 - 0x00007ffd48c7b000 	C:\Windows\SYSTEM32\IPHLPAPI.DLL
0x00007ffd4be90000 - 0x00007ffd4be98000 	C:\Windows\System32\NSI.dll
0x00007ffd41820000 - 0x00007ffd418a0000 	C:\Windows\System32\fwpuclnt.dll
0x00007ffd497e0000 - 0x00007ffd49807000 	C:\Windows\System32\bcrypt.dll
0x00007ffd43f40000 - 0x00007ffd43f4a000 	C:\Windows\System32\rasadhlp.dll
0x00007ffcaadc0000 - 0x00007ffcacc2d000 	C:\Program Files\Java\graalvm-ce-java11-22.3.0\bin\jvmcicompiler.dll
0x00007ffd496e0000 - 0x00007ffd4970e000 	C:\Windows\SYSTEM32\USERENV.dll
0x00007ffd2a830000 - 0x00007ffd2a849000 	C:\Program Files\Java\graalvm-ce-java11-22.3.0\bin\net.dll
0x00007ffd439b0000 - 0x00007ffd43abc000 	C:\Windows\SYSTEM32\WINHTTP.dll
0x00007ffd2a810000 - 0x00007ffd2a823000 	C:\Program Files\Java\graalvm-ce-java11-22.3.0\bin\nio.dll
0x00007ffd2a3b0000 - 0x00007ffd2a425000 	C:\!TEMP\lwjglDaniil\3.3.1-build-7\lwjgl.dll
0x00007ffd2a7a0000 - 0x00007ffd2a801000 	C:\!TEMP\lwjglDaniil\3.3.1-build-7\glfw.dll
0x00007ffd2a450000 - 0x00007ffd2a495000 	C:\Windows\SYSTEM32\dinput8.dll
0x00007ffced890000 - 0x00007ffced8a1000 	C:\Windows\SYSTEM32\xinput1_4.dll
0x00007ffd49d70000 - 0x00007ffd49dbe000 	C:\Windows\System32\cfgmgr32.dll
0x00007ffd49590000 - 0x00007ffd495bc000 	C:\Windows\SYSTEM32\DEVOBJ.dll
0x00007ffd475b0000 - 0x00007ffd475df000 	C:\Windows\SYSTEM32\dwmapi.dll
0x00007ffd36550000 - 0x00007ffd366a2000 	C:\Windows\SYSTEM32\inputhost.dll
0x00007ffd4b060000 - 0x00007ffd4b12d000 	C:\Windows\System32\OLEAUT32.dll
0x00007ffd41720000 - 0x00007ffd41816000 	C:\Windows\SYSTEM32\PROPSYS.dll
0x00007ffd46e60000 - 0x00007ffd46f52000 	C:\Windows\SYSTEM32\CoreMessaging.dll
0x00007ffd45750000 - 0x00007ffd458a4000 	C:\Windows\SYSTEM32\wintypes.dll
0x00007ffd46b00000 - 0x00007ffd46e5e000 	C:\Windows\SYSTEM32\CoreUIComponents.dll
0x00007ffd48970000 - 0x00007ffd489a3000 	C:\Windows\SYSTEM32\ntmarta.dll
0x00007ffd471f0000 - 0x00007ffd4728e000 	C:\Windows\system32\uxtheme.dll
0x00007ffd4bea0000 - 0x00007ffd4bfb5000 	C:\Windows\System32\MSCTF.dll
0x00007ffd37fb0000 - 0x00007ffd380a9000 	C:\Windows\SYSTEM32\textinputframework.dll
0x00007ffd1ef30000 - 0x00007ffd1f09b000 	C:\Windows\SYSTEM32\vulkan-1.dll
0x00007ffd480a0000 - 0x00007ffd48193000 	C:\Windows\system32\dxgi.dll
0x00007ffca7480000 - 0x00007ffcaadb1000 	C:\Windows\System32\DriverStore\FileRepository\nv_dispi.inf_amd64_009debfbd2e1619b\nvoglv64.dll
0x00007ffd4ba20000 - 0x00007ffd4be88000 	C:\Windows\System32\SETUPAPI.dll
0x00007ffd4ad20000 - 0x00007ffd4ae4a000 	C:\Windows\System32\ole32.dll
0x00007ffd455a0000 - 0x00007ffd455b4000 	C:\Windows\SYSTEM32\WTSAPI32.dll
0x00007ffd493d0000 - 0x00007ffd493e2000 	C:\Windows\SYSTEM32\msasn1.dll
0x00007ffd44a60000 - 0x00007ffd44a91000 	C:\Windows\SYSTEM32\cryptnet.dll
0x00007ffd49dc0000 - 0x00007ffd49f16000 	C:\Windows\System32\CRYPT32.dll
0x00007ffd44910000 - 0x00007ffd44a58000 	C:\Windows\SYSTEM32\drvstore.dll
0x00007ffd49190000 - 0x00007ffd4919c000 	C:\Windows\SYSTEM32\cryptbase.dll
0x00007ffd49fb0000 - 0x00007ffd4a019000 	C:\Windows\System32\WINTRUST.dll
0x00007ffd4bfc0000 - 0x00007ffd4c06f000 	C:\Windows\System32\clbcatq.dll
0x00007ffca3030000 - 0x00007ffca52bc000 	C:\VulkanSDK\1.3.231.1\Bin\VkLayer_khronos_validation.dll
0x00007ffd30cc0000 - 0x00007ffd30cfb000 	C:\Windows\SYSTEM32\dxcore.dll
0x00007ffd23030000 - 0x00007ffd232ff000 	C:\Windows\system32\nvspcap64.dll
0x00007ffd42160000 - 0x00007ffd428cf000 	C:\Windows\SYSTEM32\nvapi64.dll
0x00007ffd4b950000 - 0x00007ffd4b96d000 	C:\Windows\System32\imagehlp.dll
0x00007ffd491a0000 - 0x00007ffd491b8000 	C:\Windows\SYSTEM32\CRYPTSP.dll
0x00007ffd48850000 - 0x00007ffd48884000 	C:\Windows\system32\rsaenh.dll
0x00007ffd48070000 - 0x00007ffd48093000 	C:\Windows\SYSTEM32\gpapi.dll
0x00007ffd214c0000 - 0x00007ffd2156e000 	C:\Windows\System32\DriverStore\FileRepository\nv_dispi.inf_amd64_009debfbd2e1619b\NvCamera\NvCameraAllowlisting64.dll
0x00007ffcbe300000 - 0x00007ffcbe425000 	C:\Windows\SYSTEM32\opengl32.dll
0x00007ffd2a350000 - 0x00007ffd2a37c000 	C:\Windows\SYSTEM32\GLU32.dll
0x00007ffd48db0000 - 0x00007ffd48dfb000 	C:\Windows\SYSTEM32\powrprof.dll
0x00007ffd48c20000 - 0x00007ffd48c32000 	C:\Windows\SYSTEM32\UMPDC.dll
0x00007ffd48680000 - 0x00007ffd486e4000 	C:\Windows\SYSTEM32\WINSTA.dll
0x00007ffca7030000 - 0x00007ffca747a000 	C:\!TEMP\lwjglDaniil\3.3.1-build-7\shaderc.dll

dbghelp: loaded successfully - version: 4.0.5 - missing functions: none
symbol engine: initialized successfully - sym options: 0x614 - pdb path: .;C:\Program Files\Java\graalvm-ce-java11-22.3.0\bin;C:\Windows\SYSTEM32;C:\Windows\WinSxS\amd64_microsoft.windows.common-controls_6595b64144ccf1df_6.0.19041.1110_none_60b5254171f9507e;C:\Program Files\Java\graalvm-ce-java11-22.3.0\bin\server;C:\!TEMP\lwjglDaniil\3.3.1-build-7;C:\Windows\System32\DriverStore\FileRepository\nv_dispi.inf_amd64_009debfbd2e1619b;C:\VulkanSDK\1.3.231.1\Bin;C:\Windows\System32\DriverStore\FileRepository\nv_dispi.inf_amd64_009debfbd2e1619b\NvCamera

VM Arguments:
jvm_args: -XX:ThreadPriorityPolicy=1 -XX:+UnlockExperimentalVMOptions -XX:+EnableJVMCIProduct -XX:JVMCIThreadsPerNativeLibraryRuntime=1 -XX:-UnlockExperimentalVMOptions -agentlib:jdwp=transport=dt_socket,server=n,suspend=y,address=localhost:58591 
java_command: com.kgaft.KGAFTEngine.Main
java_class_path (initial): E:\documents\projects\GitHub\JavaGameEngine\target\classes;C:\Users\Daniil\.m2\repository\org\lwjgl\lwjgl\3.3.1\lwjgl-3.3.1.jar;C:\Users\Daniil\.m2\repository\org\l33tlabs\twl\pngdecoder\1.0\pngdecoder-1.0.jar;C:\Users\Daniil\.m2\repository\org\lwjgl\lwjgl-assimp\3.3.1\lwjgl-assimp-3.3.1.jar;C:\Users\Daniil\.m2\repository\org\lwjgl\lwjgl-glfw\3.3.1\lwjgl-glfw-3.3.1.jar;C:\Users\Daniil\.m2\repository\org\lwjgl\lwjgl-openal\3.3.1\lwjgl-openal-3.3.1.jar;C:\Users\Daniil\.m2\repository\org\lwjgl\lwjgl-opengl\3.3.1\lwjgl-opengl-3.3.1.jar;C:\Users\Daniil\.m2\repository\org\lwjgl\lwjgl-stb\3.3.1\lwjgl-stb-3.3.1.jar;C:\Users\Daniil\.m2\repository\org\lwjgl\lwjgl-vulkan\3.3.1\lwjgl-vulkan-3.3.1.jar;C:\Users\Daniil\.m2\repository\org\lwjgl\lwjgl\3.3.1\lwjgl-3.3.1-natives-windows.jar;C:\Users\Daniil\.m2\repository\org\lwjgl\lwjgl-assimp\3.3.1\lwjgl-assimp-3.3.1-natives-windows.jar;C:\Users\Daniil\.m2\repository\org\lwjgl\lwjgl-glfw\3.3.1\lwjgl-glfw-3.3.1-natives-windows.jar;C:\Users\Daniil\.m2\repository\org\lwjgl\lwjgl-openal\3.3.1\lwjgl-openal-3.3.1-natives-windows.jar;C:\Users\Daniil\.m2\repository\org\lwjgl\lwjgl-opengl\3.3.1\lwjgl-opengl-3.3.1-natives-windows.jar;C:\Users\Daniil\.m2\repository\org\lwjgl\lwjgl-stb\3.3.1\lwjgl-stb-3.3.1-natives-windows.jar;C:\Users\Daniil\.m2\repository\org\lwjgl\lwjgl\lwjgl_util\2.9.1\lwjgl_util-2.9.1.jar;C:\Users\Daniil\.m2\repository\org\lwjgl\lwjgl\lwjgl\2.9.1\lwjgl-2.9.1.jar;C:\Users\Daniil\.m2\repository\org\lwjgl\lwjgl\lwjgl-platform\2.9.1\lwjgl-platform-2.9.1-natives-windows.jar;C:\Users\Daniil\.m2\repository\org\lwjgl\lwjgl\lwjgl-platform\2.9.1\lwjgl-platform-2.9.1-natives-linux.jar;C:\Users\Daniil\.m2\repository\org\lwjgl\lwjgl\lwjgl-platform\2.9.1\lwjgl-platform-2.9.1-natives-osx.jar;C:\Users\Daniil\.m2\repository\net\java\jinput\jinput\2.0.5\jinput-2.0.5.jar;C:\Users\Daniil\.m2\repository\net\java\jutils\jutils\1.0.0\jutils-1.0.0.jar;C:\Users\Daniil\.m2\repository\net\java\jinput\jinput-platform\2.0.5
Launcher Type: SUN_STANDARD

[Global flags]
     intx CICompilerCount                          = 3                                         {product} {ergonomic}
     uint ConcGCThreads                            = 1                                         {product} {ergonomic}
     bool EnableJVMCIProduct                       = true                                {JVMCI product} {jimage}
     uint G1ConcRefinementThreads                  = 4                                         {product} {ergonomic}
   size_t G1HeapRegionSize                         = 1048576                                   {product} {ergonomic}
    uintx GCDrainStackTargetSize                   = 64                                        {product} {ergonomic}
   size_t InitialHeapSize                          = 134217728                                 {product} {ergonomic}
     uint JVMCIThreadsPerNativeLibraryRuntime      = 1                                   {JVMCI product} {jimage}
   size_t MarkStackSize                            = 4194304                                   {product} {ergonomic}
   size_t MaxHeapSize                              = 2130706432                                {product} {ergonomic}
   size_t MaxNewSize                               = 1278214144                                {product} {ergonomic}
   size_t MinHeapDeltaBytes                        = 1048576                                   {product} {ergonomic}
    uintx NonNMethodCodeHeapSize                   = 6401880                                {pd product} {ergonomic}
    uintx NonProfiledCodeHeapSize                  = 164571220                              {pd product} {ergonomic}
    uintx ProfiledCodeHeapSize                     = 164571220                              {pd product} {ergonomic}
    uintx ReservedCodeCacheSize                    = 335544320                              {pd product} {ergonomic}
     bool SegmentedCodeCache                       = true                                      {product} {ergonomic}
     intx ThreadPriorityPolicy                     = 1                                         {product} {jimage}
     bool UseCompressedClassPointers               = true                                 {lp64_product} {ergonomic}
     bool UseCompressedOops                        = true                                 {lp64_product} {ergonomic}
     bool UseG1GC                                  = true                                      {product} {ergonomic}
     bool UseLargePagesIndividualAllocation        = false                                  {pd product} {ergonomic}

Logging:
Log output configuration:
 #0: stdout all=warning uptime,level,tags
 #1: stderr all=off uptime,level,tags

Environment Variables:
JAVA_HOME=C:\Program Files\Java\graalvm-ce-java11-22.3.0
PATH=C:\VulkanSDK\1.3.231.1\Bin;C:\Windows\system32;C:\Windows;C:\Windows\System32\Wbem;C:\Windows\System32\WindowsPowerShell\v1.0\;C:\Windows\System32\OpenSSH\;C:\Program Files (x86)\NVIDIA Corporation\PhysX\Common;C:\Program Files\NVIDIA Corporation\NVIDIA NvDLISR;C:\Program Files\Git\cmd;C:\Program Files\Java\graalvm-ce-java11-22.3.0\bin;C:\Program Files\dotnet\;C:\Program Files\CMake\bin;C:\Users\Daniil\AppData\Local\Microsoft\WindowsApps;;C:\Program Files\JetBrains\PyCharm Community Edition 2022.2.3\bin;;C:\Users\Daniil\AppData\Local\Programs\Microsoft VS Code\bin;C:\Program Files\JetBrains\CLion 2022.3\bin;;C:\Users\Daniil\.dotnet\tools
USERNAME=Daniil
LANG=en_US.UTF-8
OS=Windows_NT
PROCESSOR_IDENTIFIER=Intel64 Family 6 Model 58 Stepping 9, GenuineIntel
TMP=C:\!TEMP
TEMP=C:\!TEMP



---------------  S Y S T E M  ---------------

OS: Windows 10 , 64 bit Build 19041 (10.0.19041.2364)
OS uptime: 0 days 22:50 hours

CPU:total 4 (initial active 4) (4 cores per cpu, 1 threads per core) family 6 model 58 stepping 9 microcode 0x21, cmov, cx8, fxsr, mmx, sse, sse2, sse3, ssse3, sse4.1, sse4.2, popcnt, avx, aes, clmul, erms, tsc, tscinvbit, tscinv

Memory: 4k page, system-wide physical 8126M (2083M free)
TotalPageFile size 16322M (AvailPageFile size 5213M)
current process WorkingSet (physical memory assigned to process): 160M, peak: 208M
current process commit charge ("private bytes"): 334M, peak: 390M

vm_info: OpenJDK 64-Bit Server VM (11.0.17+8-jvmci-22.3-b08) for windows-amd64 JRE (11.0.17+8-jvmci-22.3-b08), built on Oct 19 2022 01:56:15 by "" with MS VC++ 15.9 (VS2017)

END.
