#
# A fatal error has been detected by the Java Runtime Environment:
#
#  EXCEPTION_ACCESS_VIOLATION (0xc0000005) at pc=0x00007ff9fd4c4ed6, pid=7896, tid=5408
#
# JRE version: OpenJDK Runtime Environment GraalVM CE 22.3.0 (11.0.17+8) (build 11.0.17+8-jvmci-22.3-b08)
# Java VM: OpenJDK 64-Bit Server VM GraalVM CE 22.3.0 (11.0.17+8-jvmci-22.3-b08, mixed mode, sharing, tiered, jvmci, jvmci compiler, compressed oops, g1 gc, windows-amd64)
# Problematic frame:
# C  [nvoglv64.dll+0x1714ed6]
#
# No core dump will be written. Minidumps are not enabled by default on client versions of Windows
#
# If you would like to submit a bug report, please visit:
#   https://github.com/oracle/graal/issues
# The crash happened outside the Java Virtual Machine in native code.
# See problematic frame for where to report the bug.
#

---------------  S U M M A R Y ------------

Command Line: -XX:ThreadPriorityPolicy=1 -XX:+UnlockExperimentalVMOptions -XX:+EnableJVMCIProduct -XX:JVMCIThreadsPerNativeLibraryRuntime=1 -XX:-UnlockExperimentalVMOptions com.kgaft.KGAFTEngine.Main

Host: Intel(R) Core(TM) i5-3570 CPU @ 3.40GHz, 4 cores, 7G,  Windows 10 , 64 bit Build 19041 (10.0.19041.2364)
Time: Tue Jan 17 00:12:47 2023 RTZ 2 (s 10 , 64 bit Build 19041 (10.0.19041.2364) elapsed time: 1.271354 seconds (0d 0h 0m 1s)

---------------  T H R E A D  ---------------

Current thread (0x00000192fe70b800):  JavaThread "main" [_thread_in_native, id=5408, stack(0x0000008bc6300000,0x0000008bc6400000)]

Stack: [0x0000008bc6300000,0x0000008bc6400000],  sp=0x0000008bc63fef90,  free space=1019k
Native frames: (J=compiled Java code, j=interpreted, Vv=VM code, C=native code)
C  [nvoglv64.dll+0x1714ed6]

Java frames: (J=compiled Java code, j=interpreted, Vv=VM code)
j  org.lwjgl.system.JNI.callPPPV(JIJIJJ)V+0
j  org.lwjgl.vulkan.VK10.nvkUpdateDescriptorSets(Lorg/lwjgl/vulkan/VkDevice;IJIJ)V+21
j  org.lwjgl.vulkan.VK10.vkUpdateDescriptorSets(Lorg/lwjgl/vulkan/VkDevice;Lorg/lwjgl/vulkan/VkWriteDescriptorSet$Buffer;Lorg/lwjgl/vulkan/VkCopyDescriptorSet$Buffer;)V+17
j  com.kgaft.KGAFTEngine.VulkanRenderer.GraphicsPipeline.DescriptorPool.registerTexture(Lcom/kgaft/KGAFTEngine/VulkanRenderer/GraphicsPipeline/Texture;II)V+168
j  com.kgaft.KGAFTEngine.VulkanRenderer.VulkanRenderContext.prepareData()V+471
j  com.kgaft.KGAFTEngine.VulkanRenderer.VulkanRenderContext.initialize(ZLorg/lwjgl/vulkan/VkPhysicalDevice;Lcom/kgaft/KGAFTEngine/Window/Window;)V+142
j  com.kgaft.KGAFTEngine.Main.main([Ljava/lang/String;)V+99
v  ~StubRoutines::call_stub

siginfo: EXCEPTION_ACCESS_VIOLATION (0xc0000005), reading address 0x0000000000000100


Register to memory mapping:

RIP=0x00007ff9fd4c4ed6 nvoglv64.dll
RAX=0x0 is NULL
RBX=0x0 is NULL
RCX=0x0 is NULL
RDX=0x0 is NULL
RSP=0x0000008bc63fef90 is pointing into the stack for thread: 0x00000192fe70b800
RBP=0x0 is NULL
RSI=0x0 is NULL
RDI=0x0 is NULL
R8 =0x0 is NULL
R9 =0x0 is NULL
R10=0x0 is NULL
R11=0x0 is NULL
R12=0x0 is NULL
R13=0x0 is NULL
R14=0x0 is NULL
R15=0x0 is NULL


Registers:
RAX=0x0000000000000000, RBX=0x0000000000000000, RCX=0x0000000000000000, RDX=0x0000000000000000
RSP=0x0000008bc63fef90, RBP=0x0000000000000000, RSI=0x0000000000000000, RDI=0x0000000000000000
R8 =0x0000000000000000, R9 =0x0000000000000000, R10=0x0000000000000000, R11=0x0000000000000000
R12=0x0000000000000000, R13=0x0000000000000000, R14=0x0000000000000000, R15=0x0000000000000000
RIP=0x00007ff9fd4c4ed6, EFLAGS=0x0000000000010246

Top of Stack: (sp=0x0000008bc63fef90)
0x0000008bc63fef90:   00000192ae92b8a0 0000000000000072
0x0000008bc63fefa0:   0000000000000038 000000000000003f
0x0000008bc63fefb0:   00007ff900000000 0000000000000000
0x0000008bc63fefc0:   00007ff9f9dccf50 0000000000000000
0x0000008bc63fefd0:   0000000000000000 0000000000000000
0x0000008bc63fefe0:   00007ff9f9dccf50 0000000000000000
0x0000008bc63feff0:   00000192ae92bb28 0000000000000000
0x0000008bc63ff000:   00000192a820ee60 00007ff9f9dc4130
0x0000008bc63ff010:   0000000000000001 00007ff9fd4c6755
0x0000008bc63ff020:   0000000000000000 00007ff900000001
0x0000008bc63ff030:   00000192ae92bb28 0000000000000001
0x0000008bc63ff040:   0000000000000000 0000000000000000
0x0000008bc63ff050:   0000000000000000 00007ff9f9d8b4c9
0x0000008bc63ff060:   0000000008b28920 00000192a7ca09d0
0x0000008bc63ff070:   00000192a5e03220 00000192a7ca09d0
0x0000008bc63ff080:   0000000000000000 0000000000000000 

Instructions: (pc=0x00007ff9fd4c4ed6)
0x00007ff9fd4c4dd6:   71 01 b5 46 71 01 3e 49 71 01 ad 41 71 01 cc cc
0x00007ff9fd4c4de6:   cc cc cc cc cc cc cc cc cc cc 85 d2 0f 84 ff 0f
0x00007ff9fd4c4df6:   00 00 48 8b c4 4c 89 40 18 89 50 10 48 81 ec 88
0x00007ff9fd4c4e06:   00 00 00 48 89 58 08 45 33 db 48 89 68 f8 48 89
0x00007ff9fd4c4e16:   70 f0 48 89 78 e8 4c 89 60 e0 4c 89 68 d8 4c 89
0x00007ff9fd4c4e26:   70 d0 4c 89 78 c8 41 8b c3 48 89 44 24 40 44 89
0x00007ff9fd4c4e36:   5c 24 20 0f 1f 80 00 00 00 00 48 8b c8 48 c1 e1
0x00007ff9fd4c4e46:   06 49 03 c8 48 8b 41 10 48 8b 51 08 48 85 c0 44
0x00007ff9fd4c4e56:   8b 49 18 8b 69 20 4c 63 69 24 48 8d 58 b0 4c 8b
0x00007ff9fd4c4e66:   71 28 49 0f 44 db 44 8b 59 1c 48 8b c2 4c 8b 79
0x00007ff9fd4c4e76:   30 48 8b 71 38 48 85 d2 74 15 81 38 8f 4e 9d 3b
0x00007ff9fd4c4e86:   0f 84 87 00 00 00 48 8b 40 08 48 85 c0 75 eb 33
0x00007ff9fd4c4e96:   c9 48 8b c2 8b f9 48 85 d2 74 11 81 38 f7 13 9d
0x00007ff9fd4c4ea6:   3b 74 75 48 8b 40 08 48 85 c0 75 ef 4c 8b d1 48
0x00007ff9fd4c4eb6:   85 d2 74 17 66 0f 1f 44 00 00 81 3a 12 e5 9c 3b
0x00007ff9fd4c4ec6:   74 5c 48 8b 52 08 48 85 d2 75 ef 33 d2 44 8b c2
0x00007ff9fd4c4ed6:   4c 8b a3 00 01 00 00 4c 89 64 24 28 41 81 fd 10
0x00007ff9fd4c4ee6:   e5 9c 3b 0f 8f 54 0c 00 00 0f 84 c2 0b 00 00 41
0x00007ff9fd4c4ef6:   83 fd 0a 0f 87 90 0e 00 00 4c 8d 05 fa b0 8e fe
0x00007ff9fd4c4f06:   43 8b 8c a8 f8 5d 71 01 49 03 c8 ff e1 48 8b 78
0x00007ff9fd4c4f16:   18 33 c9 48 8b c2 eb 83 4c 8b 50 18 eb 9c 4c 8b
0x00007ff9fd4c4f26:   42 18 33 d2 eb aa 45 3b 8c 24 04 01 00 00 73 22
0x00007ff9fd4c4f36:   49 8b 84 24 08 01 00 00 49 8b c9 48 c1 e1 06 49
0x00007ff9fd4c4f46:   8b d1 48 c1 e2 06 44 8b 44 01 24 0f b6 4c 02 08
0x00007ff9fd4c4f56:   eb 05 44 8b c2 32 c9 49 8b d3 44 0f b6 d1 49 0f
0x00007ff9fd4c4f66:   af d2 41 8b c0 45 33 db 48 03 d0 85 ed 0f 84 19
0x00007ff9fd4c4f76:   0e 00 00 4c 8b cd 0f 1f 40 00 49 8b 06 48 85 c0
0x00007ff9fd4c4f86:   48 8d 48 b0 49 0f 44 cb 44 39 99 f0 00 00 00 76
0x00007ff9fd4c4f96:   09 44 8b 81 18 01 00 00 eb 03 45 8b c3 48 8b 8b
0x00007ff9fd4c4fa6:   48 01 00 00 48 8b 83 28 01 00 00 48 03 ca 44 89
0x00007ff9fd4c4fb6:   04 88 48 8b 83 00 01 00 00 8b 88 3c 01 00 00 48
0x00007ff9fd4c4fc6:   3b d1 72 0d 48 8b 83 50 01 00 00 44 89 04 90 eb 


Stack slot to memory mapping:
stack at sp + 0 slots: 0x00000192ae92b8a0 points into unknown readable memory: 0x4e47495353414e55 | 55 4e 41 53 53 49 47 4e
stack at sp + 1 slots: 0x0000000000000072 is an unknown value
stack at sp + 2 slots: 0x0000000000000038 is an unknown value
stack at sp + 3 slots: 0x000000000000003f is an unknown value
stack at sp + 4 slots: 0x00007ff900000000 is an unknown value
stack at sp + 5 slots: 0x0 is NULL
stack at sp + 6 slots: 0x00007ff9f9dccf50 VkLayer_khronos_validation.dll
stack at sp + 7 slots: 0x0 is NULL


---------------  P R O C E S S  ---------------

Threads class SMR info:
_java_thread_list=0x00000192a5acffa0, length=11, elements={
0x00000192fe70b800, 0x00000192a50d6800, 0x00000192a50d9800, 0x00000192a50f7000,
0x00000192a50f8000, 0x00000192a50f9800, 0x00000192a50fc800, 0x00000192a511a000,
0x00000192a512b000, 0x00000192a5b3e800, 0x00000192a5b46800
}

Java Threads: ( => current thread )
=>0x00000192fe70b800 JavaThread "main" [_thread_in_native, id=5408, stack(0x0000008bc6300000,0x0000008bc6400000)]
  0x00000192a50d6800 JavaThread "Reference Handler" daemon [_thread_blocked, id=9332, stack(0x0000008bc6a00000,0x0000008bc6b00000)]
  0x00000192a50d9800 JavaThread "Finalizer" daemon [_thread_blocked, id=11676, stack(0x0000008bc6b00000,0x0000008bc6c00000)]
  0x00000192a50f7000 JavaThread "Signal Dispatcher" daemon [_thread_blocked, id=4104, stack(0x0000008bc6c00000,0x0000008bc6d00000)]
  0x00000192a50f8000 JavaThread "Attach Listener" daemon [_thread_blocked, id=8172, stack(0x0000008bc6d00000,0x0000008bc6e00000)]
  0x00000192a50f9800 JavaThread "Service Thread" daemon [_thread_blocked, id=6828, stack(0x0000008bc6e00000,0x0000008bc6f00000)]
  0x00000192a50fc800 JavaThread "JVMCI-native CompilerThread0" daemon [_thread_blocked, id=6592, stack(0x0000008bc6f00000,0x0000008bc7000000)]
  0x00000192a511a000 JavaThread "C1 CompilerThread0" daemon [_thread_blocked, id=3896, stack(0x0000008bc7000000,0x0000008bc7100000)]
  0x00000192a512b000 JavaThread "Sweeper thread" daemon [_thread_blocked, id=6004, stack(0x0000008bc7100000,0x0000008bc7200000)]
  0x00000192a5b3e800 JavaThread "Common-Cleaner" daemon [_thread_blocked, id=5108, stack(0x0000008bc7200000,0x0000008bc7300000)]
  0x00000192a5b46800 JavaThread "C1 CompilerThread1" daemon [_thread_blocked, id=3840, stack(0x0000008bc7300000,0x0000008bc7400000)]

Other Threads:
  0x00000192a50d2800 VMThread "VM Thread" [stack: 0x0000008bc6900000,0x0000008bc6a00000] [id=9496]
  0x00000192a5b89000 WatcherThread [stack: 0x0000008bc7400000,0x0000008bc7500000] [id=8040]
  0x00000192fe725800 GCTaskThread "GC Thread#0" [stack: 0x0000008bc6400000,0x0000008bc6500000] [id=5740]
  0x00000192ad6db800 GCTaskThread "GC Thread#1" [stack: 0x0000008bc8000000,0x0000008bc8100000] [id=5016]
  0x00000192ad6dc800 GCTaskThread "GC Thread#2" [stack: 0x0000008bc8100000,0x0000008bc8200000] [id=944]
  0x00000192fe755800 ConcurrentGCThread "G1 Main Marker" [stack: 0x0000008bc6500000,0x0000008bc6600000] [id=6944]
  0x00000192fe757000 ConcurrentGCThread "G1 Conc#0" [stack: 0x0000008bc6600000,0x0000008bc6700000] [id=10000]
  0x00000192fe7e0800 ConcurrentGCThread "G1 Refine#0" [stack: 0x0000008bc6700000,0x0000008bc6800000] [id=10584]
  0x00000192fe7e2800 ConcurrentGCThread "G1 Young RemSet Sampling" [stack: 0x0000008bc6800000,0x0000008bc6900000] [id=5888]

Threads with active compile tasks:

VM state:not at safepoint (normal execution)

VM Mutex/Monitor currently owned by a thread: None

Heap address: 0x0000000081000000, size: 2032 MB, Compressed Oops mode: 32-bit
Narrow klass base: 0x0000000800000000, Narrow klass shift: 3
Compressed class space size: 1073741824 Address: 0x0000000840000000

Heap:
 garbage-first heap   total 131072K, used 4567K [0x0000000081000000, 0x0000000100000000)
  region size 1024K, 5 young (5120K), 2 survivors (2048K)
 Metaspace       used 6085K, capacity 8744K, committed 8960K, reserved 1056768K
  class space    used 376K, capacity 686K, committed 768K, reserved 1048576K
Heap Regions: E=young(eden), S=young(survivor), O=old, HS=humongous(starts), HC=humongous(continues), CS=collection set, F=free, A=archive, TAMS=top-at-mark-start (previous, next)
|   0|0x0000000081000000, 0x0000000081075e00, 0x0000000081100000| 46%| O|  |TAMS 0x0000000081000000, 0x0000000081000000| Untracked 
|   1|0x0000000081100000, 0x0000000081100000, 0x0000000081200000|  0%| F|  |TAMS 0x0000000081100000, 0x0000000081100000| Untracked 
|   2|0x0000000081200000, 0x0000000081200000, 0x0000000081300000|  0%| F|  |TAMS 0x0000000081200000, 0x0000000081200000| Untracked 
|   3|0x0000000081300000, 0x0000000081300000, 0x0000000081400000|  0%| F|  |TAMS 0x0000000081300000, 0x0000000081300000| Untracked 
|   4|0x0000000081400000, 0x0000000081400000, 0x0000000081500000|  0%| F|  |TAMS 0x0000000081400000, 0x0000000081400000| Untracked 
|   5|0x0000000081500000, 0x0000000081500000, 0x0000000081600000|  0%| F|  |TAMS 0x0000000081500000, 0x0000000081500000| Untracked 
|   6|0x0000000081600000, 0x0000000081600000, 0x0000000081700000|  0%| F|  |TAMS 0x0000000081600000, 0x0000000081600000| Untracked 
|   7|0x0000000081700000, 0x0000000081700000, 0x0000000081800000|  0%| F|  |TAMS 0x0000000081700000, 0x0000000081700000| Untracked 
|   8|0x0000000081800000, 0x0000000081800000, 0x0000000081900000|  0%| F|  |TAMS 0x0000000081800000, 0x0000000081800000| Untracked 
|   9|0x0000000081900000, 0x0000000081900000, 0x0000000081a00000|  0%| F|  |TAMS 0x0000000081900000, 0x0000000081900000| Untracked 
|  10|0x0000000081a00000, 0x0000000081a00000, 0x0000000081b00000|  0%| F|  |TAMS 0x0000000081a00000, 0x0000000081a00000| Untracked 
|  11|0x0000000081b00000, 0x0000000081b00000, 0x0000000081c00000|  0%| F|  |TAMS 0x0000000081b00000, 0x0000000081b00000| Untracked 
|  12|0x0000000081c00000, 0x0000000081c00000, 0x0000000081d00000|  0%| F|  |TAMS 0x0000000081c00000, 0x0000000081c00000| Untracked 
|  13|0x0000000081d00000, 0x0000000081d00000, 0x0000000081e00000|  0%| F|  |TAMS 0x0000000081d00000, 0x0000000081d00000| Untracked 
|  14|0x0000000081e00000, 0x0000000081e00000, 0x0000000081f00000|  0%| F|  |TAMS 0x0000000081e00000, 0x0000000081e00000| Untracked 
|  15|0x0000000081f00000, 0x0000000081f00000, 0x0000000082000000|  0%| F|  |TAMS 0x0000000081f00000, 0x0000000081f00000| Untracked 
|  16|0x0000000082000000, 0x0000000082000000, 0x0000000082100000|  0%| F|  |TAMS 0x0000000082000000, 0x0000000082000000| Untracked 
|  17|0x0000000082100000, 0x0000000082100000, 0x0000000082200000|  0%| F|  |TAMS 0x0000000082100000, 0x0000000082100000| Untracked 
|  18|0x0000000082200000, 0x0000000082200000, 0x0000000082300000|  0%| F|  |TAMS 0x0000000082200000, 0x0000000082200000| Untracked 
|  19|0x0000000082300000, 0x0000000082300000, 0x0000000082400000|  0%| F|  |TAMS 0x0000000082300000, 0x0000000082300000| Untracked 
|  20|0x0000000082400000, 0x0000000082400000, 0x0000000082500000|  0%| F|  |TAMS 0x0000000082400000, 0x0000000082400000| Untracked 
|  21|0x0000000082500000, 0x0000000082500000, 0x0000000082600000|  0%| F|  |TAMS 0x0000000082500000, 0x0000000082500000| Untracked 
|  22|0x0000000082600000, 0x0000000082600000, 0x0000000082700000|  0%| F|  |TAMS 0x0000000082600000, 0x0000000082600000| Untracked 
|  23|0x0000000082700000, 0x0000000082700000, 0x0000000082800000|  0%| F|  |TAMS 0x0000000082700000, 0x0000000082700000| Untracked 
|  24|0x0000000082800000, 0x0000000082800000, 0x0000000082900000|  0%| F|  |TAMS 0x0000000082800000, 0x0000000082800000| Untracked 
|  25|0x0000000082900000, 0x0000000082900000, 0x0000000082a00000|  0%| F|  |TAMS 0x0000000082900000, 0x0000000082900000| Untracked 
|  26|0x0000000082a00000, 0x0000000082a00000, 0x0000000082b00000|  0%| F|  |TAMS 0x0000000082a00000, 0x0000000082a00000| Untracked 
|  27|0x0000000082b00000, 0x0000000082b00000, 0x0000000082c00000|  0%| F|  |TAMS 0x0000000082b00000, 0x0000000082b00000| Untracked 
|  28|0x0000000082c00000, 0x0000000082c00000, 0x0000000082d00000|  0%| F|  |TAMS 0x0000000082c00000, 0x0000000082c00000| Untracked 
|  29|0x0000000082d00000, 0x0000000082d00000, 0x0000000082e00000|  0%| F|  |TAMS 0x0000000082d00000, 0x0000000082d00000| Untracked 
|  30|0x0000000082e00000, 0x0000000082e00000, 0x0000000082f00000|  0%| F|  |TAMS 0x0000000082e00000, 0x0000000082e00000| Untracked 
|  31|0x0000000082f00000, 0x0000000082f00000, 0x0000000083000000|  0%| F|  |TAMS 0x0000000082f00000, 0x0000000082f00000| Untracked 
|  32|0x0000000083000000, 0x0000000083000000, 0x0000000083100000|  0%| F|  |TAMS 0x0000000083000000, 0x0000000083000000| Untracked 
|  33|0x0000000083100000, 0x0000000083100000, 0x0000000083200000|  0%| F|  |TAMS 0x0000000083100000, 0x0000000083100000| Untracked 
|  34|0x0000000083200000, 0x0000000083200000, 0x0000000083300000|  0%| F|  |TAMS 0x0000000083200000, 0x0000000083200000| Untracked 
|  35|0x0000000083300000, 0x0000000083300000, 0x0000000083400000|  0%| F|  |TAMS 0x0000000083300000, 0x0000000083300000| Untracked 
|  36|0x0000000083400000, 0x0000000083400000, 0x0000000083500000|  0%| F|  |TAMS 0x0000000083400000, 0x0000000083400000| Untracked 
|  37|0x0000000083500000, 0x0000000083500000, 0x0000000083600000|  0%| F|  |TAMS 0x0000000083500000, 0x0000000083500000| Untracked 
|  38|0x0000000083600000, 0x0000000083600000, 0x0000000083700000|  0%| F|  |TAMS 0x0000000083600000, 0x0000000083600000| Untracked 
|  39|0x0000000083700000, 0x0000000083700000, 0x0000000083800000|  0%| F|  |TAMS 0x0000000083700000, 0x0000000083700000| Untracked 
|  40|0x0000000083800000, 0x0000000083800000, 0x0000000083900000|  0%| F|  |TAMS 0x0000000083800000, 0x0000000083800000| Untracked 
|  41|0x0000000083900000, 0x0000000083900000, 0x0000000083a00000|  0%| F|  |TAMS 0x0000000083900000, 0x0000000083900000| Untracked 
|  42|0x0000000083a00000, 0x0000000083a00000, 0x0000000083b00000|  0%| F|  |TAMS 0x0000000083a00000, 0x0000000083a00000| Untracked 
|  43|0x0000000083b00000, 0x0000000083b00000, 0x0000000083c00000|  0%| F|  |TAMS 0x0000000083b00000, 0x0000000083b00000| Untracked 
|  44|0x0000000083c00000, 0x0000000083c00000, 0x0000000083d00000|  0%| F|  |TAMS 0x0000000083c00000, 0x0000000083c00000| Untracked 
|  45|0x0000000083d00000, 0x0000000083d00000, 0x0000000083e00000|  0%| F|  |TAMS 0x0000000083d00000, 0x0000000083d00000| Untracked 
|  46|0x0000000083e00000, 0x0000000083e00000, 0x0000000083f00000|  0%| F|  |TAMS 0x0000000083e00000, 0x0000000083e00000| Untracked 
|  47|0x0000000083f00000, 0x0000000083f00000, 0x0000000084000000|  0%| F|  |TAMS 0x0000000083f00000, 0x0000000083f00000| Untracked 
|  48|0x0000000084000000, 0x0000000084000000, 0x0000000084100000|  0%| F|  |TAMS 0x0000000084000000, 0x0000000084000000| Untracked 
|  49|0x0000000084100000, 0x0000000084100000, 0x0000000084200000|  0%| F|  |TAMS 0x0000000084100000, 0x0000000084100000| Untracked 
|  50|0x0000000084200000, 0x0000000084200000, 0x0000000084300000|  0%| F|  |TAMS 0x0000000084200000, 0x0000000084200000| Untracked 
|  51|0x0000000084300000, 0x0000000084300000, 0x0000000084400000|  0%| F|  |TAMS 0x0000000084300000, 0x0000000084300000| Untracked 
|  52|0x0000000084400000, 0x0000000084400000, 0x0000000084500000|  0%| F|  |TAMS 0x0000000084400000, 0x0000000084400000| Untracked 
|  53|0x0000000084500000, 0x0000000084500000, 0x0000000084600000|  0%| F|  |TAMS 0x0000000084500000, 0x0000000084500000| Untracked 
|  54|0x0000000084600000, 0x0000000084600000, 0x0000000084700000|  0%| F|  |TAMS 0x0000000084600000, 0x0000000084600000| Untracked 
|  55|0x0000000084700000, 0x0000000084700000, 0x0000000084800000|  0%| F|  |TAMS 0x0000000084700000, 0x0000000084700000| Untracked 
|  56|0x0000000084800000, 0x0000000084800000, 0x0000000084900000|  0%| F|  |TAMS 0x0000000084800000, 0x0000000084800000| Untracked 
|  57|0x0000000084900000, 0x0000000084900000, 0x0000000084a00000|  0%| F|  |TAMS 0x0000000084900000, 0x0000000084900000| Untracked 
|  58|0x0000000084a00000, 0x0000000084a00000, 0x0000000084b00000|  0%| F|  |TAMS 0x0000000084a00000, 0x0000000084a00000| Untracked 
|  59|0x0000000084b00000, 0x0000000084b00000, 0x0000000084c00000|  0%| F|  |TAMS 0x0000000084b00000, 0x0000000084b00000| Untracked 
|  60|0x0000000084c00000, 0x0000000084c00000, 0x0000000084d00000|  0%| F|  |TAMS 0x0000000084c00000, 0x0000000084c00000| Untracked 
|  61|0x0000000084d00000, 0x0000000084d00000, 0x0000000084e00000|  0%| F|  |TAMS 0x0000000084d00000, 0x0000000084d00000| Untracked 
|  62|0x0000000084e00000, 0x0000000084e00000, 0x0000000084f00000|  0%| F|  |TAMS 0x0000000084e00000, 0x0000000084e00000| Untracked 
|  63|0x0000000084f00000, 0x0000000084f00000, 0x0000000085000000|  0%| F|  |TAMS 0x0000000084f00000, 0x0000000084f00000| Untracked 
|  64|0x0000000085000000, 0x0000000085000000, 0x0000000085100000|  0%| F|  |TAMS 0x0000000085000000, 0x0000000085000000| Untracked 
|  65|0x0000000085100000, 0x0000000085100000, 0x0000000085200000|  0%| F|  |TAMS 0x0000000085100000, 0x0000000085100000| Untracked 
|  66|0x0000000085200000, 0x0000000085200000, 0x0000000085300000|  0%| F|  |TAMS 0x0000000085200000, 0x0000000085200000| Untracked 
|  67|0x0000000085300000, 0x0000000085300000, 0x0000000085400000|  0%| F|  |TAMS 0x0000000085300000, 0x0000000085300000| Untracked 
|  68|0x0000000085400000, 0x0000000085400000, 0x0000000085500000|  0%| F|  |TAMS 0x0000000085400000, 0x0000000085400000| Untracked 
|  69|0x0000000085500000, 0x0000000085500000, 0x0000000085600000|  0%| F|  |TAMS 0x0000000085500000, 0x0000000085500000| Untracked 
|  70|0x0000000085600000, 0x0000000085600000, 0x0000000085700000|  0%| F|  |TAMS 0x0000000085600000, 0x0000000085600000| Untracked 
|  71|0x0000000085700000, 0x0000000085700000, 0x0000000085800000|  0%| F|  |TAMS 0x0000000085700000, 0x0000000085700000| Untracked 
|  72|0x0000000085800000, 0x0000000085800000, 0x0000000085900000|  0%| F|  |TAMS 0x0000000085800000, 0x0000000085800000| Untracked 
|  73|0x0000000085900000, 0x0000000085900000, 0x0000000085a00000|  0%| F|  |TAMS 0x0000000085900000, 0x0000000085900000| Untracked 
|  74|0x0000000085a00000, 0x0000000085a00000, 0x0000000085b00000|  0%| F|  |TAMS 0x0000000085a00000, 0x0000000085a00000| Untracked 
|  75|0x0000000085b00000, 0x0000000085b00000, 0x0000000085c00000|  0%| F|  |TAMS 0x0000000085b00000, 0x0000000085b00000| Untracked 
|  76|0x0000000085c00000, 0x0000000085c00000, 0x0000000085d00000|  0%| F|  |TAMS 0x0000000085c00000, 0x0000000085c00000| Untracked 
|  77|0x0000000085d00000, 0x0000000085d00000, 0x0000000085e00000|  0%| F|  |TAMS 0x0000000085d00000, 0x0000000085d00000| Untracked 
|  78|0x0000000085e00000, 0x0000000085e00000, 0x0000000085f00000|  0%| F|  |TAMS 0x0000000085e00000, 0x0000000085e00000| Untracked 
|  79|0x0000000085f00000, 0x0000000085f00000, 0x0000000086000000|  0%| F|  |TAMS 0x0000000085f00000, 0x0000000085f00000| Untracked 
|  80|0x0000000086000000, 0x0000000086000000, 0x0000000086100000|  0%| F|  |TAMS 0x0000000086000000, 0x0000000086000000| Untracked 
|  81|0x0000000086100000, 0x0000000086100000, 0x0000000086200000|  0%| F|  |TAMS 0x0000000086100000, 0x0000000086100000| Untracked 
|  82|0x0000000086200000, 0x0000000086200000, 0x0000000086300000|  0%| F|  |TAMS 0x0000000086200000, 0x0000000086200000| Untracked 
|  83|0x0000000086300000, 0x0000000086300000, 0x0000000086400000|  0%| F|  |TAMS 0x0000000086300000, 0x0000000086300000| Untracked 
|  84|0x0000000086400000, 0x0000000086400000, 0x0000000086500000|  0%| F|  |TAMS 0x0000000086400000, 0x0000000086400000| Untracked 
|  85|0x0000000086500000, 0x0000000086500000, 0x0000000086600000|  0%| F|  |TAMS 0x0000000086500000, 0x0000000086500000| Untracked 
|  86|0x0000000086600000, 0x0000000086600000, 0x0000000086700000|  0%| F|  |TAMS 0x0000000086600000, 0x0000000086600000| Untracked 
|  87|0x0000000086700000, 0x0000000086700000, 0x0000000086800000|  0%| F|  |TAMS 0x0000000086700000, 0x0000000086700000| Untracked 
|  88|0x0000000086800000, 0x0000000086800000, 0x0000000086900000|  0%| F|  |TAMS 0x0000000086800000, 0x0000000086800000| Untracked 
|  89|0x0000000086900000, 0x0000000086900000, 0x0000000086a00000|  0%| F|  |TAMS 0x0000000086900000, 0x0000000086900000| Untracked 
|  90|0x0000000086a00000, 0x0000000086a00000, 0x0000000086b00000|  0%| F|  |TAMS 0x0000000086a00000, 0x0000000086a00000| Untracked 
|  91|0x0000000086b00000, 0x0000000086b00000, 0x0000000086c00000|  0%| F|  |TAMS 0x0000000086b00000, 0x0000000086b00000| Untracked 
|  92|0x0000000086c00000, 0x0000000086c00000, 0x0000000086d00000|  0%| F|  |TAMS 0x0000000086c00000, 0x0000000086c00000| Untracked 
|  93|0x0000000086d00000, 0x0000000086d00000, 0x0000000086e00000|  0%| F|  |TAMS 0x0000000086d00000, 0x0000000086d00000| Untracked 
|  94|0x0000000086e00000, 0x0000000086e00000, 0x0000000086f00000|  0%| F|  |TAMS 0x0000000086e00000, 0x0000000086e00000| Untracked 
|  95|0x0000000086f00000, 0x0000000086f00000, 0x0000000087000000|  0%| F|  |TAMS 0x0000000086f00000, 0x0000000086f00000| Untracked 
|  96|0x0000000087000000, 0x0000000087000000, 0x0000000087100000|  0%| F|  |TAMS 0x0000000087000000, 0x0000000087000000| Untracked 
|  97|0x0000000087100000, 0x0000000087100000, 0x0000000087200000|  0%| F|  |TAMS 0x0000000087100000, 0x0000000087100000| Untracked 
|  98|0x0000000087200000, 0x0000000087200000, 0x0000000087300000|  0%| F|  |TAMS 0x0000000087200000, 0x0000000087200000| Untracked 
|  99|0x0000000087300000, 0x0000000087300000, 0x0000000087400000|  0%| F|  |TAMS 0x0000000087300000, 0x0000000087300000| Untracked 
| 100|0x0000000087400000, 0x0000000087400000, 0x0000000087500000|  0%| F|  |TAMS 0x0000000087400000, 0x0000000087400000| Untracked 
| 101|0x0000000087500000, 0x0000000087500000, 0x0000000087600000|  0%| F|  |TAMS 0x0000000087500000, 0x0000000087500000| Untracked 
| 102|0x0000000087600000, 0x0000000087600000, 0x0000000087700000|  0%| F|  |TAMS 0x0000000087600000, 0x0000000087600000| Untracked 
| 103|0x0000000087700000, 0x0000000087700000, 0x0000000087800000|  0%| F|  |TAMS 0x0000000087700000, 0x0000000087700000| Untracked 
| 104|0x0000000087800000, 0x0000000087800000, 0x0000000087900000|  0%| F|  |TAMS 0x0000000087800000, 0x0000000087800000| Untracked 
| 105|0x0000000087900000, 0x0000000087900000, 0x0000000087a00000|  0%| F|  |TAMS 0x0000000087900000, 0x0000000087900000| Untracked 
| 106|0x0000000087a00000, 0x0000000087a00000, 0x0000000087b00000|  0%| F|  |TAMS 0x0000000087a00000, 0x0000000087a00000| Untracked 
| 107|0x0000000087b00000, 0x0000000087b00000, 0x0000000087c00000|  0%| F|  |TAMS 0x0000000087b00000, 0x0000000087b00000| Untracked 
| 108|0x0000000087c00000, 0x0000000087c00000, 0x0000000087d00000|  0%| F|  |TAMS 0x0000000087c00000, 0x0000000087c00000| Untracked 
| 109|0x0000000087d00000, 0x0000000087d00000, 0x0000000087e00000|  0%| F|  |TAMS 0x0000000087d00000, 0x0000000087d00000| Untracked 
| 110|0x0000000087e00000, 0x0000000087e00000, 0x0000000087f00000|  0%| F|  |TAMS 0x0000000087e00000, 0x0000000087e00000| Untracked 
| 111|0x0000000087f00000, 0x0000000087f00000, 0x0000000088000000|  0%| F|  |TAMS 0x0000000087f00000, 0x0000000087f00000| Untracked 
| 112|0x0000000088000000, 0x0000000088100000, 0x0000000088100000|100%| S|CS|TAMS 0x0000000088000000, 0x0000000088000000| Complete 
| 113|0x0000000088100000, 0x0000000088200000, 0x0000000088200000|100%| S|CS|TAMS 0x0000000088100000, 0x0000000088100000| Complete 
| 114|0x0000000088200000, 0x0000000088200000, 0x0000000088300000|  0%| F|  |TAMS 0x0000000088200000, 0x0000000088200000| Untracked 
| 115|0x0000000088300000, 0x0000000088300000, 0x0000000088400000|  0%| F|  |TAMS 0x0000000088300000, 0x0000000088300000| Untracked 
| 116|0x0000000088400000, 0x0000000088400000, 0x0000000088500000|  0%| F|  |TAMS 0x0000000088400000, 0x0000000088400000| Untracked 
| 117|0x0000000088500000, 0x0000000088500000, 0x0000000088600000|  0%| F|  |TAMS 0x0000000088500000, 0x0000000088500000| Untracked 
| 118|0x0000000088600000, 0x0000000088600000, 0x0000000088700000|  0%| F|  |TAMS 0x0000000088600000, 0x0000000088600000| Untracked 
| 119|0x0000000088700000, 0x0000000088700000, 0x0000000088800000|  0%| F|  |TAMS 0x0000000088700000, 0x0000000088700000| Untracked 
| 120|0x0000000088800000, 0x0000000088800000, 0x0000000088900000|  0%| F|  |TAMS 0x0000000088800000, 0x0000000088800000| Untracked 
| 121|0x0000000088900000, 0x0000000088900000, 0x0000000088a00000|  0%| F|  |TAMS 0x0000000088900000, 0x0000000088900000| Untracked 
| 122|0x0000000088a00000, 0x0000000088a00000, 0x0000000088b00000|  0%| F|  |TAMS 0x0000000088a00000, 0x0000000088a00000| Untracked 
| 123|0x0000000088b00000, 0x0000000088b00000, 0x0000000088c00000|  0%| F|  |TAMS 0x0000000088b00000, 0x0000000088b00000| Untracked 
| 124|0x0000000088c00000, 0x0000000088c00000, 0x0000000088d00000|  0%| F|  |TAMS 0x0000000088c00000, 0x0000000088c00000| Untracked 
| 125|0x0000000088d00000, 0x0000000088d80800, 0x0000000088e00000| 50%| E|  |TAMS 0x0000000088d00000, 0x0000000088d00000| Complete 
| 126|0x0000000088e00000, 0x0000000088f00000, 0x0000000088f00000|100%| E|CS|TAMS 0x0000000088e00000, 0x0000000088e00000| Complete 
| 127|0x0000000088f00000, 0x0000000089000000, 0x0000000089000000|100%| E|CS|TAMS 0x0000000088f00000, 0x0000000088f00000| Complete 

Card table byte_map: [0x000001929e350000,0x000001929e750000] _byte_map_base: 0x000001929df48000

Marking Bits (Prev, Next): (CMBitMap*) 0x00000192fe74cc48, (CMBitMap*) 0x00000192fe74cc80
 Prev Bits: [0x000001929eb50000, 0x00000192a0b10000)
 Next Bits: [0x00000192a0b10000, 0x00000192a2ad0000)

Polling page: 0x0000019280000000

Metaspace:

Usage:
  Non-class:      7.87 MB capacity,     5.58 MB ( 71%) used,     2.28 MB ( 29%) free+waste,    14.25 KB ( <1%) overhead. 
      Class:    686.00 KB capacity,   376.16 KB ( 55%) used,   302.91 KB ( 44%) free+waste,     6.94 KB (  1%) overhead. 
       Both:      8.54 MB capacity,     5.94 MB ( 70%) used,     2.58 MB ( 30%) free+waste,    21.19 KB ( <1%) overhead. 

Virtual space:
  Non-class space:        8.00 MB reserved,       8.00 MB (100%) committed 
      Class space:        1.00 GB reserved,     768.00 KB ( <1%) committed 
             Both:        1.01 GB reserved,       8.75 MB ( <1%) committed 

Chunk freelists:
   Non-Class:  6.00 KB
       Class:  18.00 KB
        Both:  24.00 KB

MaxMetaspaceSize: 17179869184.00 GB
CompressedClassSpaceSize: 1.00 GB
Initial GC threshold: 20.80 MB
Current GC threshold: 20.80 MB
CDS: on

CodeHeap 'non-profiled nmethods': size=160704Kb used=248Kb max_used=248Kb free=160455Kb
 bounds [0x0000019293b80000, 0x0000019294b80000, 0x000001929d870000]
CodeHeap 'profiled nmethods': size=160704Kb used=1687Kb max_used=1687Kb free=159016Kb
 bounds [0x0000019289e90000, 0x000001928ae90000, 0x0000019293b80000]
CodeHeap 'non-nmethods': size=6272Kb used=2168Kb max_used=2170Kb free=4103Kb
 bounds [0x0000019289870000, 0x0000019289e90000, 0x0000019289e90000]
 total_blobs=1876 nmethods=875 adapters=918
 compilation: enabled
              stopped_count=0, restarted_count=0
 full_count=0

JVMCI Events (9 events):
Event: 0.025 Thread 0x00000192fe70b800 created new Java JVMCI runtime -1 (0x00000192fe720320)
Event: 0.127 Thread 0x00000192a50fc800 created new CompileBroker JVMCI runtime 0 (0x00000192a5b5ecd0)
Event: 0.127 Thread 0x00000192a50fc800 attached to JVMCI runtime 0
Event: 0.129 Thread 0x00000192a50fc800 loaded JVMCI shared library from C:\Program Files\Java\graalvm-ce-java11-22.3.0\bin\jvmcicompiler.dll
Event: 0.133 Thread 0x00000192a50fc800 created JavaVM[1]@0x00000192ff3d8080 for JVMCI runtime 0
Event: 0.133 Thread 0x00000192a50fc800 initializing JVMCI runtime 0
Event: 0.133 Thread 0x00000192a50fc800 initializing JavaVM references in JVMCI runtime 0
Event: 0.133 Thread 0x00000192a50fc800 initialized JavaVM references in JVMCI runtime 0
Event: 0.135 Thread 0x00000192a50fc800 initialized JVMCI runtime 0

Compilation events (20 events):
Event: 1.133 Thread 0x00000192a50fc800  864       4       java.lang.invoke.MethodType::parameterType (7 bytes)
Event: 1.134 Thread 0x00000192a50fc800 nmethod 864 0x0000019293bbb490 code [0x0000019293bbb620, 0x0000019293bbb6e0]
Event: 1.134 Thread 0x00000192a5b46800  866       3       java.util.ImmutableCollections$List12::get (32 bytes)
Event: 1.135 Thread 0x00000192a5b46800 nmethod 866 0x000001928a034390 code [0x000001928a034540, 0x000001928a034948]
Event: 1.135 Thread 0x00000192a50fc800  868       4       java.nio.Buffer::position (52 bytes)
Event: 1.136 Thread 0x00000192a50fc800 nmethod 868 0x0000019293bbbc10 code [0x0000019293bbbda0, 0x0000019293bbbe68]
Event: 1.136 Thread 0x00000192a50fc800  869       4       java.lang.StringBuilder::append (8 bytes)
Event: 1.141 Thread 0x00000192a50fc800 nmethod 869 0x0000019293bbbf10 code [0x0000019293bbc0a0, 0x0000019293bbc540]
Event: 1.143 Thread 0x00000192a50fc800  870       4       java.util.zip.ZipCoder$UTF8::getBytes (10 bytes)
Event: 1.146 Thread 0x00000192a50fc800 nmethod 870 0x0000019293bbcb90 code [0x0000019293bbcd20, 0x0000019293bbcfe0]
Event: 1.200 Thread 0x00000192a511a000  872       3       sun.misc.Unsafe::getInt (9 bytes)
Event: 1.200 Thread 0x00000192a511a000 nmethod 872 0x000001928a034a10 code [0x000001928a034ba0, 0x000001928a034cb8]
Event: 1.239 Thread 0x00000192a50fc800  873   !   4       java.util.zip.ZipFile::getEntry (73 bytes)
Event: 1.243 Thread 0x00000192a5b46800  874   !   3       org.lwjgl.system.Struct::wrap (39 bytes)
Event: 1.243 Thread 0x00000192a511a000  875       3       org.lwjgl.system.StructBuffer::sizeof (8 bytes)
Event: 1.244 Thread 0x00000192a511a000 nmethod 875 0x000001928a034d90 code [0x000001928a034f40, 0x000001928a0354b8]
Event: 1.244 Thread 0x00000192a5b46800 nmethod 874 0x000001928a035590 code [0x000001928a035780, 0x000001928a035cf8]
Event: 1.249 Thread 0x00000192a511a000  876       1       org.lwjgl.vulkan.DispatchableHandleDevice::getCapabilities (5 bytes)
Event: 1.249 Thread 0x00000192a511a000 nmethod 876 0x0000019293bbd190 code [0x0000019293bbd320, 0x0000019293bbd3f8]
Event: 1.251 Thread 0x00000192a50fc800 nmethod 873 0x0000019293bbd490 code [0x0000019293bbd660, 0x0000019293bbde00]

GC Heap History (2 events):
Event: 1.067 GC heap before
{Heap before GC invocations=0 (full 0):
 garbage-first heap   total 131072K, used 14336K [0x0000000081000000, 0x0000000100000000)
  region size 1024K, 14 young (14336K), 0 survivors (0K)
 Metaspace       used 5180K, capacity 7860K, committed 8192K, reserved 1056768K
  class space    used 336K, capacity 647K, committed 768K, reserved 1048576K
}
Event: 1.070 GC heap after
{Heap after GC invocations=1 (full 0):
 garbage-first heap   total 131072K, used 2519K [0x0000000081000000, 0x0000000100000000)
  region size 1024K, 2 young (2048K), 2 survivors (2048K)
 Metaspace       used 5180K, capacity 7860K, committed 8192K, reserved 1056768K
  class space    used 336K, capacity 647K, committed 768K, reserved 1048576K
}

Deoptimization events (20 events):
Event: 0.389 Thread 0x00000192fe70b800 DEOPT PACKING pc=0x0000019289f26832 sp=0x0000008bc63fc290
Event: 0.389 Thread 0x00000192fe70b800 DEOPT UNPACKING pc=0x00000192898ba771 sp=0x0000008bc63fb6f8 mode 0
Event: 0.393 Thread 0x00000192fe70b800 DEOPT PACKING pc=0x0000019289ee0450 sp=0x0000008bc63fde80
Event: 0.393 Thread 0x00000192fe70b800 DEOPT UNPACKING pc=0x00000192898ba771 sp=0x0000008bc63fd308 mode 0
Event: 0.414 Thread 0x00000192fe70b800 Uncommon trap: trap_request=0xffffffed fr.pc=0x0000019293b9d332 relative=0x0000000000000c12
Event: 0.414 Thread 0x00000192fe70b800 Uncommon trap: reason=null_assert_or_unreached0 action=reinterpret pc=0x0000019293b9d332 method=java.util.HashMap.putVal(ILjava/lang/Object;Ljava/lang/Object;ZZ)Ljava/lang/Object; @ 29 jvmci
Event: 0.414 Thread 0x00000192fe70b800 DEOPT PACKING pc=0x0000019293b9d332 sp=0x0000008bc63fee60
Event: 0.414 Thread 0x00000192fe70b800 DEOPT UNPACKING pc=0x00000192898ba771 sp=0x0000008bc63fe310 mode 3
Event: 0.560 Thread 0x00000192fe70b800 DEOPT PACKING pc=0x0000019289f31fc5 sp=0x0000008bc63fef70
Event: 0.560 Thread 0x00000192fe70b800 DEOPT UNPACKING pc=0x00000192898ba771 sp=0x0000008bc63fe3d0 mode 0
Event: 0.709 Thread 0x00000192fe70b800 DEOPT PACKING pc=0x0000019289eea6df sp=0x0000008bc63fbf90
Event: 0.709 Thread 0x00000192fe70b800 DEOPT UNPACKING pc=0x00000192898ba771 sp=0x0000008bc63fb3e0 mode 0
Event: 0.773 Thread 0x00000192fe70b800 Uncommon trap: trap_request=0xffffffe5 fr.pc=0x0000019293bb6ad6 relative=0x00000000000002b6
Event: 0.773 Thread 0x00000192fe70b800 Uncommon trap: reason=range_check action=reinterpret pc=0x0000019293bb6ad6 method=java.lang.StringLatin1.indexOf([BI[BII)I @ 0 jvmci
Event: 0.773 Thread 0x00000192fe70b800 DEOPT PACKING pc=0x0000019293bb6ad6 sp=0x0000008bc63ff000
Event: 0.773 Thread 0x00000192fe70b800 DEOPT UNPACKING pc=0x00000192898ba771 sp=0x0000008bc63fe470 mode 3
Event: 1.075 Thread 0x00000192fe70b800 DEOPT PACKING pc=0x0000019289ff84df sp=0x0000008bc63fc5d0
Event: 1.075 Thread 0x00000192fe70b800 DEOPT UNPACKING pc=0x00000192898ba771 sp=0x0000008bc63fba20 mode 0
Event: 1.130 Thread 0x00000192fe70b800 DEOPT PACKING pc=0x0000019289ff84df sp=0x0000008bc63fe6b0
Event: 1.130 Thread 0x00000192fe70b800 DEOPT UNPACKING pc=0x00000192898ba771 sp=0x0000008bc63fdb00 mode 0

Classes redefined (0 events):
No events

Internal exceptions (20 events):
Event: 0.205 Thread 0x00000192fe70b800 Exception <a 'java/lang/NoSuchMethodError'{0x0000000088ca7390}: 'java.lang.Object java.lang.invoke.DirectMethodHandle$Holder.invokeStaticInit(java.lang.Object, java.lang.Object, java.lang.Object)'> (0x0000000088ca7390) thrown at [./src/hotspot/share/interpreter/linkResolver.cpp, line 773]
Event: 0.210 Thread 0x00000192fe70b800 Exception <a 'java/lang/NoSuchMethodError'{0x0000000088ccce98}: 'int java.lang.invoke.DirectMethodHandle$Holder.invokeSpecialIFC(java.lang.Object, java.lang.Object, int)'> (0x0000000088ccce98) thrown at [./src/hotspot/share/interpreter/linkResolver.cpp, line 773]
Event: 0.247 Thread 0x00000192fe70b800 Exception <a 'sun/nio/fs/WindowsException'{0x0000000088b93328}> (0x0000000088b93328) thrown at [./src/hotspot/share/prims/jni.cpp, line 613]
Event: 0.247 Thread 0x00000192fe70b800 Exception <a 'sun/nio/fs/WindowsException'{0x0000000088b937e8}> (0x0000000088b937e8) thrown at [./src/hotspot/share/prims/jni.cpp, line 613]
Event: 0.291 Thread 0x00000192fe70b800 Exception <a 'sun/nio/fs/WindowsException'{0x0000000088a95c60}> (0x0000000088a95c60) thrown at [./src/hotspot/share/prims/jni.cpp, line 613]
Event: 0.291 Thread 0x00000192fe70b800 Exception <a 'sun/nio/fs/WindowsException'{0x0000000088a95f30}> (0x0000000088a95f30) thrown at [./src/hotspot/share/prims/jni.cpp, line 613]
Event: 0.304 Thread 0x00000192fe70b800 Exception <a 'java/lang/NoSuchMethodError'{0x0000000088ae5358}: 'int java.lang.invoke.DirectMethodHandle$Holder.invokeStaticInit(java.lang.Object, java.lang.Object, int, long)'> (0x0000000088ae5358) thrown at [./src/hotspot/share/interpreter/linkResolver.cpp, line 773]
Event: 0.305 Thread 0x00000192fe70b800 Exception <a 'java/lang/NoSuchMethodError'{0x0000000088aea500}: 'java.lang.Object java.lang.invoke.Invokers$Holder.linkToTargetMethod(java.lang.Object, int, java.lang.Object)'> (0x0000000088aea500) thrown at [./src/hotspot/share/interpreter/linkResolver.cpp, line 773]
Event: 0.308 Thread 0x00000192fe70b800 Exception <a 'java/lang/NoSuchMethodError'{0x0000000088af7420}: 'int java.lang.invoke.DirectMethodHandle$Holder.invokeStaticInit(java.lang.Object, java.lang.Object, long, long)'> (0x0000000088af7420) thrown at [./src/hotspot/share/interpreter/linkResolver.cpp, line 773]
Event: 0.310 Thread 0x00000192fe70b800 Exception <a 'java/lang/NoSuchMethodError'{0x0000000088903350}: 'java.lang.Object java.lang.invoke.Invokers$Holder.linkToTargetMethod(java.lang.Object, long, java.lang.Object)'> (0x0000000088903350) thrown at [./src/hotspot/share/interpreter/linkResolver.cpp, line 773]
Event: 0.310 Thread 0x00000192fe70b800 Exception <a 'java/lang/NoSuchMethodError'{0x0000000088909688}: 'int java.lang.invoke.DirectMethodHandle$Holder.invokeStaticInit(java.lang.Object, java.lang.Object, java.lang.Object, long)'> (0x0000000088909688) thrown at [./src/hotspot/share/interpreter/linkResolver.cpp, line 773]
Event: 0.394 Thread 0x00000192fe70b800 Exception <a 'sun/nio/fs/WindowsException'{0x0000000088706aa8}> (0x0000000088706aa8) thrown at [./src/hotspot/share/prims/jni.cpp, line 613]
Event: 0.394 Thread 0x00000192fe70b800 Exception <a 'sun/nio/fs/WindowsException'{0x0000000088706cf8}> (0x0000000088706cf8) thrown at [./src/hotspot/share/prims/jni.cpp, line 613]
Event: 0.541 Thread 0x00000192fe70b800 Exception <a 'java/lang/NoSuchMethodError'{0x000000008865c2e8}: 'java.lang.Object java.lang.invoke.DirectMethodHandle$Holder.invokeStatic(java.lang.Object, long)'> (0x000000008865c2e8) thrown at [./src/hotspot/share/interpreter/linkResolver.cpp, line 773]
Event: 0.542 Thread 0x00000192fe70b800 Exception <a 'java/lang/NoSuchMethodError'{0x000000008865f380}: 'java.lang.Object java.lang.invoke.DirectMethodHandle$Holder.invokeSpecial(java.lang.Object, java.lang.Object, long)'> (0x000000008865f380) thrown at [./src/hotspot/share/interpreter/linkResolver.cpp, line 773]
Event: 0.592 Thread 0x00000192fe70b800 Exception <a 'java/lang/NoSuchMethodError'{0x0000000088588408}: 'void java.lang.invoke.DirectMethodHandle$Holder.invokeStatic(java.lang.Object, long)'> (0x0000000088588408) thrown at [./src/hotspot/share/interpreter/linkResolver.cpp, line 773]
Event: 0.811 Thread 0x00000192fe70b800 Exception <a 'sun/nio/fs/WindowsException'{0x0000000088255730}> (0x0000000088255730) thrown at [./src/hotspot/share/prims/jni.cpp, line 613]
Event: 0.811 Thread 0x00000192fe70b800 Exception <a 'sun/nio/fs/WindowsException'{0x0000000088255a30}> (0x0000000088255a30) thrown at [./src/hotspot/share/prims/jni.cpp, line 613]
Event: 1.140 Thread 0x00000192fe70b800 Exception <a 'sun/nio/fs/WindowsException'{0x0000000088ead258}> (0x0000000088ead258) thrown at [./src/hotspot/share/prims/jni.cpp, line 613]
Event: 1.140 Thread 0x00000192fe70b800 Exception <a 'sun/nio/fs/WindowsException'{0x0000000088ead548}> (0x0000000088ead548) thrown at [./src/hotspot/share/prims/jni.cpp, line 613]

Events (20 events):
Event: 1.131 loading class org/lwjgl/stb/STBImage done
Event: 1.132 loading class org/lwjgl/stb/LibSTB
Event: 1.132 loading class org/lwjgl/stb/LibSTB done
Event: 1.142 Loaded shared library C:\!TEMP\lwjglDaniil\3.3.1-build-7\lwjgl_stb.dll
Event: 1.239 loading class org/lwjgl/vulkan/VkImageMemoryBarrier
Event: 1.239 loading class org/lwjgl/vulkan/VkImageMemoryBarrier done
Event: 1.241 loading class org/lwjgl/vulkan/VkBufferImageCopy
Event: 1.241 loading class org/lwjgl/vulkan/VkBufferImageCopy done
Event: 1.242 loading class org/lwjgl/vulkan/VkImageSubresourceLayers
Event: 1.242 loading class org/lwjgl/vulkan/VkImageSubresourceLayers done
Event: 1.242 loading class org/lwjgl/vulkan/VkOffset3D
Event: 1.242 loading class org/lwjgl/vulkan/VkOffset3D done
Event: 1.243 loading class org/lwjgl/vulkan/VkBufferImageCopy$Buffer
Event: 1.243 loading class org/lwjgl/vulkan/VkBufferImageCopy$Buffer done
Event: 1.250 loading class org/lwjgl/vulkan/VkSamplerCreateInfo
Event: 1.250 loading class org/lwjgl/vulkan/VkSamplerCreateInfo done
Event: 1.252 loading class org/lwjgl/vulkan/VkDescriptorImageInfo
Event: 1.252 loading class org/lwjgl/vulkan/VkDescriptorImageInfo done
Event: 1.252 loading class org/lwjgl/vulkan/VkDescriptorImageInfo$Buffer
Event: 1.252 loading class org/lwjgl/vulkan/VkDescriptorImageInfo$Buffer done


Dynamic libraries:
0x00007ff652640000 - 0x00007ff65264d000 	C:\Program Files\Java\graalvm-ce-java11-22.3.0\bin\java.exe
0x00007ffa9d0f0000 - 0x00007ffa9d2e8000 	C:\Windows\SYSTEM32\ntdll.dll
0x00007ffa9cb70000 - 0x00007ffa9cc2f000 	C:\Windows\System32\KERNEL32.DLL
0x00007ffa9aa40000 - 0x00007ffa9ad12000 	C:\Windows\System32\KERNELBASE.dll
0x00007ffa9a7e0000 - 0x00007ffa9a8e0000 	C:\Windows\System32\ucrtbase.dll
0x00007ffa747b0000 - 0x00007ffa747c7000 	C:\Program Files\Java\graalvm-ce-java11-22.3.0\bin\jli.dll
0x00007ffa77f70000 - 0x00007ffa77f85000 	C:\Program Files\Java\graalvm-ce-java11-22.3.0\bin\VCRUNTIME140.dll
0x00007ffa9bf00000 - 0x00007ffa9c0a1000 	C:\Windows\System32\USER32.dll
0x00007ffa9b040000 - 0x00007ffa9b062000 	C:\Windows\System32\win32u.dll
0x00007ffa85280000 - 0x00007ffa8551a000 	C:\Windows\WinSxS\amd64_microsoft.windows.common-controls_6595b64144ccf1df_6.0.19041.1110_none_60b5254171f9507e\COMCTL32.dll
0x00007ffa9bed0000 - 0x00007ffa9befb000 	C:\Windows\System32\GDI32.dll
0x00007ffa9cc30000 - 0x00007ffa9ccce000 	C:\Windows\System32\msvcrt.dll
0x00007ffa9ad20000 - 0x00007ffa9ae2f000 	C:\Windows\System32\gdi32full.dll
0x00007ffa9afa0000 - 0x00007ffa9b03d000 	C:\Windows\System32\msvcp_win.dll
0x00007ffa9cb30000 - 0x00007ffa9cb62000 	C:\Windows\System32\IMM32.DLL
0x00007ffa19de0000 - 0x00007ffa19e7b000 	C:\Program Files\Java\graalvm-ce-java11-22.3.0\bin\msvcp140.dll
0x00007ffa01560000 - 0x00007ffa02094000 	C:\Program Files\Java\graalvm-ce-java11-22.3.0\bin\server\jvm.dll
0x00007ffa9ced0000 - 0x00007ffa9cf7e000 	C:\Windows\System32\ADVAPI32.dll
0x00007ffa9ce30000 - 0x00007ffa9cecc000 	C:\Windows\System32\sechost.dll
0x00007ffa9c800000 - 0x00007ffa9c925000 	C:\Windows\System32\RPCRT4.dll
0x00007ffa9be40000 - 0x00007ffa9be48000 	C:\Windows\System32\PSAPI.DLL
0x00007ffa81cc0000 - 0x00007ffa81cc9000 	C:\Windows\SYSTEM32\WSOCK32.dll
0x00007ffa8cb50000 - 0x00007ffa8cb77000 	C:\Windows\SYSTEM32\WINMM.dll
0x00007ffa9cdc0000 - 0x00007ffa9ce2b000 	C:\Windows\System32\WS2_32.dll
0x00007ffa94b50000 - 0x00007ffa94b5a000 	C:\Windows\SYSTEM32\VERSION.dll
0x00007ffa986c0000 - 0x00007ffa986d2000 	C:\Windows\SYSTEM32\kernel.appcore.dll
0x00007ffa7bad0000 - 0x00007ffa7bae0000 	C:\Program Files\Java\graalvm-ce-java11-22.3.0\bin\verify.dll
0x00007ffa88b30000 - 0x00007ffa88d14000 	C:\Windows\SYSTEM32\DBGHELP.DLL
0x00007ffa86da0000 - 0x00007ffa86dd5000 	C:\Windows\SYSTEM32\dbgcore.DLL
0x00007ffa9af10000 - 0x00007ffa9af92000 	C:\Windows\System32\bcryptPrimitives.dll
0x00007ffa73dc0000 - 0x00007ffa73de8000 	C:\Program Files\Java\graalvm-ce-java11-22.3.0\bin\java.dll
0x00007ffa7b160000 - 0x00007ffa7b16a000 	C:\Program Files\Java\graalvm-ce-java11-22.3.0\bin\jimage.dll
0x00007ffa74030000 - 0x00007ffa74048000 	C:\Program Files\Java\graalvm-ce-java11-22.3.0\bin\zip.dll
0x00007ffa9b600000 - 0x00007ffa9bd44000 	C:\Windows\System32\SHELL32.dll
0x00007ffa988c0000 - 0x00007ffa99052000 	C:\Windows\SYSTEM32\windows.storage.dll
0x00007ffa9c260000 - 0x00007ffa9c5b5000 	C:\Windows\System32\combase.dll
0x00007ffa9a240000 - 0x00007ffa9a270000 	C:\Windows\SYSTEM32\Wldp.dll
0x00007ffa9c630000 - 0x00007ffa9c6dd000 	C:\Windows\System32\SHCORE.dll
0x00007ffa9cd60000 - 0x00007ffa9cdb5000 	C:\Windows\System32\shlwapi.dll
0x00007ffa9a720000 - 0x00007ffa9a73f000 	C:\Windows\SYSTEM32\profapi.dll
0x00007ff9ff6f0000 - 0x00007ffa0155d000 	C:\Program Files\Java\graalvm-ce-java11-22.3.0\bin\jvmcicompiler.dll
0x00007ffa99fa0000 - 0x00007ffa9a00a000 	C:\Windows\SYSTEM32\MSWSOCK.dll
0x00007ffa99c40000 - 0x00007ffa99c7b000 	C:\Windows\SYSTEM32\IPHLPAPI.DLL
0x00007ffa9a6e0000 - 0x00007ffa9a70e000 	C:\Windows\SYSTEM32\USERENV.dll
0x00007ffa73f60000 - 0x00007ffa73f79000 	C:\Program Files\Java\graalvm-ce-java11-22.3.0\bin\net.dll
0x00007ffa93c50000 - 0x00007ffa93d5c000 	C:\Windows\SYSTEM32\WINHTTP.dll
0x00007ffa735c0000 - 0x00007ffa735d3000 	C:\Program Files\Java\graalvm-ce-java11-22.3.0\bin\nio.dll
0x00007ffa70c20000 - 0x00007ffa70c95000 	C:\!TEMP\lwjglDaniil\3.3.1-build-7\lwjgl.dll
0x00007ffa28ad0000 - 0x00007ffa28b31000 	C:\!TEMP\lwjglDaniil\3.3.1-build-7\glfw.dll
0x00007ffa19d90000 - 0x00007ffa19dd5000 	C:\Windows\SYSTEM32\dinput8.dll
0x00007ffa2dfb0000 - 0x00007ffa2dfc1000 	C:\Windows\SYSTEM32\xinput1_4.dll
0x00007ffa9b070000 - 0x00007ffa9b0be000 	C:\Windows\System32\cfgmgr32.dll
0x00007ffa9a590000 - 0x00007ffa9a5bc000 	C:\Windows\SYSTEM32\DEVOBJ.dll
0x00007ffa984e0000 - 0x00007ffa9850f000 	C:\Windows\SYSTEM32\dwmapi.dll
0x00007ffa90dc0000 - 0x00007ffa90f12000 	C:\Windows\SYSTEM32\inputhost.dll
0x00007ffa9bd50000 - 0x00007ffa9be1d000 	C:\Windows\System32\OLEAUT32.dll
0x00007ffa97cf0000 - 0x00007ffa97de2000 	C:\Windows\SYSTEM32\CoreMessaging.dll
0x00007ffa96360000 - 0x00007ffa96456000 	C:\Windows\SYSTEM32\PROPSYS.dll
0x00007ffa972c0000 - 0x00007ffa97414000 	C:\Windows\SYSTEM32\wintypes.dll
0x00007ffa97990000 - 0x00007ffa97cee000 	C:\Windows\SYSTEM32\CoreUIComponents.dll
0x00007ffa99970000 - 0x00007ffa999a3000 	C:\Windows\SYSTEM32\ntmarta.dll
0x00007ffa981f0000 - 0x00007ffa9828e000 	C:\Windows\system32\uxtheme.dll
0x00007ffa9c930000 - 0x00007ffa9ca45000 	C:\Windows\System32\MSCTF.dll
0x00007ffa90cc0000 - 0x00007ffa90db9000 	C:\Windows\SYSTEM32\textinputframework.dll
0x00007ffa02380000 - 0x00007ffa024eb000 	C:\Windows\SYSTEM32\vulkan-1.dll
0x00007ffa990a0000 - 0x00007ffa99193000 	C:\Windows\system32\dxgi.dll
0x00007ff9fbdb0000 - 0x00007ff9ff6e1000 	C:\Windows\System32\DriverStore\FileRepository\nv_dispi.inf_amd64_009debfbd2e1619b\nvoglv64.dll
0x00007ffa9b130000 - 0x00007ffa9b598000 	C:\Windows\System32\SETUPAPI.dll
0x00007ffa9aee0000 - 0x00007ffa9af07000 	C:\Windows\System32\bcrypt.dll
0x00007ffa9cf80000 - 0x00007ffa9d0aa000 	C:\Windows\System32\ole32.dll
0x00007ffa964c0000 - 0x00007ffa964d4000 	C:\Windows\SYSTEM32\WTSAPI32.dll
0x00007ffa9a3d0000 - 0x00007ffa9a3e2000 	C:\Windows\SYSTEM32\msasn1.dll
0x00007ffa94aa0000 - 0x00007ffa94ad1000 	C:\Windows\SYSTEM32\cryptnet.dll
0x00007ffa9a8e0000 - 0x00007ffa9aa36000 	C:\Windows\System32\CRYPT32.dll
0x00007ffa94850000 - 0x00007ffa94998000 	C:\Windows\SYSTEM32\drvstore.dll
0x00007ffa9a1b0000 - 0x00007ffa9a1bc000 	C:\Windows\SYSTEM32\cryptbase.dll
0x00007ffa9b0c0000 - 0x00007ffa9b129000 	C:\Windows\System32\WINTRUST.dll
0x00007ffa9c6e0000 - 0x00007ffa9c78f000 	C:\Windows\System32\clbcatq.dll
0x00007ff9f9b20000 - 0x00007ff9fbdac000 	C:\VulkanSDK\1.3.231.1\Bin\VkLayer_khronos_validation.dll
0x00007ffa92130000 - 0x00007ffa9216b000 	C:\Windows\SYSTEM32\dxcore.dll
0x00007ffa7e370000 - 0x00007ffa7e63f000 	C:\Windows\system32\nvspcap64.dll
0x00007ffa91990000 - 0x00007ffa920ff000 	C:\Windows\SYSTEM32\nvapi64.dll
0x00007ffa9be20000 - 0x00007ffa9be3d000 	C:\Windows\System32\imagehlp.dll
0x00007ffa9a190000 - 0x00007ffa9a1a8000 	C:\Windows\SYSTEM32\CRYPTSP.dll
0x00007ffa99850000 - 0x00007ffa99884000 	C:\Windows\system32\rsaenh.dll
0x00007ffa99070000 - 0x00007ffa99093000 	C:\Windows\SYSTEM32\gpapi.dll
0x00007ffa18360000 - 0x00007ffa1840e000 	C:\Windows\System32\DriverStore\FileRepository\nv_dispi.inf_amd64_009debfbd2e1619b\NvCamera\NvCameraAllowlisting64.dll
0x00007ff9f99f0000 - 0x00007ff9f9b15000 	C:\Windows\SYSTEM32\opengl32.dll
0x00007ffa718a0000 - 0x00007ffa718cc000 	C:\Windows\SYSTEM32\GLU32.dll
0x00007ffa99db0000 - 0x00007ffa99dfb000 	C:\Windows\SYSTEM32\powrprof.dll
0x00007ffa99c20000 - 0x00007ffa99c32000 	C:\Windows\SYSTEM32\UMPDC.dll
0x00007ffa997e0000 - 0x00007ffa99844000 	C:\Windows\SYSTEM32\WINSTA.dll
0x00007ff9f95a0000 - 0x00007ff9f99ea000 	C:\!TEMP\lwjglDaniil\3.3.1-build-7\shaderc.dll
0x00007ffa182d0000 - 0x00007ffa18351000 	C:\!TEMP\lwjglDaniil\3.3.1-build-7\lwjgl_stb.dll

dbghelp: loaded successfully - version: 4.0.5 - missing functions: none
symbol engine: initialized successfully - sym options: 0x614 - pdb path: .;C:\Program Files\Java\graalvm-ce-java11-22.3.0\bin;C:\Windows\SYSTEM32;C:\Windows\WinSxS\amd64_microsoft.windows.common-controls_6595b64144ccf1df_6.0.19041.1110_none_60b5254171f9507e;C:\Program Files\Java\graalvm-ce-java11-22.3.0\bin\server;C:\!TEMP\lwjglDaniil\3.3.1-build-7;C:\Windows\System32\DriverStore\FileRepository\nv_dispi.inf_amd64_009debfbd2e1619b;C:\VulkanSDK\1.3.231.1\Bin;C:\Windows\System32\DriverStore\FileRepository\nv_dispi.inf_amd64_009debfbd2e1619b\NvCamera

VM Arguments:
jvm_args: -XX:ThreadPriorityPolicy=1 -XX:+UnlockExperimentalVMOptions -XX:+EnableJVMCIProduct -XX:JVMCIThreadsPerNativeLibraryRuntime=1 -XX:-UnlockExperimentalVMOptions 
java_command: com.kgaft.KGAFTEngine.Main
java_class_path (initial): E:\documents\projects\GitHub\JavaGameEngine\target\classes;C:\Users\Daniil\.m2\repository\org\lwjgl\lwjgl\3.3.1\lwjgl-3.3.1.jar;C:\Users\Daniil\.m2\repository\org\l33tlabs\twl\pngdecoder\1.0\pngdecoder-1.0.jar;C:\Users\Daniil\.m2\repository\org\lwjgl\lwjgl-assimp\3.3.1\lwjgl-assimp-3.3.1.jar;C:\Users\Daniil\.m2\repository\org\lwjgl\lwjgl-glfw\3.3.1\lwjgl-glfw-3.3.1.jar;C:\Users\Daniil\.m2\repository\org\lwjgl\lwjgl-openal\3.3.1\lwjgl-openal-3.3.1.jar;C:\Users\Daniil\.m2\repository\org\lwjgl\lwjgl-opengl\3.3.1\lwjgl-opengl-3.3.1.jar;C:\Users\Daniil\.m2\repository\org\lwjgl\lwjgl-stb\3.3.1\lwjgl-stb-3.3.1.jar;C:\Users\Daniil\.m2\repository\org\lwjgl\lwjgl-vulkan\3.3.1\lwjgl-vulkan-3.3.1.jar;C:\Users\Daniil\.m2\repository\org\lwjgl\lwjgl\3.3.1\lwjgl-3.3.1-natives-windows.jar;C:\Users\Daniil\.m2\repository\org\lwjgl\lwjgl-assimp\3.3.1\lwjgl-assimp-3.3.1-natives-windows.jar;C:\Users\Daniil\.m2\repository\org\lwjgl\lwjgl-glfw\3.3.1\lwjgl-glfw-3.3.1-natives-windows.jar;C:\Users\Daniil\.m2\repository\org\lwjgl\lwjgl-openal\3.3.1\lwjgl-openal-3.3.1-natives-windows.jar;C:\Users\Daniil\.m2\repository\org\lwjgl\lwjgl-opengl\3.3.1\lwjgl-opengl-3.3.1-natives-windows.jar;C:\Users\Daniil\.m2\repository\org\lwjgl\lwjgl-stb\3.3.1\lwjgl-stb-3.3.1-natives-windows.jar;C:\Users\Daniil\.m2\repository\org\lwjgl\lwjgl\lwjgl_util\2.9.1\lwjgl_util-2.9.1.jar;C:\Users\Daniil\.m2\repository\org\lwjgl\lwjgl\lwjgl\2.9.1\lwjgl-2.9.1.jar;C:\Users\Daniil\.m2\repository\org\lwjgl\lwjgl\lwjgl-platform\2.9.1\lwjgl-platform-2.9.1-natives-windows.jar;C:\Users\Daniil\.m2\repository\org\lwjgl\lwjgl\lwjgl-platform\2.9.1\lwjgl-platform-2.9.1-natives-linux.jar;C:\Users\Daniil\.m2\repository\org\lwjgl\lwjgl\lwjgl-platform\2.9.1\lwjgl-platform-2.9.1-natives-osx.jar;C:\Users\Daniil\.m2\repository\net\java\jinput\jinput\2.0.5\jinput-2.0.5.jar;C:\Users\Daniil\.m2\repository\net\java\jutils\jutils\1.0.0\jutils-1.0.0.jar;C:\Users\Daniil\.m2\repository\net\java\jinput\jinput-platform\2.0.5
Launcher Type: SUN_STANDARD

[Global flags]
     intx CICompilerCount                          = 3                                         {product} {ergonomic}
     uint ConcGCThreads                            = 1                                         {product} {ergonomic}
     bool EnableJVMCIProduct                       = true                                {JVMCI product} {jimage}
     uint G1ConcRefinementThreads                  = 4                                         {product} {ergonomic}
   size_t G1HeapRegionSize                         = 1048576                                   {product} {ergonomic}
    uintx GCDrainStackTargetSize                   = 64                                        {product} {ergonomic}
   size_t InitialHeapSize                          = 134217728                                 {product} {ergonomic}
     uint JVMCIThreadsPerNativeLibraryRuntime      = 1                                   {JVMCI product} {jimage}
   size_t MarkStackSize                            = 4194304                                   {product} {ergonomic}
   size_t MaxHeapSize                              = 2130706432                                {product} {ergonomic}
   size_t MaxNewSize                               = 1278214144                                {product} {ergonomic}
   size_t MinHeapDeltaBytes                        = 1048576                                   {product} {ergonomic}
    uintx NonNMethodCodeHeapSize                   = 6401880                                {pd product} {ergonomic}
    uintx NonProfiledCodeHeapSize                  = 164571220                              {pd product} {ergonomic}
    uintx ProfiledCodeHeapSize                     = 164571220                              {pd product} {ergonomic}
    uintx ReservedCodeCacheSize                    = 335544320                              {pd product} {ergonomic}
     bool SegmentedCodeCache                       = true                                      {product} {ergonomic}
     intx ThreadPriorityPolicy                     = 1                                         {product} {jimage}
     bool UseCompressedClassPointers               = true                                 {lp64_product} {ergonomic}
     bool UseCompressedOops                        = true                                 {lp64_product} {ergonomic}
     bool UseG1GC                                  = true                                      {product} {ergonomic}
     bool UseLargePagesIndividualAllocation        = false                                  {pd product} {ergonomic}

Logging:
Log output configuration:
 #0: stdout all=warning uptime,level,tags
 #1: stderr all=off uptime,level,tags

Environment Variables:
JAVA_HOME=C:\Program Files\Java\graalvm-ce-java11-22.3.0
PATH=C:\VulkanSDK\1.3.231.1\Bin;C:\Windows\system32;C:\Windows;C:\Windows\System32\Wbem;C:\Windows\System32\WindowsPowerShell\v1.0\;C:\Windows\System32\OpenSSH\;C:\Program Files (x86)\NVIDIA Corporation\PhysX\Common;C:\Program Files\NVIDIA Corporation\NVIDIA NvDLISR;C:\Program Files\Git\cmd;C:\Program Files\Java\graalvm-ce-java11-22.3.0\bin;C:\Program Files\dotnet\;C:\Program Files\CMake\bin;C:\Users\Daniil\AppData\Local\Microsoft\WindowsApps;;C:\Program Files\JetBrains\PyCharm Community Edition 2022.2.3\bin;;C:\Users\Daniil\AppData\Local\Programs\Microsoft VS Code\bin;C:\Program Files\JetBrains\CLion 2022.3\bin;;C:\Users\Daniil\.dotnet\tools
USERNAME=Daniil
LANG=en_US.UTF-8
OS=Windows_NT
PROCESSOR_IDENTIFIER=Intel64 Family 6 Model 58 Stepping 9, GenuineIntel
TMP=C:\!TEMP
TEMP=C:\!TEMP



---------------  S Y S T E M  ---------------

OS: Windows 10 , 64 bit Build 19041 (10.0.19041.2364)
OS uptime: 0 days 1:05 hours

CPU:total 4 (initial active 4) (4 cores per cpu, 1 threads per core) family 6 model 58 stepping 9 microcode 0x21, cmov, cx8, fxsr, mmx, sse, sse2, sse3, ssse3, sse4.1, sse4.2, popcnt, avx, aes, clmul, erms, tsc, tscinvbit, tscinv

Memory: 4k page, system-wide physical 8126M (2505M free)
TotalPageFile size 16322M (AvailPageFile size 6263M)
current process WorkingSet (physical memory assigned to process): 236M, peak: 299M
current process commit charge ("private bytes"): 481M, peak: 481M

vm_info: OpenJDK 64-Bit Server VM (11.0.17+8-jvmci-22.3-b08) for windows-amd64 JRE (11.0.17+8-jvmci-22.3-b08), built on Oct 19 2022 01:56:15 by "" with MS VC++ 15.9 (VS2017)

END.
