#
# A fatal error has been detected by the Java Runtime Environment:
#
#  SIGSEGV (0xb) at pc=0x00007fff79e75324, pid=1058, tid=775
#
# JRE version: OpenJDK Runtime Environment Corretto-11.0.17.8.1 (11.0.17+8) (build 11.0.17+8-LTS)
# Java VM: OpenJDK 64-Bit Server VM Corretto-11.0.17.8.1 (11.0.17+8-LTS, mixed mode, tiered, compressed oops, g1 gc, bsd-amd64)
# Problematic frame:
# C  [libsystem_platform.dylib+0x5324]  _platform_memmove$VARIANT$Base+0xe4
#
# No core dump will be written. Core dumps have been disabled. To enable core dumping, try "ulimit -c unlimited" before starting Java again
#
# If you would like to submit a bug report, please visit:
#   https://github.com/corretto/corretto-11/issues/
# The crash happened outside the Java Virtual Machine in native code.
# See problematic frame for where to report the bug.
#

---------------  S U M M A R Y ------------

Command Line: -javaagent:/Applications/IntelliJ IDEA.app/Contents/lib/idea_rt.jar=51220:/Applications/IntelliJ IDEA.app/Contents/bin -Dfile.encoding=UTF-8 com.kgaft.JavaGameEngine.Main

Host: MacBookPro7,1 x86_64 2660 MHz, 2 cores, 4G, Darwin 17.7.0
Time: Wed Nov 16 12:42:02 2022 MSK elapsed time: 3.616731 seconds (0d 0h 0m 3s)

---------------  T H R E A D  ---------------

Current thread (0x00007fee3b80e800):  JavaThread "main" [_thread_in_native, id=775, stack(0x00007ffedfebd000,0x00007ffee06bd000)]

Stack: [0x00007ffedfebd000,0x00007ffee06bd000],  sp=0x00007ffee06b8df0,  free space=8175k
Native frames: (J=compiled Java code, A=aot compiled Java code, j=interpreted, Vv=VM code, C=native code)
C  [libsystem_platform.dylib+0x5324]  _platform_memmove$VARIANT$Base+0xe4
C  [GeForceTeslaGLDriver+0x29df18]  gldReadTextureData+0x9bd64
C  [GeForceTeslaGLDriver+0x29e575]  gldReadTextureData+0x9c3c1
C  [GeForceTeslaGLDriver+0x2fb5d8]  gldBlitFramebufferData+0x1df5d
C  [GLEngine+0x19066]  glTexImage2D_Exec+0x799
C  [libGL.dylib+0x363f]  glTexImage2D+0x3b
C  [liblwjgl_opengl.dylib+0xdfee]
[error occurred during error reporting (printing native stack), id 0xe0000000, Internal Error (src/hotspot/os/bsd/decoder_machO.hpp:43)]

Java frames: (J=compiled Java code, j=interpreted, Vv=VM code)
j  org.lwjgl.opengl.GL11C.nglTexImage2D(IIIIIIIIJ)V+0
j  org.lwjgl.opengl.GL11C.glTexImage2D(IIIIIIIILjava/nio/ByteBuffer;)V+17
j  org.lwjgl.opengl.GL11.glTexImage2D(IIIIIIIILjava/nio/ByteBuffer;)V+14
j  com.kgaft.JavaGameEngine.Engine.GraphicsObjects.Texture.loadTexture(Ljava/lang/String;)Lcom/kgaft/JavaGameEngine/Engine/GraphicsObjects/Texture;+124
j  com.kgaft.JavaGameEngine.Engine.GraphicsObjects.ModelLoader.loadTextures(Lorg/lwjgl/assimp/AIMaterial;ILjava/lang/String;)Ljava/util/List;+115
j  com.kgaft.JavaGameEngine.Engine.GraphicsObjects.ModelLoader.processMesh(Lorg/lwjgl/assimp/AIMesh;Lorg/lwjgl/assimp/AIScene;Ljava/lang/String;)Lcom/kgaft/JavaGameEngine/Engine/GraphicsObjects/Mesh;+17
j  com.kgaft.JavaGameEngine.Engine.GraphicsObjects.ModelLoader.processScene(Lorg/lwjgl/assimp/AIScene;Ljava/lang/String;)Lcom/kgaft/JavaGameEngine/Engine/GraphicsObjects/Model;+58
j  com.kgaft.JavaGameEngine.Engine.GraphicsObjects.ModelLoader.loadModel(Ljava/lang/String;)Lcom/kgaft/JavaGameEngine/Engine/GraphicsObjects/Model;+19
j  com.kgaft.JavaGameEngine.Engine.Engine.start()V+98
j  com.kgaft.JavaGameEngine.Main.main([Ljava/lang/String;)V+24
v  ~StubRoutines::call_stub

siginfo: si_signo: 11 (SIGSEGV), si_code: 1 (SEGV_MAPERR), si_addr: 0x0000000125c38000

Register to memory mapping:

RAX=0x00007fff79e7532b: _platform_memmove$VARIANT$Base+0xeb in /usr/lib/system/libsystem_platform.dylib at 0x00007fff79e70000
RBX=0x000000012767a100 points into unknown readable memory: 0x0000000000000000 | 00 00 00 00 00 00 00 00
RCX=0x0000000000005800 is an unknown value
RDX=0x0 is NULL
RSP=0x00007ffee06b8df0 is pointing into the stack for thread: 0x00007fee3b80e800
RBP=0x00007ffee06b8df0 is pointing into the stack for thread: 0x00007fee3b80e800
RSI=0x0000000125c38000 is an unknown value
RDI=0x000000012767c100 points into unknown readable memory: 0x0000000000000000 | 00 00 00 00 00 00 00 00
R8 =0x00007fff79e752cc: _platform_memmove$VARIANT$Base+0x8c in /usr/lib/system/libsystem_platform.dylib at 0x00007fff79e70000
R9 =0x00000000000000b7 is an unknown value
R10=0x000000000000000c is an unknown value
R11=0x000000012767a100 points into unknown readable memory: 0x0000000000000000 | 00 00 00 00 00 00 00 00
R12=0x0000000125c36000 points into unknown readable memory: 0x0000000000000000 | 00 00 00 00 00 00 00 00
R13=0x0 is NULL
R14=0x0000000122a8f000 points into unknown readable memory: 0x2100500400000007 | 07 00 00 00 04 50 00 21
R15=0x00007ffee06b8e08 is pointing into the stack for thread: 0x00007fee3b80e800


Registers:
RAX=0x00007fff79e7532b, RBX=0x000000012767a100, RCX=0x0000000000005800, RDX=0x0000000000000000
RSP=0x00007ffee06b8df0, RBP=0x00007ffee06b8df0, RSI=0x0000000125c38000, RDI=0x000000012767c100
R8 =0x00007fff79e752cc, R9 =0x00000000000000b7, R10=0x000000000000000c, R11=0x000000012767a100
R12=0x0000000125c36000, R13=0x0000000000000000, R14=0x0000000122a8f000, R15=0x00007ffee06b8e08
RIP=0x00007fff79e75324, EFLAGS=0x0000000000010206, ERR=0x0000000000000004
  TRAPNO=0x000000000000000e

Top of Stack: (sp=0x00007ffee06b8df0)
0x00007ffee06b8df0:   00007ffee06b8ff0 0000000121197f18
0x00007ffee06b8e00:   00007fee3bb07000 0000000111d000c0
0x00007ffee06b8e10:   0000000000000000 00007fee3cb1b8c0
0x00007ffee06b8e20:   00002000beef0202 0000000000000000
0x00007ffee06b8e30:   0000000000000000 0000000000000000
0x00007ffee06b8e40:   0000000000000003 0000000000000000
0x00007ffee06b8e50:   0000000000000000 0000000000000000
0x00007ffee06b8e60:   0000000400000000 0000000000000000
0x00007ffee06b8e70:   000000000000008e 0000000000000000
0x00007ffee06b8e80:   00007ffe00000000 0000000165d1a700
0x00007ffee06b8e90:   0000000000000000 00007fee3ca19af0
0x00007ffee06b8ea0:   00000000beef0202 0000080000000800
0x00007ffee06b8eb0:   0000000b00000001 000000000000000b
0x00007ffee06b8ec0:   0000080000000002 0000000100000800
0x00007ffee06b8ed0:   0000000300000000 0000000000000000
0x00007ffee06b8ee0:   0000000400000000 0000000400000000
0x00007ffee06b8ef0:   000000000000008e 0000000000000000
0x00007ffee06b8f00:   0000000000000000 0000000122ab3d0c
0x00007ffee06b8f10:   0000000000000000 0000000000000000
0x00007ffee06b8f20:   0000000001000000 0000000000000000
0x00007ffee06b8f30:   0000000000002000 0000000000000000
0x00007ffee06b8f40:   000000100000000a 0000000000010000
0x00007ffee06b8f50:   0000000122a8f000 0000000000002000
0x00007ffee06b8f60:   0000000000000000 00007ffee06b910c
0x00007ffee06b8f70:   0000000001555900 00000000000006ff
0x00007ffee06b8f80:   0000000122ab3cc8 0000000000000000
0x00007ffee06b8f90:   0000010100000004 000000000000000c
0x00007ffee06b8fa0:   0000000000000800 00000000213a3c54
0x00007ffee06b8fb0:   0000000125c36000 0000000100000001
0x00007ffee06b8fc0:   0000000000000000 00007ffee06b90c0
0x00007ffee06b8fd0:   00007ffee06b9190 0000000124e38000
0x00007ffee06b8fe0:   0000000000000800 0000000000000800 

Instructions: (pc=0x00007fff79e75324)
0x00007fff79e75224:   66 0f ef c0 66 0f 74 07 66 0f d7 f0 85 f6 74 ec
0x00007fff79e75234:   eb d3 90 90 90 90 90 90 90 90 90 90 55 48 89 e5
0x00007fff79e75244:   49 89 fb 48 89 f8 48 29 f0 48 39 d0 72 35 48 83
0x00007fff79e75254:   fa 50 77 34 89 d1 c1 e9 02 74 10 8b 06 48 83 c6
0x00007fff79e75264:   04 89 07 48 83 c7 04 ff c9 75 f0 83 e2 03 74 0e
0x00007fff79e75274:   8a 06 48 ff c6 88 07 48 ff c7 ff ca 75 f2 4c 89
0x00007fff79e75284:   d8 5d c3 e9 94 06 00 00 48 81 fa 00 d0 07 00 73
0x00007fff79e75294:   77 89 f9 f7 d9 83 e1 0f 74 04 29 ca f3 a4 48 89
0x00007fff79e752a4:   d1 89 f0 83 e2 3f 83 e0 0f 48 83 e1 c0 4c 8d 05
0x00007fff79e752b4:   14 00 00 00 48 01 ce 48 01 cf 41 8b 04 80 48 f7
0x00007fff79e752c4:   d9 4c 01 c0 ff e0 66 90 5f 00 00 00 ad 00 00 00
0x00007fff79e752d4:   0d 01 00 00 6d 01 00 00 cd 01 00 00 2d 02 00 00
0x00007fff79e752e4:   8d 02 00 00 ed 02 00 00 4d 03 00 00 b6 03 00 00
0x00007fff79e752f4:   16 04 00 00 76 04 00 00 d6 04 00 00 34 05 00 00
0x00007fff79e75304:   94 05 00 00 f4 05 00 00 41 53 e8 fd 06 00 00 58
0x00007fff79e75314:   5d c3 48 01 ce 48 01 cf f7 d9 09 d1 fc c1 e9 02
0x00007fff79e75324:   f3 a5 e9 44 ff ff ff 81 f9 0f c0 ff ff 7e e3 eb
0x00007fff79e75334:   0b 66 66 2e 0f 1f 84 00 00 00 00 00 66 0f 6f 04
0x00007fff79e75344:   0e 66 0f 6f 4c 0e 10 66 0f 6f 54 0e 20 66 0f 6f
0x00007fff79e75354:   5c 0e 30 66 0f 7f 04 0f 66 0f 7f 4c 0f 10 66 0f
0x00007fff79e75364:   7f 54 0f 20 66 0f 7f 5c 0f 30 48 83 c1 40 75 cc
0x00007fff79e75374:   e9 df fe ff ff 66 0f 6f 44 0e ff 66 0f 6f 4c 0e
0x00007fff79e75384:   0f 66 0f 6f 54 0e 1f 66 0f 6f 5c 0e 2f 66 0f 6f
0x00007fff79e75394:   64 0e 3f 66 0f 6f e8 66 0f 6f c4 66 0f 3a 0f e3
0x00007fff79e753a4:   01 66 0f 3a 0f da 01 66 0f 3a 0f d1 01 66 0f 3a
0x00007fff79e753b4:   0f cd 01 66 0f 7f 0c 0f 66 0f 7f 54 0f 10 66 0f
0x00007fff79e753c4:   7f 5c 0f 20 66 0f 7f 64 0f 30 48 83 c1 40 75 ab
0x00007fff79e753d4:   e9 7f fe ff ff 66 0f 6f 44 0e fe 66 0f 6f 4c 0e
0x00007fff79e753e4:   0e 66 0f 6f 54 0e 1e 66 0f 6f 5c 0e 2e 66 0f 6f
0x00007fff79e753f4:   64 0e 3e 66 0f 6f e8 66 0f 6f c4 66 0f 3a 0f e3
0x00007fff79e75404:   02 66 0f 3a 0f da 02 66 0f 3a 0f d1 02 66 0f 3a
0x00007fff79e75414:   0f cd 02 66 0f 7f 0c 0f 66 0f 7f 54 0f 10 66 0f 


Stack slot to memory mapping:
stack at sp + 0 slots: 0x00007ffee06b8ff0 is pointing into the stack for thread: 0x00007fee3b80e800
stack at sp + 1 slots: 0x0000000121197f18: gldReadTextureData+0x9bd64 in /System/Library/Extensions/GeForceTeslaGLDriver.bundle/Contents/MacOS/GeForceTeslaGLDriver at 0x0000000120efa000
stack at sp + 2 slots: 0x00007fee3bb07000 points into unknown readable memory: 0x00007fee3d02a060 | 60 a0 02 3d ee 7f 00 00
stack at sp + 3 slots: 0x0000000111d000c0 points into unknown readable memory: 0x69662e6e692e6465 | 65 64 2e 69 6e 2e 66 69
stack at sp + 4 slots: 0x0 is NULL
stack at sp + 5 slots: 0x00007fee3cb1b8c0 points into unknown readable memory: 0x00007fee3cb1c170 | 70 c1 b1 3c ee 7f 00 00
stack at sp + 6 slots: 0x00002000beef0202 is an unknown value
stack at sp + 7 slots: 0x0 is NULL


---------------  P R O C E S S  ---------------

Threads class SMR info:
_java_thread_list=0x00007fee3ac64b30, length=10, elements={
0x00007fee3b80e800, 0x00007fee3b859800, 0x00007fee3b070800, 0x00007fee3b870800,
0x00007fee3b873800, 0x00007fee3b874800, 0x00007fee3b072000, 0x00007fee3b073000,
0x00007fee3b949800, 0x00007fee3b936000
}

Java Threads: ( => current thread )
=>0x00007fee3b80e800 JavaThread "main" [_thread_in_native, id=775, stack(0x00007ffedfebd000,0x00007ffee06bd000)]
  0x00007fee3b859800 JavaThread "Reference Handler" daemon [_thread_blocked, id=13315, stack(0x0000700001456000,0x0000700001556000)]
  0x00007fee3b070800 JavaThread "Finalizer" daemon [_thread_blocked, id=17923, stack(0x0000700001559000,0x0000700001659000)]
  0x00007fee3b870800 JavaThread "Signal Dispatcher" daemon [_thread_blocked, id=17415, stack(0x00007000016df000,0x00007000017df000)]
  0x00007fee3b873800 JavaThread "Service Thread" daemon [_thread_blocked, id=21763, stack(0x00007000017e2000,0x00007000018e2000)]
  0x00007fee3b874800 JavaThread "C2 CompilerThread0" daemon [_thread_blocked, id=22275, stack(0x00007000018e5000,0x00007000019e5000)]
  0x00007fee3b072000 JavaThread "C1 CompilerThread0" daemon [_thread_blocked, id=42499, stack(0x00007000019e8000,0x0000700001ae8000)]
  0x00007fee3b073000 JavaThread "Sweeper thread" daemon [_thread_blocked, id=22787, stack(0x0000700001aeb000,0x0000700001beb000)]
  0x00007fee3b949800 JavaThread "Common-Cleaner" daemon [_thread_blocked, id=41475, stack(0x0000700001bee000,0x0000700001cee000)]
  0x00007fee3b936000 JavaThread "Monitor Ctrl-Break" daemon [_thread_in_native, id=23299, stack(0x0000700001cf1000,0x0000700001df1000)]

Other Threads:
  0x00007fee3b85a800 VMThread "VM Thread" [stack: 0x0000700001353000,0x0000700001453000] [id=13059]
  0x00007fee3b188000 WatcherThread [stack: 0x0000700001df4000,0x0000700001ef4000] [id=23811]
  0x00007fee3b018000 GCTaskThread "GC Thread#0" [stack: 0x0000700000e44000,0x0000700000f44000] [id=11523]
  0x00007fee3b339000 GCTaskThread "GC Thread#1" [stack: 0x0000700001f7a000,0x000070000207a000] [id=49927]
  0x00007fee3b038000 ConcurrentGCThread "G1 Main Marker" [stack: 0x0000700000f47000,0x0000700001047000] [id=20739]
  0x00007fee3b039000 ConcurrentGCThread "G1 Conc#0" [stack: 0x000070000104a000,0x000070000114a000] [id=12035]
  0x00007fee3b061800 ConcurrentGCThread "G1 Refine#0" [stack: 0x000070000114d000,0x000070000124d000] [id=19715]
  0x00007fee3b062800 ConcurrentGCThread "G1 Young RemSet Sampling" [stack: 0x0000700001250000,0x0000700001350000] [id=19459]

Threads with active compile tasks:

VM state:not at safepoint (normal execution)

VM Mutex/Monitor currently owned by a thread: None

Heap address: 0x00000007c0000000, size: 1024 MB, Compressed Oops mode: Zero based, Oop shift amount: 3
Narrow klass base: 0x0000000800000000, Narrow klass shift: 0
Compressed class space size: 1073741824 Address: 0x0000000800000000

Heap:
 garbage-first heap   total 65536K, used 4762K [0x00000007c0000000, 0x0000000800000000)
  region size 1024K, 6 young (6144K), 1 survivors (1024K)
 Metaspace       used 11952K, capacity 12198K, committed 12544K, reserved 1060864K
  class space    used 891K, capacity 968K, committed 1024K, reserved 1048576K
Heap Regions: E=young(eden), S=young(survivor), O=old, HS=humongous(starts), HC=humongous(continues), CS=collection set, F=free, A=archive, TAMS=top-at-mark-start (previous, next)
|   0|0x00000007c0000000, 0x00000007c00a6800, 0x00000007c0100000| 65%| O|  |TAMS 0x00000007c0000000, 0x00000007c0000000| Untracked 
|   1|0x00000007c0100000, 0x00000007c0100000, 0x00000007c0200000|  0%| F|  |TAMS 0x00000007c0100000, 0x00000007c0100000| Untracked 
|   2|0x00000007c0200000, 0x00000007c0200000, 0x00000007c0300000|  0%| F|  |TAMS 0x00000007c0200000, 0x00000007c0200000| Untracked 
|   3|0x00000007c0300000, 0x00000007c0300000, 0x00000007c0400000|  0%| F|  |TAMS 0x00000007c0300000, 0x00000007c0300000| Untracked 
|   4|0x00000007c0400000, 0x00000007c0400000, 0x00000007c0500000|  0%| F|  |TAMS 0x00000007c0400000, 0x00000007c0400000| Untracked 
|   5|0x00000007c0500000, 0x00000007c0500000, 0x00000007c0600000|  0%| F|  |TAMS 0x00000007c0500000, 0x00000007c0500000| Untracked 
|   6|0x00000007c0600000, 0x00000007c0600000, 0x00000007c0700000|  0%| F|  |TAMS 0x00000007c0600000, 0x00000007c0600000| Untracked 
|   7|0x00000007c0700000, 0x00000007c0700000, 0x00000007c0800000|  0%| F|  |TAMS 0x00000007c0700000, 0x00000007c0700000| Untracked 
|   8|0x00000007c0800000, 0x00000007c0800000, 0x00000007c0900000|  0%| F|  |TAMS 0x00000007c0800000, 0x00000007c0800000| Untracked 
|   9|0x00000007c0900000, 0x00000007c0900000, 0x00000007c0a00000|  0%| F|  |TAMS 0x00000007c0900000, 0x00000007c0900000| Untracked 
|  10|0x00000007c0a00000, 0x00000007c0a00000, 0x00000007c0b00000|  0%| F|  |TAMS 0x00000007c0a00000, 0x00000007c0a00000| Untracked 
|  11|0x00000007c0b00000, 0x00000007c0b00000, 0x00000007c0c00000|  0%| F|  |TAMS 0x00000007c0b00000, 0x00000007c0b00000| Untracked 
|  12|0x00000007c0c00000, 0x00000007c0c00000, 0x00000007c0d00000|  0%| F|  |TAMS 0x00000007c0c00000, 0x00000007c0c00000| Untracked 
|  13|0x00000007c0d00000, 0x00000007c0d00000, 0x00000007c0e00000|  0%| F|  |TAMS 0x00000007c0d00000, 0x00000007c0d00000| Untracked 
|  14|0x00000007c0e00000, 0x00000007c0e00000, 0x00000007c0f00000|  0%| F|  |TAMS 0x00000007c0e00000, 0x00000007c0e00000| Untracked 
|  15|0x00000007c0f00000, 0x00000007c0f00000, 0x00000007c1000000|  0%| F|  |TAMS 0x00000007c0f00000, 0x00000007c0f00000| Untracked 
|  16|0x00000007c1000000, 0x00000007c1000000, 0x00000007c1100000|  0%| F|  |TAMS 0x00000007c1000000, 0x00000007c1000000| Untracked 
|  17|0x00000007c1100000, 0x00000007c1100000, 0x00000007c1200000|  0%| F|  |TAMS 0x00000007c1100000, 0x00000007c1100000| Untracked 
|  18|0x00000007c1200000, 0x00000007c1200000, 0x00000007c1300000|  0%| F|  |TAMS 0x00000007c1200000, 0x00000007c1200000| Untracked 
|  19|0x00000007c1300000, 0x00000007c1300000, 0x00000007c1400000|  0%| F|  |TAMS 0x00000007c1300000, 0x00000007c1300000| Untracked 
|  20|0x00000007c1400000, 0x00000007c1400000, 0x00000007c1500000|  0%| F|  |TAMS 0x00000007c1400000, 0x00000007c1400000| Untracked 
|  21|0x00000007c1500000, 0x00000007c1500000, 0x00000007c1600000|  0%| F|  |TAMS 0x00000007c1500000, 0x00000007c1500000| Untracked 
|  22|0x00000007c1600000, 0x00000007c1600000, 0x00000007c1700000|  0%| F|  |TAMS 0x00000007c1600000, 0x00000007c1600000| Untracked 
|  23|0x00000007c1700000, 0x00000007c1700000, 0x00000007c1800000|  0%| F|  |TAMS 0x00000007c1700000, 0x00000007c1700000| Untracked 
|  24|0x00000007c1800000, 0x00000007c1800000, 0x00000007c1900000|  0%| F|  |TAMS 0x00000007c1800000, 0x00000007c1800000| Untracked 
|  25|0x00000007c1900000, 0x00000007c1900000, 0x00000007c1a00000|  0%| F|  |TAMS 0x00000007c1900000, 0x00000007c1900000| Untracked 
|  26|0x00000007c1a00000, 0x00000007c1a00000, 0x00000007c1b00000|  0%| F|  |TAMS 0x00000007c1a00000, 0x00000007c1a00000| Untracked 
|  27|0x00000007c1b00000, 0x00000007c1b00000, 0x00000007c1c00000|  0%| F|  |TAMS 0x00000007c1b00000, 0x00000007c1b00000| Untracked 
|  28|0x00000007c1c00000, 0x00000007c1c00000, 0x00000007c1d00000|  0%| F|  |TAMS 0x00000007c1c00000, 0x00000007c1c00000| Untracked 
|  29|0x00000007c1d00000, 0x00000007c1d00000, 0x00000007c1e00000|  0%| F|  |TAMS 0x00000007c1d00000, 0x00000007c1d00000| Untracked 
|  30|0x00000007c1e00000, 0x00000007c1e00000, 0x00000007c1f00000|  0%| F|  |TAMS 0x00000007c1e00000, 0x00000007c1e00000| Untracked 
|  31|0x00000007c1f00000, 0x00000007c1f00000, 0x00000007c2000000|  0%| F|  |TAMS 0x00000007c1f00000, 0x00000007c1f00000| Untracked 
|  32|0x00000007c2000000, 0x00000007c2000000, 0x00000007c2100000|  0%| F|  |TAMS 0x00000007c2000000, 0x00000007c2000000| Untracked 
|  33|0x00000007c2100000, 0x00000007c2100000, 0x00000007c2200000|  0%| F|  |TAMS 0x00000007c2100000, 0x00000007c2100000| Untracked 
|  34|0x00000007c2200000, 0x00000007c2200000, 0x00000007c2300000|  0%| F|  |TAMS 0x00000007c2200000, 0x00000007c2200000| Untracked 
|  35|0x00000007c2300000, 0x00000007c2300000, 0x00000007c2400000|  0%| F|  |TAMS 0x00000007c2300000, 0x00000007c2300000| Untracked 
|  36|0x00000007c2400000, 0x00000007c2400000, 0x00000007c2500000|  0%| F|  |TAMS 0x00000007c2400000, 0x00000007c2400000| Untracked 
|  37|0x00000007c2500000, 0x00000007c2500000, 0x00000007c2600000|  0%| F|  |TAMS 0x00000007c2500000, 0x00000007c2500000| Untracked 
|  38|0x00000007c2600000, 0x00000007c2600000, 0x00000007c2700000|  0%| F|  |TAMS 0x00000007c2600000, 0x00000007c2600000| Untracked 
|  39|0x00000007c2700000, 0x00000007c2700000, 0x00000007c2800000|  0%| F|  |TAMS 0x00000007c2700000, 0x00000007c2700000| Untracked 
|  40|0x00000007c2800000, 0x00000007c2800000, 0x00000007c2900000|  0%| F|  |TAMS 0x00000007c2800000, 0x00000007c2800000| Untracked 
|  41|0x00000007c2900000, 0x00000007c2900000, 0x00000007c2a00000|  0%| F|  |TAMS 0x00000007c2900000, 0x00000007c2900000| Untracked 
|  42|0x00000007c2a00000, 0x00000007c2a00000, 0x00000007c2b00000|  0%| F|  |TAMS 0x00000007c2a00000, 0x00000007c2a00000| Untracked 
|  43|0x00000007c2b00000, 0x00000007c2b00000, 0x00000007c2c00000|  0%| F|  |TAMS 0x00000007c2b00000, 0x00000007c2b00000| Untracked 
|  44|0x00000007c2c00000, 0x00000007c2c00000, 0x00000007c2d00000|  0%| F|  |TAMS 0x00000007c2c00000, 0x00000007c2c00000| Untracked 
|  45|0x00000007c2d00000, 0x00000007c2d00000, 0x00000007c2e00000|  0%| F|  |TAMS 0x00000007c2d00000, 0x00000007c2d00000| Untracked 
|  46|0x00000007c2e00000, 0x00000007c2e00000, 0x00000007c2f00000|  0%| F|  |TAMS 0x00000007c2e00000, 0x00000007c2e00000| Untracked 
|  47|0x00000007c2f00000, 0x00000007c2f00000, 0x00000007c3000000|  0%| F|  |TAMS 0x00000007c2f00000, 0x00000007c2f00000| Untracked 
|  48|0x00000007c3000000, 0x00000007c3000000, 0x00000007c3100000|  0%| F|  |TAMS 0x00000007c3000000, 0x00000007c3000000| Untracked 
|  49|0x00000007c3100000, 0x00000007c3100000, 0x00000007c3200000|  0%| F|  |TAMS 0x00000007c3100000, 0x00000007c3100000| Untracked 
|  50|0x00000007c3200000, 0x00000007c3200000, 0x00000007c3300000|  0%| F|  |TAMS 0x00000007c3200000, 0x00000007c3200000| Untracked 
|  51|0x00000007c3300000, 0x00000007c3300000, 0x00000007c3400000|  0%| F|  |TAMS 0x00000007c3300000, 0x00000007c3300000| Untracked 
|  52|0x00000007c3400000, 0x00000007c3400000, 0x00000007c3500000|  0%| F|  |TAMS 0x00000007c3400000, 0x00000007c3400000| Untracked 
|  53|0x00000007c3500000, 0x00000007c3500000, 0x00000007c3600000|  0%| F|  |TAMS 0x00000007c3500000, 0x00000007c3500000| Untracked 
|  54|0x00000007c3600000, 0x00000007c3600000, 0x00000007c3700000|  0%| F|  |TAMS 0x00000007c3600000, 0x00000007c3600000| Untracked 
|  55|0x00000007c3700000, 0x00000007c3700000, 0x00000007c3800000|  0%| F|  |TAMS 0x00000007c3700000, 0x00000007c3700000| Untracked 
|  56|0x00000007c3800000, 0x00000007c3900000, 0x00000007c3900000|100%| S|CS|TAMS 0x00000007c3800000, 0x00000007c3800000| Complete 
|  57|0x00000007c3900000, 0x00000007c3900000, 0x00000007c3a00000|  0%| F|  |TAMS 0x00000007c3900000, 0x00000007c3900000| Untracked 
|  58|0x00000007c3a00000, 0x00000007c3a00000, 0x00000007c3b00000|  0%| F|  |TAMS 0x00000007c3a00000, 0x00000007c3a00000| Untracked 
|  59|0x00000007c3b00000, 0x00000007c3bdcf48, 0x00000007c3c00000| 86%| E|  |TAMS 0x00000007c3b00000, 0x00000007c3b00000| Complete 
|  60|0x00000007c3c00000, 0x00000007c3d00000, 0x00000007c3d00000|100%| E|CS|TAMS 0x00000007c3c00000, 0x00000007c3c00000| Complete 
|  61|0x00000007c3d00000, 0x00000007c3e00000, 0x00000007c3e00000|100%| E|CS|TAMS 0x00000007c3d00000, 0x00000007c3d00000| Complete 
|  62|0x00000007c3e00000, 0x00000007c3f00000, 0x00000007c3f00000|100%| E|CS|TAMS 0x00000007c3e00000, 0x00000007c3e00000| Complete 
|  63|0x00000007c3f00000, 0x00000007c4000000, 0x00000007c4000000|100%| E|  |TAMS 0x00000007c3f00000, 0x00000007c3f00000| Complete 

Card table byte_map: [0x000000011959b000,0x000000011979b000] _byte_map_base: 0x000000011579b000

Marking Bits (Prev, Next): (CMBitMap*) 0x00007fee3b033618, (CMBitMap*) 0x00007fee3b033650
 Prev Bits: [0x000000011999b000, 0x000000011a99b000)
 Next Bits: [0x000000011a99b000, 0x000000011b99b000)

Polling page: 0x00000001103af000

Metaspace:

Usage:
  Non-class:     10.97 MB capacity,    10.80 MB ( 98%) used,   149.91 KB (  1%) free+waste,    19.38 KB ( <1%) overhead. 
      Class:    968.00 KB capacity,   891.57 KB ( 92%) used,    67.55 KB (  7%) free+waste,     8.88 KB ( <1%) overhead. 
       Both:     11.91 MB capacity,    11.67 MB ( 98%) used,   217.46 KB (  2%) free+waste,    28.25 KB ( <1%) overhead. 

Virtual space:
  Non-class space:       12.00 MB reserved,      11.25 MB ( 94%) committed 
      Class space:        1.00 GB reserved,       1.00 MB ( <1%) committed 
             Both:        1.01 GB reserved,      12.25 MB (  1%) committed 

Chunk freelists:
   Non-Class:  42.00 KB
       Class:  0 bytes
        Both:  42.00 KB

MaxMetaspaceSize: unlimited
CompressedClassSpaceSize: 1.00 GB
Initial GC threshold: 20.80 MB
Current GC threshold: 20.80 MB
CDS: off

CodeHeap 'non-profiled nmethods': size=120036Kb used=234Kb max_used=234Kb free=119801Kb
 bounds [0x000003dd1f6c5000, 0x000003dd1f935000, 0x000003dd26bfe000]
CodeHeap 'profiled nmethods': size=120032Kb used=1212Kb max_used=1212Kb free=118819Kb
 bounds [0x000003dd1818d000, 0x000003dd183fd000, 0x000003dd1f6c5000]
CodeHeap 'non-nmethods': size=5692Kb used=1596Kb max_used=1596Kb free=4095Kb
 bounds [0x000003dd17bfe000, 0x000003dd17e6e000, 0x000003dd1818d000]
 total_blobs=1763 nmethods=767 adapters=911
 compilation: enabled
              stopped_count=0, restarted_count=0
 full_count=0

Compilation events (20 events):
Event: 2.778 Thread 0x00007fee3b072000  757       3       java.util.ArrayList::get (15 bytes)
Event: 2.778 Thread 0x00007fee3b072000 nmethod 757 0x000003dd182b6190 code [0x000003dd182b63c0, 0x000003dd182b6b88]
Event: 2.778 Thread 0x00007fee3b072000  758       3       java.util.ArrayList::elementData (7 bytes)
Event: 2.778 Thread 0x00007fee3b072000 nmethod 758 0x000003dd182b6e90 code [0x000003dd182b7040, 0x000003dd182b7178]
Event: 2.779 Thread 0x00007fee3b072000  759       1       java.lang.Float::floatValue (5 bytes)
Event: 2.779 Thread 0x00007fee3b072000 nmethod 759 0x000003dd1f6fef10 code [0x000003dd1f6ff0c0, 0x000003dd1f6ff178]
Event: 2.779 Thread 0x00007fee3b874800  760       4       java.util.Objects::checkIndex (7 bytes)
Event: 2.779 Thread 0x00007fee3b874800 nmethod 760 0x000003dd1f6ff210 code [0x000003dd1f6ff3a0, 0x000003dd1f6ff418]
Event: 2.783 Thread 0x00007fee3b072000  761       3       java.lang.ClassLoader::getClassLoadingLock (35 bytes)
Event: 2.784 Thread 0x00007fee3b072000 nmethod 761 0x000003dd182b7290 code [0x000003dd182b7460, 0x000003dd182b7768]
Event: 2.784 Thread 0x00007fee3b072000  762       3       java.lang.ClassLoader::findLoadedClass (16 bytes)
Event: 2.784 Thread 0x00007fee3b072000 nmethod 762 0x000003dd182b7910 code [0x000003dd182b7ae0, 0x000003dd182b7cb8]
Event: 2.784 Thread 0x00007fee3b072000  764       3       jdk.internal.loader.BuiltinClassLoader::findLoadedModule (33 bytes)
Event: 2.784 Thread 0x00007fee3b072000 nmethod 764 0x000003dd182b7d90 code [0x000003dd182b7fc0, 0x000003dd182b85d8]
Event: 2.787 Thread 0x00007fee3b072000  766       3       java.lang.String::indexOf (113 bytes)
Event: 2.789 Thread 0x00007fee3b072000 nmethod 766 0x000003dd182b8810 code [0x000003dd182b8aa0, 0x000003dd182b94a8]
Event: 2.789 Thread 0x00007fee3b072000  765   !   3       jdk.internal.loader.BuiltinClassLoader::loadClassOrNull (143 bytes)
Event: 2.791 Thread 0x00007fee3b072000 nmethod 765 0x000003dd182b9890 code [0x000003dd182b9c00, 0x000003dd182bb3e8]
Event: 2.812 Thread 0x00007fee3b072000  767       3       java.util.ArrayDeque::inc (12 bytes)
Event: 2.812 Thread 0x00007fee3b072000 nmethod 767 0x000003dd182bbd90 code [0x000003dd182bbf40, 0x000003dd182bc058]

GC Heap History (2 events):
Event: 1.744 GC heap before
{Heap before GC invocations=0 (full 0):
 garbage-first heap   total 65536K, used 6144K [0x00000007c0000000, 0x0000000800000000)
  region size 1024K, 7 young (7168K), 0 survivors (0K)
 Metaspace       used 9915K, capacity 10149K, committed 10368K, reserved 1058816K
  class space    used 797K, capacity 857K, committed 896K, reserved 1048576K
}
Event: 1.750 GC heap after
{Heap after GC invocations=1 (full 0):
 garbage-first heap   total 65536K, used 1690K [0x00000007c0000000, 0x0000000800000000)
  region size 1024K, 1 young (1024K), 1 survivors (1024K)
 Metaspace       used 9915K, capacity 10149K, committed 10368K, reserved 1058816K
  class space    used 797K, capacity 857K, committed 896K, reserved 1048576K
}

Deoptimization events (20 events):
Event: 0.539 Thread 0x00007fee3b80e800 DEOPT PACKING pc=0x000003dd1f6d0f58 sp=0x00007ffee06b62a0
Event: 0.539 Thread 0x00007fee3b80e800 DEOPT UNPACKING pc=0x000003dd17c47ea7 sp=0x00007ffee06b6220 mode 2
Event: 0.539 Thread 0x00007fee3b80e800 Uncommon trap: trap_request=0xffffffde fr.pc=0x000003dd1f6d0f58 relative=0x0000000000000ad8
Event: 0.539 Thread 0x00007fee3b80e800 Uncommon trap: reason=class_check action=maybe_recompile pc=0x000003dd1f6d0f58 method=java.util.HashMap.putVal(ILjava/lang/Object;Ljava/lang/Object;ZZ)Ljava/lang/Object; @ 152 c2
Event: 0.539 Thread 0x00007fee3b80e800 DEOPT PACKING pc=0x000003dd1f6d0f58 sp=0x00007ffee06b62a0
Event: 0.539 Thread 0x00007fee3b80e800 DEOPT UNPACKING pc=0x000003dd17c47ea7 sp=0x00007ffee06b6220 mode 2
Event: 0.539 Thread 0x00007fee3b80e800 Uncommon trap: trap_request=0xffffffde fr.pc=0x000003dd1f6d0f58 relative=0x0000000000000ad8
Event: 0.539 Thread 0x00007fee3b80e800 Uncommon trap: reason=class_check action=maybe_recompile pc=0x000003dd1f6d0f58 method=java.util.HashMap.putVal(ILjava/lang/Object;Ljava/lang/Object;ZZ)Ljava/lang/Object; @ 152 c2
Event: 0.539 Thread 0x00007fee3b80e800 DEOPT PACKING pc=0x000003dd1f6d0f58 sp=0x00007ffee06b62a0
Event: 0.539 Thread 0x00007fee3b80e800 DEOPT UNPACKING pc=0x000003dd17c47ea7 sp=0x00007ffee06b6220 mode 2
Event: 0.873 Thread 0x00007fee3b80e800 Uncommon trap: trap_request=0xffffff4d fr.pc=0x000003dd1f6cab14 relative=0x0000000000000074
Event: 0.873 Thread 0x00007fee3b80e800 Uncommon trap: reason=unstable_if action=reinterpret pc=0x000003dd1f6cab14 method=java.lang.String.isLatin1()Z @ 10 c2
Event: 0.873 Thread 0x00007fee3b80e800 DEOPT PACKING pc=0x000003dd1f6cab14 sp=0x00007ffee06b8c00
Event: 0.873 Thread 0x00007fee3b80e800 DEOPT UNPACKING pc=0x000003dd17c47ea7 sp=0x00007ffee06b8b60 mode 2
Event: 1.028 Thread 0x00007fee3b80e800 DEOPT PACKING pc=0x000003dd181e6f04 sp=0x00007ffee06b7fc0
Event: 1.028 Thread 0x00007fee3b80e800 DEOPT UNPACKING pc=0x000003dd17c48633 sp=0x00007ffee06b7438 mode 0
Event: 1.744 Thread 0x00007fee3b80e800 DEOPT PACKING pc=0x000003dd181f46ba sp=0x00007ffee06b3d40
Event: 1.744 Thread 0x00007fee3b80e800 DEOPT UNPACKING pc=0x000003dd17c48633 sp=0x00007ffee06b31c8 mode 0
Event: 1.787 Thread 0x00007fee3b80e800 DEOPT PACKING pc=0x000003dd181c6acf sp=0x00007ffee06b7810
Event: 1.787 Thread 0x00007fee3b80e800 DEOPT UNPACKING pc=0x000003dd17c48633 sp=0x00007ffee06b6cd0 mode 0

Classes redefined (0 events):
No events

Internal exceptions (20 events):
Event: 0.733 Thread 0x00007fee3b80e800 Exception <a 'java/lang/NoSuchMethodError'{0x00000007c3c595f0}: 'void java.lang.invoke.DelegatingMethodHandle$Holder.delegate(java.lang.Object, java.lang.Object, int, java.lang.Object)'> (0x00000007c3c595f0) thrown at [src/hotspot/share/interpreter/linkResolver.cpp, line 773]
Event: 0.735 Thread 0x00007fee3b80e800 Exception <a 'java/lang/NoSuchMethodError'{0x00000007c3c60960}: 'java.lang.Object java.lang.invoke.DirectMethodHandle$Holder.invokeStaticInit(java.lang.Object, java.lang.Object, java.lang.Object)'> (0x00000007c3c60960) thrown at [src/hotspot/share/interpreter/linkResolver.cpp, line 773]
Event: 0.847 Thread 0x00007fee3b80e800 Exception <a 'sun/nio/fs/UnixException'{0x00000007c3cbd558}> (0x00000007c3cbd558) thrown at [src/hotspot/share/prims/jni.cpp, line 617]
Event: 0.920 Thread 0x00007fee3b80e800 Exception <a 'sun/nio/fs/UnixException'{0x00000007c3b17378}> (0x00000007c3b17378) thrown at [src/hotspot/share/prims/jni.cpp, line 617]
Event: 0.939 Thread 0x00007fee3b80e800 Exception <a 'java/lang/NoSuchMethodError'{0x00000007c3b6b718}: 'int java.lang.invoke.DirectMethodHandle$Holder.invokeStaticInit(java.lang.Object, java.lang.Object, int, long)'> (0x00000007c3b6b718) thrown at [src/hotspot/share/interpreter/linkResolver.cpp, line 773]
Event: 0.940 Thread 0x00007fee3b80e800 Exception <a 'java/lang/NoSuchMethodError'{0x00000007c3b708c0}: 'java.lang.Object java.lang.invoke.Invokers$Holder.linkToTargetMethod(java.lang.Object, int, java.lang.Object)'> (0x00000007c3b708c0) thrown at [src/hotspot/share/interpreter/linkResolver.cpp, line 773]
Event: 0.945 Thread 0x00007fee3b80e800 Exception <a 'java/lang/NoSuchMethodError'{0x00000007c3b7df00}: 'int java.lang.invoke.DirectMethodHandle$Holder.invokeStaticInit(java.lang.Object, java.lang.Object, long, long)'> (0x00000007c3b7df00) thrown at [src/hotspot/share/interpreter/linkResolver.cpp, line 773]
Event: 0.947 Thread 0x00007fee3b80e800 Exception <a 'java/lang/NoSuchMethodError'{0x00000007c3b89660}: 'java.lang.Object java.lang.invoke.Invokers$Holder.linkToTargetMethod(java.lang.Object, long, java.lang.Object)'> (0x00000007c3b89660) thrown at [src/hotspot/share/interpreter/linkResolver.cpp, line 773]
Event: 0.948 Thread 0x00007fee3b80e800 Exception <a 'java/lang/NoSuchMethodError'{0x00000007c3b8f998}: 'int java.lang.invoke.DirectMethodHandle$Holder.invokeStaticInit(java.lang.Object, java.lang.Object, java.lang.Object, long)'> (0x00000007c3b8f998) thrown at [src/hotspot/share/interpreter/linkResolver.cpp, line 773]
Event: 1.015 Thread 0x00007fee3b80e800 Exception <a 'sun/nio/fs/UnixException'{0x00000007c3bfd1e8}> (0x00000007c3bfd1e8) thrown at [src/hotspot/share/prims/jni.cpp, line 617]
Event: 1.610 Thread 0x00007fee3b80e800 Exception <a 'sun/nio/fs/UnixException'{0x00000007c3ae4798}> (0x00000007c3ae4798) thrown at [src/hotspot/share/prims/jni.cpp, line 617]
Event: 1.797 Thread 0x00007fee3b80e800 Exception <a 'java/lang/NoSuchMethodError'{0x00000007c3e680b8}: 'void java.lang.invoke.DirectMethodHandle$Holder.invokeStatic(java.lang.Object, int, int)'> (0x00000007c3e680b8) thrown at [src/hotspot/share/interpreter/linkResolver.cpp, line 773]
Event: 1.823 Thread 0x00007fee3b80e800 Exception <a 'java/lang/NoSuchMethodError'{0x00000007c3ed8880}: 'java.lang.Object java.lang.invoke.DirectMethodHandle$Holder.invokeStatic(java.lang.Object, java.lang.Object, java.lang.Object, java.lang.Object, java.lang.Object, java.lang.Object, java.lang.Object, java.lang.Object, java.lang.Object, java.lang.Object, java.lang.Object, int)'> (0x00000007c3ed8880) thrown at [src/hotspot/share/interpreter/linkResolver.cpp, line 773]
Event: 1.827 Thread 0x00007fee3b80e800 Exception <a 'java/lang/NoSuchMethodError'{0x00000007c3ef7c20}: 'java.lang.Object java.lang.invoke.DirectMethodHandle$Holder.invokeStatic(java.lang.Object, java.lang.Object, java.lang.Object, java.lang.Object, java.lang.Object, java.lang.Object, java.lang.Object, java.lang.Object, java.lang.Object, java.lang.Object, java.lang.Object, int, int)'> (0x00000007c3ef7c20) thrown at [src/hotspot/share/interpreter/linkResolver.cpp, line 773]
Event: 1.831 Thread 0x00007fee3b80e800 Exception <a 'java/lang/NoSuchMethodError'{0x00000007c3d17458}: 'java.lang.Object java.lang.invoke.DirectMethodHandle$Holder.invokeStatic(java.lang.Object, java.lang.Object, java.lang.Object, java.lang.Object, java.lang.Object, java.lang.Object, java.lang.Object, java.lang.Object, java.lang.Object, java.lang.Object, java.lang.Object, int, int, java.lang.Object)'> (0x00000007c3d17458) thrown at [src/hotspot/share/interpreter/linkResolver.cpp, line 773]
Event: 1.835 Thread 0x00007fee3b80e800 Exception <a 'java/lang/NoSuchMethodError'{0x00000007c3d37f50}: 'java.lang.Object java.lang.invoke.DirectMethodHandle$Holder.invokeStatic(java.lang.Object, java.lang.Object, java.lang.Object, java.lang.Object, java.lang.Object, java.lang.Object, java.lang.Object, java.lang.Object, java.lang.Object, java.lang.Object, java.lang.Object, int, int, java.lang.Object, java.lang.Object)'> (0x00000007c3d37f50) thrown at [src/hotspot/share/interpreter/linkResolver.cpp, line 773]
Event: 1.854 Thread 0x00007fee3b80e800 Exception <a 'java/lang/NoSuchMethodError'{0x00000007c3dab0e0}: 'void java.lang.invoke.DirectMethodHandle$Holder.invokeStatic(java.lang.Object, int, java.lang.Object)'> (0x00000007c3dab0e0) thrown at [src/hotspot/share/interpreter/linkResolver.cpp, line 773]
Event: 1.856 Thread 0x00007fee3b80e800 Exception <a 'java/lang/NoSuchMethodError'{0x00000007c3db0a98}: 'void java.lang.invoke.DirectMethodHandle$Holder.invokeStatic(java.lang.Object, int)'> (0x00000007c3db0a98) thrown at [src/hotspot/share/interpreter/linkResolver.cpp, line 773]
Event: 2.022 Thread 0x00007fee3b80e800 Exception <a 'sun/nio/fs/UnixException'{0x00000007c3c12530}> (0x00000007c3c12530) thrown at [src/hotspot/share/prims/jni.cpp, line 617]
Event: 2.120 Thread 0x00007fee3b80e800 Exception <a 'sun/nio/fs/UnixException'{0x00000007c3cef688}> (0x00000007c3cef688) thrown at [src/hotspot/share/prims/jni.cpp, line 617]

Events (20 events):
Event: 2.594 loading class org/lwjgl/opengl/GL21C
Event: 2.594 loading class org/lwjgl/opengl/GL21C done
Event: 2.769 loading class org/lwjgl/assimp/AIVector3D$Buffer
Event: 2.769 loading class org/lwjgl/assimp/AIVector3D$Buffer done
Event: 2.771 loading class org/lwjgl/assimp/AIFace
Event: 2.771 loading class org/lwjgl/assimp/AIFace done
Event: 2.773 loading class org/lwjgl/assimp/AIFace$Buffer
Event: 2.773 loading class org/lwjgl/assimp/AIFace$Buffer done
Event: 2.774 loading class com/kgaft/JavaGameEngine/Engine/VertexObjects/VertexArrayObject
Event: 2.774 loading class com/kgaft/JavaGameEngine/Engine/VertexObjects/VertexArrayObject done
Event: 2.777 loading class com/kgaft/JavaGameEngine/Engine/VertexObjects/VertexBufferObject
Event: 2.777 loading class com/kgaft/JavaGameEngine/Engine/VertexObjects/VertexBufferObject done
Event: 2.781 loading class org/lwjgl/opengl/GL$ICDStatic$WriteOnce
Event: 2.781 loading class org/lwjgl/opengl/GL$ICDStatic$WriteOnce done
Event: 2.783 loading class com/kgaft/JavaGameEngine/Engine/VertexObjects/ElementBufferObject
Event: 2.783 loading class com/kgaft/JavaGameEngine/Engine/VertexObjects/ElementBufferObject done
Event: 2.786 loading class com/kgaft/JavaGameEngine/Engine/GraphicsObjects/Mesh
Event: 2.786 loading class com/kgaft/JavaGameEngine/Engine/GraphicsObjects/Mesh done
Event: 2.787 loading class org/joml/Matrix4f
Event: 2.787 loading class org/joml/Matrix4f done


Dynamic libraries:
0x00007fff5144b000 	/System/Library/Frameworks/Cocoa.framework/Versions/A/Cocoa
0x00007fff5da8c000 	/System/Library/Frameworks/Security.framework/Versions/A/Security
0x00007fff5008d000 	/System/Library/Frameworks/ApplicationServices.framework/Versions/A/ApplicationServices
0x00007fff7994b000 	/usr/lib/libz.1.dylib
0x000000010f553000 	/Library/Java/JavaVirtualMachines/amazon-corretto-11.jdk/Contents/Home/lib/jli/libjli.dylib
0x00007fff777fd000 	/usr/lib/libSystem.B.dylib
0x00007fff4f1dd000 	/System/Library/Frameworks/AppKit.framework/Versions/C/AppKit
0x00007fff517c3000 	/System/Library/Frameworks/CoreData.framework/Versions/A/CoreData
0x00007fff53d84000 	/System/Library/Frameworks/Foundation.framework/Versions/C/Foundation
0x00007fff71142000 	/System/Library/PrivateFrameworks/RemoteViewServices.framework/Versions/A/RemoteViewServices
0x00007fff758a2000 	/System/Library/PrivateFrameworks/UIFoundation.framework/Versions/A/UIFoundation
0x00007fff65f54000 	/System/Library/PrivateFrameworks/DFRFoundation.framework/Versions/A/DFRFoundation
0x00007fff563f3000 	/System/Library/Frameworks/Metal.framework/Versions/A/Metal
0x00007fff660f1000 	/System/Library/PrivateFrameworks/DesktopServicesPriv.framework/Versions/A/DesktopServicesPriv
0x00007fff78485000 	/usr/lib/libenergytrace.dylib
0x00007fff7390d000 	/System/Library/PrivateFrameworks/SkyLight.framework/Versions/A/SkyLight
0x00007fff520a8000 	/System/Library/Frameworks/CoreGraphics.framework/Versions/A/CoreGraphics
0x00007fff777f8000 	/usr/lib/libScreenReader.dylib
0x00007fff4deef000 	/System/Library/Frameworks/Accelerate.framework/Versions/A/Accelerate
0x00007fff544fe000 	/System/Library/Frameworks/IOSurface.framework/Versions/A/IOSurface
0x00007fff505d7000 	/System/Library/Frameworks/AudioToolbox.framework/Versions/A/AudioToolbox
0x00007fff50867000 	/System/Library/Frameworks/AudioUnit.framework/Versions/A/AudioUnit
0x00007fff65fec000 	/System/Library/PrivateFrameworks/DataDetectorsCore.framework/Versions/A/DataDetectorsCore
0x00007fff50f3e000 	/System/Library/Frameworks/Carbon.framework/Versions/A/Frameworks/HIToolbox.framework/Versions/A/HIToolbox
0x00007fff785df000 	/usr/lib/libicucore.A.dylib
0x00007fff5d00b000 	/System/Library/Frameworks/QuartzCore.framework/Versions/A/QuartzCore
0x00007fff72bc4000 	/System/Library/PrivateFrameworks/SignpostNotification.framework/Versions/A/SignpostNotification
0x00007fff51324000 	/System/Library/Frameworks/Carbon.framework/Versions/A/Frameworks/SpeechRecognition.framework/Versions/A/SpeechRecognition
0x00007fff779db000 	/usr/lib/libauto.dylib
0x00007fff7983a000 	/usr/lib/libxml2.2.dylib
0x00007fff65ba5000 	/System/Library/PrivateFrameworks/CoreUI.framework/Versions/A/CoreUI
0x00007fff5169f000 	/System/Library/Frameworks/CoreAudio.framework/Versions/A/CoreAudio
0x00007fff53bbe000 	/System/Library/Frameworks/DiskArbitration.framework/Versions/A/DiskArbitration
0x00007fff78853000 	/usr/lib/liblangid.dylib
0x00007fff6d64c000 	/System/Library/PrivateFrameworks/MultitouchSupport.framework/Versions/A/MultitouchSupport
0x00007fff54461000 	/System/Library/Frameworks/IOKit.framework/Versions/A/IOKit
0x00007fff77487000 	/usr/lib/libDiagnosticMessagesClient.dylib
0x00007fff52d9c000 	/System/Library/Frameworks/CoreServices.framework/Versions/A/CoreServices
0x00007fff6f17e000 	/System/Library/PrivateFrameworks/PerformanceAnalysis.framework/Versions/A/PerformanceAnalysis
0x00007fff5c1ad000 	/System/Library/Frameworks/OpenGL.framework/Versions/A/OpenGL
0x00007fff78f38000 	/usr/lib/libobjc.A.dylib
0x00007fff51459000 	/System/Library/Frameworks/ColorSync.framework/Versions/A/ColorSync
0x00007fff51c0c000 	/System/Library/Frameworks/CoreFoundation.framework/Versions/A/CoreFoundation
0x00007fff526d8000 	/System/Library/Frameworks/CoreImage.framework/Versions/A/CoreImage
0x00007fff5372c000 	/System/Library/Frameworks/CoreText.framework/Versions/A/CoreText
0x00007fff5455c000 	/System/Library/Frameworks/ImageIO.framework/Versions/A/ImageIO
0x00007fff6289c000 	/System/Library/PrivateFrameworks/Backup.framework/Versions/A/Backup
0x00007fff778a9000 	/usr/lib/libarchive.2.dylib
0x00007fff50b8a000 	/System/Library/Frameworks/CFNetwork.framework/Versions/A/CFNetwork
0x00007fff5e21f000 	/System/Library/Frameworks/SystemConfiguration.framework/Versions/A/SystemConfiguration
0x00007fff773b0000 	/usr/lib/libCRFSuite.dylib
0x00007fff77ab4000 	/usr/lib/libc++.1.dylib
0x00007fff77b0b000 	/usr/lib/libc++abi.dylib
0x00007fff799f9000 	/usr/lib/system/libcache.dylib
0x00007fff799fe000 	/usr/lib/system/libcommonCrypto.dylib
0x00007fff79a09000 	/usr/lib/system/libcompiler_rt.dylib
0x00007fff79a11000 	/usr/lib/system/libcopyfile.dylib
0x00007fff79a1b000 	/usr/lib/system/libcorecrypto.dylib
0x00007fff79b28000 	/usr/lib/system/libdispatch.dylib
0x00007fff79b62000 	/usr/lib/system/libdyld.dylib
0x00007fff79b80000 	/usr/lib/system/libkeymgr.dylib
0x00007fff79b8e000 	/usr/lib/system/liblaunch.dylib
0x00007fff79b8f000 	/usr/lib/system/libmacho.dylib
0x00007fff79b94000 	/usr/lib/system/libquarantine.dylib
0x00007fff79b97000 	/usr/lib/system/libremovefile.dylib
0x00007fff79b99000 	/usr/lib/system/libsystem_asl.dylib
0x00007fff79bb1000 	/usr/lib/system/libsystem_blocks.dylib
0x00007fff79bb2000 	/usr/lib/system/libsystem_c.dylib
0x00007fff79c3c000 	/usr/lib/system/libsystem_configuration.dylib
0x00007fff79c40000 	/usr/lib/system/libsystem_coreservices.dylib
0x00007fff79c44000 	/usr/lib/system/libsystem_darwin.dylib
0x00007fff79c46000 	/usr/lib/system/libsystem_dnssd.dylib
0x00007fff79c4d000 	/usr/lib/system/libsystem_info.dylib
0x00007fff79cbe000 	/usr/lib/system/libsystem_m.dylib
0x00007fff79d0a000 	/usr/lib/system/libsystem_malloc.dylib
0x00007fff79d2a000 	/usr/lib/system/libsystem_network.dylib
0x00007fff79e5b000 	/usr/lib/system/libsystem_networkextension.dylib
0x00007fff79e66000 	/usr/lib/system/libsystem_notify.dylib
0x00007fff79e84000 	/usr/lib/system/libsystem_sandbox.dylib
0x00007fff79e88000 	/usr/lib/system/libsystem_secinit.dylib
0x00007fff79c97000 	/usr/lib/system/libsystem_kernel.dylib
0x00007fff79e70000 	/usr/lib/system/libsystem_platform.dylib
0x00007fff79e78000 	/usr/lib/system/libsystem_pthread.dylib
0x00007fff79e8a000 	/usr/lib/system/libsystem_symptoms.dylib
0x00007fff79e92000 	/usr/lib/system/libsystem_trace.dylib
0x00007fff79ea7000 	/usr/lib/system/libunwind.dylib
0x00007fff79ead000 	/usr/lib/system/libxpc.dylib
0x00007fff772c3000 	/usr/lib/closure/libclosured.dylib
0x00007fff77a95000 	/usr/lib/libbsm.0.dylib
0x00007fff79b81000 	/usr/lib/system/libkxld.dylib
0x00007fff776c1000 	/usr/lib/libOpenScriptingUtil.dylib
0x00007fff77e04000 	/usr/lib/libcoretls.dylib
0x00007fff77e1d000 	/usr/lib/libcoretls_cfhelpers.dylib
0x00007fff7933c000 	/usr/lib/libpam.2.dylib
0x00007fff79463000 	/usr/lib/libsqlite3.dylib
0x00007fff79829000 	/usr/lib/libxar.1.dylib
0x00007fff77aa6000 	/usr/lib/libbz2.1.0.dylib
0x00007fff78855000 	/usr/lib/liblzma.5.dylib
0x00007fff78d36000 	/usr/lib/libnetwork.dylib
0x00007fff77892000 	/usr/lib/libapple_nghttp2.dylib
0x00007fff79343000 	/usr/lib/libpcap.A.dylib
0x00007fff779dc000 	/usr/lib/libboringssl.dylib
0x00007fff797c4000 	/usr/lib/libusrtcp.dylib
0x00007fff77891000 	/usr/lib/libapple_crypto.dylib
0x00007fff5311f000 	/System/Library/Frameworks/CoreServices.framework/Versions/A/Frameworks/FSEvents.framework/Versions/A/FSEvents
0x00007fff52e12000 	/System/Library/Frameworks/CoreServices.framework/Versions/A/Frameworks/CarbonCore.framework/Versions/A/CarbonCore
0x00007fff532e6000 	/System/Library/Frameworks/CoreServices.framework/Versions/A/Frameworks/Metadata.framework/Versions/A/Metadata
0x00007fff53397000 	/System/Library/Frameworks/CoreServices.framework/Versions/A/Frameworks/OSServices.framework/Versions/A/OSServices
0x00007fff533f8000 	/System/Library/Frameworks/CoreServices.framework/Versions/A/Frameworks/SearchKit.framework/Versions/A/SearchKit
0x00007fff52d9d000 	/System/Library/Frameworks/CoreServices.framework/Versions/A/Frameworks/AE.framework/Versions/A/AE
0x00007fff53128000 	/System/Library/Frameworks/CoreServices.framework/Versions/A/Frameworks/LaunchServices.framework/Versions/A/LaunchServices
0x00007fff530ea000 	/System/Library/Frameworks/CoreServices.framework/Versions/A/Frameworks/DictionaryServices.framework/Versions/A/DictionaryServices
0x00007fff53467000 	/System/Library/Frameworks/CoreServices.framework/Versions/A/Frameworks/SharedFileList.framework/Versions/A/SharedFileList
0x00007fff57629000 	/System/Library/Frameworks/NetFS.framework/Versions/A/NetFS
0x00007fff6d8dd000 	/System/Library/PrivateFrameworks/NetAuth.framework/Versions/A/NetAuth
0x00007fff7715a000 	/System/Library/PrivateFrameworks/login.framework/Versions/A/Frameworks/loginsupport.framework/Versions/A/loginsupport
0x00007fff7551f000 	/System/Library/PrivateFrameworks/TCC.framework/Versions/A/TCC
0x00007fff78936000 	/usr/lib/libmecabra.dylib
0x00007fff5008e000 	/System/Library/Frameworks/ApplicationServices.framework/Versions/A/Frameworks/ATS.framework/Versions/A/ATS
0x00007fff5043c000 	/System/Library/Frameworks/ApplicationServices.framework/Versions/A/Frameworks/ColorSyncLegacy.framework/Versions/A/ColorSyncLegacy
0x00007fff504e0000 	/System/Library/Frameworks/ApplicationServices.framework/Versions/A/Frameworks/HIServices.framework/Versions/A/HIServices
0x00007fff50533000 	/System/Library/Frameworks/ApplicationServices.framework/Versions/A/Frameworks/LangAnalysis.framework/Versions/A/LangAnalysis
0x00007fff50542000 	/System/Library/Frameworks/ApplicationServices.framework/Versions/A/Frameworks/PrintCore.framework/Versions/A/PrintCore
0x00007fff5058f000 	/System/Library/Frameworks/ApplicationServices.framework/Versions/A/Frameworks/QD.framework/Versions/A/QD
0x00007fff505ca000 	/System/Library/Frameworks/ApplicationServices.framework/Versions/A/Frameworks/SpeechSynthesis.framework/Versions/A/SpeechSynthesis
0x00007fff51b28000 	/System/Library/Frameworks/CoreDisplay.framework/Versions/A/CoreDisplay
0x00007fff4df08000 	/System/Library/Frameworks/Accelerate.framework/Versions/A/Frameworks/vImage.framework/Versions/A/vImage
0x00007fff4eee9000 	/System/Library/Frameworks/Accelerate.framework/Versions/A/Frameworks/vecLib.framework/Versions/A/vecLib
0x00007fff4ecbe000 	/System/Library/Frameworks/Accelerate.framework/Versions/A/Frameworks/vecLib.framework/Versions/A/libvDSP.dylib
0x00007fff4e7f8000 	/System/Library/Frameworks/Accelerate.framework/Versions/A/Frameworks/vecLib.framework/Versions/A/libBNNS.dylib
0x00007fff4ec24000 	/System/Library/Frameworks/Accelerate.framework/Versions/A/Frameworks/vecLib.framework/Versions/A/libQuadrature.dylib
0x00007fff4ee32000 	/System/Library/Frameworks/Accelerate.framework/Versions/A/Frameworks/vecLib.framework/Versions/A/libvMisc.dylib
0x00007fff4e833000 	/System/Library/Frameworks/Accelerate.framework/Versions/A/Frameworks/vecLib.framework/Versions/A/libLAPACK.dylib
0x00007fff4e657000 	/System/Library/Frameworks/Accelerate.framework/Versions/A/Frameworks/vecLib.framework/Versions/A/libBLAS.dylib
0x00007fff4ec0d000 	/System/Library/Frameworks/Accelerate.framework/Versions/A/Frameworks/vecLib.framework/Versions/A/libLinearAlgebra.dylib
0x00007fff4ec2a000 	/System/Library/Frameworks/Accelerate.framework/Versions/A/Frameworks/vecLib.framework/Versions/A/libSparse.dylib
0x00007fff4ecab000 	/System/Library/Frameworks/Accelerate.framework/Versions/A/Frameworks/vecLib.framework/Versions/A/libSparseBLAS.dylib
0x00007fff6a730000 	/System/Library/PrivateFrameworks/GPUWrangler.framework/Versions/A/GPUWrangler
0x00007fff6bec1000 	/System/Library/PrivateFrameworks/IOAccelerator.framework/Versions/A/IOAccelerator
0x00007fff6becc000 	/System/Library/PrivateFrameworks/IOPresentment.framework/Versions/A/IOPresentment
0x00007fff65f66000 	/System/Library/PrivateFrameworks/DSExternalDisplay.framework/Versions/A/DSExternalDisplay
0x00007fff5b62c000 	/System/Library/Frameworks/OpenGL.framework/Versions/A/Libraries/libCoreFSCache.dylib
0x00007fff5387d000 	/System/Library/Frameworks/CoreVideo.framework/Versions/A/CoreVideo
0x00007fff6b4ab000 	/System/Library/PrivateFrameworks/GraphVisualizer.framework/Versions/A/GraphVisualizer
0x00007fff5662a000 	/System/Library/Frameworks/MetalPerformanceShaders.framework/Versions/A/MetalPerformanceShaders
0x00007fff774bf000 	/usr/lib/libFosl_dynamic.dylib
0x00007fff6703a000 	/System/Library/PrivateFrameworks/FaceCore.framework/Versions/A/FaceCore
0x00007fff5a427000 	/System/Library/Frameworks/OpenCL.framework/Versions/A/OpenCL
0x00007fff77b42000 	/usr/lib/libcompression.dylib
0x00007fff5018d000 	/System/Library/Frameworks/ApplicationServices.framework/Versions/A/Frameworks/ATS.framework/Versions/A/Resources/libFontParser.dylib
0x00007fff502b0000 	/System/Library/Frameworks/ApplicationServices.framework/Versions/A/Frameworks/ATS.framework/Versions/A/Resources/libFontRegistry.dylib
0x00007fff547c7000 	/System/Library/Frameworks/ImageIO.framework/Versions/A/Resources/libJPEG.dylib
0x00007fff54af1000 	/System/Library/Frameworks/ImageIO.framework/Versions/A/Resources/libTIFF.dylib
0x00007fff54ac7000 	/System/Library/Frameworks/ImageIO.framework/Versions/A/Resources/libPng.dylib
0x00007fff546da000 	/System/Library/Frameworks/ImageIO.framework/Versions/A/Resources/libGIF.dylib
0x00007fff546df000 	/System/Library/Frameworks/ImageIO.framework/Versions/A/Resources/libJP2.dylib
0x00007fff54aee000 	/System/Library/Frameworks/ImageIO.framework/Versions/A/Resources/libRadiance.dylib
0x00007fff61fc7000 	/System/Library/PrivateFrameworks/AppleJPEG.framework/Versions/A/AppleJPEG
0x00007fff56491000 	/System/Library/Frameworks/MetalPerformanceShaders.framework/Frameworks/MPSCore.framework/Versions/A/MPSCore
0x00007fff564ad000 	/System/Library/Frameworks/MetalPerformanceShaders.framework/Frameworks/MPSImage.framework/Versions/A/MPSImage
0x00007fff56542000 	/System/Library/Frameworks/MetalPerformanceShaders.framework/Frameworks/MPSNeuralNetwork.framework/Versions/A/MPSNeuralNetwork
0x00007fff5651d000 	/System/Library/Frameworks/MetalPerformanceShaders.framework/Frameworks/MPSMatrix.framework/Versions/A/MPSMatrix
0x00007fff6d3c2000 	/System/Library/PrivateFrameworks/MetalTools.framework/Versions/A/MetalTools
0x00007fff5b7f7000 	/System/Library/Frameworks/OpenGL.framework/Versions/A/Libraries/libGLU.dylib
0x00007fff5b637000 	/System/Library/Frameworks/OpenGL.framework/Versions/A/Libraries/libGFXShared.dylib
0x00007fff5b641000 	/System/Library/Frameworks/OpenGL.framework/Versions/A/Libraries/libGL.dylib
0x00007fff5b64d000 	/System/Library/Frameworks/OpenGL.framework/Versions/A/Libraries/libGLImage.dylib
0x00007fff5b629000 	/System/Library/Frameworks/OpenGL.framework/Versions/A/Libraries/libCVMSPluginSupport.dylib
0x00007fff5b632000 	/System/Library/Frameworks/OpenGL.framework/Versions/A/Libraries/libCoreVMClient.dylib
0x00007fff782ef000 	/usr/lib/libcups.2.dylib
0x00007fff559f8000 	/System/Library/Frameworks/Kerberos.framework/Versions/A/Kerberos
0x00007fff541bb000 	/System/Library/Frameworks/GSS.framework/Versions/A/GSS
0x00007fff793f6000 	/usr/lib/libresolv.9.dylib
0x00007fff784ed000 	/usr/lib/libiconv.2.dylib
0x00007fff6b53d000 	/System/Library/PrivateFrameworks/Heimdal.framework/Versions/A/Heimdal
0x00007fff784bc000 	/usr/lib/libheimdal-asn1.dylib
0x00007fff5a49f000 	/System/Library/Frameworks/OpenDirectory.framework/Versions/A/OpenDirectory
0x00007fff642dd000 	/System/Library/PrivateFrameworks/CommonAuth.framework/Versions/A/CommonAuth
0x00007fff5a482000 	/System/Library/Frameworks/OpenDirectory.framework/Versions/A/Frameworks/CFOpenDirectory.framework/Versions/A/CFOpenDirectory
0x00007fff5ddb8000 	/System/Library/Frameworks/SecurityFoundation.framework/Versions/A/SecurityFoundation
0x00007fff6118c000 	/System/Library/PrivateFrameworks/APFS.framework/Versions/A/APFS
0x00007fff79825000 	/usr/lib/libutil.dylib
0x00007fff6204a000 	/System/Library/PrivateFrameworks/AppleSauce.framework/Versions/A/AppleSauce
0x00007fff6c6a9000 	/System/Library/PrivateFrameworks/LinguisticData.framework/Versions/A/LinguisticData
0x00007fff7886f000 	/usr/lib/libmarisa.dylib
0x00007fff6c663000 	/System/Library/PrivateFrameworks/Lexicon.framework/Versions/A/Lexicon
0x00007fff773ea000 	/usr/lib/libChineseTokenizer.dylib
0x00007fff77b31000 	/usr/lib/libcmph.dylib
0x00007fff6c56d000 	/System/Library/PrivateFrameworks/LanguageModeling.framework/Versions/A/LanguageModeling
0x00007fff64dec000 	/System/Library/PrivateFrameworks/CoreEmoji.framework/Versions/A/CoreEmoji
0x00007fff5de76000 	/System/Library/Frameworks/ServiceManagement.framework/Versions/A/ServiceManagement
0x00007fff62894000 	/System/Library/PrivateFrameworks/BackgroundTaskManagement.framework/Versions/A/BackgroundTaskManagement
0x00007fff79922000 	/usr/lib/libxslt.1.dylib
0x00007fff5124e000 	/System/Library/Frameworks/Carbon.framework/Versions/A/Frameworks/Ink.framework/Versions/A/Ink
0x00007fff75734000 	/System/Library/PrivateFrameworks/TextureIO.framework/Versions/A/TextureIO
0x00007fff778d4000 	/usr/lib/libate.dylib
0x00007fff65ec6000 	/System/Library/PrivateFrameworks/CrashReporterSupport.framework/Versions/A/CrashReporterSupport
0x00007fff72a84000 	/System/Library/PrivateFrameworks/Sharing.framework/Versions/A/Sharing
0x00007fff6c2ae000 	/System/Library/PrivateFrameworks/IconServices.framework/Versions/A/IconServices
0x00007fff624c4000 	/System/Library/PrivateFrameworks/AuthKit.framework/Versions/A/AuthKit
0x00007fff61e4a000 	/System/Library/PrivateFrameworks/Apple80211.framework/Versions/A/Apple80211
0x00007fff65cdb000 	/System/Library/PrivateFrameworks/CoreUtils.framework/Versions/A/CoreUtils
0x00007fff538b8000 	/System/Library/Frameworks/CoreWLAN.framework/Versions/A/CoreWLAN
0x00007fff542fd000 	/System/Library/Frameworks/IOBluetooth.framework/Versions/A/IOBluetooth
0x00007fff70f4d000 	/System/Library/PrivateFrameworks/ProtocolBuffer.framework/Versions/A/ProtocolBuffer
0x00007fff6d5a7000 	/System/Library/PrivateFrameworks/MobileKeyBag.framework/Versions/A/MobileKeyBag
0x00007fff65590000 	/System/Library/PrivateFrameworks/CorePhoneNumbers.framework/Versions/A/CorePhoneNumbers
0x00007fff61f82000 	/System/Library/PrivateFrameworks/AppleIDAuthSupport.framework/Versions/A/AppleIDAuthSupport
0x00007fff6c559000 	/System/Library/PrivateFrameworks/KeychainCircle.framework/Versions/A/KeychainCircle
0x00007fff65e61000 	/System/Library/PrivateFrameworks/CoreWiFi.framework/Versions/A/CoreWiFi
0x00007fff51799000 	/System/Library/Frameworks/CoreBluetooth.framework/Versions/A/CoreBluetooth
0x00007fff660b0000 	/System/Library/PrivateFrameworks/DebugSymbols.framework/Versions/A/DebugSymbols
0x00007fff65a91000 	/System/Library/PrivateFrameworks/CoreSymbolication.framework/Versions/A/CoreSymbolication
0x00007fff74f25000 	/System/Library/PrivateFrameworks/Symbolication.framework/Versions/A/Symbolication
0x00007fff61e74000 	/System/Library/PrivateFrameworks/AppleFSCompression.framework/Versions/A/AppleFSCompression
0x00007fff74372000 	/System/Library/PrivateFrameworks/SpeechRecognitionCore.framework/Versions/A/SpeechRecognitionCore
0x00007fff49ea6000 	/System/Library/CoreServices/Encodings/libCyrillicConverter.dylib
0x000000010f586000 	/Library/Java/JavaVirtualMachines/amazon-corretto-11.jdk/Contents/Home/lib/server/libjvm.dylib
0x000000011035a000 	/Library/Java/JavaVirtualMachines/amazon-corretto-11.jdk/Contents/Home/lib/libverify.dylib
0x000000011036e000 	/Library/Java/JavaVirtualMachines/amazon-corretto-11.jdk/Contents/Home/lib/libjava.dylib
0x000000011039f000 	/Library/Java/JavaVirtualMachines/amazon-corretto-11.jdk/Contents/Home/lib/libjimage.dylib
0x00000001103b1000 	/Library/Java/JavaVirtualMachines/amazon-corretto-11.jdk/Contents/Home/lib/libinstrument.dylib
0x0000000110840000 	/Library/Java/JavaVirtualMachines/amazon-corretto-11.jdk/Contents/Home/lib/libzip.dylib
0x000000011ddaa000 	/Library/Java/JavaVirtualMachines/amazon-corretto-11.jdk/Contents/Home/lib/libnio.dylib
0x000000011ddc2000 	/Library/Java/JavaVirtualMachines/amazon-corretto-11.jdk/Contents/Home/lib/./libnet.dylib
0x000000011dede000 	/Library/Java/JavaVirtualMachines/amazon-corretto-11.jdk/Contents/Home/lib/libextnet.dylib
0x000000011deee000 	/private/var/folders/_2/qkk6txm930d__79sr_lhd44c0000gn/T/lwjgldaniil/3.3.1-build-7/liblwjgl.dylib
0x000000011df27000 	/var/folders/_2/qkk6txm930d__79sr_lhd44c0000gn/T/lwjgldaniil/3.3.1-build-7/libglfw.dylib
0x00007fff65723000 	/System/Library/PrivateFrameworks/CoreServicesInternal.framework/Versions/A/CoreServicesInternal
0x00007fff5039f000 	/System/Library/Frameworks/ApplicationServices.framework/Versions/A/Frameworks/ATS.framework/Versions/A/Resources/libTrueTypeScaler.dylib
0x00007fff4def0000 	/System/Library/Frameworks/Accelerate.framework/Versions/A/Frameworks/vImage.framework/Versions/A/Libraries/libCGInterfaces.dylib
0x00007fff5c1bd000 	/System/Library/Frameworks/OpenGL.framework/Versions/A/Resources/GLEngine.bundle/GLEngine
0x00007fff5b689000 	/System/Library/Frameworks/OpenGL.framework/Versions/A/Libraries/libGLProgrammability.dylib
0x0000000120efa000 	/System/Library/Extensions/GeForceTeslaGLDriver.bundle/Contents/MacOS/GeForceTeslaGLDriver
0x00007fff4d3cc000 	/System/Library/Extensions/GeForceTeslaGLDriver.bundle/Contents/MacOS/libclh.dylib
0x00007fff6a718000 	/System/Library/PrivateFrameworks/GPUSupport.framework/Versions/A/Libraries/libGPUSupport.dylib
0x00007fff5c355000 	/System/Library/Frameworks/OpenGL.framework/Versions/A/Resources/GLRendererFloat.bundle/GLRendererFloat
0x00007fff5a41e000 	/System/Library/Frameworks/OpenCL.framework/Versions/A/Libraries/libcldcpuengine.dylib
0x00007fff77fb7000 	/usr/lib/libcrypto.35.dylib
0x00007fff7589b000 	/System/Library/PrivateFrameworks/TrustEvaluationAgent.framework/Versions/A/TrustEvaluationAgent
0x0000000123413000 	/private/var/folders/_2/qkk6txm930d__79sr_lhd44c0000gn/T/lwjgldaniil/3.3.1-build-7/liblwjgl_opengl.dylib
0x00000001236f2000 	/var/folders/_2/qkk6txm930d__79sr_lhd44c0000gn/T/lwjgldaniil/3.3.1-build-7/libassimp.dylib
0x0000000123f9c000 	/private/var/folders/_2/qkk6txm930d__79sr_lhd44c0000gn/T/lwjgldaniil/3.3.1-build-7/liblwjgl_stb.dylib


VM Arguments:
jvm_args: -javaagent:/Applications/IntelliJ IDEA.app/Contents/lib/idea_rt.jar=51220:/Applications/IntelliJ IDEA.app/Contents/bin -Dfile.encoding=UTF-8 
java_command: com.kgaft.JavaGameEngine.Main
java_class_path (initial): /Users/daniil/Documents/JavaGameEngine/target/classes:/Users/daniil/.m2/repository/org/lwjgl/lwjgl/3.3.1/lwjgl-3.3.1.jar:/Users/daniil/.m2/repository/org/lwjgl/lwjgl-assimp/3.3.1/lwjgl-assimp-3.3.1.jar:/Users/daniil/.m2/repository/org/lwjgl/lwjgl-glfw/3.3.1/lwjgl-glfw-3.3.1.jar:/Users/daniil/.m2/repository/org/lwjgl/lwjgl-openal/3.3.1/lwjgl-openal-3.3.1.jar:/Users/daniil/.m2/repository/org/lwjgl/lwjgl-opengl/3.3.1/lwjgl-opengl-3.3.1.jar:/Users/daniil/.m2/repository/org/lwjgl/lwjgl-stb/3.3.1/lwjgl-stb-3.3.1.jar:/Users/daniil/.m2/repository/org/lwjgl/lwjgl/3.3.1/lwjgl-3.3.1-natives-macos.jar:/Users/daniil/.m2/repository/org/lwjgl/lwjgl-assimp/3.3.1/lwjgl-assimp-3.3.1-natives-macos.jar:/Users/daniil/.m2/repository/org/lwjgl/lwjgl-glfw/3.3.1/lwjgl-glfw-3.3.1-natives-macos.jar:/Users/daniil/.m2/repository/org/lwjgl/lwjgl-openal/3.3.1/lwjgl-openal-3.3.1-natives-macos.jar:/Users/daniil/.m2/repository/org/lwjgl/lwjgl-opengl/3.3.1/lwjgl-opengl-3.3.1-natives-macos.jar:/Users/daniil/.m2/repository/org/lwjgl/lwjgl-stb/3.3.1/lwjgl-stb-3.3.1-natives-macos.jar:/Users/daniil/.m2/repository/org/joml/joml/1.10.5/joml-1.10.5.jar
Launcher Type: SUN_STANDARD

[Global flags]
     intx CICompilerCount                          = 2                                         {product} {ergonomic}
     uint ConcGCThreads                            = 1                                         {product} {ergonomic}
     uint G1ConcRefinementThreads                  = 2                                         {product} {ergonomic}
   size_t G1HeapRegionSize                         = 1048576                                   {product} {ergonomic}
    uintx GCDrainStackTargetSize                   = 64                                        {product} {ergonomic}
   size_t InitialHeapSize                          = 67108864                                  {product} {ergonomic}
   size_t MarkStackSize                            = 4194304                                   {product} {ergonomic}
   size_t MaxHeapSize                              = 1073741824                                {product} {ergonomic}
   size_t MaxNewSize                               = 643825664                                 {product} {ergonomic}
   size_t MinHeapDeltaBytes                        = 1048576                                   {product} {ergonomic}
    uintx NonNMethodCodeHeapSize                   = 5825164                                {pd product} {ergonomic}
    uintx NonProfiledCodeHeapSize                  = 122916538                              {pd product} {ergonomic}
    uintx ProfiledCodeHeapSize                     = 122916538                              {pd product} {ergonomic}
    uintx ReservedCodeCacheSize                    = 251658240                              {pd product} {ergonomic}
     bool SegmentedCodeCache                       = true                                      {product} {ergonomic}
     bool UseCompressedClassPointers               = true                                 {lp64_product} {ergonomic}
     bool UseCompressedOops                        = true                                 {lp64_product} {ergonomic}
     bool UseG1GC                                  = true                                      {product} {ergonomic}

Logging:
Log output configuration:
 #0: stdout all=warning uptime,level,tags
 #1: stderr all=off uptime,level,tags

Environment Variables:
PATH=/usr/local/bin:/usr/bin:/bin:/usr/sbin:/sbin
SHELL=/bin/bash
LC_CTYPE=ru_RU.UTF-8
TMPDIR=/var/folders/_2/qkk6txm930d__79sr_lhd44c0000gn/T/

Signal Handlers:
SIGSEGV: [libjvm.dylib+0x7d05ce], sa_mask[0]=11111111011111110111111111111111, sa_flags=SA_ONSTACK|SA_RESTART|SA_SIGINFO
SIGBUS: [libjvm.dylib+0x7d05ce], sa_mask[0]=11111111011111110111111111111111, sa_flags=SA_RESTART|SA_SIGINFO
SIGFPE: [libjvm.dylib+0x7d05ce], sa_mask[0]=11111111011111110111111111111111, sa_flags=SA_RESTART|SA_SIGINFO
SIGPIPE: [libjvm.dylib+0x633bb4], sa_mask[0]=11111111011111110111111111111111, sa_flags=SA_RESTART|SA_SIGINFO
SIGXFSZ: [libjvm.dylib+0x633bb4], sa_mask[0]=11111111011111110111111111111111, sa_flags=SA_RESTART|SA_SIGINFO
SIGILL: [libjvm.dylib+0x7d05ce], sa_mask[0]=11111111011111110111111111111111, sa_flags=SA_RESTART|SA_SIGINFO
SIGUSR2: [libjvm.dylib+0x634192], sa_mask[0]=00100000000000000000000000000000, sa_flags=SA_RESTART|SA_SIGINFO
SIGHUP: [libjvm.dylib+0x632cc1], sa_mask[0]=11111111011111110111111111111111, sa_flags=SA_RESTART|SA_SIGINFO
SIGINT: [libjvm.dylib+0x632cc1], sa_mask[0]=11111111011111110111111111111111, sa_flags=SA_RESTART|SA_SIGINFO
SIGTERM: [libjvm.dylib+0x632cc1], sa_mask[0]=11111111011111110111111111111111, sa_flags=SA_RESTART|SA_SIGINFO
SIGQUIT: [libjvm.dylib+0x632cc1], sa_mask[0]=11111111011111110111111111111111, sa_flags=SA_RESTART|SA_SIGINFO


---------------  S Y S T E M  ---------------

OS:uname:Darwin 17.7.0 Darwin Kernel Version 17.7.0: Thu Jun 21 22:53:14 PDT 2018; root:xnu-4570.71.2~1/RELEASE_X86_64 x86_64
OS uptime: 0 days 20:15 hours
rlimit (soft/hard): STACK 8192k/65532k , CORE 0k/infinity , NPROC 709/1064 , NOFILE 10240/infinity , AS infinity/infinity , CPU infinity/infinity , DATA infinity/infinity , FSIZE infinity/infinity , MEMLOCK infinity/infinity , RSS infinity/infinity
load average:3.99 6.40 5.71

CPU:total 2 (initial active 2) (2 cores per cpu, 1 threads per core) family 6 model 23 stepping 10 microcode 0xa0b, cmov, cx8, fxsr, mmx, sse, sse2, sse3, ssse3, sse4.1, tsc

Memory: 4k page, physical 4194304k(60472k free), swap 1048576k(722176k free)

vm_info: OpenJDK 64-Bit Server VM (11.0.17+8-LTS) for bsd-amd64 JRE (11.0.17+8-LTS), built on Oct 12 2022 23:29:55 by "ec2user" with clang Apple LLVM 13.0.0 (clang-1300.0.29.30)

END.
