#
# A fatal error has been detected by the Java Runtime Environment:
#
#  SIGSEGV (0xb) at pc=0x00007f68ae5acae3, pid=26750, tid=26751
#
# JRE version: OpenJDK Runtime Environment GraalVM CE 22.3.0 (11.0.17+8) (build 11.0.17+8-jvmci-22.3-b08)
# Java VM: OpenJDK 64-Bit Server VM GraalVM CE 22.3.0 (11.0.17+8-jvmci-22.3-b08, mixed mode, sharing, tiered, jvmci, jvmci compiler, compressed oops, g1 gc, linux-amd64)
# Problematic frame:
# C  [libnvidia-glcore.so.515.65.01+0xfacae3]
#
# Core dump will be written. Default location: Core dumps may be processed with "/usr/share/apport/apport -p%p -s%s -c%c -d%d -P%P -u%u -g%g -- %E" (or dumping to /media/daniil/New Volume/documents/projects/GitHub/JavaGameEngine/core.26750)
#
# If you would like to submit a bug report, please visit:
#   https://github.com/oracle/graal/issues
# The crash happened outside the Java Virtual Machine in native code.
# See problematic frame for where to report the bug.
#

---------------  S U M M A R Y ------------

Command Line: -XX:ThreadPriorityPolicy=1 -XX:+UnlockExperimentalVMOptions -XX:+EnableJVMCIProduct -XX:JVMCIThreadsPerNativeLibraryRuntime=1 -XX:-UnlockExperimentalVMOptions -agentlib:jdwp=transport=dt_socket,address=127.0.0.1:45717,suspend=y,server=n -javaagent:/snap/intellij-idea-ultimate/386/plugins/java/lib/rt/debugger-agent.jar -Dfile.encoding=UTF-8 com.kgaft.JavaGameEngine.Main

Host: Intel(R) Core(TM) i5-3570 CPU @ 3.40GHz, 4 cores, 7G, Ubuntu 22.04.1 LTS
Time: Tue Nov 15 17:59:36 2022 MSK elapsed time: 13.644334 seconds (0d 0h 0m 13s)

---------------  T H R E A D  ---------------

Current thread (0x00007f692c02b800):  JavaThread "main" [_thread_in_native, id=26751, stack(0x00007f6930c19000,0x00007f6930d19000)]

Stack: [0x00007f6930c19000,0x00007f6930d19000],  sp=0x00007f6930d16e80,  free space=1015k
Native frames: (J=compiled Java code, A=aot compiled Java code, j=interpreted, Vv=VM code, C=native code)
C  [libnvidia-glcore.so.515.65.01+0xfacae3]

Java frames: (J=compiled Java code, j=interpreted, Vv=VM code)
j  org.lwjgl.opengl.GL11C.nglTexImage2D(IIIIIIIIJ)V+0
j  org.lwjgl.opengl.GL11C.glTexImage2D(IIIIIIIILjava/nio/ByteBuffer;)V+17
j  org.lwjgl.opengl.GL11.glTexImage2D(IIIIIIIILjava/nio/ByteBuffer;)V+14
j  com.kgaft.JavaGameEngine.Engine.GraphicsObjects.Texture.loadTexture(Ljava/awt/image/BufferedImage;)Lcom/kgaft/JavaGameEngine/Engine/GraphicsObjects/Texture;+249
j  com.kgaft.JavaGameEngine.Engine.Engine.start()V+850
j  com.kgaft.JavaGameEngine.Main.main([Ljava/lang/String;)V+24
v  ~StubRoutines::call_stub

siginfo: si_signo: 11 (SIGSEGV), si_code: 2 (SEGV_ACCERR), si_addr: 0x00007f68ac85f000

Register to memory mapping:

RAX=0x00007f68ac85e010: <offset 0x000000000005e010> in /home/daniil/.jdks/graalvm-ce-11/lib/libawt_xawt.so at 0x00007f68ac800000
RBX=0x0000000000001000 is an unknown value
RCX=0x00007f68c185f020 points into unknown readable memory: 0x0000000000000000 | 00 00 00 00 00 00 00 00
RDX=0x00007f68c185f020 points into unknown readable memory: 0x0000000000000000 | 00 00 00 00 00 00 00 00
RSP=0x00007f6930d16e80 is pointing into the stack for thread: 0x00007f692c02b800
RBP=0x0000000000000400 is an unknown value
RSI=0x00007f68ac85f010: <offset 0x000000000005f010> in /home/daniil/.jdks/graalvm-ce-11/lib/libawt_xawt.so at 0x00007f68ac800000
RDI=0x00007f68c185e020 points into unknown readable memory: 0x000000bffffed960 | 60 d9 fe ff bf 00 00 00
R8 =0x00007f68ae5ba620: <offset 0x0000000000fba620> in /lib/x86_64-linux-gnu/libnvidia-glcore.so.515.65.01 at 0x00007f68ad600000
R9 =0x0000000000000001 is an unknown value
R10=0x0 is NULL
R11=0x0 is NULL
R12=0x0 is NULL
R13=0x0 is NULL
R14=0x00007f68c185e020 points into unknown readable memory: 0x000000bffffed960 | 60 d9 fe ff bf 00 00 00
R15=0x0000000000001000 is an unknown value


Registers:
RAX=0x00007f68ac85e010, RBX=0x0000000000001000, RCX=0x00007f68c185f020, RDX=0x00007f68c185f020
RSP=0x00007f6930d16e80, RBP=0x0000000000000400, RSI=0x00007f68ac85f010, RDI=0x00007f68c185e020
R8 =0x00007f68ae5ba620, R9 =0x0000000000000001, R10=0x0000000000000000, R11=0x0000000000000000
R12=0x0000000000000000, R13=0x0000000000000000, R14=0x00007f68c185e020, R15=0x0000000000001000
RIP=0x00007f68ae5acae3, EFLAGS=0x0000000000010202, CSGSFS=0x002b000000000033, ERR=0x0000000000000004
  TRAPNO=0x000000000000000e

Top of Stack: (sp=0x00007f6930d16e80)
0x00007f6930d16e80:   000000000000001e 0000000000000000
0x00007f6930d16e90:   0000000000000000 0000000000000000
0x00007f6930d16ea0:   00007f6930d16eff 0000000000000000
0x00007f6930d16eb0:   0000000000000000 00007f6930d17060 

Instructions: (pc=0x00007f68ae5acae3)
0x00007f68ae5ac9e3:   0e 48 83 c1 10 0f 29 41 f0 48 39 d1 75 ef e9 63
0x00007f68ae5ac9f3:   fd ff ff 66 2e 0f 1f 84 00 00 00 00 00 4d 85 ff
0x00007f68ae5aca03:   0f 84 cb fd ff ff 49 c1 e7 06 4c 89 f6 48 89 c1
0x00007f68ae5aca13:   49 8d 14 07 66 0f 1f 84 00 00 00 00 00 0f 10 19
0x00007f68ae5aca23:   48 83 c1 40 48 83 c6 40 0f 10 51 d0 0f 10 49 e0
0x00007f68ae5aca33:   0f 10 41 f0 0f 29 5e c0 0f 29 56 d0 0f 29 4e e0
0x00007f68ae5aca43:   0f 29 46 f0 48 39 d1 75 d4 e9 83 fd ff ff 0f 1f
0x00007f68ae5aca53:   80 00 00 00 00 4d 85 d2 74 53 4d 85 ff 0f 84 6e
0x00007f68ae5aca63:   fd ff ff 49 c1 e7 06 4c 89 f6 48 89 c1 49 8d 14
0x00007f68ae5aca73:   07 0f 1f 40 00 0f 28 19 48 83 c1 40 48 83 c6 40
0x00007f68ae5aca83:   0f 28 51 d0 0f 28 49 e0 0f 28 41 f0 0f 11 5e c0
0x00007f68ae5aca93:   0f 11 56 d0 0f 11 4e e0 0f 11 46 f0 48 39 d1 75
0x00007f68ae5acaa3:   d4 e9 2b fd ff ff 0f 1f 80 00 00 00 00 4d 85 ff
0x00007f68ae5acab3:   0f 84 1b fd ff ff 49 c1 e7 06 4c 89 f1 48 89 c6
0x00007f68ae5acac3:   4b 8d 14 37 66 0f 1f 84 00 00 00 00 00 0f 28 1e
0x00007f68ae5acad3:   48 83 c1 40 48 83 c6 40 0f 28 56 d0 0f 28 4e e0
0x00007f68ae5acae3:   0f 28 46 f0 0f 29 59 c0 0f 29 51 d0 0f 29 49 e0
0x00007f68ae5acaf3:   0f 29 41 f0 48 39 ca 75 d4 e9 d3 fc ff ff 0f 1f
0x00007f68ae5acb03:   80 00 00 00 00 48 89 c5 e9 05 fb ff ff 48 89 e8
0x00007f68ae5acb13:   e9 67 fc ff ff 0f 1f 84 00 00 00 00 00 48 89 f9
0x00007f68ae5acb23:   53 83 e1 0f 74 70 b8 10 00 00 00 29 c8 48 98 48
0x00007f68ae5acb33:   39 c2 48 0f 46 c2 83 f8 08 0f 82 fe 01 00 00 48
0x00007f68ae5acb43:   8b 0e 49 89 f3 48 89 0f 89 c1 4c 8b 44 0e f8 4c
0x00007f68ae5acb53:   89 44 0f f8 4c 8d 47 08 48 89 f9 49 83 e0 f8 4c
0x00007f68ae5acb63:   29 c1 49 29 cb 01 c1 83 e1 f8 83 f9 08 72 1e 83
0x00007f68ae5acb73:   e1 f8 45 31 c9 45 89 ca 41 83 c1 08 4b 8b 1c 13
0x00007f68ae5acb83:   41 39 c9 4b 89 1c 10 72 ec 0f 1f 40 00 48 01 c7
0x00007f68ae5acb93:   48 01 c6 48 29 c2 40 f6 c6 0f 0f 84 a5 00 00 00
0x00007f68ae5acba3:   48 83 fa 3f 76 4a 48 8d 42 c0 48 83 e0 c0 4c 8d
0x00007f68ae5acbb3:   40 40 48 89 f0 4a 8d 0c 07 0f 1f 40 00 0f 10 50
0x00007f68ae5acbc3:   10 48 83 c7 40 48 83 c0 40 0f 10 48 e0 0f 10 40
0x00007f68ae5acbd3:   f0 0f 10 58 c0 0f 2b 57 d0 0f 2b 5f c0 0f 2b 4f 


Stack slot to memory mapping:
stack at sp + 0 slots: 0x000000000000001e is an unknown value
stack at sp + 1 slots: 0x0 is NULL
stack at sp + 2 slots: 0x0 is NULL
stack at sp + 3 slots: 0x0 is NULL
stack at sp + 4 slots: 0x00007f6930d16eff is pointing into the stack for thread: 0x00007f692c02b800
stack at sp + 5 slots: 0x0 is NULL
stack at sp + 6 slots: 0x0 is NULL
stack at sp + 7 slots: 0x00007f6930d17060 is pointing into the stack for thread: 0x00007f692c02b800


---------------  P R O C E S S  ---------------

Threads class SMR info:
_java_thread_list=0x00007f68c4066330, length=13, elements={
0x00007f692c02b800, 0x00007f692c18f800, 0x00007f692c192000, 0x00007f692c196800,
0x00007f692c198800, 0x00007f692c19a800, 0x00007f692c19c800, 0x00007f692c19e800,
0x00007f692c1bb800, 0x00007f692c20f000, 0x00007f692c213800, 0x00007f68c8001800,
0x00007f692c9ac000
}

Java Threads: ( => current thread )
=>0x00007f692c02b800 JavaThread "main" [_thread_in_native, id=26751, stack(0x00007f6930c19000,0x00007f6930d19000)]
  0x00007f692c18f800 JavaThread "Reference Handler" daemon [_thread_blocked, id=26772, stack(0x00007f68fcff6000,0x00007f68fd0f6000)]
  0x00007f692c192000 JavaThread "Finalizer" daemon [_thread_blocked, id=26774, stack(0x00007f68fcef6000,0x00007f68fcff6000)]
  0x00007f692c196800 JavaThread "Signal Dispatcher" daemon [_thread_blocked, id=26775, stack(0x00007f68fcdf6000,0x00007f68fcef6000)]
  0x00007f692c198800 JavaThread "Service Thread" daemon [_thread_blocked, id=26776, stack(0x00007f68fccf6000,0x00007f68fcdf6000)]
  0x00007f692c19a800 JavaThread "JVMCI-native CompilerThread0" daemon [_thread_blocked, id=26777, stack(0x00007f68fcaf6000,0x00007f68fccf6000)]
  0x00007f692c19c800 JavaThread "C1 CompilerThread0" daemon [_thread_blocked, id=26778, stack(0x00007f68fc8f6000,0x00007f68fcaf6000)]
  0x00007f692c19e800 JavaThread "Sweeper thread" daemon [_thread_blocked, id=26780, stack(0x00007f68fc7f6000,0x00007f68fc8f6000)]
  0x00007f692c1bb800 JavaThread "Common-Cleaner" daemon [_thread_blocked, id=26781, stack(0x00007f68fc6f6000,0x00007f68fc7f6000)]
  0x00007f692c20f000 JavaThread "JDWP Transport Listener: dt_socket" daemon [_thread_blocked, id=26784, stack(0x00007f68fc100000,0x00007f68fc200000)]
  0x00007f692c213800 JavaThread "JDWP Event Helper Thread" daemon [_thread_blocked, id=26785, stack(0x00007f68fc000000,0x00007f68fc100000)]
  0x00007f68c8001800 JavaThread "JDWP Command Reader" daemon [_thread_in_native, id=26786, stack(0x00007f68c3f00000,0x00007f68c4000000)]
  0x00007f692c9ac000 JavaThread "Java2D Disposer" daemon [_thread_blocked, id=26807, stack(0x00007f68c0800000,0x00007f68c0900000)]

Other Threads:
  0x00007f692c18d000 VMThread "VM Thread" [stack: 0x00007f68fd0f8000,0x00007f68fd1f8000] [id=26770]
  0x00007f692c234000 WatcherThread [stack: 0x00007f68c3e00000,0x00007f68c3f00000] [id=26789]
  0x00007f692c046000 GCTaskThread "GC Thread#0" [stack: 0x00007f6930100000,0x00007f6930200000] [id=26757]
  0x00007f68f0001800 GCTaskThread "GC Thread#1" [stack: 0x00007f68b5300000,0x00007f68b5400000] [id=26805]
  0x00007f68f0003000 GCTaskThread "GC Thread#2" [stack: 0x00007f68b4f00000,0x00007f68b5000000] [id=26806]
  0x00007f692c077000 ConcurrentGCThread "G1 Main Marker" [stack: 0x00007f6904160000,0x00007f6904260000] [id=26766]
  0x00007f692c079000 ConcurrentGCThread "G1 Conc#0" [stack: 0x00007f690405e000,0x00007f690415e000] [id=26767]
  0x00007f692c0f1000 ConcurrentGCThread "G1 Refine#0" [stack: 0x00007f68fdafc000,0x00007f68fdbfc000] [id=26768]
  0x00007f692c0f3000 ConcurrentGCThread "G1 Young RemSet Sampling" [stack: 0x00007f68fd9fa000,0x00007f68fdafa000] [id=26769]

Threads with active compile tasks:

VM state:not at safepoint (normal execution)

VM Mutex/Monitor currently owned by a thread: None

Heap address: 0x0000000084c00000, size: 1972 MB, Compressed Oops mode: 32-bit
Narrow klass base: 0x0000000800000000, Narrow klass shift: 3
Compressed class space size: 1073741824 Address: 0x0000000840000000

Heap:
 garbage-first heap   total 129024K, used 19679K [0x0000000084c00000, 0x0000000100000000)
  region size 1024K, 11 young (11264K), 2 survivors (2048K)
 Metaspace       used 6814K, capacity 7699K, committed 7936K, reserved 1056768K
  class space    used 545K, capacity 757K, committed 768K, reserved 1048576K
Heap Regions: E=young(eden), S=young(survivor), O=old, HS=humongous(starts), HC=humongous(continues), CS=collection set, F=free, A=archive, TAMS=top-at-mark-start (previous, next)
|   0|0x0000000084c00000, 0x0000000084d00000, 0x0000000084d00000|100%|HS|  |TAMS 0x0000000084c00000, 0x0000000084c00000| Complete 
|   1|0x0000000084d00000, 0x0000000084e00000, 0x0000000084e00000|100%|HC|  |TAMS 0x0000000084d00000, 0x0000000084d00000| Complete 
|   2|0x0000000084e00000, 0x0000000084f00000, 0x0000000084f00000|100%|HC|  |TAMS 0x0000000084e00000, 0x0000000084e00000| Complete 
|   3|0x0000000084f00000, 0x0000000085000000, 0x0000000085000000|100%|HC|  |TAMS 0x0000000084f00000, 0x0000000084f00000| Complete 
|   4|0x0000000085000000, 0x0000000085100000, 0x0000000085100000|100%|HS|  |TAMS 0x0000000085000000, 0x0000000085000000| Complete 
|   5|0x0000000085100000, 0x0000000085200000, 0x0000000085200000|100%|HC|  |TAMS 0x0000000085100000, 0x0000000085100000| Complete 
|   6|0x0000000085200000, 0x0000000085300000, 0x0000000085300000|100%|HC|  |TAMS 0x0000000085200000, 0x0000000085200000| Complete 
|   7|0x0000000085300000, 0x0000000085400000, 0x0000000085400000|100%|HC|  |TAMS 0x0000000085300000, 0x0000000085300000| Complete 
|   8|0x0000000085400000, 0x0000000085500000, 0x0000000085500000|100%|HC|  |TAMS 0x0000000085400000, 0x0000000085400000| Complete 
|   9|0x0000000085500000, 0x0000000085500000, 0x0000000085600000|  0%| F|  |TAMS 0x0000000085500000, 0x0000000085500000| Untracked 
|  10|0x0000000085600000, 0x0000000085600000, 0x0000000085700000|  0%| F|  |TAMS 0x0000000085600000, 0x0000000085600000| Untracked 
|  11|0x0000000085700000, 0x0000000085700000, 0x0000000085800000|  0%| F|  |TAMS 0x0000000085700000, 0x0000000085700000| Untracked 
|  12|0x0000000085800000, 0x0000000085800000, 0x0000000085900000|  0%| F|  |TAMS 0x0000000085800000, 0x0000000085800000| Untracked 
|  13|0x0000000085900000, 0x0000000085900000, 0x0000000085a00000|  0%| F|  |TAMS 0x0000000085900000, 0x0000000085900000| Untracked 
|  14|0x0000000085a00000, 0x0000000085a00000, 0x0000000085b00000|  0%| F|  |TAMS 0x0000000085a00000, 0x0000000085a00000| Untracked 
|  15|0x0000000085b00000, 0x0000000085b00000, 0x0000000085c00000|  0%| F|  |TAMS 0x0000000085b00000, 0x0000000085b00000| Untracked 
|  16|0x0000000085c00000, 0x0000000085c00000, 0x0000000085d00000|  0%| F|  |TAMS 0x0000000085c00000, 0x0000000085c00000| Untracked 
|  17|0x0000000085d00000, 0x0000000085d00000, 0x0000000085e00000|  0%| F|  |TAMS 0x0000000085d00000, 0x0000000085d00000| Untracked 
|  18|0x0000000085e00000, 0x0000000085e00000, 0x0000000085f00000|  0%| F|  |TAMS 0x0000000085e00000, 0x0000000085e00000| Untracked 
|  19|0x0000000085f00000, 0x0000000085f00000, 0x0000000086000000|  0%| F|  |TAMS 0x0000000085f00000, 0x0000000085f00000| Untracked 
|  20|0x0000000086000000, 0x0000000086000000, 0x0000000086100000|  0%| F|  |TAMS 0x0000000086000000, 0x0000000086000000| Untracked 
|  21|0x0000000086100000, 0x0000000086100000, 0x0000000086200000|  0%| F|  |TAMS 0x0000000086100000, 0x0000000086100000| Untracked 
|  22|0x0000000086200000, 0x0000000086200000, 0x0000000086300000|  0%| F|  |TAMS 0x0000000086200000, 0x0000000086200000| Untracked 
|  23|0x0000000086300000, 0x0000000086300000, 0x0000000086400000|  0%| F|  |TAMS 0x0000000086300000, 0x0000000086300000| Untracked 
|  24|0x0000000086400000, 0x0000000086400000, 0x0000000086500000|  0%| F|  |TAMS 0x0000000086400000, 0x0000000086400000| Untracked 
|  25|0x0000000086500000, 0x0000000086500000, 0x0000000086600000|  0%| F|  |TAMS 0x0000000086500000, 0x0000000086500000| Untracked 
|  26|0x0000000086600000, 0x0000000086600000, 0x0000000086700000|  0%| F|  |TAMS 0x0000000086600000, 0x0000000086600000| Untracked 
|  27|0x0000000086700000, 0x0000000086700000, 0x0000000086800000|  0%| F|  |TAMS 0x0000000086700000, 0x0000000086700000| Untracked 
|  28|0x0000000086800000, 0x0000000086800000, 0x0000000086900000|  0%| F|  |TAMS 0x0000000086800000, 0x0000000086800000| Untracked 
|  29|0x0000000086900000, 0x0000000086900000, 0x0000000086a00000|  0%| F|  |TAMS 0x0000000086900000, 0x0000000086900000| Untracked 
|  30|0x0000000086a00000, 0x0000000086a00000, 0x0000000086b00000|  0%| F|  |TAMS 0x0000000086a00000, 0x0000000086a00000| Untracked 
|  31|0x0000000086b00000, 0x0000000086b00000, 0x0000000086c00000|  0%| F|  |TAMS 0x0000000086b00000, 0x0000000086b00000| Untracked 
|  32|0x0000000086c00000, 0x0000000086c00000, 0x0000000086d00000|  0%| F|  |TAMS 0x0000000086c00000, 0x0000000086c00000| Untracked 
|  33|0x0000000086d00000, 0x0000000086d00000, 0x0000000086e00000|  0%| F|  |TAMS 0x0000000086d00000, 0x0000000086d00000| Untracked 
|  34|0x0000000086e00000, 0x0000000086e00000, 0x0000000086f00000|  0%| F|  |TAMS 0x0000000086e00000, 0x0000000086e00000| Untracked 
|  35|0x0000000086f00000, 0x0000000086f00000, 0x0000000087000000|  0%| F|  |TAMS 0x0000000086f00000, 0x0000000086f00000| Untracked 
|  36|0x0000000087000000, 0x0000000087000000, 0x0000000087100000|  0%| F|  |TAMS 0x0000000087000000, 0x0000000087000000| Untracked 
|  37|0x0000000087100000, 0x0000000087100000, 0x0000000087200000|  0%| F|  |TAMS 0x0000000087100000, 0x0000000087100000| Untracked 
|  38|0x0000000087200000, 0x0000000087200000, 0x0000000087300000|  0%| F|  |TAMS 0x0000000087200000, 0x0000000087200000| Untracked 
|  39|0x0000000087300000, 0x0000000087300000, 0x0000000087400000|  0%| F|  |TAMS 0x0000000087300000, 0x0000000087300000| Untracked 
|  40|0x0000000087400000, 0x0000000087400000, 0x0000000087500000|  0%| F|  |TAMS 0x0000000087400000, 0x0000000087400000| Untracked 
|  41|0x0000000087500000, 0x0000000087500000, 0x0000000087600000|  0%| F|  |TAMS 0x0000000087500000, 0x0000000087500000| Untracked 
|  42|0x0000000087600000, 0x0000000087600000, 0x0000000087700000|  0%| F|  |TAMS 0x0000000087600000, 0x0000000087600000| Untracked 
|  43|0x0000000087700000, 0x0000000087700000, 0x0000000087800000|  0%| F|  |TAMS 0x0000000087700000, 0x0000000087700000| Untracked 
|  44|0x0000000087800000, 0x0000000087800000, 0x0000000087900000|  0%| F|  |TAMS 0x0000000087800000, 0x0000000087800000| Untracked 
|  45|0x0000000087900000, 0x0000000087900000, 0x0000000087a00000|  0%| F|  |TAMS 0x0000000087900000, 0x0000000087900000| Untracked 
|  46|0x0000000087a00000, 0x0000000087a00000, 0x0000000087b00000|  0%| F|  |TAMS 0x0000000087a00000, 0x0000000087a00000| Untracked 
|  47|0x0000000087b00000, 0x0000000087b00000, 0x0000000087c00000|  0%| F|  |TAMS 0x0000000087b00000, 0x0000000087b00000| Untracked 
|  48|0x0000000087c00000, 0x0000000087c00000, 0x0000000087d00000|  0%| F|  |TAMS 0x0000000087c00000, 0x0000000087c00000| Untracked 
|  49|0x0000000087d00000, 0x0000000087d00000, 0x0000000087e00000|  0%| F|  |TAMS 0x0000000087d00000, 0x0000000087d00000| Untracked 
|  50|0x0000000087e00000, 0x0000000087e00000, 0x0000000087f00000|  0%| F|  |TAMS 0x0000000087e00000, 0x0000000087e00000| Untracked 
|  51|0x0000000087f00000, 0x0000000087f00000, 0x0000000088000000|  0%| F|  |TAMS 0x0000000087f00000, 0x0000000087f00000| Untracked 
|  52|0x0000000088000000, 0x0000000088000000, 0x0000000088100000|  0%| F|  |TAMS 0x0000000088000000, 0x0000000088000000| Untracked 
|  53|0x0000000088100000, 0x0000000088100000, 0x0000000088200000|  0%| F|  |TAMS 0x0000000088100000, 0x0000000088100000| Untracked 
|  54|0x0000000088200000, 0x0000000088200000, 0x0000000088300000|  0%| F|  |TAMS 0x0000000088200000, 0x0000000088200000| Untracked 
|  55|0x0000000088300000, 0x0000000088300000, 0x0000000088400000|  0%| F|  |TAMS 0x0000000088300000, 0x0000000088300000| Untracked 
|  56|0x0000000088400000, 0x0000000088400000, 0x0000000088500000|  0%| F|  |TAMS 0x0000000088400000, 0x0000000088400000| Untracked 
|  57|0x0000000088500000, 0x0000000088500000, 0x0000000088600000|  0%| F|  |TAMS 0x0000000088500000, 0x0000000088500000| Untracked 
|  58|0x0000000088600000, 0x0000000088600000, 0x0000000088700000|  0%| F|  |TAMS 0x0000000088600000, 0x0000000088600000| Untracked 
|  59|0x0000000088700000, 0x0000000088700000, 0x0000000088800000|  0%| F|  |TAMS 0x0000000088700000, 0x0000000088700000| Untracked 
|  60|0x0000000088800000, 0x0000000088800000, 0x0000000088900000|  0%| F|  |TAMS 0x0000000088800000, 0x0000000088800000| Untracked 
|  61|0x0000000088900000, 0x0000000088900000, 0x0000000088a00000|  0%| F|  |TAMS 0x0000000088900000, 0x0000000088900000| Untracked 
|  62|0x0000000088a00000, 0x0000000088a00000, 0x0000000088b00000|  0%| F|  |TAMS 0x0000000088a00000, 0x0000000088a00000| Untracked 
|  63|0x0000000088b00000, 0x0000000088b00000, 0x0000000088c00000|  0%| F|  |TAMS 0x0000000088b00000, 0x0000000088b00000| Untracked 
|  64|0x0000000088c00000, 0x0000000088c00000, 0x0000000088d00000|  0%| F|  |TAMS 0x0000000088c00000, 0x0000000088c00000| Untracked 
|  65|0x0000000088d00000, 0x0000000088d00000, 0x0000000088e00000|  0%| F|  |TAMS 0x0000000088d00000, 0x0000000088d00000| Untracked 
|  66|0x0000000088e00000, 0x0000000088e00000, 0x0000000088f00000|  0%| F|  |TAMS 0x0000000088e00000, 0x0000000088e00000| Untracked 
|  67|0x0000000088f00000, 0x0000000088f00000, 0x0000000089000000|  0%| F|  |TAMS 0x0000000088f00000, 0x0000000088f00000| Untracked 
|  68|0x0000000089000000, 0x0000000089000000, 0x0000000089100000|  0%| F|  |TAMS 0x0000000089000000, 0x0000000089000000| Untracked 
|  69|0x0000000089100000, 0x0000000089100000, 0x0000000089200000|  0%| F|  |TAMS 0x0000000089100000, 0x0000000089100000| Untracked 
|  70|0x0000000089200000, 0x0000000089200000, 0x0000000089300000|  0%| F|  |TAMS 0x0000000089200000, 0x0000000089200000| Untracked 
|  71|0x0000000089300000, 0x0000000089300000, 0x0000000089400000|  0%| F|  |TAMS 0x0000000089300000, 0x0000000089300000| Untracked 
|  72|0x0000000089400000, 0x0000000089400000, 0x0000000089500000|  0%| F|  |TAMS 0x0000000089400000, 0x0000000089400000| Untracked 
|  73|0x0000000089500000, 0x0000000089500000, 0x0000000089600000|  0%| F|  |TAMS 0x0000000089500000, 0x0000000089500000| Untracked 
|  74|0x0000000089600000, 0x0000000089600000, 0x0000000089700000|  0%| F|  |TAMS 0x0000000089600000, 0x0000000089600000| Untracked 
|  75|0x0000000089700000, 0x0000000089700000, 0x0000000089800000|  0%| F|  |TAMS 0x0000000089700000, 0x0000000089700000| Untracked 
|  76|0x0000000089800000, 0x0000000089800000, 0x0000000089900000|  0%| F|  |TAMS 0x0000000089800000, 0x0000000089800000| Untracked 
|  77|0x0000000089900000, 0x0000000089900000, 0x0000000089a00000|  0%| F|  |TAMS 0x0000000089900000, 0x0000000089900000| Untracked 
|  78|0x0000000089a00000, 0x0000000089a00000, 0x0000000089b00000|  0%| F|  |TAMS 0x0000000089a00000, 0x0000000089a00000| Untracked 
|  79|0x0000000089b00000, 0x0000000089b00000, 0x0000000089c00000|  0%| F|  |TAMS 0x0000000089b00000, 0x0000000089b00000| Untracked 
|  80|0x0000000089c00000, 0x0000000089c00000, 0x0000000089d00000|  0%| F|  |TAMS 0x0000000089c00000, 0x0000000089c00000| Untracked 
|  81|0x0000000089d00000, 0x0000000089d00000, 0x0000000089e00000|  0%| F|  |TAMS 0x0000000089d00000, 0x0000000089d00000| Untracked 
|  82|0x0000000089e00000, 0x0000000089e00000, 0x0000000089f00000|  0%| F|  |TAMS 0x0000000089e00000, 0x0000000089e00000| Untracked 
|  83|0x0000000089f00000, 0x0000000089f00000, 0x000000008a000000|  0%| F|  |TAMS 0x0000000089f00000, 0x0000000089f00000| Untracked 
|  84|0x000000008a000000, 0x000000008a000000, 0x000000008a100000|  0%| F|  |TAMS 0x000000008a000000, 0x000000008a000000| Untracked 
|  85|0x000000008a100000, 0x000000008a100000, 0x000000008a200000|  0%| F|  |TAMS 0x000000008a100000, 0x000000008a100000| Untracked 
|  86|0x000000008a200000, 0x000000008a200000, 0x000000008a300000|  0%| F|  |TAMS 0x000000008a200000, 0x000000008a200000| Untracked 
|  87|0x000000008a300000, 0x000000008a300000, 0x000000008a400000|  0%| F|  |TAMS 0x000000008a300000, 0x000000008a300000| Untracked 
|  88|0x000000008a400000, 0x000000008a400000, 0x000000008a500000|  0%| F|  |TAMS 0x000000008a400000, 0x000000008a400000| Untracked 
|  89|0x000000008a500000, 0x000000008a500000, 0x000000008a600000|  0%| F|  |TAMS 0x000000008a500000, 0x000000008a500000| Untracked 
|  90|0x000000008a600000, 0x000000008a600000, 0x000000008a700000|  0%| F|  |TAMS 0x000000008a600000, 0x000000008a600000| Untracked 
|  91|0x000000008a700000, 0x000000008a700000, 0x000000008a800000|  0%| F|  |TAMS 0x000000008a700000, 0x000000008a700000| Untracked 
|  92|0x000000008a800000, 0x000000008a800000, 0x000000008a900000|  0%| F|  |TAMS 0x000000008a800000, 0x000000008a800000| Untracked 
|  93|0x000000008a900000, 0x000000008a900000, 0x000000008aa00000|  0%| F|  |TAMS 0x000000008a900000, 0x000000008a900000| Untracked 
|  94|0x000000008aa00000, 0x000000008aa00000, 0x000000008ab00000|  0%| F|  |TAMS 0x000000008aa00000, 0x000000008aa00000| Untracked 
|  95|0x000000008ab00000, 0x000000008ab00000, 0x000000008ac00000|  0%| F|  |TAMS 0x000000008ab00000, 0x000000008ab00000| Untracked 
|  96|0x000000008ac00000, 0x000000008ac00000, 0x000000008ad00000|  0%| F|  |TAMS 0x000000008ac00000, 0x000000008ac00000| Untracked 
|  97|0x000000008ad00000, 0x000000008ad00000, 0x000000008ae00000|  0%| F|  |TAMS 0x000000008ad00000, 0x000000008ad00000| Untracked 
|  98|0x000000008ae00000, 0x000000008ae00000, 0x000000008af00000|  0%| F|  |TAMS 0x000000008ae00000, 0x000000008ae00000| Untracked 
|  99|0x000000008af00000, 0x000000008af00000, 0x000000008b000000|  0%| F|  |TAMS 0x000000008af00000, 0x000000008af00000| Untracked 
| 100|0x000000008b000000, 0x000000008b000000, 0x000000008b100000|  0%| F|  |TAMS 0x000000008b000000, 0x000000008b000000| Untracked 
| 101|0x000000008b100000, 0x000000008b100000, 0x000000008b200000|  0%| F|  |TAMS 0x000000008b100000, 0x000000008b100000| Untracked 
| 102|0x000000008b200000, 0x000000008b200000, 0x000000008b300000|  0%| F|  |TAMS 0x000000008b200000, 0x000000008b200000| Untracked 
| 103|0x000000008b300000, 0x000000008b300000, 0x000000008b400000|  0%| F|  |TAMS 0x000000008b300000, 0x000000008b300000| Untracked 
| 104|0x000000008b400000, 0x000000008b400000, 0x000000008b500000|  0%| F|  |TAMS 0x000000008b400000, 0x000000008b400000| Untracked 
| 105|0x000000008b500000, 0x000000008b500000, 0x000000008b600000|  0%| F|  |TAMS 0x000000008b500000, 0x000000008b500000| Untracked 
| 106|0x000000008b600000, 0x000000008b600000, 0x000000008b700000|  0%| F|  |TAMS 0x000000008b600000, 0x000000008b600000| Untracked 
| 107|0x000000008b700000, 0x000000008b700000, 0x000000008b800000|  0%| F|  |TAMS 0x000000008b700000, 0x000000008b700000| Untracked 
| 108|0x000000008b800000, 0x000000008b87dc08, 0x000000008b900000| 49%| S|CS|TAMS 0x000000008b800000, 0x000000008b800000| Complete 
| 109|0x000000008b900000, 0x000000008ba00000, 0x000000008ba00000|100%| S|CS|TAMS 0x000000008b900000, 0x000000008b900000| Complete 
| 110|0x000000008ba00000, 0x000000008ba00000, 0x000000008bb00000|  0%| F|  |TAMS 0x000000008ba00000, 0x000000008ba00000| Untracked 
| 111|0x000000008bb00000, 0x000000008bb00000, 0x000000008bc00000|  0%| F|  |TAMS 0x000000008bb00000, 0x000000008bb00000| Untracked 
| 112|0x000000008bc00000, 0x000000008bc00000, 0x000000008bd00000|  0%| F|  |TAMS 0x000000008bc00000, 0x000000008bc00000| Untracked 
| 113|0x000000008bd00000, 0x000000008bd00000, 0x000000008be00000|  0%| F|  |TAMS 0x000000008bd00000, 0x000000008bd00000| Untracked 
| 114|0x000000008be00000, 0x000000008be00000, 0x000000008bf00000|  0%| F|  |TAMS 0x000000008be00000, 0x000000008be00000| Untracked 
| 115|0x000000008bf00000, 0x000000008bf80800, 0x000000008c000000| 50%| E|  |TAMS 0x000000008bf00000, 0x000000008bf00000| Complete 
| 116|0x000000008c000000, 0x000000008c100000, 0x000000008c100000|100%| E|CS|TAMS 0x000000008c000000, 0x000000008c000000| Complete 
| 117|0x000000008c100000, 0x000000008c200000, 0x000000008c200000|100%| E|CS|TAMS 0x000000008c100000, 0x000000008c100000| Complete 
| 118|0x000000008c200000, 0x000000008c300000, 0x000000008c300000|100%| E|CS|TAMS 0x000000008c200000, 0x000000008c200000| Complete 
| 119|0x000000008c300000, 0x000000008c400000, 0x000000008c400000|100%| E|CS|TAMS 0x000000008c300000, 0x000000008c300000| Complete 
| 120|0x000000008c400000, 0x000000008c500000, 0x000000008c500000|100%| E|CS|TAMS 0x000000008c400000, 0x000000008c400000| Complete 
| 121|0x000000008c500000, 0x000000008c600000, 0x000000008c600000|100%| E|CS|TAMS 0x000000008c500000, 0x000000008c500000| Complete 
| 122|0x000000008c600000, 0x000000008c700000, 0x000000008c700000|100%| E|CS|TAMS 0x000000008c600000, 0x000000008c600000| Complete 
| 123|0x000000008c700000, 0x000000008c800000, 0x000000008c800000|100%| E|CS|TAMS 0x000000008c700000, 0x000000008c700000| Complete 
|1968|0x00000000ffc00000, 0x00000000ffc4c000, 0x00000000ffd00000| 29%|OA|  |TAMS 0x00000000ffc00000, 0x00000000ffc00000| Untracked 
|1969|0x00000000ffd00000, 0x00000000ffd6e000, 0x00000000ffe00000| 42%|CA|  |TAMS 0x00000000ffd00000, 0x00000000ffd00000| Untracked 

Card table byte_map: [0x00007f690c48d000,0x00007f690c867000] _byte_map_base: 0x00007f690c067000

Marking Bits (Prev, Next): (CMBitMap*) 0x00007f692c06e798, (CMBitMap*) 0x00007f692c06e7d0
 Prev Bits: [0x00007f6906130000, 0x00007f6908000000)
 Next Bits: [0x00007f6904260000, 0x00007f6906130000)

Polling page: 0x00007f69328c9000

Metaspace:

Usage:
  Non-class:      6,78 MB capacity,     6,12 MB ( 90%) used,   637,43 KB (  9%) free+waste,    36,00 KB ( <1%) overhead. 
      Class:    757,00 KB capacity,   545,72 KB ( 72%) used,   192,03 KB ( 25%) free+waste,    19,25 KB (  3%) overhead. 
       Both:      7,52 MB capacity,     6,65 MB ( 89%) used,   829,46 KB ( 11%) free+waste,    55,25 KB ( <1%) overhead. 

Virtual space:
  Non-class space:        8,00 MB reserved,       7,00 MB ( 88%) committed 
      Class space:        1,00 GB reserved,     768,00 KB ( <1%) committed 
             Both:        1,01 GB reserved,       7,75 MB ( <1%) committed 

Chunk freelists:
   Non-Class:  2,00 KB
       Class:  0 bytes
        Both:  2,00 KB

MaxMetaspaceSize: unlimited
CompressedClassSpaceSize: 1,00 GB
Initial GC threshold: 20,80 MB
Current GC threshold: 20,80 MB
CDS: on

CodeHeap 'non-profiled nmethods': size=160716Kb used=345Kb max_used=345Kb free=160370Kb
 bounds [0x00007f6917150000, 0x00007f6918150000, 0x00007f6920e43000]
CodeHeap 'profiled nmethods': size=160712Kb used=2083Kb max_used=2083Kb free=158628Kb
 bounds [0x00007f690d45e000, 0x00007f690e45e000, 0x00007f6917150000]
CodeHeap 'non-nmethods': size=6252Kb used=1669Kb max_used=2232Kb free=4582Kb
 bounds [0x00007f690ce43000, 0x00007f690d45e000, 0x00007f690d45e000]
 total_blobs=2081 nmethods=1077 adapters=933
 compilation: enabled
              stopped_count=0, restarted_count=0
 full_count=0

JVMCI Events (15 events):
Event: 0,029 Thread 0x00007f692c02b800 created new Java JVMCI runtime -1 (0x00007f692c188560)
Event: 0,161 Thread 0x00007f692c19a800 created new CompileBroker JVMCI runtime 0 (0x00007f68d40197f0)
Event: 0,161 Thread 0x00007f692c19a800 attached to JVMCI runtime 0
Event: 0,162 Thread 0x00007f692c19a800 loaded JVMCI shared library from /home/daniil/.jdks/graalvm-ce-11/lib/libjvmcicompiler.so
Event: 0,164 Thread 0x00007f692c19a800 created JavaVM[1]@0x00007f68c16c7ec8 for JVMCI runtime 0
Event: 0,164 Thread 0x00007f692c19a800 initializing JVMCI runtime 0
Event: 0,164 Thread 0x00007f692c19a800 initializing JavaVM references in JVMCI runtime 0
Event: 0,164 Thread 0x00007f692c19a800 initialized JavaVM references in JVMCI runtime 0
Event: 0,165 Thread 0x00007f692c19a800 initialized JVMCI runtime 0
Event: 5,731 Thread 0x00007f692c19a800 detaching from JVMCI runtime 0: releasing idle compiler thread (0 other threads still attached)
Event: 5,731 Thread 0x00007f692c19a800 shutting down HotSpotJVMCIRuntime for JVMCI runtime 0
Event: 11,345 Thread 0x00007f692c19a800 shut down JVMCI runtime 0
Event: 11,839 Thread 0x00007f692c19a800 destroyed JavaVM[1]@0x00007f68c16c7ec8 for JVMCI runtime 0
Event: 11,839 Thread 0x00007f692c19a800 releasing handles for JVMCI runtime 0: oop handles=54, metadata handles={total=224, live=121, blocks=7}
Event: 11,840 Thread 0x00007f692c19a800 detached from JVMCI runtime 0

Compilation events (20 events):
Event: 4,635 Thread 0x00007f68d80c5000 1070       3       java.util.WeakHashMap::remove (133 bytes)
Event: 4,635 Thread 0x00007f692c19c800 1071       3       java.lang.ThreadLocal::get (38 bytes)
Event: 4,635 Thread 0x00007f692c19c800 nmethod 1071 0x00007f690d65f190 code [0x00007f690d65f360, 0x00007f690d65f7e0]
Event: 4,636 Thread 0x00007f692c19c800 1072       3       java.nio.channels.spi.AbstractInterruptibleChannel::isOpen (13 bytes)
Event: 4,636 Thread 0x00007f68d80c5000 nmethod 1070 0x00007f690d65f910 code [0x00007f690d65fb40, 0x00007f690d660be0]
Event: 4,636 Thread 0x00007f68d80c5000 1073       3       sun.nio.ch.Util::isBufferTooLarge (15 bytes)
Event: 4,636 Thread 0x00007f692c19c800 nmethod 1072 0x00007f690d661010 code [0x00007f690d6611a0, 0x00007f690d661310]
Event: 4,636 Thread 0x00007f68d80c5000 nmethod 1073 0x00007f690d661390 code [0x00007f690d661520, 0x00007f690d661670]
Event: 4,636 Thread 0x00007f692c19c800 1074       3       java.util.Collections$SetFromMap::remove (19 bytes)
Event: 4,636 Thread 0x00007f692c19c800 nmethod 1074 0x00007f690d661710 code [0x00007f690d6618c0, 0x00007f690d661c80]
Event: 4,636 Thread 0x00007f692c19c800 1075       3       java.util.regex.Pattern$$Lambda$17/0x0000000840067040::is (9 bytes)
Event: 4,636 Thread 0x00007f692c19c800 nmethod 1075 0x00007f690d661d90 code [0x00007f690d661f40, 0x00007f690d662110]
Event: 4,636 Thread 0x00007f692c19c800 1076       3       java.util.regex.Pattern::lambda$Single$8 (11 bytes)
Event: 4,636 Thread 0x00007f692c19c800 nmethod 1076 0x00007f690d662210 code [0x00007f690d6623a0, 0x00007f690d6624d0]
Event: 4,636 Thread 0x00007f692c19c800 1077       3       java.nio.charset.CoderResult::isUnderflow (13 bytes)
Event: 4,636 Thread 0x00007f692c19c800 nmethod 1077 0x00007f690d662590 code [0x00007f690d662720, 0x00007f690d662890]
Event: 4,637 Thread 0x00007f692c19c800 1078       3       java.nio.CharBuffer::arrayOffset (35 bytes)
Event: 4,638 Thread 0x00007f692c19c800 nmethod 1078 0x00007f690d662910 code [0x00007f690d662ae0, 0x00007f690d662df0]
Event: 4,731 Thread 0x00007f68d80c5000 1079       3       java.io.DataOutputStream::writeUTF (435 bytes)
Event: 4,736 Thread 0x00007f68d80c5000 nmethod 1079 0x00007f690d662f90 code [0x00007f690d663400, 0x00007f690d665e50]

GC Heap History (2 events):
Event: 2,679 GC heap before
{Heap before GC invocations=0 (full 0):
 garbage-first heap   total 129024K, used 15080K [0x0000000084c00000, 0x0000000100000000)
  region size 1024K, 14 young (14336K), 0 survivors (0K)
 Metaspace       used 4937K, capacity 7200K, committed 7296K, reserved 1056768K
  class space    used 328K, capacity 603K, committed 640K, reserved 1048576K
}
Event: 2,686 GC heap after
{Heap after GC invocations=1 (full 0):
 garbage-first heap   total 129024K, used 2271K [0x0000000084c00000, 0x0000000100000000)
  region size 1024K, 2 young (2048K), 2 survivors (2048K)
 Metaspace       used 4937K, capacity 7200K, committed 7296K, reserved 1056768K
  class space    used 328K, capacity 603K, committed 640K, reserved 1048576K
}

Deoptimization events (20 events):
Event: 2,771 Thread 0x00007f692c02b800 DEOPT PACKING pc=0x00007f690d5f8460 sp=0x00007f6930d17070
Event: 2,771 Thread 0x00007f692c02b800 DEOPT UNPACKING pc=0x00007f690ce8d451 sp=0x00007f6930d16568 mode 0
Event: 2,771 Thread 0x00007f692c02b800 DEOPT PACKING pc=0x00007f690d5f8460 sp=0x00007f6930d17070
Event: 2,771 Thread 0x00007f692c02b800 DEOPT UNPACKING pc=0x00007f690ce8d451 sp=0x00007f6930d16568 mode 0
Event: 2,772 Thread 0x00007f692c02b800 DEOPT PACKING pc=0x00007f690d5f8460 sp=0x00007f6930d17070
Event: 2,772 Thread 0x00007f692c02b800 DEOPT UNPACKING pc=0x00007f690ce8d451 sp=0x00007f6930d16568 mode 0
Event: 2,772 Thread 0x00007f692c02b800 DEOPT PACKING pc=0x00007f690d5f8460 sp=0x00007f6930d17070
Event: 2,772 Thread 0x00007f692c02b800 DEOPT UNPACKING pc=0x00007f690ce8d451 sp=0x00007f6930d16568 mode 0
Event: 2,772 Thread 0x00007f692c02b800 DEOPT PACKING pc=0x00007f690d5f8460 sp=0x00007f6930d17070
Event: 2,772 Thread 0x00007f692c02b800 DEOPT UNPACKING pc=0x00007f690ce8d451 sp=0x00007f6930d16568 mode 0
Event: 2,773 Thread 0x00007f692c02b800 DEOPT PACKING pc=0x00007f690d5f8460 sp=0x00007f6930d17070
Event: 2,773 Thread 0x00007f692c02b800 DEOPT UNPACKING pc=0x00007f690ce8d451 sp=0x00007f6930d16568 mode 0
Event: 2,773 Thread 0x00007f692c02b800 DEOPT PACKING pc=0x00007f690d5f8460 sp=0x00007f6930d17070
Event: 2,773 Thread 0x00007f692c02b800 DEOPT UNPACKING pc=0x00007f690ce8d451 sp=0x00007f6930d16568 mode 0
Event: 3,803 Thread 0x00007f692c02b800 DEOPT PACKING pc=0x00007f690d658900 sp=0x00007f6930d17630
Event: 3,803 Thread 0x00007f692c02b800 DEOPT UNPACKING pc=0x00007f690ce8d451 sp=0x00007f6930d16bc0 mode 0
Event: 3,810 Thread 0x00007f692c02b800 Uncommon trap: trap_request=0xffffffed fr.pc=0x00007f69171a3593 relative=0x0000000000000bb3
Event: 3,810 Thread 0x00007f692c02b800 Uncommon trap: reason=null_assert_or_unreached0 action=reinterpret pc=0x00007f69171a3593 method=java.awt.image.BufferedImage.getRGB(IIII[III)[I @ 144 jvmci
Event: 3,810 Thread 0x00007f692c02b800 DEOPT PACKING pc=0x00007f69171a3593 sp=0x00007f6930d176c0
Event: 3,810 Thread 0x00007f692c02b800 DEOPT UNPACKING pc=0x00007f690ce8d451 sp=0x00007f6930d16bc0 mode 3

Classes redefined (0 events):
No events

Internal exceptions (20 events):
Event: 0,563 Thread 0x00007f692c02b800 Exception <a 'java/lang/NoSuchMethodError'{0x000000008bb58398}: 'void java.lang.invoke.DirectMethodHandle$Holder.invokeStatic(java.lang.Object, int)'> (0x000000008bb58398) thrown at [./src/hotspot/share/interpreter/linkResolver.cpp, line 773]
Event: 2,649 Thread 0x00007f692c02b800 Exception <a 'java/lang/ClassNotFoundException'{0x000000008bbcf190}: sun/awt/resources/spi/awtProvider> (0x000000008bbcf190) thrown at [./src/hotspot/share/classfile/systemDictionary.cpp, line 227]
Event: 2,666 Thread 0x00007f692c02b800 Exception <a 'java/io/FileNotFoundException'{0x000000008ba60418}> (0x000000008ba60418) thrown at [./src/hotspot/share/prims/jni.cpp, line 613]
Event: 2,674 Thread 0x00007f692c02b800 Exception <a 'java/lang/NoSuchMethodError'{0x000000008babe798}: 'java.lang.Object java.lang.invoke.DirectMethodHandle$Holder.invokeStatic(java.lang.Object, java.lang.Object, java.lang.Object, java.lang.Object, java.lang.Object, java.lang.Object, java.lang.Object, java.lang.Object, java.lang.Object, java.lang.Object, java.lang.Object, java.lang.Object, java.lang.Object, java.lang.Object, java.lang.Object)'> (0x000000008babe798) thrown at [./src/hotspot/share/interpreter/linkResolver.cpp, line 773]
Event: 2,676 Thread 0x00007f692c02b800 Exception <a 'java/lang/NoSuchMethodError'{0x000000008bacd788}: 'java.lang.Object java.lang.invoke.DirectMethodHandle$Holder.invokeStatic(java.lang.Object, java.lang.Object, java.lang.Object, java.lang.Object, java.lang.Object, java.lang.Object, java.lang.Object, java.lang.Object, java.lang.Object, java.lang.Object, java.lang.Object, java.lang.Object, java.lang.Object, java.lang.Object, java.lang.Object, java.lang.Object)'> (0x000000008bacd788) thrown at [./src/hotspot/share/interpreter/linkResolver.cpp, l
Event: 2,677 Thread 0x00007f692c02b800 Exception <a 'java/lang/NoSuchMethodError'{0x000000008badb938}: 'java.lang.Object java.lang.invoke.DirectMethodHandle$Holder.invokeSpecial(java.lang.Object, java.lang.Object, int, int, java.lang.Object, java.lang.Object, java.lang.Object)'> (0x000000008badb938) thrown at [./src/hotspot/share/interpreter/linkResolver.cpp, line 773]
Event: 2,677 Thread 0x00007f692c02b800 Exception <a 'java/lang/NoSuchMethodError'{0x000000008badeec8}: 'java.lang.Object java.lang.invoke.DelegatingMethodHandle$Holder.reinvoke_L(java.lang.Object, int, int, java.lang.Object, java.lang.Object, java.lang.Object)'> (0x000000008badeec8) thrown at [./src/hotspot/share/interpreter/linkResolver.cpp, line 773]
Event: 2,677 Thread 0x00007f692c02b800 Exception <a 'java/lang/NoSuchMethodError'{0x000000008bae3c48}: 'java.lang.Object java.lang.invoke.DirectMethodHandle$Holder.invokeStatic(java.lang.Object, java.lang.Object, java.lang.Object, java.lang.Object, int)'> (0x000000008bae3c48) thrown at [./src/hotspot/share/interpreter/linkResolver.cpp, line 773]
Event: 2,693 Thread 0x00007f692c02b800 Exception <a 'java/io/FileNotFoundException'{0x000000008c7482e8}> (0x000000008c7482e8) thrown at [./src/hotspot/share/prims/jni.cpp, line 613]
Event: 2,842 Thread 0x00007f692c02b800 Exception <a 'java/lang/NoSuchMethodError'{0x000000008c23c638}: 'java.lang.Object java.lang.invoke.DirectMethodHandle$Holder.invokeSpecial(java.lang.Object, java.lang.Object, int, int, int, java.lang.Object, int, java.lang.Object, java.lang.Object)'> (0x000000008c23c638) thrown at [./src/hotspot/share/interpreter/linkResolver.cpp, line 773]
Event: 2,842 Thread 0x00007f692c02b800 Exception <a 'java/lang/NoSuchMethodError'{0x000000008c23fcf0}: 'java.lang.Object java.lang.invoke.DelegatingMethodHandle$Holder.reinvoke_L(java.lang.Object, int, int, int, java.lang.Object, int, java.lang.Object, java.lang.Object)'> (0x000000008c23fcf0) thrown at [./src/hotspot/share/interpreter/linkResolver.cpp, line 773]
Event: 2,861 Thread 0x00007f692c02b800 Exception <a 'java/lang/NoSuchMethodError'{0x000000008c1a6078}: 'java.lang.Object java.lang.invoke.DelegatingMethodHandle$Holder.reinvoke_L(java.lang.Object, java.lang.Object, int, int, int, int, java.lang.Object, int, int, int)'> (0x000000008c1a6078) thrown at [./src/hotspot/share/interpreter/linkResolver.cpp, line 773]
Event: 2,866 Thread 0x00007f692c02b800 Exception <a 'java/lang/NoSuchMethodError'{0x000000008c001cc0}: 'java.lang.Object java.lang.invoke.DirectMethodHandle$Holder.invokeSpecial(java.lang.Object, java.lang.Object, int, int, int, int, int, java.lang.Object, int, int, int)'> (0x000000008c001cc0) thrown at [./src/hotspot/share/interpreter/linkResolver.cpp, line 773]
Event: 2,866 Thread 0x00007f692c02b800 Exception <a 'java/lang/NoSuchMethodError'{0x000000008c005358}: 'java.lang.Object java.lang.invoke.DelegatingMethodHandle$Holder.reinvoke_L(java.lang.Object, int, int, int, int, int, java.lang.Object, int, int, int)'> (0x000000008c005358) thrown at [./src/hotspot/share/interpreter/linkResolver.cpp, line 773]
Event: 2,867 Thread 0x00007f692c02b800 Exception <a 'java/lang/NoSuchMethodError'{0x000000008c00d408}: 'java.lang.Object java.lang.invoke.DirectMethodHandle$Holder.invokeStatic(java.lang.Object, java.lang.Object, java.lang.Object, java.lang.Object, java.lang.Object, int)'> (0x000000008c00d408) thrown at [./src/hotspot/share/interpreter/linkResolver.cpp, line 773]
Event: 2,876 Thread 0x00007f692c02b800 Exception <a 'java/lang/NoSuchMethodError'{0x000000008c0af558}: 'java.lang.Object java.lang.invoke.DirectMethodHandle$Holder.invokeSpecial(java.lang.Object, java.lang.Object, int, int, int, int, int, int, int)'> (0x000000008c0af558) thrown at [./src/hotspot/share/interpreter/linkResolver.cpp, line 773]
Event: 2,876 Thread 0x00007f692c02b800 Exception <a 'java/lang/NoSuchMethodError'{0x000000008c0b2910}: 'java.lang.Object java.lang.invoke.DelegatingMethodHandle$Holder.reinvoke_L(java.lang.Object, int, int, int, int, int, int, int)'> (0x000000008c0b2910) thrown at [./src/hotspot/share/interpreter/linkResolver.cpp, line 773]
Event: 2,878 Thread 0x00007f692c02b800 Exception <a 'java/lang/NoSuchMethodError'{0x000000008c0d7600}: 'java.lang.Object java.lang.invoke.DirectMethodHandle$Holder.invokeSpecial(java.lang.Object, java.lang.Object, int, int, int, int)'> (0x000000008c0d7600) thrown at [./src/hotspot/share/interpreter/linkResolver.cpp, line 773]
Event: 2,878 Thread 0x00007f692c02b800 Exception <a 'java/lang/NoSuchMethodError'{0x000000008c0da498}: 'java.lang.Object java.lang.invoke.Invokers$Holder.linkToTargetMethod(int, int, int, int, java.lang.Object)'> (0x000000008c0da498) thrown at [./src/hotspot/share/interpreter/linkResolver.cpp, line 773]
Event: 4,636 Thread 0x00007f692c02b800 Exception <a 'sun/nio/fs/UnixException'{0x000000008bf1d890}> (0x000000008bf1d890) thrown at [./src/hotspot/share/prims/jni.cpp, line 613]

Events (20 events):
Event: 13,189 Executing VM operation: ThreadsSuspendJVMTI
Event: 13,189 Executing VM operation: ThreadsSuspendJVMTI done
Event: 13,190 Executing VM operation: GetFrameCount
Event: 13,190 Executing VM operation: GetFrameCount done
Event: 13,190 Executing VM operation: GetFrameCount
Event: 13,190 Executing VM operation: GetFrameCount done
Event: 13,190 Executing VM operation: GetStackTrace
Event: 13,190 Executing VM operation: GetStackTrace done
Event: 13,196 Executing VM operation: GetOrSetLocal
Event: 13,196 Executing VM operation: GetOrSetLocal done
Event: 13,196 Executing VM operation: GetOrSetLocal
Event: 13,197 Executing VM operation: GetOrSetLocal done
Event: 13,197 Executing VM operation: GetOrSetLocal
Event: 13,197 Executing VM operation: GetOrSetLocal done
Event: 13,197 Executing VM operation: GetOrSetLocal
Event: 13,197 Executing VM operation: GetOrSetLocal done
Event: 13,200 Executing VM operation: GetFrameCount
Event: 13,200 Executing VM operation: GetFrameCount done
Event: 13,200 Executing VM operation: GetStackTrace
Event: 13,200 Executing VM operation: GetStackTrace done


Dynamic libraries:
40316000-403c5000 rw-p 00000000 00:00 0 
40513000-40515000 r-xs 00000000 00:01 3049                               /memfd:/.glXXXXXX (deleted)
84c00000-8c800000 rw-p 00000000 00:00 0 
8c800000-ffc00000 ---p 00000000 00:00 0 
ffc00000-ffc4c000 rw-p 00aea000 08:22 8258411                            /home/daniil/.jdks/graalvm-ce-11/lib/server/classes.jsa
ffc4c000-ffd00000 rw-p 00000000 00:00 0 
ffd00000-ffd6e000 rw-p 00a7c000 08:22 8258411                            /home/daniil/.jdks/graalvm-ce-11/lib/server/classes.jsa
ffd6e000-ffe00000 rw-p 00000000 00:00 0 
ffe00000-100000000 ---p 00000000 00:00 0 
800000000-800002000 rwxp 00001000 08:22 8258411                          /home/daniil/.jdks/graalvm-ce-11/lib/server/classes.jsa
800002000-800a7b000 rw-p 00003000 08:22 8258411                          /home/daniil/.jdks/graalvm-ce-11/lib/server/classes.jsa
840000000-8400c0000 rw-p 00000000 00:00 0 
8400c0000-880000000 ---p 00000000 00:00 0 
557bc6400000-557bc6401000 r-xp 00000000 08:22 8258433                    /home/daniil/.jdks/graalvm-ce-11/bin/java
557bc6601000-557bc6602000 r--p 00001000 08:22 8258433                    /home/daniil/.jdks/graalvm-ce-11/bin/java
557bc6602000-557bc6603000 rw-p 00002000 08:22 8258433                    /home/daniil/.jdks/graalvm-ce-11/bin/java
557bc7019000-557bc703a000 rw-p 00000000 00:00 0                          [heap]
7f689fc00000-7f689fc70000 r-xp 00000000 08:22 21897886                   /tmp/lwjgldaniil/3.3.1-build-7/liblwjgl_stb.so
7f689fc70000-7f689fe70000 ---p 00070000 08:22 21897886                   /tmp/lwjgldaniil/3.3.1-build-7/liblwjgl_stb.so
7f689fe70000-7f689fe71000 r--p 00070000 08:22 21897886                   /tmp/lwjgldaniil/3.3.1-build-7/liblwjgl_stb.so
7f689fe71000-7f689fe72000 rw-p 00071000 08:22 21897886                   /tmp/lwjgldaniil/3.3.1-build-7/liblwjgl_stb.so
7f68a0000000-7f68a0021000 rw-p 00000000 00:00 0 
7f68a0021000-7f68a4000000 ---p 00000000 00:00 0 
7f68a4000000-7f68a4021000 rw-p 00000000 00:00 0 
7f68a4021000-7f68a8000000 ---p 00000000 00:00 0 
7f68a8000000-7f68a8021000 rw-p 00000000 00:00 0 
7f68a8021000-7f68ac000000 ---p 00000000 00:00 0 
7f68ac3ff000-7f68ac800000 rw-p 00000000 00:00 0 
7f68ac800000-7f68ac85f000 r-xp 00000000 08:22 8258367                    /home/daniil/.jdks/graalvm-ce-11/lib/libawt_xawt.so
7f68ac85f000-7f68aca5f000 ---p 0005f000 08:22 8258367                    /home/daniil/.jdks/graalvm-ce-11/lib/libawt_xawt.so
7f68aca5f000-7f68aca60000 r--p 0005f000 08:22 8258367                    /home/daniil/.jdks/graalvm-ce-11/lib/libawt_xawt.so
7f68aca60000-7f68aca62000 rw-p 00060000 08:22 8258367                    /home/daniil/.jdks/graalvm-ce-11/lib/libawt_xawt.so
7f68aca62000-7f68aca64000 rw-p 00000000 00:00 0 
7f68acc00000-7f68acca0000 r-xp 00000000 08:22 8258363                    /home/daniil/.jdks/graalvm-ce-11/lib/libawt.so
7f68acca0000-7f68acea0000 ---p 000a0000 08:22 8258363                    /home/daniil/.jdks/graalvm-ce-11/lib/libawt.so
7f68acea0000-7f68acea1000 r--p 000a0000 08:22 8258363                    /home/daniil/.jdks/graalvm-ce-11/lib/libawt.so
7f68acea1000-7f68aceac000 rw-p 000a1000 08:22 8258363                    /home/daniil/.jdks/graalvm-ce-11/lib/libawt.so
7f68aceac000-7f68aced1000 rw-p 00000000 00:00 0 
7f68ad200000-7f68ad256000 r-xp 00000000 08:22 21897882                   /tmp/lwjgldaniil/3.3.1-build-7/liblwjgl_opengl.so
7f68ad256000-7f68ad455000 ---p 00056000 08:22 21897882                   /tmp/lwjgldaniil/3.3.1-build-7/liblwjgl_opengl.so
7f68ad455000-7f68ad456000 r--p 00055000 08:22 21897882                   /tmp/lwjgldaniil/3.3.1-build-7/liblwjgl_opengl.so
7f68ad456000-7f68ad457000 rw-p 00056000 08:22 21897882                   /tmp/lwjgldaniil/3.3.1-build-7/liblwjgl_opengl.so
7f68ad600000-7f68ad86a000 r-xp 00000000 08:22 20057637                   /usr/lib/x86_64-linux-gnu/libnvidia-glcore.so.515.65.01
7f68ad86a000-7f68ad88b000 rwxp 0026a000 08:22 20057637                   /usr/lib/x86_64-linux-gnu/libnvidia-glcore.so.515.65.01
7f68ad88b000-7f68af2fe000 r-xp 0028b000 08:22 20057637                   /usr/lib/x86_64-linux-gnu/libnvidia-glcore.so.515.65.01
7f68af2fe000-7f68af4fd000 ---p 01cfe000 08:22 20057637                   /usr/lib/x86_64-linux-gnu/libnvidia-glcore.so.515.65.01
7f68af4fd000-7f68afaa3000 r--p 01cfd000 08:22 20057637                   /usr/lib/x86_64-linux-gnu/libnvidia-glcore.so.515.65.01
7f68afaa3000-7f68afb10000 rw-p 022a3000 08:22 20057637                   /usr/lib/x86_64-linux-gnu/libnvidia-glcore.so.515.65.01
7f68afb10000-7f68afb39000 rw-p 00000000 00:00 0 
7f68afc00000-7f68afc03000 r-xp 00000000 08:22 20057643                   /usr/lib/x86_64-linux-gnu/libnvidia-tls.so.515.65.01
7f68afc03000-7f68afe03000 ---p 00003000 08:22 20057643                   /usr/lib/x86_64-linux-gnu/libnvidia-tls.so.515.65.01
7f68afe03000-7f68afe04000 r--p 00003000 08:22 20057643                   /usr/lib/x86_64-linux-gnu/libnvidia-tls.so.515.65.01
7f68afe04000-7f68afe05000 rw-p 00004000 08:22 20057643                   /usr/lib/x86_64-linux-gnu/libnvidia-tls.so.515.65.01
7f68b0000000-7f68b0021000 rw-p 00000000 00:00 0 
7f68b0021000-7f68b4000000 ---p 00000000 00:00 0 
7f68b4400000-7f68b4473000 r-xp 00000000 08:22 20057638                   /usr/lib/x86_64-linux-gnu/libnvidia-glsi.so.515.65.01
7f68b4473000-7f68b4673000 ---p 00073000 08:22 20057638                   /usr/lib/x86_64-linux-gnu/libnvidia-glsi.so.515.65.01
7f68b4673000-7f68b469c000 r--p 00073000 08:22 20057638                   /usr/lib/x86_64-linux-gnu/libnvidia-glsi.so.515.65.01
7f68b469c000-7f68b469d000 rw-p 0009c000 08:22 20057638                   /usr/lib/x86_64-linux-gnu/libnvidia-glsi.so.515.65.01
7f68b469d000-7f68b46a5000 rw-p 00000000 00:00 0 
7f68b4800000-7f68b48b2000 r-xp 00000000 08:22 20057634                   /usr/lib/x86_64-linux-gnu/libGLX_nvidia.so.515.65.01
7f68b48b2000-7f68b48e7000 rwxp 000b2000 08:22 20057634                   /usr/lib/x86_64-linux-gnu/libGLX_nvidia.so.515.65.01
7f68b48e7000-7f68b48ee000 r-xp 000e7000 08:22 20057634                   /usr/lib/x86_64-linux-gnu/libGLX_nvidia.so.515.65.01
7f68b48ee000-7f68b4aed000 ---p 000ee000 08:22 20057634                   /usr/lib/x86_64-linux-gnu/libGLX_nvidia.so.515.65.01
7f68b4aed000-7f68b4b36000 r--p 000ed000 08:22 20057634                   /usr/lib/x86_64-linux-gnu/libGLX_nvidia.so.515.65.01
7f68b4b36000-7f68b4b3b000 rw-p 00136000 08:22 20057634                   /usr/lib/x86_64-linux-gnu/libGLX_nvidia.so.515.65.01
7f68b4b3b000-7f68b4b3d000 rw-p 00000000 00:00 0 
7f68b4c00000-7f68b4c57000 r-xp 00000000 08:22 21897880                   /tmp/lwjgldaniil/3.3.1-build-7/libglfw.so
7f68b4c57000-7f68b4e56000 ---p 00057000 08:22 21897880                   /tmp/lwjgldaniil/3.3.1-build-7/libglfw.so
7f68b4e56000-7f68b4e59000 r--p 00056000 08:22 21897880                   /tmp/lwjgldaniil/3.3.1-build-7/libglfw.so
7f68b4e59000-7f68b4e5b000 rw-p 00059000 08:22 21897880                   /tmp/lwjgldaniil/3.3.1-build-7/libglfw.so
7f68b4e5b000-7f68b4e7e000 rw-p 00000000 00:00 0 
7f68b4efe000-7f68b4eff000 ---p 00000000 00:00 0 
7f68b4eff000-7f68b5000000 rw-p 00000000 00:00 0 
7f68b5000000-7f68b506b000 r-xp 00000000 08:22 21897878                   /tmp/lwjgldaniil/3.3.1-build-7/liblwjgl.so
7f68b506b000-7f68b526a000 ---p 0006b000 08:22 21897878                   /tmp/lwjgldaniil/3.3.1-build-7/liblwjgl.so
7f68b526a000-7f68b526b000 r--p 0006a000 08:22 21897878                   /tmp/lwjgldaniil/3.3.1-build-7/liblwjgl.so
7f68b526b000-7f68b526c000 rw-p 0006b000 08:22 21897878                   /tmp/lwjgldaniil/3.3.1-build-7/liblwjgl.so
7f68b52fe000-7f68b52ff000 ---p 00000000 00:00 0 
7f68b52ff000-7f68b5400000 rw-p 00000000 00:00 0 
7f68b7600000-7f68b7615000 r-xp 00000000 08:22 8258384                    /home/daniil/.jdks/graalvm-ce-11/lib/libnet.so
7f68b7615000-7f68b7814000 ---p 00015000 08:22 8258384                    /home/daniil/.jdks/graalvm-ce-11/lib/libnet.so
7f68b7814000-7f68b7815000 r--p 00014000 08:22 8258384                    /home/daniil/.jdks/graalvm-ce-11/lib/libnet.so
7f68b7815000-7f68b7816000 rw-p 00015000 08:22 8258384                    /home/daniil/.jdks/graalvm-ce-11/lib/libnet.so
7f68b785b000-7f68b7a00000 rw-s 00000000 00:01 2053                       /memfd:/.nvidia_drv.XXXXXX (deleted)
7f68b7c00000-7f68b7c10000 r-xp 00000000 08:22 8258385                    /home/daniil/.jdks/graalvm-ce-11/lib/libnio.so
7f68b7c10000-7f68b7e10000 ---p 00010000 08:22 8258385                    /home/daniil/.jdks/graalvm-ce-11/lib/libnio.so
7f68b7e10000-7f68b7e11000 r--p 00010000 08:22 8258385                    /home/daniil/.jdks/graalvm-ce-11/lib/libnio.so
7f68b7e11000-7f68b7e12000 rw-p 00011000 08:22 8258385                    /home/daniil/.jdks/graalvm-ce-11/lib/libnio.so
7f68b7ec0000-7f68b7ed9000 r--p 00000000 08:22 20059949                   /usr/lib/x86_64-linux-gnu/libX11.so.6.4.0
7f68b7ed9000-7f68b7f65000 r-xp 00019000 08:22 20059949                   /usr/lib/x86_64-linux-gnu/libX11.so.6.4.0
7f68b7f65000-7f68b7ffa000 r--p 000a5000 08:22 20059949                   /usr/lib/x86_64-linux-gnu/libX11.so.6.4.0
7f68b7ffa000-7f68b7ffb000 ---p 0013a000 08:22 20059949                   /usr/lib/x86_64-linux-gnu/libX11.so.6.4.0
7f68b7ffb000-7f68b7ffc000 r--p 0013a000 08:22 20059949                   /usr/lib/x86_64-linux-gnu/libX11.so.6.4.0
7f68b7ffc000-7f68b8000000 rw-p 0013b000 08:22 20059949                   /usr/lib/x86_64-linux-gnu/libX11.so.6.4.0
7f68b8000000-7f68b8021000 rw-p 00000000 00:00 0 
7f68b8021000-7f68bc000000 ---p 00000000 00:00 0 
7f68bc000000-7f68bc025000 rw-p 00000000 00:00 0 
7f68bc025000-7f68c0000000 ---p 00000000 00:00 0 
7f68c0800000-7f68c0804000 ---p 00000000 00:00 0 
7f68c0804000-7f68c0900000 rw-p 00000000 00:00 0 
7f68c0a00000-7f68c0b00000 rw-s 00000000 00:05 987                        /dev/nvidiactl
7f68c17ff000-7f68c1c00000 rw-p 00000000 00:00 0 
7f68c1c00000-7f68c3b20000 r-xp 00000000 08:22 8258308                    /home/daniil/.jdks/graalvm-ce-11/lib/libjvmcicompiler.so
7f68c3b20000-7f68c3d1f000 ---p 01f20000 08:22 8258308                    /home/daniil/.jdks/graalvm-ce-11/lib/libjvmcicompiler.so
7f68c3d1f000-7f68c3d20000 r--p 01f1f000 08:22 8258308                    /home/daniil/.jdks/graalvm-ce-11/lib/libjvmcicompiler.so
7f68c3d20000-7f68c3d22000 rw-p 01f20000 08:22 8258308                    /home/daniil/.jdks/graalvm-ce-11/lib/libjvmcicompiler.so
7f68c3d22000-7f68c3d23000 rw-p 00000000 00:00 0 
7f68c3dfe000-7f68c3dff000 ---p 00000000 00:00 0 
7f68c3dff000-7f68c3f00000 rw-p 00000000 00:00 0 
7f68c3f00000-7f68c3f04000 ---p 00000000 00:00 0 
7f68c3f04000-7f68c4000000 rw-p 00000000 00:00 0 
7f68c4000000-7f68c435b000 rw-p 00000000 00:00 0 
7f68c435b000-7f68c8000000 ---p 00000000 00:00 0 
7f68c8000000-7f68c802e000 rw-p 00000000 00:00 0 
7f68c802e000-7f68cc000000 ---p 00000000 00:00 0 
7f68cc000000-7f68cc021000 rw-p 00000000 00:00 0 
7f68cc021000-7f68d0000000 ---p 00000000 00:00 0 
7f68d0000000-7f68d0021000 rw-p 00000000 00:00 0 
7f68d0021000-7f68d4000000 ---p 00000000 00:00 0 
7f68d4000000-7f68d4061000 rw-p 00000000 00:00 0 
7f68d4061000-7f68d8000000 ---p 00000000 00:00 0 
7f68d8000000-7f68d8299000 rw-p 00000000 00:00 0 
7f68d8299000-7f68dc000000 ---p 00000000 00:00 0 
7f68dc000000-7f68dc021000 rw-p 00000000 00:00 0 
7f68dc021000-7f68e0000000 ---p 00000000 00:00 0 
7f68e0000000-7f68e0021000 rw-p 00000000 00:00 0 
7f68e0021000-7f68e4000000 ---p 00000000 00:00 0 
7f68e4000000-7f68e4021000 rw-p 00000000 00:00 0 
7f68e4021000-7f68e8000000 ---p 00000000 00:00 0 
7f68e8000000-7f68e8021000 rw-p 00000000 00:00 0 
7f68e8021000-7f68ec000000 ---p 00000000 00:00 0 
7f68ec000000-7f68ec021000 rw-p 00000000 00:00 0 
7f68ec021000-7f68f0000000 ---p 00000000 00:00 0 
7f68f0000000-7f68f0021000 rw-p 00000000 00:00 0 
7f68f0021000-7f68f4000000 ---p 00000000 00:00 0 
7f68f4000000-7f68f4021000 rw-p 00000000 00:00 0 
7f68f4021000-7f68f8000000 ---p 00000000 00:00 0 
7f68f8000000-7f68f8021000 rw-p 00000000 00:00 0 
7f68f8021000-7f68fc000000 ---p 00000000 00:00 0 
7f68fc000000-7f68fc004000 ---p 00000000 00:00 0 
7f68fc004000-7f68fc100000 rw-p 00000000 00:00 0 
7f68fc100000-7f68fc104000 ---p 00000000 00:00 0 
7f68fc104000-7f68fc200000 rw-p 00000000 00:00 0 
7f68fc200000-7f68fc204000 r-xp 00000000 08:22 8258390                    /home/daniil/.jdks/graalvm-ce-11/lib/libdt_socket.so
7f68fc204000-7f68fc404000 ---p 00004000 08:22 8258390                    /home/daniil/.jdks/graalvm-ce-11/lib/libdt_socket.so
7f68fc404000-7f68fc405000 r--p 00004000 08:22 8258390                    /home/daniil/.jdks/graalvm-ce-11/lib/libdt_socket.so
7f68fc405000-7f68fc406000 rw-p 00005000 08:22 8258390                    /home/daniil/.jdks/graalvm-ce-11/lib/libdt_socket.so
7f68fc4f6000-7f68fc4fa000 ---p 00000000 00:00 0 
7f68fc4fa000-7f68fc6f6000 rw-p 00000000 00:00 0 
7f68fc6f6000-7f68fc6fa000 ---p 00000000 00:00 0 
7f68fc6fa000-7f68fc7f6000 rw-p 00000000 00:00 0 
7f68fc7f6000-7f68fc7fa000 ---p 00000000 00:00 0 
7f68fc7fa000-7f68fc8f6000 rw-p 00000000 00:00 0 
7f68fc8f6000-7f68fc8fa000 ---p 00000000 00:00 0 
7f68fc8fa000-7f68fcaf6000 rw-p 00000000 00:00 0 
7f68fcaf6000-7f68fcafa000 ---p 00000000 00:00 0 
7f68fcafa000-7f68fccf6000 rw-p 00000000 00:00 0 
7f68fccf6000-7f68fccfa000 ---p 00000000 00:00 0 
7f68fccfa000-7f68fcdf6000 rw-p 00000000 00:00 0 
7f68fcdf6000-7f68fcdfa000 ---p 00000000 00:00 0 
7f68fcdfa000-7f68fcef6000 rw-p 00000000 00:00 0 
7f68fcef6000-7f68fcefa000 ---p 00000000 00:00 0 
7f68fcefa000-7f68fcff6000 rw-p 00000000 00:00 0 
7f68fcff6000-7f68fcffa000 ---p 00000000 00:00 0 
7f68fcffa000-7f68fd0f6000 rw-p 00000000 00:00 0 
7f68fd0f6000-7f68fd0f7000 ---p 00000000 00:00 0 
7f68fd0f7000-7f68fd8f8000 rw-p 00000000 00:00 0 
7f68fd8f8000-7f68fd9f8000 ---p 00000000 00:00 0 
7f68fd9f8000-7f68fd9f9000 ---p 00000000 00:00 0 
7f68fd9f9000-7f68fdafa000 rw-p 00000000 00:00 0 
7f68fdafa000-7f68fdafb000 ---p 00000000 00:00 0 
7f68fdafb000-7f6900000000 rw-p 00000000 00:00 0 
7f6900000000-7f6900021000 rw-p 00000000 00:00 0 
7f6900021000-7f6904000000 ---p 00000000 00:00 0 
7f690405c000-7f690405d000 ---p 00000000 00:00 0 
7f690405d000-7f690415e000 rw-p 00000000 00:00 0 
7f690415e000-7f690415f000 ---p 00000000 00:00 0 
7f690415f000-7f6904450000 rw-p 00000000 00:00 0 
7f6904450000-7f6906120000 ---p 00000000 00:00 0 
7f6906120000-7f6906128000 rw-p 00000000 00:00 0 
7f6906128000-7f6906130000 ---p 00000000 00:00 0 
7f6906130000-7f6906320000 rw-p 00000000 00:00 0 
7f6906320000-7f6907ff0000 ---p 00000000 00:00 0 
7f6907ff0000-7f6907ff8000 rw-p 00000000 00:00 0 
7f6907ff8000-7f6908000000 ---p 00000000 00:00 0 
7f6908000000-7f6908021000 rw-p 00000000 00:00 0 
7f6908021000-7f690c000000 ---p 00000000 00:00 0 
7f690c033000-7f690c0b3000 rw-s 00000000 00:05 987                        /dev/nvidiactl
7f690c0b3000-7f690c0f1000 rw-p 00000000 00:00 0 
7f690c0f1000-7f690c48b000 ---p 00000000 00:00 0 
7f690c48b000-7f690c48c000 rw-p 00000000 00:00 0 
7f690c48c000-7f690c48d000 ---p 00000000 00:00 0 
7f690c48d000-7f690c4cb000 rw-p 00000000 00:00 0 
7f690c4cb000-7f690c865000 ---p 00000000 00:00 0 
7f690c865000-7f690c866000 rw-p 00000000 00:00 0 
7f690c866000-7f690c867000 ---p 00000000 00:00 0 
7f690c867000-7f690c8a5000 rw-p 00000000 00:00 0 
7f690c8a5000-7f690cc3f000 ---p 00000000 00:00 0 
7f690cc3f000-7f690cc40000 rw-p 00000000 00:00 0 
7f690cc40000-7f690cc41000 ---p 00000000 00:00 0 
7f690cc41000-7f690ce43000 rw-p 00000000 00:00 0 
7f690ce43000-7f690e45e000 rwxp 00000000 00:00 0 
7f690e45e000-7f6917150000 ---p 00000000 00:00 0 
7f6917150000-7f6918150000 rwxp 00000000 00:00 0 
7f6918150000-7f6920e43000 ---p 00000000 00:00 0 
7f6920e43000-7f692a800000 r--s 00000000 08:22 8258358                    /home/daniil/.jdks/graalvm-ce-11/lib/modules
7f692a800000-7f692a807000 r-xp 00000000 08:22 8258382                    /home/daniil/.jdks/graalvm-ce-11/lib/libzip.so
7f692a807000-7f692aa07000 ---p 00007000 08:22 8258382                    /home/daniil/.jdks/graalvm-ce-11/lib/libzip.so
7f692aa07000-7f692aa08000 r--p 00007000 08:22 8258382                    /home/daniil/.jdks/graalvm-ce-11/lib/libzip.so
7f692aa08000-7f692aa09000 rw-p 00008000 08:22 8258382                    /home/daniil/.jdks/graalvm-ce-11/lib/libzip.so
7f692aa19000-7f692b800000 r--p 00000000 08:22 20059453                   /usr/lib/locale/locale-archive
7f692b800000-7f692b80a000 r-xp 00000000 08:22 8258397                    /home/daniil/.jdks/graalvm-ce-11/lib/libinstrument.so
7f692b80a000-7f692ba09000 ---p 0000a000 08:22 8258397                    /home/daniil/.jdks/graalvm-ce-11/lib/libinstrument.so
7f692ba09000-7f692ba0a000 r--p 00009000 08:22 8258397                    /home/daniil/.jdks/graalvm-ce-11/lib/libinstrument.so
7f692ba0a000-7f692ba0b000 rw-p 0000a000 08:22 8258397                    /home/daniil/.jdks/graalvm-ce-11/lib/libinstrument.so
7f692ba3f000-7f692ba7f000 rw-s 00000000 00:05 987                        /dev/nvidiactl
7f692ba7f000-7f692ba9f000 rw-s 00000000 00:05 987                        /dev/nvidiactl
7f692ba9f000-7f692badf000 rw-s 00000000 00:05 987                        /dev/nvidiactl
7f692badf000-7f692baff000 rw-s 00000000 00:05 987                        /dev/nvidiactl
7f692baff000-7f692bc00000 rw-p 00000000 00:00 0 
7f692bc00000-7f692bc3c000 r-xp 00000000 08:22 8258391                    /home/daniil/.jdks/graalvm-ce-11/lib/libjdwp.so
7f692bc3c000-7f692be3b000 ---p 0003c000 08:22 8258391                    /home/daniil/.jdks/graalvm-ce-11/lib/libjdwp.so
7f692be3b000-7f692be3c000 r--p 0003b000 08:22 8258391                    /home/daniil/.jdks/graalvm-ce-11/lib/libjdwp.so
7f692be3c000-7f692be3d000 rw-p 0003c000 08:22 8258391                    /home/daniil/.jdks/graalvm-ce-11/lib/libjdwp.so
7f692be47000-7f692be87000 r--p 00000000 08:22 20059931                   /usr/lib/x86_64-linux-gnu/libGLdispatch.so.0.0.0
7f692be87000-7f692be8a000 r-xp 00040000 08:22 20059931                   /usr/lib/x86_64-linux-gnu/libGLdispatch.so.0.0.0
7f692be8a000-7f692bec5000 r-xp 00043000 08:22 20059931                   /usr/lib/x86_64-linux-gnu/libGLdispatch.so.0.0.0
7f692bec5000-7f692bec6000 r-xp 0007e000 08:22 20059931                   /usr/lib/x86_64-linux-gnu/libGLdispatch.so.0.0.0
7f692bec6000-7f692bed9000 r--p 0007f000 08:22 20059931                   /usr/lib/x86_64-linux-gnu/libGLdispatch.so.0.0.0
7f692bed9000-7f692beda000 ---p 00092000 08:22 20059931                   /usr/lib/x86_64-linux-gnu/libGLdispatch.so.0.0.0
7f692beda000-7f692bef6000 r--p 00092000 08:22 20059931                   /usr/lib/x86_64-linux-gnu/libGLdispatch.so.0.0.0
7f692bef6000-7f692bef7000 rw-p 000ae000 08:22 20059931                   /usr/lib/x86_64-linux-gnu/libGLdispatch.so.0.0.0
7f692bef7000-7f692c000000 rw-p 00000000 00:00 0 
7f692c000000-7f692cad5000 rw-p 00000000 00:00 0 
7f692cad5000-7f6930000000 ---p 00000000 00:00 0 
7f6930004000-7f6930017000 rw-s 00000000 00:05 987                        /dev/nvidiactl
7f6930017000-7f6930057000 rw-s 00000000 00:05 987                        /dev/nvidiactl
7f6930057000-7f6930077000 rw-s 00000000 00:05 987                        /dev/nvidiactl
7f6930077000-7f69300ba000 r--p 00000000 08:22 20059920                   /usr/lib/x86_64-linux-gnu/libGL.so.1.7.0
7f69300ba000-7f69300bd000 r-xp 00043000 08:22 20059920                   /usr/lib/x86_64-linux-gnu/libGL.so.1.7.0
7f69300bd000-7f69300d8000 r-xp 00046000 08:22 20059920                   /usr/lib/x86_64-linux-gnu/libGL.so.1.7.0
7f69300d8000-7f69300d9000 r-xp 00061000 08:22 20059920                   /usr/lib/x86_64-linux-gnu/libGL.so.1.7.0
7f69300d9000-7f69300ee000 r--p 00062000 08:22 20059920                   /usr/lib/x86_64-linux-gnu/libGL.so.1.7.0
7f69300ee000-7f69300fc000 r--p 00076000 08:22 20059920                   /usr/lib/x86_64-linux-gnu/libGL.so.1.7.0
7f69300fc000-7f69300fd000 rw-p 00084000 08:22 20059920                   /usr/lib/x86_64-linux-gnu/libGL.so.1.7.0
7f69300fd000-7f69300fe000 rw-p 00000000 00:00 0 
7f69300fe000-7f69300ff000 ---p 00000000 00:00 0 
7f69300ff000-7f6930200000 rw-p 00000000 00:00 0 
7f6930200000-7f693021b000 r-xp 00000000 08:22 8258383                    /home/daniil/.jdks/graalvm-ce-11/lib/libjimage.so
7f693021b000-7f693041a000 ---p 0001b000 08:22 8258383                    /home/daniil/.jdks/graalvm-ce-11/lib/libjimage.so
7f693041a000-7f693041c000 r--p 0001a000 08:22 8258383                    /home/daniil/.jdks/graalvm-ce-11/lib/libjimage.so
7f693041c000-7f693041d000 rw-p 0001c000 08:22 8258383                    /home/daniil/.jdks/graalvm-ce-11/lib/libjimage.so
7f6930425000-7f6930427000 r--p 00000000 08:22 20059992                   /usr/lib/x86_64-linux-gnu/libXtst.so.6.1.0
7f6930427000-7f693042a000 r-xp 00002000 08:22 20059992                   /usr/lib/x86_64-linux-gnu/libXtst.so.6.1.0
7f693042a000-7f693042b000 r--p 00005000 08:22 20059992                   /usr/lib/x86_64-linux-gnu/libXtst.so.6.1.0
7f693042b000-7f693042c000 r--p 00005000 08:22 20059992                   /usr/lib/x86_64-linux-gnu/libXtst.so.6.1.0
7f693042c000-7f693042d000 rw-p 00006000 08:22 20059992                   /usr/lib/x86_64-linux-gnu/libXtst.so.6.1.0
7f693042d000-7f6930432000 r--p 00000000 08:22 20060400                   /usr/lib/x86_64-linux-gnu/libdrm.so.2.4.0
7f6930432000-7f693043d000 r-xp 00005000 08:22 20060400                   /usr/lib/x86_64-linux-gnu/libdrm.so.2.4.0
7f693043d000-7f6930441000 r--p 00010000 08:22 20060400                   /usr/lib/x86_64-linux-gnu/libdrm.so.2.4.0
7f6930441000-7f6930442000 r--p 00013000 08:22 20060400                   /usr/lib/x86_64-linux-gnu/libdrm.so.2.4.0
7f6930442000-7f6930443000 rw-p 00014000 08:22 20060400                   /usr/lib/x86_64-linux-gnu/libdrm.so.2.4.0
7f6930443000-7f693044e000 r--p 00000000 08:22 20061534                   /usr/lib/x86_64-linux-gnu/libxcb-glx.so.0.0.0
7f693044e000-7f6930457000 r-xp 0000b000 08:22 20061534                   /usr/lib/x86_64-linux-gnu/libxcb-glx.so.0.0.0
7f6930457000-7f693045c000 r--p 00014000 08:22 20061534                   /usr/lib/x86_64-linux-gnu/libxcb-glx.so.0.0.0
7f693045c000-7f693045d000 ---p 00019000 08:22 20061534                   /usr/lib/x86_64-linux-gnu/libxcb-glx.so.0.0.0
7f693045d000-7f693045f000 r--p 00019000 08:22 20061534                   /usr/lib/x86_64-linux-gnu/libxcb-glx.so.0.0.0
7f693045f000-7f6930460000 rw-p 0001b000 08:22 20061534                   /usr/lib/x86_64-linux-gnu/libxcb-glx.so.0.0.0
7f6930460000-7f6930463000 r--p 00000000 08:22 20059926                   /usr/lib/x86_64-linux-gnu/libGLX.so.0.0.0
7f6930463000-7f693047e000 r-xp 00003000 08:22 20059926                   /usr/lib/x86_64-linux-gnu/libGLX.so.0.0.0
7f693047e000-7f6930481000 r--p 0001e000 08:22 20059926                   /usr/lib/x86_64-linux-gnu/libGLX.so.0.0.0
7f6930481000-7f6930482000 ---p 00021000 08:22 20059926                   /usr/lib/x86_64-linux-gnu/libGLX.so.0.0.0
7f6930482000-7f6930483000 r--p 00021000 08:22 20059926                   /usr/lib/x86_64-linux-gnu/libGLX.so.0.0.0
7f6930483000-7f6930484000 rw-p 00022000 08:22 20059926                   /usr/lib/x86_64-linux-gnu/libGLX.so.0.0.0
7f6930484000-7f6930494000 rw-p 00000000 00:00 0 
7f6930494000-7f6930495000 r--p 00000000 08:22 20059947                   /usr/lib/x86_64-linux-gnu/libX11-xcb.so.1.0.0
7f6930495000-7f6930496000 r-xp 00001000 08:22 20059947                   /usr/lib/x86_64-linux-gnu/libX11-xcb.so.1.0.0
7f6930496000-7f6930497000 r--p 00002000 08:22 20059947                   /usr/lib/x86_64-linux-gnu/libX11-xcb.so.1.0.0
7f6930497000-7f6930498000 r--p 00002000 08:22 20059947                   /usr/lib/x86_64-linux-gnu/libX11-xcb.so.1.0.0
7f6930498000-7f6930499000 rw-p 00003000 08:22 20059947                   /usr/lib/x86_64-linux-gnu/libX11-xcb.so.1.0.0
7f6930499000-7f693049b000 r--p 00000000 08:22 20059960                   /usr/lib/x86_64-linux-gnu/libXcursor.so.1.0.2
7f693049b000-7f69304a1000 r-xp 00002000 08:22 20059960                   /usr/lib/x86_64-linux-gnu/libXcursor.so.1.0.2
7f69304a1000-7f69304a3000 r--p 00008000 08:22 20059960                   /usr/lib/x86_64-linux-gnu/libXcursor.so.1.0.2
7f69304a3000-7f69304a4000 r--p 00009000 08:22 20059960                   /usr/lib/x86_64-linux-gnu/libXcursor.so.1.0.2
7f69304a4000-7f69304a5000 rw-p 0000a000 08:22 20059960                   /usr/lib/x86_64-linux-gnu/libXcursor.so.1.0.2
7f69304a5000-7f69304a7000 r--p 00000000 08:22 20059986                   /usr/lib/x86_64-linux-gnu/libXrender.so.1.3.0
7f69304a7000-7f69304ae000 r-xp 00002000 08:22 20059986                   /usr/lib/x86_64-linux-gnu/libXrender.so.1.3.0
7f69304ae000-7f69304b0000 r--p 00009000 08:22 20059986                   /usr/lib/x86_64-linux-gnu/libXrender.so.1.3.0
7f69304b0000-7f69304b1000 r--p 0000a000 08:22 20059986                   /usr/lib/x86_64-linux-gnu/libXrender.so.1.3.0
7f69304b1000-7f69304b2000 rw-p 0000b000 08:22 20059986                   /usr/lib/x86_64-linux-gnu/libXrender.so.1.3.0
7f69304b2000-7f69304b5000 r--p 00000000 08:22 20059974                   /usr/lib/x86_64-linux-gnu/libXi.so.6.1.0
7f69304b5000-7f69304c1000 r-xp 00003000 08:22 20059974                   /usr/lib/x86_64-linux-gnu/libXi.so.6.1.0
7f69304c1000-7f69304c4000 r--p 0000f000 08:22 20059974                   /usr/lib/x86_64-linux-gnu/libXi.so.6.1.0
7f69304c4000-7f69304c5000 r--p 00011000 08:22 20059974                   /usr/lib/x86_64-linux-gnu/libXi.so.6.1.0
7f69304c5000-7f69304c6000 rw-p 00012000 08:22 20059974                   /usr/lib/x86_64-linux-gnu/libXi.so.6.1.0
7f69304c6000-7f69304e6000 rw-p 00000000 00:00 0 
7f69304e6000-7f6930600000 ---p 00000000 00:00 0 
7f6930600000-7f693062a000 r-xp 00000000 08:22 8258381                    /home/daniil/.jdks/graalvm-ce-11/lib/libjava.so
7f693062a000-7f6930829000 ---p 0002a000 08:22 8258381                    /home/daniil/.jdks/graalvm-ce-11/lib/libjava.so
7f6930829000-7f693082a000 r--p 00029000 08:22 8258381                    /home/daniil/.jdks/graalvm-ce-11/lib/libjava.so
7f693082a000-7f693082b000 rw-p 0002a000 08:22 8258381                    /home/daniil/.jdks/graalvm-ce-11/lib/libjava.so
7f693082b000-7f693082c000 rw-p 00000000 00:00 0 
7f6930830000-7f6930834000 r--p 00000000 08:22 20059966                   /usr/lib/x86_64-linux-gnu/libXext.so.6.4.0
7f6930834000-7f693083f000 r-xp 00004000 08:22 20059966                   /usr/lib/x86_64-linux-gnu/libXext.so.6.4.0
7f693083f000-7f6930843000 r--p 0000f000 08:22 20059966                   /usr/lib/x86_64-linux-gnu/libXext.so.6.4.0
7f6930843000-7f6930844000 r--p 00012000 08:22 20059966                   /usr/lib/x86_64-linux-gnu/libXext.so.6.4.0
7f6930844000-7f6930845000 rw-p 00013000 08:22 20059966                   /usr/lib/x86_64-linux-gnu/libXext.so.6.4.0
7f6930845000-7f69308e6000 rw-p 00000000 00:00 0 
7f69308e6000-7f6930a00000 ---p 00000000 00:00 0 
7f6930a00000-7f6930a0d000 r-xp 00000000 08:22 8258380                    /home/daniil/.jdks/graalvm-ce-11/lib/libverify.so
7f6930a0d000-7f6930c0c000 ---p 0000d000 08:22 8258380                    /home/daniil/.jdks/graalvm-ce-11/lib/libverify.so
7f6930c0c000-7f6930c0e000 r--p 0000c000 08:22 8258380                    /home/daniil/.jdks/graalvm-ce-11/lib/libverify.so
7f6930c0e000-7f6930c0f000 rw-p 0000e000 08:22 8258380                    /home/daniil/.jdks/graalvm-ce-11/lib/libverify.so
7f6930c0f000-7f6930c10000 r-xp 00053000 08:22 21897878                   /tmp/lwjgldaniil/3.3.1-build-7/liblwjgl.so
7f6930c10000-7f6930c11000 rw-p 00000000 00:00 0 
7f6930c11000-7f6930c13000 r--p 00000000 08:22 20059968                   /usr/lib/x86_64-linux-gnu/libXfixes.so.3.1.0
7f6930c13000-7f6930c16000 r-xp 00002000 08:22 20059968                   /usr/lib/x86_64-linux-gnu/libXfixes.so.3.1.0
7f6930c16000-7f6930c17000 r--p 00005000 08:22 20059968                   /usr/lib/x86_64-linux-gnu/libXfixes.so.3.1.0
7f6930c17000-7f6930c18000 r--p 00006000 08:22 20059968                   /usr/lib/x86_64-linux-gnu/libXfixes.so.3.1.0
7f6930c18000-7f6930c19000 rw-p 00007000 08:22 20059968                   /usr/lib/x86_64-linux-gnu/libXfixes.so.3.1.0
7f6930c19000-7f6930c1d000 ---p 00000000 00:00 0 
7f6930c1d000-7f6930d19000 rw-p 00000000 00:00 0 
7f6930d19000-7f6930d27000 r--p 00000000 08:22 20060899                   /usr/lib/x86_64-linux-gnu/libm.so.6
7f6930d27000-7f6930da3000 r-xp 0000e000 08:22 20060899                   /usr/lib/x86_64-linux-gnu/libm.so.6
7f6930da3000-7f6930dfe000 r--p 0008a000 08:22 20060899                   /usr/lib/x86_64-linux-gnu/libm.so.6
7f6930dfe000-7f6930dff000 r--p 000e4000 08:22 20060899                   /usr/lib/x86_64-linux-gnu/libm.so.6
7f6930dff000-7f6930e00000 rw-p 000e5000 08:22 20060899                   /usr/lib/x86_64-linux-gnu/libm.so.6
7f6930e00000-7f6931fc0000 r-xp 00000000 08:22 8258409                    /home/daniil/.jdks/graalvm-ce-11/lib/server/libjvm.so
7f6931fc0000-7f69321c0000 ---p 011c0000 08:22 8258409                    /home/daniil/.jdks/graalvm-ce-11/lib/server/libjvm.so
7f69321c0000-7f6932282000 r--p 011c0000 08:22 8258409                    /home/daniil/.jdks/graalvm-ce-11/lib/server/libjvm.so
7f6932282000-7f69322bd000 rw-p 01282000 08:22 8258409                    /home/daniil/.jdks/graalvm-ce-11/lib/server/libjvm.so
7f69322bd000-7f6932315000 rw-p 00000000 00:00 0 
7f6932315000-7f6932316000 r--p 00000000 08:22 20059976                   /usr/lib/x86_64-linux-gnu/libXinerama.so.1.0.0
7f6932316000-7f6932317000 r-xp 00001000 08:22 20059976                   /usr/lib/x86_64-linux-gnu/libXinerama.so.1.0.0
7f6932317000-7f6932318000 r--p 00002000 08:22 20059976                   /usr/lib/x86_64-linux-gnu/libXinerama.so.1.0.0
7f6932318000-7f6932319000 r--p 00003000 08:22 20059976                   /usr/lib/x86_64-linux-gnu/libXinerama.so.1.0.0
7f6932319000-7f693231a000 rw-p 00004000 08:22 20059976                   /usr/lib/x86_64-linux-gnu/libXinerama.so.1.0.0
7f693231a000-7f693231c000 r--p 00000000 08:22 20059984                   /usr/lib/x86_64-linux-gnu/libXrandr.so.2.2.0
7f693231c000-7f6932323000 r-xp 00002000 08:22 20059984                   /usr/lib/x86_64-linux-gnu/libXrandr.so.2.2.0
7f6932323000-7f6932325000 r--p 00009000 08:22 20059984                   /usr/lib/x86_64-linux-gnu/libXrandr.so.2.2.0
7f6932325000-7f6932326000 r--p 0000a000 08:22 20059984                   /usr/lib/x86_64-linux-gnu/libXrandr.so.2.2.0
7f6932326000-7f6932327000 rw-p 0000b000 08:22 20059984                   /usr/lib/x86_64-linux-gnu/libXrandr.so.2.2.0
7f6932327000-7f6932328000 r--p 00000000 08:22 20060002                   /usr/lib/x86_64-linux-gnu/libXxf86vm.so.1.0.0
7f6932328000-7f693232b000 r-xp 00001000 08:22 20060002                   /usr/lib/x86_64-linux-gnu/libXxf86vm.so.1.0.0
7f693232b000-7f693232c000 r--p 00004000 08:22 20060002                   /usr/lib/x86_64-linux-gnu/libXxf86vm.so.1.0.0
7f693232c000-7f693232d000 r--p 00004000 08:22 20060002                   /usr/lib/x86_64-linux-gnu/libXxf86vm.so.1.0.0
7f693232d000-7f693232e000 rw-p 00005000 08:22 20060002                   /usr/lib/x86_64-linux-gnu/libXxf86vm.so.1.0.0
7f693232e000-7f6932330000 r--p 00000000 08:22 20060910                   /usr/lib/x86_64-linux-gnu/libmd.so.0.0.5
7f6932330000-7f6932337000 r-xp 00002000 08:22 20060910                   /usr/lib/x86_64-linux-gnu/libmd.so.0.0.5
7f6932337000-7f6932339000 r--p 00009000 08:22 20060910                   /usr/lib/x86_64-linux-gnu/libmd.so.0.0.5
7f6932339000-7f693233a000 r--p 0000a000 08:22 20060910                   /usr/lib/x86_64-linux-gnu/libmd.so.0.0.5
7f693233a000-7f693233b000 rw-p 0000b000 08:22 20060910                   /usr/lib/x86_64-linux-gnu/libmd.so.0.0.5
7f693233b000-7f693233f000 r--p 00000000 08:22 20060244                   /usr/lib/x86_64-linux-gnu/libbsd.so.0.11.5
7f693233f000-7f693234c000 r-xp 00004000 08:22 20060244                   /usr/lib/x86_64-linux-gnu/libbsd.so.0.11.5
7f693234c000-7f693234f000 r--p 00011000 08:22 20060244                   /usr/lib/x86_64-linux-gnu/libbsd.so.0.11.5
7f693234f000-7f6932350000 ---p 00014000 08:22 20060244                   /usr/lib/x86_64-linux-gnu/libbsd.so.0.11.5
7f6932350000-7f6932351000 r--p 00014000 08:22 20060244                   /usr/lib/x86_64-linux-gnu/libbsd.so.0.11.5
7f6932351000-7f6932352000 rw-p 00015000 08:22 20060244                   /usr/lib/x86_64-linux-gnu/libbsd.so.0.11.5
7f6932352000-7f6932353000 rw-p 00000000 00:00 0 
7f6932353000-7f693235e000 r--p 00000000 08:22 20061566                   /usr/lib/x86_64-linux-gnu/libxcb.so.1.1.0
7f693235e000-7f6932372000 r-xp 0000b000 08:22 20061566                   /usr/lib/x86_64-linux-gnu/libxcb.so.1.1.0
7f6932372000-7f693237b000 r--p 0001f000 08:22 20061566                   /usr/lib/x86_64-linux-gnu/libxcb.so.1.1.0
7f693237b000-7f693237c000 r--p 00027000 08:22 20061566                   /usr/lib/x86_64-linux-gnu/libxcb.so.1.1.0
7f693237c000-7f693237d000 rw-p 00028000 08:22 20061566                   /usr/lib/x86_64-linux-gnu/libxcb.so.1.1.0
7f693237d000-7f69323d8000 rw-p 00000000 00:00 0 
7f69323d8000-7f6932400000 r--p 00000000 08:22 20060248                   /usr/lib/x86_64-linux-gnu/libc.so.6
7f6932400000-7f6932595000 r-xp 00028000 08:22 20060248                   /usr/lib/x86_64-linux-gnu/libc.so.6
7f6932595000-7f69325ed000 r--p 001bd000 08:22 20060248                   /usr/lib/x86_64-linux-gnu/libc.so.6
7f69325ed000-7f69325f1000 r--p 00214000 08:22 20060248                   /usr/lib/x86_64-linux-gnu/libc.so.6
7f69325f1000-7f69325f3000 rw-p 00218000 08:22 20060248                   /usr/lib/x86_64-linux-gnu/libc.so.6
7f69325f3000-7f6932600000 rw-p 00000000 00:00 0 
7f6932600000-7f6932610000 r-xp 00000000 08:22 8258413                    /home/daniil/.jdks/graalvm-ce-11/lib/jli/libjli.so
7f6932610000-7f693280f000 ---p 00010000 08:22 8258413                    /home/daniil/.jdks/graalvm-ce-11/lib/jli/libjli.so
7f693280f000-7f6932810000 r--p 0000f000 08:22 8258413                    /home/daniil/.jdks/graalvm-ce-11/lib/jli/libjli.so
7f6932810000-7f6932811000 rw-p 00010000 08:22 8258413                    /home/daniil/.jdks/graalvm-ce-11/lib/jli/libjli.so
7f6932811000-7f6932814000 rw-s 00000000 00:05 987                        /dev/nvidiactl
7f6932814000-7f6932816000 r--p 00000000 08:22 20059964                   /usr/lib/x86_64-linux-gnu/libXdmcp.so.6.0.0
7f6932816000-7f6932818000 r-xp 00002000 08:22 20059964                   /usr/lib/x86_64-linux-gnu/libXdmcp.so.6.0.0
7f6932818000-7f693281a000 r--p 00004000 08:22 20059964                   /usr/lib/x86_64-linux-gnu/libXdmcp.so.6.0.0
7f693281a000-7f693281b000 r--p 00005000 08:22 20059964                   /usr/lib/x86_64-linux-gnu/libXdmcp.so.6.0.0
7f693281b000-7f693281c000 rw-p 00006000 08:22 20059964                   /usr/lib/x86_64-linux-gnu/libXdmcp.so.6.0.0
7f693281c000-7f693281d000 r--p 00000000 08:22 20059953                   /usr/lib/x86_64-linux-gnu/libXau.so.6.0.0
7f693281d000-7f693281f000 r-xp 00001000 08:22 20059953                   /usr/lib/x86_64-linux-gnu/libXau.so.6.0.0
7f693281f000-7f6932820000 r--p 00003000 08:22 20059953                   /usr/lib/x86_64-linux-gnu/libXau.so.6.0.0
7f6932820000-7f6932821000 r--p 00003000 08:22 20059953                   /usr/lib/x86_64-linux-gnu/libXau.so.6.0.0
7f6932821000-7f6932822000 rw-p 00004000 08:22 20059953                   /usr/lib/x86_64-linux-gnu/libXau.so.6.0.0
7f6932822000-7f6932824000 rw-s 00000000 00:01 3049                       /memfd:/.glXXXXXX (deleted)
7f6932824000-7f6932828000 rw-s 00000000 00:05 987                        /dev/nvidiactl
7f6932828000-7f6932829000 rw-s 00000000 00:05 988                        /dev/nvidia0
7f6932829000-7f693282b000 rw-s 00000000 00:05 987                        /dev/nvidiactl
7f693282b000-7f693282f000 rw-s 00000000 00:05 987                        /dev/nvidiactl
7f693282f000-7f6932830000 rw-s 00000000 00:05 988                        /dev/nvidia0
7f6932830000-7f6932831000 rw-s 00000000 00:05 988                        /dev/nvidia0
7f6932831000-7f6932832000 rw-s 00000000 00:05 988                        /dev/nvidia0
7f6932832000-7f6932833000 rw-s 00000000 00:05 987                        /dev/nvidiactl
7f6932833000-7f6932834000 rw-s 00000000 00:05 987                        /dev/nvidiactl
7f6932834000-7f693283b000 r--s 00000000 08:22 20713805                   /usr/lib/x86_64-linux-gnu/gconv/gconv-modules.cache
7f693283b000-7f693288a000 rw-p 00000000 00:00 0 
7f693288a000-7f693288b000 r--p 00000000 08:22 20061224                   /usr/lib/x86_64-linux-gnu/librt.so.1
7f693288b000-7f693288c000 r-xp 00001000 08:22 20061224                   /usr/lib/x86_64-linux-gnu/librt.so.1
7f693288c000-7f693288d000 r--p 00002000 08:22 20061224                   /usr/lib/x86_64-linux-gnu/librt.so.1
7f693288d000-7f693288e000 r--p 00002000 08:22 20061224                   /usr/lib/x86_64-linux-gnu/librt.so.1
7f693288e000-7f693288f000 rw-p 00003000 08:22 20061224                   /usr/lib/x86_64-linux-gnu/librt.so.1
7f693288f000-7f6932893000 rw-p 00000000 00:00 0 
7f6932893000-7f6932894000 r--p 00000000 08:22 20060390                   /usr/lib/x86_64-linux-gnu/libdl.so.2
7f6932894000-7f6932895000 r-xp 00001000 08:22 20060390                   /usr/lib/x86_64-linux-gnu/libdl.so.2
7f6932895000-7f6932896000 r--p 00002000 08:22 20060390                   /usr/lib/x86_64-linux-gnu/libdl.so.2
7f6932896000-7f6932897000 r--p 00002000 08:22 20060390                   /usr/lib/x86_64-linux-gnu/libdl.so.2
7f6932897000-7f6932898000 rw-p 00003000 08:22 20060390                   /usr/lib/x86_64-linux-gnu/libdl.so.2
7f6932898000-7f6932899000 r--p 00000000 08:22 20061168                   /usr/lib/x86_64-linux-gnu/libpthread.so.0
7f6932899000-7f693289a000 r-xp 00001000 08:22 20061168                   /usr/lib/x86_64-linux-gnu/libpthread.so.0
7f693289a000-7f693289b000 r--p 00002000 08:22 20061168                   /usr/lib/x86_64-linux-gnu/libpthread.so.0
7f693289b000-7f693289c000 r--p 00002000 08:22 20061168                   /usr/lib/x86_64-linux-gnu/libpthread.so.0
7f693289c000-7f693289d000 rw-p 00003000 08:22 20061168                   /usr/lib/x86_64-linux-gnu/libpthread.so.0
7f693289d000-7f693289f000 r--p 00000000 08:22 20054206                   /usr/lib/x86_64-linux-gnu/libz.so.1.2.11
7f693289f000-7f69328b0000 r-xp 00002000 08:22 20054206                   /usr/lib/x86_64-linux-gnu/libz.so.1.2.11
7f69328b0000-7f69328b6000 r--p 00013000 08:22 20054206                   /usr/lib/x86_64-linux-gnu/libz.so.1.2.11
7f69328b6000-7f69328b7000 ---p 00019000 08:22 20054206                   /usr/lib/x86_64-linux-gnu/libz.so.1.2.11
7f69328b7000-7f69328b8000 r--p 00019000 08:22 20054206                   /usr/lib/x86_64-linux-gnu/libz.so.1.2.11
7f69328b8000-7f69328b9000 rw-p 0001a000 08:22 20054206                   /usr/lib/x86_64-linux-gnu/libz.so.1.2.11
7f69328b9000-7f69328ba000 rw-s 00000000 00:05 987                        /dev/nvidiactl
7f69328ba000-7f69328c1000 r--s 00066000 07:0c 1814                       /snap/intellij-idea-ultimate/386/plugins/java/lib/rt/debugger-agent.jar
7f69328c1000-7f69328c9000 rw-s 00000000 08:22 21897884                   /tmp/hsperfdata_daniil/26750
7f69328c9000-7f69328ca000 ---p 00000000 00:00 0 
7f69328ca000-7f69328cb000 r--p 00000000 00:00 0 
7f69328cb000-7f69328cd000 rw-p 00000000 00:00 0 
7f69328cd000-7f69328cf000 r--p 00000000 08:22 20059911                   /usr/lib/x86_64-linux-gnu/ld-linux-x86-64.so.2
7f69328cf000-7f69328f9000 r-xp 00002000 08:22 20059911                   /usr/lib/x86_64-linux-gnu/ld-linux-x86-64.so.2
7f69328f9000-7f6932904000 r--p 0002c000 08:22 20059911                   /usr/lib/x86_64-linux-gnu/ld-linux-x86-64.so.2
7f6932904000-7f6932905000 rw-s 00044000 00:01 2053                       /memfd:/.nvidia_drv.XXXXXX (deleted)
7f6932905000-7f6932907000 r--p 00037000 08:22 20059911                   /usr/lib/x86_64-linux-gnu/ld-linux-x86-64.so.2
7f6932907000-7f6932909000 rw-p 00039000 08:22 20059911                   /usr/lib/x86_64-linux-gnu/ld-linux-x86-64.so.2
7ffd7c51e000-7ffd7c53f000 rw-p 00000000 00:00 0                          [stack]
7ffd7c595000-7ffd7c599000 r--p 00000000 00:00 0                          [vvar]
7ffd7c599000-7ffd7c59b000 r-xp 00000000 00:00 0                          [vdso]
ffffffffff600000-ffffffffff601000 --xp 00000000 00:00 0                  [vsyscall]


VM Arguments:
jvm_args: -XX:ThreadPriorityPolicy=1 -XX:+UnlockExperimentalVMOptions -XX:+EnableJVMCIProduct -XX:JVMCIThreadsPerNativeLibraryRuntime=1 -XX:-UnlockExperimentalVMOptions -agentlib:jdwp=transport=dt_socket,address=127.0.0.1:45717,suspend=y,server=n -javaagent:/snap/intellij-idea-ultimate/386/plugins/java/lib/rt/debugger-agent.jar -Dfile.encoding=UTF-8 
java_command: com.kgaft.JavaGameEngine.Main
java_class_path (initial): /media/daniil/New Volume/documents/projects/GitHub/JavaGameEngine/target/classes:/home/daniil/.m2/repository/org/lwjgl/lwjgl/3.3.1/lwjgl-3.3.1.jar:/home/daniil/.m2/repository/org/lwjgl/lwjgl-assimp/3.3.1/lwjgl-assimp-3.3.1.jar:/home/daniil/.m2/repository/org/lwjgl/lwjgl-glfw/3.3.1/lwjgl-glfw-3.3.1.jar:/home/daniil/.m2/repository/org/lwjgl/lwjgl-openal/3.3.1/lwjgl-openal-3.3.1.jar:/home/daniil/.m2/repository/org/lwjgl/lwjgl-opengl/3.3.1/lwjgl-opengl-3.3.1.jar:/home/daniil/.m2/repository/org/lwjgl/lwjgl-stb/3.3.1/lwjgl-stb-3.3.1.jar:/home/daniil/.m2/repository/org/lwjgl/lwjgl/3.3.1/lwjgl-3.3.1-natives-linux.jar:/home/daniil/.m2/repository/org/lwjgl/lwjgl-assimp/3.3.1/lwjgl-assimp-3.3.1-natives-linux.jar:/home/daniil/.m2/repository/org/lwjgl/lwjgl-glfw/3.3.1/lwjgl-glfw-3.3.1-natives-linux.jar:/home/daniil/.m2/repository/org/lwjgl/lwjgl-openal/3.3.1/lwjgl-openal-3.3.1-natives-linux.jar:/home/daniil/.m2/repository/org/lwjgl/lwjgl-opengl/3.3.1/lwjgl-opengl-3.3.1-natives-linux.jar:/home/daniil/.m2/repository/org/lwjgl/lwjgl-stb/3.3.1/lwjgl-stb-3.3.1-natives-linux.jar:/home/daniil/.m2/repository/org/joml/joml/1.10.5/joml-1.10.5.jar:/snap/intellij-idea-ultimate/386/lib/idea_rt.jar
Launcher Type: SUN_STANDARD

[Global flags]
     intx CICompilerCount                          = 3                                         {product} {ergonomic}
     uint ConcGCThreads                            = 1                                         {product} {ergonomic}
     bool EnableJVMCIProduct                       = true                                {JVMCI product} {jimage}
     uint G1ConcRefinementThreads                  = 4                                         {product} {ergonomic}
   size_t G1HeapRegionSize                         = 1048576                                   {product} {ergonomic}
    uintx GCDrainStackTargetSize                   = 64                                        {product} {ergonomic}
   size_t InitialHeapSize                          = 130023424                                 {product} {ergonomic}
     uint JVMCIThreadsPerNativeLibraryRuntime      = 1                                   {JVMCI product} {jimage}
   size_t MarkStackSize                            = 4194304                                   {product} {ergonomic}
   size_t MaxHeapSize                              = 2067791872                                {product} {ergonomic}
   size_t MaxNewSize                               = 1240465408                                {product} {ergonomic}
   size_t MinHeapDeltaBytes                        = 1048576                                   {product} {ergonomic}
    uintx NonNMethodCodeHeapSize                   = 6401880                                {pd product} {ergonomic}
    uintx NonProfiledCodeHeapSize                  = 164571220                              {pd product} {ergonomic}
    uintx ProfiledCodeHeapSize                     = 164571220                              {pd product} {ergonomic}
    uintx ReservedCodeCacheSize                    = 335544320                              {pd product} {ergonomic}
     bool SegmentedCodeCache                       = true                                      {product} {ergonomic}
     intx ThreadPriorityPolicy                     = 1                                         {product} {jimage}
     bool UseCompressedClassPointers               = true                                 {lp64_product} {ergonomic}
     bool UseCompressedOops                        = true                                 {lp64_product} {ergonomic}
     bool UseG1GC                                  = true                                      {product} {ergonomic}

Logging:
Log output configuration:
 #0: stdout all=warning uptime,level,tags
 #1: stderr all=off uptime,level,tags

Environment Variables:
PATH=/usr/local/sbin:/usr/local/bin:/usr/sbin:/usr/bin:/sbin:/bin:/usr/games:/usr/local/games:/snap/bin:/snap/bin
USERNAME=daniil
SHELL=/bin/bash
DISPLAY=:1
LANG=en_US.UTF-8
LC_NUMERIC=ru_RU.UTF-8
LC_TIME=ru_RU.UTF-8

Signal Handlers:
SIGSEGV: [libjvm.so+0xead160], sa_mask[0]=11111111011111111101111111111110, sa_flags=SA_RESTART|SA_SIGINFO
SIGBUS: [libjvm.so+0xead160], sa_mask[0]=11111111011111111101111111111110, sa_flags=SA_RESTART|SA_SIGINFO
SIGFPE: [libjvm.so+0xead160], sa_mask[0]=11111111011111111101111111111110, sa_flags=SA_RESTART|SA_SIGINFO
SIGPIPE: [libjvmcicompiler.so+0x19dd20], sa_mask[0]=00000000000000000000000000000000, sa_flags=SA_RESTART
SIGXFSZ: [libjvm.so+0xc7da80], sa_mask[0]=11111111011111111101111111111110, sa_flags=SA_RESTART|SA_SIGINFO
SIGILL: [libjvm.so+0xead160], sa_mask[0]=11111111011111111101111111111110, sa_flags=SA_RESTART|SA_SIGINFO
SIGUSR2: [libjvm.so+0xc7d920], sa_mask[0]=00100000000000000000000000000000, sa_flags=SA_RESTART|SA_SIGINFO
SIGHUP: [libjvm.so+0xc7dad0], sa_mask[0]=11111111011111111101111111111110, sa_flags=SA_RESTART|SA_SIGINFO
SIGINT: [libjvm.so+0xc7dad0], sa_mask[0]=11111111011111111101111111111110, sa_flags=SA_RESTART|SA_SIGINFO
SIGTERM: [libjvm.so+0xc7dad0], sa_mask[0]=11111111011111111101111111111110, sa_flags=SA_RESTART|SA_SIGINFO
SIGQUIT: [libjvm.so+0xc7dad0], sa_mask[0]=11111111011111111101111111111110, sa_flags=SA_RESTART|SA_SIGINFO


---------------  S Y S T E M  ---------------

OS:DISTRIB_ID=Ubuntu
DISTRIB_RELEASE=22.04
DISTRIB_CODENAME=jammy
DISTRIB_DESCRIPTION="Ubuntu 22.04.1 LTS"
uname:Linux 5.15.0-52-generic #58-Ubuntu SMP Thu Oct 13 08:03:55 UTC 2022 x86_64
OS uptime: 0 days 1:35 hours
libc:glibc 2.35 NPTL 2.35 
rlimit (soft/hard): STACK 8192k/infinity , CORE 0k/infinity , NPROC 31255/31255 , NOFILE 1048576/1048576 , AS infinity/infinity , CPU infinity/infinity , DATA infinity/infinity , FSIZE infinity/infinity , MEMLOCK 1008956k/1008956k
load average:1,01 0,88 0,90

/proc/meminfo:
MemTotal:        8071672 kB
MemFree:          149448 kB
MemAvailable:     915592 kB
Buffers:           43060 kB
Cached:           895568 kB
SwapCached:        92544 kB
Active:          1722080 kB
Inactive:        5645304 kB
Active(anon):    1179356 kB
Inactive(anon):  5267800 kB
Active(file):     542724 kB
Inactive(file):   377504 kB
Unevictable:           0 kB
Mlocked:               0 kB
SwapTotal:       2097148 kB
SwapFree:         946428 kB
Dirty:             17684 kB
Writeback:             0 kB
AnonPages:       6393792 kB
Mapped:           459948 kB
Shmem:             18400 kB
KReclaimable:     129280 kB
Slab:             269692 kB
SReclaimable:     129280 kB
SUnreclaim:       140412 kB
KernelStack:       26304 kB
PageTables:        60124 kB
NFS_Unstable:          0 kB
Bounce:                0 kB
WritebackTmp:          0 kB
CommitLimit:     6132984 kB
Committed_AS:   12020236 kB
VmallocTotal:   34359738367 kB
VmallocUsed:       91980 kB
VmallocChunk:          0 kB
Percpu:             4128 kB
HardwareCorrupted:     0 kB
AnonHugePages:         0 kB
ShmemHugePages:        0 kB
ShmemPmdMapped:        0 kB
FileHugePages:         0 kB
FilePmdMapped:         0 kB
HugePages_Total:       0
HugePages_Free:        0
HugePages_Rsvd:        0
HugePages_Surp:        0
Hugepagesize:       2048 kB
Hugetlb:               0 kB
DirectMap4k:      453964 kB
DirectMap2M:     7868416 kB

/sys/kernel/mm/transparent_hugepage/enabled:
always [madvise] never
/sys/kernel/mm/transparent_hugepage/defrag (defrag/compaction efforts parameter):
always defer defer+madvise [madvise] never

Process Memory:
Virtual Size: 5399436K (peak: 13573916K)
Resident Set Size: 122860K (peak: 159060K) (anon: 66524K, file: 56260K, shmem: 76K)
Swapped out: 0K
C-Heap outstanding allocations: 28505K, retained: 9082K
glibc malloc tunables: (default)

/proc/sys/kernel/threads-max (system-wide limit on the number of threads):
62510
/proc/sys/vm/max_map_count (maximum number of memory map areas a process may have):
65530
/proc/sys/kernel/pid_max (system-wide limit on number of process identifiers):
4194304

container (cgroup) information:
container_type: cgroupv2
cpu_cpuset_cpus: not supported
cpu_memory_nodes: not supported
active_processor_count: 4
cpu_quota: not supported
cpu_period: not supported
cpu_shares: not supported
memory_limit_in_bytes: unlimited
memory_and_swap_limit_in_bytes: unlimited
memory_soft_limit_in_bytes: unlimited
memory_usage_in_bytes: 2735380 k
memory_max_usage_in_bytes: not supported
maximum number of tasks: 9376
current number of tasks: 187

Steal ticks since vm start: 0
Steal ticks percentage since vm start:  0,000

CPU:total 4 (initial active 4) (4 cores per cpu, 1 threads per core) family 6 model 58 stepping 9 microcode 0x21, cmov, cx8, fxsr, mmx, sse, sse2, sse3, ssse3, sse4.1, sse4.2, popcnt, avx, aes, clmul, erms, tsc, tscinvbit, tscinv
CPU Model and flags from /proc/cpuinfo:
model name	: Intel(R) Core(TM) i5-3570 CPU @ 3.40GHz
flags		: fpu vme de pse tsc msr pae mce cx8 apic sep mtrr pge mca cmov pat pse36 clflush dts acpi mmx fxsr sse sse2 ss ht tm pbe syscall nx rdtscp lm constant_tsc arch_perfmon pebs bts rep_good nopl xtopology nonstop_tsc cpuid aperfmperf pni pclmulqdq dtes64 monitor ds_cpl vmx smx est tm2 ssse3 cx16 xtpr pdcm pcid sse4_1 sse4_2 x2apic popcnt tsc_deadline_timer aes xsave avx f16c rdrand lahf_lm cpuid_fault epb pti ssbd ibrs ibpb stibp tpr_shadow vnmi flexpriority ept vpid fsgsbase smep erms xsaveopt dtherm ida arat pln pts md_clear flush_l1d
Online cpus:
0-3
Offline cpus:

BIOS frequency limitation:
<Not Available>
Frequency switch latency (ns):
20000
Available cpu frequencies:
<Not Available>
Current governor:
schedutil
Core performance/turbo boost:
<Not Available>

Memory: 4k page, physical 8071672k(149448k free), swap 2097148k(946428k free)

vm_info: OpenJDK 64-Bit Server VM (11.0.17+8-jvmci-22.3-b08) for linux-amd64 JRE (11.0.17+8-jvmci-22.3-b08), built on Oct 19 2022 09:01:18 by "buildslave" with gcc 7.3.0

END.
