#
# A fatal error has been detected by the Java Runtime Environment:
#
#  SIGSEGV (0xb) at pc=0x0000000041127f71, pid=26506, tid=26507
#
# JRE version: OpenJDK Runtime Environment GraalVM CE 22.3.0 (11.0.17+8) (build 11.0.17+8-jvmci-22.3-b08)
# Java VM: OpenJDK 64-Bit Server VM GraalVM CE 22.3.0 (11.0.17+8-jvmci-22.3-b08, mixed mode, sharing, tiered, jvmci, jvmci compiler, compressed oops, g1 gc, linux-amd64)
# Problematic frame:
# C  0x0000000041127f71
#
# Core dump will be written. Default location: Core dumps may be processed with "/usr/share/apport/apport -p%p -s%s -c%c -d%d -P%P -u%u -g%g -- %E" (or dumping to /media/daniil/New Volume/documents/projects/GitHub/JavaGameEngine/core.26506)
#
# If you would like to submit a bug report, please visit:
#   https://github.com/oracle/graal/issues
# The crash happened outside the Java Virtual Machine in native code.
# See problematic frame for where to report the bug.
#

---------------  S U M M A R Y ------------

Command Line: -XX:ThreadPriorityPolicy=1 -XX:+UnlockExperimentalVMOptions -XX:+EnableJVMCIProduct -XX:JVMCIThreadsPerNativeLibraryRuntime=1 -XX:-UnlockExperimentalVMOptions -javaagent:/snap/intellij-idea-ultimate/386/lib/idea_rt.jar=39005:/snap/intellij-idea-ultimate/386/bin -Dfile.encoding=UTF-8 com.kgaft.JavaGameEngine.Main

Host: Intel(R) Core(TM) i5-3570 CPU @ 3.40GHz, 4 cores, 7G, Ubuntu 22.04.1 LTS
Time: Tue Nov 15 17:56:41 2022 MSK elapsed time: 0.652726 seconds (0d 0h 0m 0s)

---------------  T H R E A D  ---------------

Current thread (0x00007fe248028800):  JavaThread "main" [_thread_in_native, id=26507, stack(0x00007fe24c019000,0x00007fe24c119000)]

Stack: [0x00007fe24c019000,0x00007fe24c119000],  sp=0x00007fe24c116eb8,  free space=1015k
Native frames: (J=compiled Java code, A=aot compiled Java code, j=interpreted, Vv=VM code, C=native code)
C  0x0000000041127f71

Java frames: (J=compiled Java code, j=interpreted, Vv=VM code)
j  org.lwjgl.opengl.GL11C.nglTexImage2D(IIIIIIIIJ)V+0
j  org.lwjgl.opengl.GL11C.glTexImage2D(IIIIIIIILjava/nio/ByteBuffer;)V+17
j  org.lwjgl.opengl.GL11.glTexImage2D(IIIIIIIILjava/nio/ByteBuffer;)V+14
j  com.kgaft.JavaGameEngine.Engine.GraphicsObjects.Texture.loadTexture(Ljava/awt/image/BufferedImage;)Lcom/kgaft/JavaGameEngine/Engine/GraphicsObjects/Texture;+252
j  com.kgaft.JavaGameEngine.Engine.Engine.start()V+850
j  com.kgaft.JavaGameEngine.Main.main([Ljava/lang/String;)V+24
v  ~StubRoutines::call_stub

siginfo: si_signo: 11 (SIGSEGV), si_code: 2 (SEGV_ACCERR), si_addr: 0x00007fe1c4021002

Register to memory mapping:

RAX=0x0000000041127f40 points into unknown readable memory: 0x4c575653ec8b4855 | 55 48 8b ec 53 56 57 4c
RBX=
[error occurred during error reporting (printing register info), id 0xb, SIGSEGV (0xb) at pc=0x00007fe24c980e00]

Registers:
RAX=0x0000000041127f40, RBX=0x00000000ff000000, RCX=0x0000000000000003, RDX=0x0000000000000000
RSP=0x00007fe24c116eb8, RBP=0x00000000000002b0, RSI=0x00007fe1c4021000, RDI=0x00007fe1c342c560
R8 =0x0000000000000400, R9 =0x00007fe1c342c020, R10=0x00007fe1c4020c10, R11=0x00007fe1c342c020
R12=0x0000000040d8b000, R13=0x00007fe1d592efe0, R14=0x0000000000000000, R15=0x000000000000002e
RIP=0x0000000041127f71, EFLAGS=0x0000000000010202, CSGSFS=0x002b000000000033, ERR=0x0000000000000004
  TRAPNO=0x000000000000000e

Top of Stack: (sp=0x00007fe24c116eb8)
0x00007fe24c116eb8:   00007fe1c4020c10 00007fe1c342c020
0x00007fe24c116ec8:   00007fe24c117050 0000000000000400
0x00007fe24c116ed8:   00007fe1d592f5cd 0000000000000400
0x00007fe24c116ee8:   0000000100000000 000000008c7ee368 

Instructions: (pc=0x0000000041127f71)
0x0000000041127e71:   00 00 00 00 00 00 00 00 00 00 00 00 00 00 00 00
0x0000000041127e81:   00 00 00 00 00 00 00 00 00 00 00 00 00 00 00 00
0x0000000041127e91:   00 00 00 00 00 00 00 00 00 00 00 00 00 00 00 00
0x0000000041127ea1:   00 00 00 00 00 00 00 00 00 00 00 00 00 00 00 00
0x0000000041127eb1:   00 00 00 00 00 00 00 00 00 00 00 00 00 00 00 00
0x0000000041127ec1:   00 00 00 00 00 00 00 00 00 00 00 00 00 00 00 00
0x0000000041127ed1:   00 00 00 00 00 00 00 00 00 00 00 00 00 00 00 00
0x0000000041127ee1:   00 00 00 00 00 00 00 00 00 00 00 00 00 00 00 00
0x0000000041127ef1:   00 00 00 00 00 00 00 00 00 00 00 00 00 00 00 00
0x0000000041127f01:   00 00 00 00 00 00 00 00 00 00 00 00 00 00 00 00
0x0000000041127f11:   00 00 00 00 00 00 00 00 00 00 00 00 00 00 00 00
0x0000000041127f21:   00 00 00 00 00 00 00 00 00 00 00 00 00 00 00 00
0x0000000041127f31:   00 00 00 00 00 00 00 80 ff ff ff 00 1f 00 00 55
0x0000000041127f41:   48 8b ec 53 56 57 4c 8b c2 4c 8b de 4c 8b d7 49
0x0000000041127f51:   8b f2 49 8b fb 41 8b e8 85 ed 0f 84 36 00 00 00
0x0000000041127f61:   b9 03 00 00 00 0f 8f 05 00 00 00 48 f7 d9 f7 dd
0x0000000041127f71:   0f b6 5e 02 c1 e3 10 0f b7 16 0b da 48 03 f1 48
0x0000000041127f81:   83 c7 04 81 e3 ff ff ff 00 81 cb 00 00 00 ff ff
0x0000000041127f91:   cd 89 5f fc 75 da 5f 5e 5b 5d c3 00 00 00 00 00
0x0000000041127fa1:   00 00 00 00 00 00 00 00 00 00 00 00 00 00 00 00
0x0000000041127fb1:   00 00 00 00 00 00 00 c0 ff ff ff 80 00 00 00 48
0x0000000041127fc1:   b8 90 34 e2 40 00 00 00 00 48 8b 00 49 ba 10 77
0x0000000041127fd1:   dd 40 00 00 00 00 48 83 ec 28 48 83 c4 28 c3 00
0x0000000041127fe1:   00 00 00 00 00 00 00 00 00 00 00 00 00 00 00 00
0x0000000041127ff1:   00 00 00 00 00 00 00 00 00 00 00 40 00 00 00 ??
0x0000000041128001:   ?? ?? ?? ?? ?? ?? ?? ?? ?? ?? ?? ?? ?? ?? ?? ??
0x0000000041128011:   ?? ?? ?? ?? ?? ?? ?? ?? ?? ?? ?? ?? ?? ?? ?? ??
0x0000000041128021:   ?? ?? ?? ?? ?? ?? ?? ?? ?? ?? ?? ?? ?? ?? ?? ??
0x0000000041128031:   ?? ?? ?? ?? ?? ?? ?? ?? ?? ?? ?? ?? ?? ?? ?? ??
0x0000000041128041:   ?? ?? ?? ?? ?? ?? ?? ?? ?? ?? ?? ?? ?? ?? ?? ??
0x0000000041128051:   ?? ?? ?? ?? ?? ?? ?? ?? ?? ?? ?? ?? ?? ?? ?? ??
0x0000000041128061:   ?? ?? ?? ?? ?? ?? ?? ?? ?? ?? ?? ?? ?? ?? ?? ?? 


Stack slot to memory mapping:
stack at sp + 0 slots: 0x00007fe1c4020c10 points into unknown readable memory: 0x0000000000000000 | 00 00 00 00 00 00 00 00
stack at sp + 1 slots: 0x00007fe1c342c020 points into unknown readable memory: 0xff000000ff000000 | 00 00 00 ff 00 00 00 ff
stack at sp + 2 slots: 0x00007fe24c117050 is pointing into the stack for thread: 0x00007fe248028800
stack at sp + 3 slots: 0x0000000000000400 is an unknown value
stack at sp + 4 slots: 0x00007fe1d592f5cd: <offset 0x0000000000b2f5cd> in /lib/x86_64-linux-gnu/libnvidia-glcore.so.515.65.01 at 0x00007fe1d4e00000
stack at sp + 5 slots: 0x0000000000000400 is an unknown value
stack at sp + 6 slots: 0x0000000100000000 is an unknown value
stack at sp + 7 slots: 0x000000008c7ee368 points into unknown readable memory: 0x0000000000000005 | 05 00 00 00 00 00 00 00


---------------  P R O C E S S  ---------------

Threads class SMR info:
_java_thread_list=0x00007fe2489d3200, length=12, elements={
0x00007fe248028800, 0x00007fe24818b800, 0x00007fe248195800, 0x00007fe24819c000,
0x00007fe24819e000, 0x00007fe2481a0800, 0x00007fe2481a2800, 0x00007fe2481a4800,
0x00007fe2481b9800, 0x00007fe1ec0ce000, 0x00007fe2482ad800, 0x00007fe2489d1800
}

Java Threads: ( => current thread )
=>0x00007fe248028800 JavaThread "main" [_thread_in_native, id=26507, stack(0x00007fe24c019000,0x00007fe24c119000)]
  0x00007fe24818b800 JavaThread "Reference Handler" daemon [_thread_blocked, id=26522, stack(0x00007fe2193fa000,0x00007fe2194fa000)]
  0x00007fe248195800 JavaThread "Finalizer" daemon [_thread_blocked, id=26523, stack(0x00007fe2192fa000,0x00007fe2193fa000)]
  0x00007fe24819c000 JavaThread "Signal Dispatcher" daemon [_thread_blocked, id=26524, stack(0x00007fe218413000,0x00007fe218513000)]
  0x00007fe24819e000 JavaThread "Service Thread" daemon [_thread_blocked, id=26525, stack(0x00007fe218313000,0x00007fe218413000)]
  0x00007fe2481a0800 JavaThread "JVMCI-native CompilerThread0" daemon [_thread_in_native, id=26526, stack(0x00007fe218113000,0x00007fe218313000)]
  0x00007fe2481a2800 JavaThread "C1 CompilerThread0" daemon [_thread_blocked, id=26527, stack(0x00007fe1f7e00000,0x00007fe1f8000000)]
  0x00007fe2481a4800 JavaThread "Sweeper thread" daemon [_thread_blocked, id=26528, stack(0x00007fe218013000,0x00007fe218113000)]
  0x00007fe2481b9800 JavaThread "Common-Cleaner" daemon [_thread_blocked, id=26535, stack(0x00007fe1f7d00000,0x00007fe1f7e00000)]
  0x00007fe1ec0ce000 JavaThread "C1 CompilerThread1" daemon [_thread_blocked, id=26537, stack(0x00007fe1f7b00000,0x00007fe1f7d00000)]
  0x00007fe2482ad800 JavaThread "Monitor Ctrl-Break" daemon [_thread_in_native, id=26539, stack(0x00007fe1f7a00000,0x00007fe1f7b00000)]
  0x00007fe2489d1800 JavaThread "Java2D Disposer" daemon [_thread_blocked, id=26541, stack(0x00007fe1f4100000,0x00007fe1f4200000)]

Other Threads:
  0x00007fe248188800 VMThread "VM Thread" [stack: 0x00007fe2194fc000,0x00007fe2195fc000] [id=26521]
  0x00007fe2482af000 WatcherThread [stack: 0x00007fe1e3f00000,0x00007fe1e4000000] [id=26540]
  0x00007fe248042000 GCTaskThread "GC Thread#0" [stack: 0x00007fe247700000,0x00007fe247800000] [id=26513]
  0x00007fe20c001000 GCTaskThread "GC Thread#1" [stack: 0x00007fe1e0b00000,0x00007fe1e0c00000] [id=26545]
  0x00007fe20c002800 GCTaskThread "GC Thread#2" [stack: 0x00007fe1e0700000,0x00007fe1e0800000] [id=26546]
  0x00007fe248073000 ConcurrentGCThread "G1 Main Marker" [stack: 0x00007fe2283b3000,0x00007fe2284b3000] [id=26514]
  0x00007fe248075000 ConcurrentGCThread "G1 Conc#0" [stack: 0x00007fe2282b1000,0x00007fe2283b1000] [id=26515]
  0x00007fe2480ed000 ConcurrentGCThread "G1 Refine#0" [stack: 0x00007fe219f00000,0x00007fe21a000000] [id=26516]
  0x00007fe2480ee800 ConcurrentGCThread "G1 Young RemSet Sampling" [stack: 0x00007fe219dfe000,0x00007fe219efe000] [id=26517]

Threads with active compile tasks:
JVMCI-native CompilerThread0      656  968       4       java.util.concurrent.ConcurrentHashMap::get (162 bytes)

VM state:not at safepoint (normal execution)

VM Mutex/Monitor currently owned by a thread: None

Heap address: 0x0000000084c00000, size: 1972 MB, Compressed Oops mode: 32-bit
Narrow klass base: 0x0000000800000000, Narrow klass shift: 3
Compressed class space size: 1073741824 Address: 0x0000000840000000

Heap:
 garbage-first heap   total 129024K, used 12690K [0x0000000084c00000, 0x0000000100000000)
  region size 1024K, 4 young (4096K), 2 survivors (2048K)
 Metaspace       used 6466K, capacity 7319K, committed 7552K, reserved 1056768K
  class space    used 488K, capacity 626K, committed 640K, reserved 1048576K
Heap Regions: E=young(eden), S=young(survivor), O=old, HS=humongous(starts), HC=humongous(continues), CS=collection set, F=free, A=archive, TAMS=top-at-mark-start (previous, next)
|   0|0x0000000084c00000, 0x0000000084d00000, 0x0000000084d00000|100%|HS|  |TAMS 0x0000000084c00000, 0x0000000084c00000| Complete 
|   1|0x0000000084d00000, 0x0000000084e00000, 0x0000000084e00000|100%|HC|  |TAMS 0x0000000084d00000, 0x0000000084d00000| Complete 
|   2|0x0000000084e00000, 0x0000000084f00000, 0x0000000084f00000|100%|HC|  |TAMS 0x0000000084e00000, 0x0000000084e00000| Complete 
|   3|0x0000000084f00000, 0x0000000085000000, 0x0000000085000000|100%|HC|  |TAMS 0x0000000084f00000, 0x0000000084f00000| Complete 
|   4|0x0000000085000000, 0x0000000085100000, 0x0000000085100000|100%|HS|  |TAMS 0x0000000085000000, 0x0000000085000000| Complete 
|   5|0x0000000085100000, 0x0000000085200000, 0x0000000085200000|100%|HC|  |TAMS 0x0000000085100000, 0x0000000085100000| Complete 
|   6|0x0000000085200000, 0x0000000085300000, 0x0000000085300000|100%|HC|  |TAMS 0x0000000085200000, 0x0000000085200000| Complete 
|   7|0x0000000085300000, 0x0000000085400000, 0x0000000085400000|100%|HC|  |TAMS 0x0000000085300000, 0x0000000085300000| Complete 
|   8|0x0000000085400000, 0x0000000085500000, 0x0000000085500000|100%|HC|  |TAMS 0x0000000085400000, 0x0000000085400000| Complete 
|   9|0x0000000085500000, 0x0000000085500000, 0x0000000085600000|  0%| F|  |TAMS 0x0000000085500000, 0x0000000085500000| Untracked 
|  10|0x0000000085600000, 0x0000000085600000, 0x0000000085700000|  0%| F|  |TAMS 0x0000000085600000, 0x0000000085600000| Untracked 
|  11|0x0000000085700000, 0x0000000085700000, 0x0000000085800000|  0%| F|  |TAMS 0x0000000085700000, 0x0000000085700000| Untracked 
|  12|0x0000000085800000, 0x0000000085800000, 0x0000000085900000|  0%| F|  |TAMS 0x0000000085800000, 0x0000000085800000| Untracked 
|  13|0x0000000085900000, 0x0000000085900000, 0x0000000085a00000|  0%| F|  |TAMS 0x0000000085900000, 0x0000000085900000| Untracked 
|  14|0x0000000085a00000, 0x0000000085a00000, 0x0000000085b00000|  0%| F|  |TAMS 0x0000000085a00000, 0x0000000085a00000| Untracked 
|  15|0x0000000085b00000, 0x0000000085b00000, 0x0000000085c00000|  0%| F|  |TAMS 0x0000000085b00000, 0x0000000085b00000| Untracked 
|  16|0x0000000085c00000, 0x0000000085c00000, 0x0000000085d00000|  0%| F|  |TAMS 0x0000000085c00000, 0x0000000085c00000| Untracked 
|  17|0x0000000085d00000, 0x0000000085d00000, 0x0000000085e00000|  0%| F|  |TAMS 0x0000000085d00000, 0x0000000085d00000| Untracked 
|  18|0x0000000085e00000, 0x0000000085e00000, 0x0000000085f00000|  0%| F|  |TAMS 0x0000000085e00000, 0x0000000085e00000| Untracked 
|  19|0x0000000085f00000, 0x0000000085f00000, 0x0000000086000000|  0%| F|  |TAMS 0x0000000085f00000, 0x0000000085f00000| Untracked 
|  20|0x0000000086000000, 0x0000000086000000, 0x0000000086100000|  0%| F|  |TAMS 0x0000000086000000, 0x0000000086000000| Untracked 
|  21|0x0000000086100000, 0x0000000086100000, 0x0000000086200000|  0%| F|  |TAMS 0x0000000086100000, 0x0000000086100000| Untracked 
|  22|0x0000000086200000, 0x0000000086200000, 0x0000000086300000|  0%| F|  |TAMS 0x0000000086200000, 0x0000000086200000| Untracked 
|  23|0x0000000086300000, 0x0000000086300000, 0x0000000086400000|  0%| F|  |TAMS 0x0000000086300000, 0x0000000086300000| Untracked 
|  24|0x0000000086400000, 0x0000000086400000, 0x0000000086500000|  0%| F|  |TAMS 0x0000000086400000, 0x0000000086400000| Untracked 
|  25|0x0000000086500000, 0x0000000086500000, 0x0000000086600000|  0%| F|  |TAMS 0x0000000086500000, 0x0000000086500000| Untracked 
|  26|0x0000000086600000, 0x0000000086600000, 0x0000000086700000|  0%| F|  |TAMS 0x0000000086600000, 0x0000000086600000| Untracked 
|  27|0x0000000086700000, 0x0000000086700000, 0x0000000086800000|  0%| F|  |TAMS 0x0000000086700000, 0x0000000086700000| Untracked 
|  28|0x0000000086800000, 0x0000000086800000, 0x0000000086900000|  0%| F|  |TAMS 0x0000000086800000, 0x0000000086800000| Untracked 
|  29|0x0000000086900000, 0x0000000086900000, 0x0000000086a00000|  0%| F|  |TAMS 0x0000000086900000, 0x0000000086900000| Untracked 
|  30|0x0000000086a00000, 0x0000000086a00000, 0x0000000086b00000|  0%| F|  |TAMS 0x0000000086a00000, 0x0000000086a00000| Untracked 
|  31|0x0000000086b00000, 0x0000000086b00000, 0x0000000086c00000|  0%| F|  |TAMS 0x0000000086b00000, 0x0000000086b00000| Untracked 
|  32|0x0000000086c00000, 0x0000000086c00000, 0x0000000086d00000|  0%| F|  |TAMS 0x0000000086c00000, 0x0000000086c00000| Untracked 
|  33|0x0000000086d00000, 0x0000000086d00000, 0x0000000086e00000|  0%| F|  |TAMS 0x0000000086d00000, 0x0000000086d00000| Untracked 
|  34|0x0000000086e00000, 0x0000000086e00000, 0x0000000086f00000|  0%| F|  |TAMS 0x0000000086e00000, 0x0000000086e00000| Untracked 
|  35|0x0000000086f00000, 0x0000000086f00000, 0x0000000087000000|  0%| F|  |TAMS 0x0000000086f00000, 0x0000000086f00000| Untracked 
|  36|0x0000000087000000, 0x0000000087000000, 0x0000000087100000|  0%| F|  |TAMS 0x0000000087000000, 0x0000000087000000| Untracked 
|  37|0x0000000087100000, 0x0000000087100000, 0x0000000087200000|  0%| F|  |TAMS 0x0000000087100000, 0x0000000087100000| Untracked 
|  38|0x0000000087200000, 0x0000000087200000, 0x0000000087300000|  0%| F|  |TAMS 0x0000000087200000, 0x0000000087200000| Untracked 
|  39|0x0000000087300000, 0x0000000087300000, 0x0000000087400000|  0%| F|  |TAMS 0x0000000087300000, 0x0000000087300000| Untracked 
|  40|0x0000000087400000, 0x0000000087400000, 0x0000000087500000|  0%| F|  |TAMS 0x0000000087400000, 0x0000000087400000| Untracked 
|  41|0x0000000087500000, 0x0000000087500000, 0x0000000087600000|  0%| F|  |TAMS 0x0000000087500000, 0x0000000087500000| Untracked 
|  42|0x0000000087600000, 0x0000000087600000, 0x0000000087700000|  0%| F|  |TAMS 0x0000000087600000, 0x0000000087600000| Untracked 
|  43|0x0000000087700000, 0x0000000087700000, 0x0000000087800000|  0%| F|  |TAMS 0x0000000087700000, 0x0000000087700000| Untracked 
|  44|0x0000000087800000, 0x0000000087800000, 0x0000000087900000|  0%| F|  |TAMS 0x0000000087800000, 0x0000000087800000| Untracked 
|  45|0x0000000087900000, 0x0000000087900000, 0x0000000087a00000|  0%| F|  |TAMS 0x0000000087900000, 0x0000000087900000| Untracked 
|  46|0x0000000087a00000, 0x0000000087a00000, 0x0000000087b00000|  0%| F|  |TAMS 0x0000000087a00000, 0x0000000087a00000| Untracked 
|  47|0x0000000087b00000, 0x0000000087b00000, 0x0000000087c00000|  0%| F|  |TAMS 0x0000000087b00000, 0x0000000087b00000| Untracked 
|  48|0x0000000087c00000, 0x0000000087c00000, 0x0000000087d00000|  0%| F|  |TAMS 0x0000000087c00000, 0x0000000087c00000| Untracked 
|  49|0x0000000087d00000, 0x0000000087d00000, 0x0000000087e00000|  0%| F|  |TAMS 0x0000000087d00000, 0x0000000087d00000| Untracked 
|  50|0x0000000087e00000, 0x0000000087e00000, 0x0000000087f00000|  0%| F|  |TAMS 0x0000000087e00000, 0x0000000087e00000| Untracked 
|  51|0x0000000087f00000, 0x0000000087f00000, 0x0000000088000000|  0%| F|  |TAMS 0x0000000087f00000, 0x0000000087f00000| Untracked 
|  52|0x0000000088000000, 0x0000000088000000, 0x0000000088100000|  0%| F|  |TAMS 0x0000000088000000, 0x0000000088000000| Untracked 
|  53|0x0000000088100000, 0x0000000088100000, 0x0000000088200000|  0%| F|  |TAMS 0x0000000088100000, 0x0000000088100000| Untracked 
|  54|0x0000000088200000, 0x0000000088200000, 0x0000000088300000|  0%| F|  |TAMS 0x0000000088200000, 0x0000000088200000| Untracked 
|  55|0x0000000088300000, 0x0000000088300000, 0x0000000088400000|  0%| F|  |TAMS 0x0000000088300000, 0x0000000088300000| Untracked 
|  56|0x0000000088400000, 0x0000000088400000, 0x0000000088500000|  0%| F|  |TAMS 0x0000000088400000, 0x0000000088400000| Untracked 
|  57|0x0000000088500000, 0x0000000088500000, 0x0000000088600000|  0%| F|  |TAMS 0x0000000088500000, 0x0000000088500000| Untracked 
|  58|0x0000000088600000, 0x0000000088600000, 0x0000000088700000|  0%| F|  |TAMS 0x0000000088600000, 0x0000000088600000| Untracked 
|  59|0x0000000088700000, 0x0000000088700000, 0x0000000088800000|  0%| F|  |TAMS 0x0000000088700000, 0x0000000088700000| Untracked 
|  60|0x0000000088800000, 0x0000000088800000, 0x0000000088900000|  0%| F|  |TAMS 0x0000000088800000, 0x0000000088800000| Untracked 
|  61|0x0000000088900000, 0x0000000088900000, 0x0000000088a00000|  0%| F|  |TAMS 0x0000000088900000, 0x0000000088900000| Untracked 
|  62|0x0000000088a00000, 0x0000000088a00000, 0x0000000088b00000|  0%| F|  |TAMS 0x0000000088a00000, 0x0000000088a00000| Untracked 
|  63|0x0000000088b00000, 0x0000000088b00000, 0x0000000088c00000|  0%| F|  |TAMS 0x0000000088b00000, 0x0000000088b00000| Untracked 
|  64|0x0000000088c00000, 0x0000000088c00000, 0x0000000088d00000|  0%| F|  |TAMS 0x0000000088c00000, 0x0000000088c00000| Untracked 
|  65|0x0000000088d00000, 0x0000000088d00000, 0x0000000088e00000|  0%| F|  |TAMS 0x0000000088d00000, 0x0000000088d00000| Untracked 
|  66|0x0000000088e00000, 0x0000000088e00000, 0x0000000088f00000|  0%| F|  |TAMS 0x0000000088e00000, 0x0000000088e00000| Untracked 
|  67|0x0000000088f00000, 0x0000000088f00000, 0x0000000089000000|  0%| F|  |TAMS 0x0000000088f00000, 0x0000000088f00000| Untracked 
|  68|0x0000000089000000, 0x0000000089000000, 0x0000000089100000|  0%| F|  |TAMS 0x0000000089000000, 0x0000000089000000| Untracked 
|  69|0x0000000089100000, 0x0000000089100000, 0x0000000089200000|  0%| F|  |TAMS 0x0000000089100000, 0x0000000089100000| Untracked 
|  70|0x0000000089200000, 0x0000000089200000, 0x0000000089300000|  0%| F|  |TAMS 0x0000000089200000, 0x0000000089200000| Untracked 
|  71|0x0000000089300000, 0x0000000089300000, 0x0000000089400000|  0%| F|  |TAMS 0x0000000089300000, 0x0000000089300000| Untracked 
|  72|0x0000000089400000, 0x0000000089400000, 0x0000000089500000|  0%| F|  |TAMS 0x0000000089400000, 0x0000000089400000| Untracked 
|  73|0x0000000089500000, 0x0000000089500000, 0x0000000089600000|  0%| F|  |TAMS 0x0000000089500000, 0x0000000089500000| Untracked 
|  74|0x0000000089600000, 0x0000000089600000, 0x0000000089700000|  0%| F|  |TAMS 0x0000000089600000, 0x0000000089600000| Untracked 
|  75|0x0000000089700000, 0x0000000089700000, 0x0000000089800000|  0%| F|  |TAMS 0x0000000089700000, 0x0000000089700000| Untracked 
|  76|0x0000000089800000, 0x0000000089800000, 0x0000000089900000|  0%| F|  |TAMS 0x0000000089800000, 0x0000000089800000| Untracked 
|  77|0x0000000089900000, 0x0000000089900000, 0x0000000089a00000|  0%| F|  |TAMS 0x0000000089900000, 0x0000000089900000| Untracked 
|  78|0x0000000089a00000, 0x0000000089a00000, 0x0000000089b00000|  0%| F|  |TAMS 0x0000000089a00000, 0x0000000089a00000| Untracked 
|  79|0x0000000089b00000, 0x0000000089b00000, 0x0000000089c00000|  0%| F|  |TAMS 0x0000000089b00000, 0x0000000089b00000| Untracked 
|  80|0x0000000089c00000, 0x0000000089c00000, 0x0000000089d00000|  0%| F|  |TAMS 0x0000000089c00000, 0x0000000089c00000| Untracked 
|  81|0x0000000089d00000, 0x0000000089d00000, 0x0000000089e00000|  0%| F|  |TAMS 0x0000000089d00000, 0x0000000089d00000| Untracked 
|  82|0x0000000089e00000, 0x0000000089e00000, 0x0000000089f00000|  0%| F|  |TAMS 0x0000000089e00000, 0x0000000089e00000| Untracked 
|  83|0x0000000089f00000, 0x0000000089f00000, 0x000000008a000000|  0%| F|  |TAMS 0x0000000089f00000, 0x0000000089f00000| Untracked 
|  84|0x000000008a000000, 0x000000008a000000, 0x000000008a100000|  0%| F|  |TAMS 0x000000008a000000, 0x000000008a000000| Untracked 
|  85|0x000000008a100000, 0x000000008a100000, 0x000000008a200000|  0%| F|  |TAMS 0x000000008a100000, 0x000000008a100000| Untracked 
|  86|0x000000008a200000, 0x000000008a200000, 0x000000008a300000|  0%| F|  |TAMS 0x000000008a200000, 0x000000008a200000| Untracked 
|  87|0x000000008a300000, 0x000000008a300000, 0x000000008a400000|  0%| F|  |TAMS 0x000000008a300000, 0x000000008a300000| Untracked 
|  88|0x000000008a400000, 0x000000008a400000, 0x000000008a500000|  0%| F|  |TAMS 0x000000008a400000, 0x000000008a400000| Untracked 
|  89|0x000000008a500000, 0x000000008a500000, 0x000000008a600000|  0%| F|  |TAMS 0x000000008a500000, 0x000000008a500000| Untracked 
|  90|0x000000008a600000, 0x000000008a600000, 0x000000008a700000|  0%| F|  |TAMS 0x000000008a600000, 0x000000008a600000| Untracked 
|  91|0x000000008a700000, 0x000000008a700000, 0x000000008a800000|  0%| F|  |TAMS 0x000000008a700000, 0x000000008a700000| Untracked 
|  92|0x000000008a800000, 0x000000008a800000, 0x000000008a900000|  0%| F|  |TAMS 0x000000008a800000, 0x000000008a800000| Untracked 
|  93|0x000000008a900000, 0x000000008a900000, 0x000000008aa00000|  0%| F|  |TAMS 0x000000008a900000, 0x000000008a900000| Untracked 
|  94|0x000000008aa00000, 0x000000008aa00000, 0x000000008ab00000|  0%| F|  |TAMS 0x000000008aa00000, 0x000000008aa00000| Untracked 
|  95|0x000000008ab00000, 0x000000008ab00000, 0x000000008ac00000|  0%| F|  |TAMS 0x000000008ab00000, 0x000000008ab00000| Untracked 
|  96|0x000000008ac00000, 0x000000008ac00000, 0x000000008ad00000|  0%| F|  |TAMS 0x000000008ac00000, 0x000000008ac00000| Untracked 
|  97|0x000000008ad00000, 0x000000008ad00000, 0x000000008ae00000|  0%| F|  |TAMS 0x000000008ad00000, 0x000000008ad00000| Untracked 
|  98|0x000000008ae00000, 0x000000008ae00000, 0x000000008af00000|  0%| F|  |TAMS 0x000000008ae00000, 0x000000008ae00000| Untracked 
|  99|0x000000008af00000, 0x000000008af00000, 0x000000008b000000|  0%| F|  |TAMS 0x000000008af00000, 0x000000008af00000| Untracked 
| 100|0x000000008b000000, 0x000000008b000000, 0x000000008b100000|  0%| F|  |TAMS 0x000000008b000000, 0x000000008b000000| Untracked 
| 101|0x000000008b100000, 0x000000008b100000, 0x000000008b200000|  0%| F|  |TAMS 0x000000008b100000, 0x000000008b100000| Untracked 
| 102|0x000000008b200000, 0x000000008b200000, 0x000000008b300000|  0%| F|  |TAMS 0x000000008b200000, 0x000000008b200000| Untracked 
| 103|0x000000008b300000, 0x000000008b300000, 0x000000008b400000|  0%| F|  |TAMS 0x000000008b300000, 0x000000008b300000| Untracked 
| 104|0x000000008b400000, 0x000000008b400000, 0x000000008b500000|  0%| F|  |TAMS 0x000000008b400000, 0x000000008b400000| Untracked 
| 105|0x000000008b500000, 0x000000008b500000, 0x000000008b600000|  0%| F|  |TAMS 0x000000008b500000, 0x000000008b500000| Untracked 
| 106|0x000000008b600000, 0x000000008b600000, 0x000000008b700000|  0%| F|  |TAMS 0x000000008b600000, 0x000000008b600000| Untracked 
| 107|0x000000008b700000, 0x000000008b700000, 0x000000008b800000|  0%| F|  |TAMS 0x000000008b700000, 0x000000008b700000| Untracked 
| 108|0x000000008b800000, 0x000000008b8aaa80, 0x000000008b900000| 66%| S|CS|TAMS 0x000000008b800000, 0x000000008b800000| Complete 
| 109|0x000000008b900000, 0x000000008ba00000, 0x000000008ba00000|100%| S|CS|TAMS 0x000000008b900000, 0x000000008b900000| Complete 
| 110|0x000000008ba00000, 0x000000008ba00000, 0x000000008bb00000|  0%| F|  |TAMS 0x000000008ba00000, 0x000000008ba00000| Untracked 
| 111|0x000000008bb00000, 0x000000008bb00000, 0x000000008bc00000|  0%| F|  |TAMS 0x000000008bb00000, 0x000000008bb00000| Untracked 
| 112|0x000000008bc00000, 0x000000008bc00000, 0x000000008bd00000|  0%| F|  |TAMS 0x000000008bc00000, 0x000000008bc00000| Untracked 
| 113|0x000000008bd00000, 0x000000008bd00000, 0x000000008be00000|  0%| F|  |TAMS 0x000000008bd00000, 0x000000008bd00000| Untracked 
| 114|0x000000008be00000, 0x000000008be00000, 0x000000008bf00000|  0%| F|  |TAMS 0x000000008be00000, 0x000000008be00000| Untracked 
| 115|0x000000008bf00000, 0x000000008bf00000, 0x000000008c000000|  0%| F|  |TAMS 0x000000008bf00000, 0x000000008bf00000| Untracked 
| 116|0x000000008c000000, 0x000000008c000000, 0x000000008c100000|  0%| F|  |TAMS 0x000000008c000000, 0x000000008c000000| Untracked 
| 117|0x000000008c100000, 0x000000008c100000, 0x000000008c200000|  0%| F|  |TAMS 0x000000008c100000, 0x000000008c100000| Untracked 
| 118|0x000000008c200000, 0x000000008c200000, 0x000000008c300000|  0%| F|  |TAMS 0x000000008c200000, 0x000000008c200000| Untracked 
| 119|0x000000008c300000, 0x000000008c300000, 0x000000008c400000|  0%| F|  |TAMS 0x000000008c300000, 0x000000008c300000| Untracked 
| 120|0x000000008c400000, 0x000000008c400000, 0x000000008c500000|  0%| F|  |TAMS 0x000000008c400000, 0x000000008c400000| Untracked 
| 121|0x000000008c500000, 0x000000008c500000, 0x000000008c600000|  0%| F|  |TAMS 0x000000008c500000, 0x000000008c500000| Untracked 
| 122|0x000000008c600000, 0x000000008c600800, 0x000000008c700000|  0%| E|  |TAMS 0x000000008c600000, 0x000000008c600000| Complete 
| 123|0x000000008c700000, 0x000000008c800000, 0x000000008c800000|100%| E|CS|TAMS 0x000000008c700000, 0x000000008c700000| Complete 
|1968|0x00000000ffc00000, 0x00000000ffc4c000, 0x00000000ffd00000| 29%|OA|  |TAMS 0x00000000ffc00000, 0x00000000ffc00000| Untracked 
|1969|0x00000000ffd00000, 0x00000000ffd6e000, 0x00000000ffe00000| 42%|CA|  |TAMS 0x00000000ffd00000, 0x00000000ffd00000| Untracked 

Card table byte_map: [0x00007fe22888d000,0x00007fe228c67000] _byte_map_base: 0x00007fe228467000

Marking Bits (Prev, Next): (CMBitMap*) 0x00007fe24806a4b8, (CMBitMap*) 0x00007fe24806a4f0
 Prev Bits: [0x00007fe222130000, 0x00007fe224000000)
 Next Bits: [0x00007fe220260000, 0x00007fe222130000)

Polling page: 0x00007fe24dcb1000

Metaspace:

Usage:
  Non-class:      6,54 MB capacity,     5,84 MB ( 89%) used,   695,15 KB ( 10%) free+waste,    20,44 KB ( <1%) overhead. 
      Class:    626,00 KB capacity,   488,87 KB ( 78%) used,   126,07 KB ( 20%) free+waste,    11,06 KB (  2%) overhead. 
       Both:      7,15 MB capacity,     6,31 MB ( 88%) used,   821,22 KB ( 11%) free+waste,    31,50 KB ( <1%) overhead. 

Virtual space:
  Non-class space:        8,00 MB reserved,       6,75 MB ( 84%) committed 
      Class space:        1,00 GB reserved,     640,00 KB ( <1%) committed 
             Both:        1,01 GB reserved,       7,38 MB ( <1%) committed 

Chunk freelists:
   Non-Class:  43,00 KB
       Class:  0 bytes
        Both:  43,00 KB

MaxMetaspaceSize: unlimited
CompressedClassSpaceSize: 1,00 GB
Initial GC threshold: 20,80 MB
Current GC threshold: 20,80 MB
CDS: on

CodeHeap 'non-profiled nmethods': size=160716Kb used=306Kb max_used=306Kb free=160409Kb
 bounds [0x00007fe233550000, 0x00007fe234550000, 0x00007fe23d243000]
CodeHeap 'profiled nmethods': size=160712Kb used=1756Kb max_used=1756Kb free=158955Kb
 bounds [0x00007fe22985e000, 0x00007fe22a85e000, 0x00007fe233550000]
CodeHeap 'non-nmethods': size=6252Kb used=2155Kb max_used=2156Kb free=4096Kb
 bounds [0x00007fe229243000, 0x00007fe22985e000, 0x00007fe22985e000]
 total_blobs=1956 nmethods=968 adapters=909
 compilation: enabled
              stopped_count=0, restarted_count=0
 full_count=0

JVMCI Events (9 events):
Event: 0,026 Thread 0x00007fe248028800 created new Java JVMCI runtime -1 (0x00007fe2481841e0)
Event: 0,088 Thread 0x00007fe2481a0800 created new CompileBroker JVMCI runtime 0 (0x00007fe1f00197f0)
Event: 0,088 Thread 0x00007fe2481a0800 attached to JVMCI runtime 0
Event: 0,089 Thread 0x00007fe2481a0800 loaded JVMCI shared library from /home/daniil/.jdks/graalvm-ce-11/lib/libjvmcicompiler.so
Event: 0,090 Thread 0x00007fe2481a0800 created JavaVM[1]@0x00007fe1f52c7ec8 for JVMCI runtime 0
Event: 0,090 Thread 0x00007fe2481a0800 initializing JVMCI runtime 0
Event: 0,090 Thread 0x00007fe2481a0800 initializing JavaVM references in JVMCI runtime 0
Event: 0,091 Thread 0x00007fe2481a0800 initialized JavaVM references in JVMCI runtime 0
Event: 0,092 Thread 0x00007fe2481a0800 initialized JVMCI runtime 0

Compilation events (20 events):
Event: 0,642 Thread 0x00007fe1ec0ce000 nmethod 957 0x00007fe229a0f610 code [0x00007fe229a0f7e0, 0x00007fe229a0fc90]
Event: 0,642 Thread 0x00007fe1ec0ce000  958       3       java.lang.System$2::findBootstrapClassOrNull (6 bytes)
Event: 0,642 Thread 0x00007fe1ec0ce000 nmethod 958 0x00007fe229a0fd90 code [0x00007fe229a0ff60, 0x00007fe229a10390]
Event: 0,642 Thread 0x00007fe1ec0ce000  959       3       java.lang.ClassLoader::findBootstrapClassOrNull (16 bytes)
Event: 0,642 Thread 0x00007fe1ec0ce000 nmethod 959 0x00007fe229a10490 code [0x00007fe229a10640, 0x00007fe229a10830]
Event: 0,642 Thread 0x00007fe1ec0ce000  960       3       java.io.UnixFileSystem::prefixLength (25 bytes)
Event: 0,643 Thread 0x00007fe1ec0ce000 nmethod 960 0x00007fe229a10910 code [0x00007fe229a10b20, 0x00007fe229a111d0]
Event: 0,643 Thread 0x00007fe1ec0ce000  961       1       java.nio.HeapByteBuffer::isDirect (2 bytes)
Event: 0,643 Thread 0x00007fe1ec0ce000 nmethod 961 0x00007fe23359bf10 code [0x00007fe23359c0a0, 0x00007fe23359c170]
Event: 0,647 Thread 0x00007fe2481a2800  964       3       java.util.HashMap::putVal (300 bytes)
Event: 0,648 Thread 0x00007fe2481a2800 nmethod 964 0x00007fe229a11410 code [0x00007fe229a116c0, 0x00007fe229a136d0]
Event: 0,648 Thread 0x00007fe2481a2800  965   !   3       java.util.zip.Inflater::setInput (69 bytes)
Event: 0,648 Thread 0x00007fe2481a2800 nmethod 965 0x00007fe229a13b90 code [0x00007fe229a13d60, 0x00007fe229a14280]
Event: 0,648 Thread 0x00007fe2481a2800  963       3       jdk.internal.org.objectweb.asm.MethodWriter::visitCode (1 bytes)
Event: 0,648 Thread 0x00007fe2481a2800 nmethod 963 0x00007fe229a14410 code [0x00007fe229a145a0, 0x00007fe229a146b0]
Event: 0,648 Thread 0x00007fe2481a2800  966       3       java.lang.ThreadLocal::get (38 bytes)
Event: 0,648 Thread 0x00007fe2481a2800 nmethod 966 0x00007fe229a14710 code [0x00007fe229a148e0, 0x00007fe229a14d40]
Event: 0,648 Thread 0x00007fe2481a0800  962       4       java.lang.String::startsWith (138 bytes)
Event: 0,649 Thread 0x00007fe2481a2800  967       3       sun.nio.ch.Util::isBufferTooLarge (15 bytes)
Event: 0,649 Thread 0x00007fe2481a2800 nmethod 967 0x00007fe229a14e90 code [0x00007fe229a15020, 0x00007fe229a15170]

GC Heap History (2 events):
Event: 0,554 GC heap before
{Heap before GC invocations=0 (full 0):
 garbage-first heap   total 129024K, used 18152K [0x0000000084c00000, 0x0000000100000000)
  region size 1024K, 14 young (14336K), 0 survivors (0K)
 Metaspace       used 6377K, capacity 7247K, committed 7296K, reserved 1056768K
  class space    used 485K, capacity 623K, committed 640K, reserved 1048576K
}
Event: 0,561 GC heap after
{Heap after GC invocations=1 (full 0):
 garbage-first heap   total 129024K, used 6546K [0x0000000084c00000, 0x0000000100000000)
  region size 1024K, 2 young (2048K), 2 survivors (2048K)
 Metaspace       used 6377K, capacity 7247K, committed 7296K, reserved 1056768K
  class space    used 485K, capacity 623K, committed 640K, reserved 1048576K
}

Deoptimization events (20 events):
Event: 0,569 Thread 0x00007fe248028800 DEOPT PACKING pc=0x00007fe2299ebfe8 sp=0x00007fe24c1170a0
Event: 0,569 Thread 0x00007fe248028800 DEOPT UNPACKING pc=0x00007fe22928d451 sp=0x00007fe24c116598 mode 0
Event: 0,569 Thread 0x00007fe248028800 DEOPT PACKING pc=0x00007fe2299ebfe8 sp=0x00007fe24c1170a0
Event: 0,569 Thread 0x00007fe248028800 DEOPT UNPACKING pc=0x00007fe22928d451 sp=0x00007fe24c116598 mode 0
Event: 0,569 Thread 0x00007fe248028800 DEOPT PACKING pc=0x00007fe2299ebfe8 sp=0x00007fe24c1170a0
Event: 0,569 Thread 0x00007fe248028800 DEOPT UNPACKING pc=0x00007fe22928d451 sp=0x00007fe24c116598 mode 0
Event: 0,569 Thread 0x00007fe248028800 DEOPT PACKING pc=0x00007fe2299ebfe8 sp=0x00007fe24c1170a0
Event: 0,569 Thread 0x00007fe248028800 DEOPT UNPACKING pc=0x00007fe22928d451 sp=0x00007fe24c116598 mode 0
Event: 0,570 Thread 0x00007fe248028800 DEOPT PACKING pc=0x00007fe2299ebfe8 sp=0x00007fe24c1170a0
Event: 0,570 Thread 0x00007fe248028800 DEOPT UNPACKING pc=0x00007fe22928d451 sp=0x00007fe24c116598 mode 0
Event: 0,570 Thread 0x00007fe248028800 DEOPT PACKING pc=0x00007fe2299ebfe8 sp=0x00007fe24c1170a0
Event: 0,570 Thread 0x00007fe248028800 DEOPT UNPACKING pc=0x00007fe22928d451 sp=0x00007fe24c116598 mode 0
Event: 0,570 Thread 0x00007fe248028800 DEOPT PACKING pc=0x00007fe2299ebfe8 sp=0x00007fe24c1170a0
Event: 0,570 Thread 0x00007fe248028800 DEOPT UNPACKING pc=0x00007fe22928d451 sp=0x00007fe24c116598 mode 0
Event: 0,640 Thread 0x00007fe248028800 DEOPT PACKING pc=0x00007fe229a0b4e6 sp=0x00007fe24c117630
Event: 0,640 Thread 0x00007fe248028800 DEOPT UNPACKING pc=0x00007fe22928d451 sp=0x00007fe24c116c90 mode 0
Event: 0,642 Thread 0x00007fe248028800 Uncommon trap: trap_request=0xffffffed fr.pc=0x00007fe23359b90e relative=0x000000000000084e
Event: 0,642 Thread 0x00007fe248028800 Uncommon trap: reason=null_assert_or_unreached0 action=reinterpret pc=0x00007fe23359b90e method=com.kgaft.JavaGameEngine.Engine.GraphicsObjects.Texture.loadTexture(Ljava/awt/image/BufferedImage;)Lcom/kgaft/JavaGameEngine/Engine/GraphicsObjects/Texture; @ 
Event: 0,642 Thread 0x00007fe248028800 DEOPT PACKING pc=0x00007fe23359b90e sp=0x00007fe24c1177e0
Event: 0,642 Thread 0x00007fe248028800 DEOPT UNPACKING pc=0x00007fe22928d451 sp=0x00007fe24c116c90 mode 3

Classes redefined (0 events):
No events

Internal exceptions (20 events):
Event: 0,177 Thread 0x00007fe248028800 Exception <a 'java/lang/NoSuchMethodError'{0x000000008c394a18}: 'java.lang.Object java.lang.invoke.Invokers$Holder.linkToTargetMethod(java.lang.Object, long, java.lang.Object)'> (0x000000008c394a18) thrown at [./src/hotspot/share/interpreter/linkResolver.cpp, line 773]
Event: 0,178 Thread 0x00007fe248028800 Exception <a 'java/lang/NoSuchMethodError'{0x000000008c39ad50}: 'int java.lang.invoke.DirectMethodHandle$Holder.invokeStaticInit(java.lang.Object, java.lang.Object, java.lang.Object, long)'> (0x000000008c39ad50) thrown at [./src/hotspot/share/interpreter/linkResolver.cpp, line 773]
Event: 0,315 Thread 0x00007fe248028800 Exception <a 'sun/nio/fs/UnixException'{0x000000008c2ac348}> (0x000000008c2ac348) thrown at [./src/hotspot/share/prims/jni.cpp, line 613]
Event: 0,317 Thread 0x00007fe248028800 Exception <a 'sun/nio/fs/UnixException'{0x000000008c2c0ab0}> (0x000000008c2c0ab0) thrown at [./src/hotspot/share/prims/jni.cpp, line 613]
Event: 0,383 Thread 0x00007fe248028800 Exception <a 'java/lang/NoSuchMethodError'{0x000000008bf57f60}: 'void java.lang.invoke.DirectMethodHandle$Holder.invokeStatic(java.lang.Object, int, int)'> (0x000000008bf57f60) thrown at [./src/hotspot/share/interpreter/linkResolver.cpp, line 773]
Event: 0,404 Thread 0x00007fe248028800 Exception <a 'java/lang/NoSuchMethodError'{0x000000008bfc87b8}: 'java.lang.Object java.lang.invoke.DirectMethodHandle$Holder.invokeStatic(java.lang.Object, java.lang.Object, java.lang.Object, java.lang.Object, java.lang.Object, java.lang.Object, java.lang.Object, java.lang.Object, java.lang.Object, java.lang.Object, java.lang.Object, int)'> (0x000000008bfc87b8) thrown at [./src/hotspot/share/interpreter/linkResolver.cpp, line 773]
Event: 0,408 Thread 0x00007fe248028800 Exception <a 'java/lang/NoSuchMethodError'{0x000000008bfe7a18}: 'java.lang.Object java.lang.invoke.DirectMethodHandle$Holder.invokeStatic(java.lang.Object, java.lang.Object, java.lang.Object, java.lang.Object, java.lang.Object, java.lang.Object, java.lang.Object, java.lang.Object, java.lang.Object, java.lang.Object, java.lang.Object, int, int)'> (0x000000008bfe7a18) thrown at [./src/hotspot/share/interpreter/linkResolver.cpp, line 773]
Event: 0,411 Thread 0x00007fe248028800 Exception <a 'java/lang/NoSuchMethodError'{0x000000008be080b8}: 'java.lang.Object java.lang.invoke.DirectMethodHandle$Holder.invokeStatic(java.lang.Object, java.lang.Object, java.lang.Object, java.lang.Object, java.lang.Object, java.lang.Object, java.lang.Object, java.lang.Object, java.lang.Object, java.lang.Object, java.lang.Object, int, int, java.lang.Object)'> (0x000000008be080b8) thrown at [./src/hotspot/share/interpreter/linkResolver.cpp, line 773]
Event: 0,415 Thread 0x00007fe248028800 Exception <a 'java/lang/NoSuchMethodError'{0x000000008be288a8}: 'java.lang.Object java.lang.invoke.DirectMethodHandle$Holder.invokeStatic(java.lang.Object, java.lang.Object, java.lang.Object, java.lang.Object, java.lang.Object, java.lang.Object, java.lang.Object, java.lang.Object, java.lang.Object, java.lang.Object, java.lang.Object, int, int, java.lang.Object, java.lang.Object)'> (0x000000008be288a8) thrown at [./src/hotspot/share/interpreter/linkResolver.cpp, line 773]
Event: 0,422 Thread 0x00007fe248028800 Exception <a 'java/lang/NoSuchMethodError'{0x000000008be9d6a8}: 'void java.lang.invoke.DirectMethodHandle$Holder.invokeStatic(java.lang.Object, int, java.lang.Object)'> (0x000000008be9d6a8) thrown at [./src/hotspot/share/interpreter/linkResolver.cpp, line 773]
Event: 0,423 Thread 0x00007fe248028800 Exception <a 'java/lang/NoSuchMethodError'{0x000000008bea3138}: 'void java.lang.invoke.DirectMethodHandle$Holder.invokeStatic(java.lang.Object, int)'> (0x000000008bea3138) thrown at [./src/hotspot/share/interpreter/linkResolver.cpp, line 773]
Event: 0,430 Thread 0x00007fe248028800 Exception <a 'java/lang/ClassNotFoundException'{0x000000008bec1a98}: sun/awt/resources/spi/awtProvider> (0x000000008bec1a98) thrown at [./src/hotspot/share/classfile/systemDictionary.cpp, line 227]
Event: 0,449 Thread 0x00007fe248028800 Exception <a 'java/io/FileNotFoundException'{0x000000008bd315c0}> (0x000000008bd315c0) thrown at [./src/hotspot/share/prims/jni.cpp, line 613]
Event: 0,462 Thread 0x00007fe248028800 Exception <a 'java/lang/NoSuchMethodError'{0x000000008bd8c108}: 'java.lang.Object java.lang.invoke.DirectMethodHandle$Holder.invokeStatic(java.lang.Object, java.lang.Object, java.lang.Object, java.lang.Object, java.lang.Object, java.lang.Object, java.lang.Object, java.lang.Object, java.lang.Object, java.lang.Object, java.lang.Object, java.lang.Object, java.lang.Object, java.lang.Object, java.lang.Object)'> (0x000000008bd8c108) thrown at [./src/hotspot/share/interpreter/linkResolver.cpp, line 773]
Event: 0,463 Thread 0x00007fe248028800 Exception <a 'java/lang/NoSuchMethodError'{0x000000008bd99f28}: 'java.lang.Object java.lang.invoke.DirectMethodHandle$Holder.invokeStatic(java.lang.Object, java.lang.Object, java.lang.Object, java.lang.Object, java.lang.Object, java.lang.Object, java.lang.Object, java.lang.Object, java.lang.Object, java.lang.Object, java.lang.Object, java.lang.Object, java.lang.Object, java.lang.Object, java.lang.Object, java.lang.Object)'> (0x000000008bd99f28) thrown at [./src/hotspot/share/interpreter/linkResolver.cpp, l
Event: 0,464 Thread 0x00007fe248028800 Exception <a 'java/lang/NoSuchMethodError'{0x000000008bda7b98}: 'java.lang.Object java.lang.invoke.DirectMethodHandle$Holder.invokeSpecial(java.lang.Object, java.lang.Object, int, int, java.lang.Object, java.lang.Object, java.lang.Object)'> (0x000000008bda7b98) thrown at [./src/hotspot/share/interpreter/linkResolver.cpp, line 773]
Event: 0,464 Thread 0x00007fe248028800 Exception <a 'java/lang/NoSuchMethodError'{0x000000008bdab128}: 'java.lang.Object java.lang.invoke.DelegatingMethodHandle$Holder.reinvoke_L(java.lang.Object, int, int, java.lang.Object, java.lang.Object, java.lang.Object)'> (0x000000008bdab128) thrown at [./src/hotspot/share/interpreter/linkResolver.cpp, line 773]
Event: 0,465 Thread 0x00007fe248028800 Exception <a 'java/lang/NoSuchMethodError'{0x000000008bdaf3b0}: 'java.lang.Object java.lang.invoke.DirectMethodHandle$Holder.invokeStatic(java.lang.Object, java.lang.Object, java.lang.Object, java.lang.Object, int)'> (0x000000008bdaf3b0) thrown at [./src/hotspot/share/interpreter/linkResolver.cpp, line 773]
Event: 0,473 Thread 0x00007fe248028800 Exception <a 'java/io/FileNotFoundException'{0x000000008bc10620}> (0x000000008bc10620) thrown at [./src/hotspot/share/prims/jni.cpp, line 613]
Event: 0,649 Thread 0x00007fe248028800 Exception <a 'sun/nio/fs/UnixException'{0x000000008c7e4d50}> (0x000000008c7e4d50) thrown at [./src/hotspot/share/prims/jni.cpp, line 613]

Events (20 events):
Event: 0,507 loading class java/awt/image/IndexColorModel done
Event: 0,507 loading class sun/awt/image/ShortComponentRaster
Event: 0,507 loading class sun/awt/image/ShortComponentRaster done
Event: 0,507 loading class com/sun/imageio/plugins/common/ReaderUtil
Event: 0,507 loading class com/sun/imageio/plugins/common/ReaderUtil done
Event: 0,554 Executing VM operation: G1CollectForAllocation
Event: 0,561 Executing VM operation: G1CollectForAllocation done
Event: 0,561 Executing VM operation: RevokeBias
Event: 0,561 Executing VM operation: RevokeBias done
Event: 0,561 Executing VM operation: RevokeBias
Event: 0,561 Executing VM operation: RevokeBias done
Event: 0,561 Executing VM operation: RevokeBias
Event: 0,561 Executing VM operation: RevokeBias done
Event: 0,572 loading class java/io/RandomAccessFile$1
Event: 0,572 loading class java/io/RandomAccessFile$1 done
Event: 0,642 loading class org/lwjgl/stb/STBImage
Event: 0,642 loading class org/lwjgl/stb/STBImage done
Event: 0,643 loading class org/lwjgl/stb/LibSTB
Event: 0,643 loading class org/lwjgl/stb/LibSTB done
Event: 0,649 Loaded shared library /tmp/lwjgldaniil/3.3.1-build-7/liblwjgl_stb.so


Dynamic libraries:
40d8b000-40e3a000 rw-p 00000000 00:00 0 
41126000-41128000 r-xs 00000000 00:01 1911                               /memfd:/.glXXXXXX (deleted)
84c00000-8c800000 rw-p 00000000 00:00 0 
8c800000-ffc00000 ---p 00000000 00:00 0 
ffc00000-ffc4c000 rw-p 00aea000 08:22 8258411                            /home/daniil/.jdks/graalvm-ce-11/lib/server/classes.jsa
ffc4c000-ffd00000 rw-p 00000000 00:00 0 
ffd00000-ffd6e000 rw-p 00a7c000 08:22 8258411                            /home/daniil/.jdks/graalvm-ce-11/lib/server/classes.jsa
ffd6e000-ffe00000 rw-p 00000000 00:00 0 
ffe00000-100000000 ---p 00000000 00:00 0 
800000000-800002000 rwxp 00001000 08:22 8258411                          /home/daniil/.jdks/graalvm-ce-11/lib/server/classes.jsa
800002000-8003a3000 rw-p 00003000 08:22 8258411                          /home/daniil/.jdks/graalvm-ce-11/lib/server/classes.jsa
8003a3000-800a7a000 r--p 003a4000 08:22 8258411                          /home/daniil/.jdks/graalvm-ce-11/lib/server/classes.jsa
800a7a000-800a7b000 rw-p 00a7b000 08:22 8258411                          /home/daniil/.jdks/graalvm-ce-11/lib/server/classes.jsa
840000000-8400a0000 rw-p 00000000 00:00 0 
8400a0000-880000000 ---p 00000000 00:00 0 
55fcbdc00000-55fcbdc01000 r-xp 00000000 08:22 8258433                    /home/daniil/.jdks/graalvm-ce-11/bin/java
55fcbde01000-55fcbde02000 r--p 00001000 08:22 8258433                    /home/daniil/.jdks/graalvm-ce-11/bin/java
55fcbde02000-55fcbde03000 rw-p 00002000 08:22 8258433                    /home/daniil/.jdks/graalvm-ce-11/bin/java
55fcbe742000-55fcbe763000 rw-p 00000000 00:00 0                          [heap]
7fe1c33ff000-7fe1c3800000 rw-p 00000000 00:00 0 
7fe1c3800000-7fe1c3870000 r-xp 00000000 08:22 21897886                   /tmp/lwjgldaniil/3.3.1-build-7/liblwjgl_stb.so
7fe1c3870000-7fe1c3a70000 ---p 00070000 08:22 21897886                   /tmp/lwjgldaniil/3.3.1-build-7/liblwjgl_stb.so
7fe1c3a70000-7fe1c3a71000 r--p 00070000 08:22 21897886                   /tmp/lwjgldaniil/3.3.1-build-7/liblwjgl_stb.so
7fe1c3a71000-7fe1c3a72000 rw-p 00071000 08:22 21897886                   /tmp/lwjgldaniil/3.3.1-build-7/liblwjgl_stb.so
7fe1c3bff000-7fe1c4000000 rw-p 00000000 00:00 0 
7fe1c4000000-7fe1c4021000 rw-p 00000000 00:00 0 
7fe1c4021000-7fe1c8000000 ---p 00000000 00:00 0 
7fe1c8000000-7fe1c8021000 rw-p 00000000 00:00 0 
7fe1c8021000-7fe1cc000000 ---p 00000000 00:00 0 
7fe1cc000000-7fe1cc021000 rw-p 00000000 00:00 0 
7fe1cc021000-7fe1d0000000 ---p 00000000 00:00 0 
7fe1d0000000-7fe1d0021000 rw-p 00000000 00:00 0 
7fe1d0021000-7fe1d4000000 ---p 00000000 00:00 0 
7fe1d4200000-7fe1d425f000 r-xp 00000000 08:22 8258367                    /home/daniil/.jdks/graalvm-ce-11/lib/libawt_xawt.so
7fe1d425f000-7fe1d445f000 ---p 0005f000 08:22 8258367                    /home/daniil/.jdks/graalvm-ce-11/lib/libawt_xawt.so
7fe1d445f000-7fe1d4460000 r--p 0005f000 08:22 8258367                    /home/daniil/.jdks/graalvm-ce-11/lib/libawt_xawt.so
7fe1d4460000-7fe1d4462000 rw-p 00060000 08:22 8258367                    /home/daniil/.jdks/graalvm-ce-11/lib/libawt_xawt.so
7fe1d4462000-7fe1d4464000 rw-p 00000000 00:00 0 
7fe1d4600000-7fe1d46a0000 r-xp 00000000 08:22 8258363                    /home/daniil/.jdks/graalvm-ce-11/lib/libawt.so
7fe1d46a0000-7fe1d48a0000 ---p 000a0000 08:22 8258363                    /home/daniil/.jdks/graalvm-ce-11/lib/libawt.so
7fe1d48a0000-7fe1d48a1000 r--p 000a0000 08:22 8258363                    /home/daniil/.jdks/graalvm-ce-11/lib/libawt.so
7fe1d48a1000-7fe1d48ac000 rw-p 000a1000 08:22 8258363                    /home/daniil/.jdks/graalvm-ce-11/lib/libawt.so
7fe1d48ac000-7fe1d48d1000 rw-p 00000000 00:00 0 
7fe1d4a00000-7fe1d4a56000 r-xp 00000000 08:22 21897882                   /tmp/lwjgldaniil/3.3.1-build-7/liblwjgl_opengl.so
7fe1d4a56000-7fe1d4c55000 ---p 00056000 08:22 21897882                   /tmp/lwjgldaniil/3.3.1-build-7/liblwjgl_opengl.so
7fe1d4c55000-7fe1d4c56000 r--p 00055000 08:22 21897882                   /tmp/lwjgldaniil/3.3.1-build-7/liblwjgl_opengl.so
7fe1d4c56000-7fe1d4c57000 rw-p 00056000 08:22 21897882                   /tmp/lwjgldaniil/3.3.1-build-7/liblwjgl_opengl.so
7fe1d4e00000-7fe1d506a000 r-xp 00000000 08:22 20057637                   /usr/lib/x86_64-linux-gnu/libnvidia-glcore.so.515.65.01
7fe1d506a000-7fe1d508b000 rwxp 0026a000 08:22 20057637                   /usr/lib/x86_64-linux-gnu/libnvidia-glcore.so.515.65.01
7fe1d508b000-7fe1d6afe000 r-xp 0028b000 08:22 20057637                   /usr/lib/x86_64-linux-gnu/libnvidia-glcore.so.515.65.01
7fe1d6afe000-7fe1d6cfd000 ---p 01cfe000 08:22 20057637                   /usr/lib/x86_64-linux-gnu/libnvidia-glcore.so.515.65.01
7fe1d6cfd000-7fe1d72a3000 r--p 01cfd000 08:22 20057637                   /usr/lib/x86_64-linux-gnu/libnvidia-glcore.so.515.65.01
7fe1d72a3000-7fe1d7310000 rw-p 022a3000 08:22 20057637                   /usr/lib/x86_64-linux-gnu/libnvidia-glcore.so.515.65.01
7fe1d7310000-7fe1d7339000 rw-p 00000000 00:00 0 
7fe1d7400000-7fe1d7403000 r-xp 00000000 08:22 20057643                   /usr/lib/x86_64-linux-gnu/libnvidia-tls.so.515.65.01
7fe1d7403000-7fe1d7603000 ---p 00003000 08:22 20057643                   /usr/lib/x86_64-linux-gnu/libnvidia-tls.so.515.65.01
7fe1d7603000-7fe1d7604000 r--p 00003000 08:22 20057643                   /usr/lib/x86_64-linux-gnu/libnvidia-tls.so.515.65.01
7fe1d7604000-7fe1d7605000 rw-p 00004000 08:22 20057643                   /usr/lib/x86_64-linux-gnu/libnvidia-tls.so.515.65.01
7fe1d7800000-7fe1d7873000 r-xp 00000000 08:22 20057638                   /usr/lib/x86_64-linux-gnu/libnvidia-glsi.so.515.65.01
7fe1d7873000-7fe1d7a73000 ---p 00073000 08:22 20057638                   /usr/lib/x86_64-linux-gnu/libnvidia-glsi.so.515.65.01
7fe1d7a73000-7fe1d7a9c000 r--p 00073000 08:22 20057638                   /usr/lib/x86_64-linux-gnu/libnvidia-glsi.so.515.65.01
7fe1d7a9c000-7fe1d7a9d000 rw-p 0009c000 08:22 20057638                   /usr/lib/x86_64-linux-gnu/libnvidia-glsi.so.515.65.01
7fe1d7a9d000-7fe1d7aa5000 rw-p 00000000 00:00 0 
7fe1d7c00000-7fe1d7cb2000 r-xp 00000000 08:22 20057634                   /usr/lib/x86_64-linux-gnu/libGLX_nvidia.so.515.65.01
7fe1d7cb2000-7fe1d7ce7000 rwxp 000b2000 08:22 20057634                   /usr/lib/x86_64-linux-gnu/libGLX_nvidia.so.515.65.01
7fe1d7ce7000-7fe1d7cee000 r-xp 000e7000 08:22 20057634                   /usr/lib/x86_64-linux-gnu/libGLX_nvidia.so.515.65.01
7fe1d7cee000-7fe1d7eed000 ---p 000ee000 08:22 20057634                   /usr/lib/x86_64-linux-gnu/libGLX_nvidia.so.515.65.01
7fe1d7eed000-7fe1d7f36000 r--p 000ed000 08:22 20057634                   /usr/lib/x86_64-linux-gnu/libGLX_nvidia.so.515.65.01
7fe1d7f36000-7fe1d7f3b000 rw-p 00136000 08:22 20057634                   /usr/lib/x86_64-linux-gnu/libGLX_nvidia.so.515.65.01
7fe1d7f3b000-7fe1d7f3d000 rw-p 00000000 00:00 0 
7fe1d8000000-7fe1d8021000 rw-p 00000000 00:00 0 
7fe1d8021000-7fe1dc000000 ---p 00000000 00:00 0 
7fe1dc000000-7fe1dc1c9000 rw-p 00000000 00:00 0 
7fe1dc1c9000-7fe1e0000000 ---p 00000000 00:00 0 
7fe1e0100000-7fe1e0200000 rw-p 00000000 00:00 0 
7fe1e025b000-7fe1e0400000 rw-s 00000000 00:01 2053                       /memfd:/.nvidia_drv.XXXXXX (deleted)
7fe1e0400000-7fe1e0457000 r-xp 00000000 08:22 21897880                   /tmp/lwjgldaniil/3.3.1-build-7/libglfw.so
7fe1e0457000-7fe1e0656000 ---p 00057000 08:22 21897880                   /tmp/lwjgldaniil/3.3.1-build-7/libglfw.so
7fe1e0656000-7fe1e0659000 r--p 00056000 08:22 21897880                   /tmp/lwjgldaniil/3.3.1-build-7/libglfw.so
7fe1e0659000-7fe1e065b000 rw-p 00059000 08:22 21897880                   /tmp/lwjgldaniil/3.3.1-build-7/libglfw.so
7fe1e065b000-7fe1e067e000 rw-p 00000000 00:00 0 
7fe1e06fe000-7fe1e06ff000 ---p 00000000 00:00 0 
7fe1e06ff000-7fe1e0800000 rw-p 00000000 00:00 0 
7fe1e0800000-7fe1e086b000 r-xp 00000000 08:22 21897878                   /tmp/lwjgldaniil/3.3.1-build-7/liblwjgl.so
7fe1e086b000-7fe1e0a6a000 ---p 0006b000 08:22 21897878                   /tmp/lwjgldaniil/3.3.1-build-7/liblwjgl.so
7fe1e0a6a000-7fe1e0a6b000 r--p 0006a000 08:22 21897878                   /tmp/lwjgldaniil/3.3.1-build-7/liblwjgl.so
7fe1e0a6b000-7fe1e0a6c000 rw-p 0006b000 08:22 21897878                   /tmp/lwjgldaniil/3.3.1-build-7/liblwjgl.so
7fe1e0afe000-7fe1e0aff000 ---p 00000000 00:00 0 
7fe1e0aff000-7fe1e0d00000 rw-p 00000000 00:00 0 
7fe1e0e00000-7fe1e0f00000 rw-p 00000000 00:00 0 
7fe1e1000000-7fe1e1100000 rw-p 00000000 00:00 0 
7fe1e1200000-7fe1e1300000 rw-p 00000000 00:00 0 
7fe1e1400000-7fe1e1500000 rw-p 00000000 00:00 0 
7fe1e1600000-7fe1e1700000 rw-p 00000000 00:00 0 
7fe1e1800000-7fe1e1900000 rw-p 00000000 00:00 0 
7fe1e1a00000-7fe1e1b00000 rw-p 00000000 00:00 0 
7fe1e1c00000-7fe1e1d00000 rw-p 00000000 00:00 0 
7fe1e1e00000-7fe1e1f00000 rw-p 00000000 00:00 0 
7fe1e2000000-7fe1e2002000 r-xp 00000000 08:22 8258359                    /home/daniil/.jdks/graalvm-ce-11/lib/libextnet.so
7fe1e2002000-7fe1e2201000 ---p 00002000 08:22 8258359                    /home/daniil/.jdks/graalvm-ce-11/lib/libextnet.so
7fe1e2201000-7fe1e2202000 r--p 00001000 08:22 8258359                    /home/daniil/.jdks/graalvm-ce-11/lib/libextnet.so
7fe1e2202000-7fe1e2203000 rw-p 00002000 08:22 8258359                    /home/daniil/.jdks/graalvm-ce-11/lib/libextnet.so
7fe1e22c0000-7fe1e22d9000 r--p 00000000 08:22 20059949                   /usr/lib/x86_64-linux-gnu/libX11.so.6.4.0
7fe1e22d9000-7fe1e2365000 r-xp 00019000 08:22 20059949                   /usr/lib/x86_64-linux-gnu/libX11.so.6.4.0
7fe1e2365000-7fe1e23fa000 r--p 000a5000 08:22 20059949                   /usr/lib/x86_64-linux-gnu/libX11.so.6.4.0
7fe1e23fa000-7fe1e23fb000 ---p 0013a000 08:22 20059949                   /usr/lib/x86_64-linux-gnu/libX11.so.6.4.0
7fe1e23fb000-7fe1e23fc000 r--p 0013a000 08:22 20059949                   /usr/lib/x86_64-linux-gnu/libX11.so.6.4.0
7fe1e23fc000-7fe1e2400000 rw-p 0013b000 08:22 20059949                   /usr/lib/x86_64-linux-gnu/libX11.so.6.4.0
7fe1e2400000-7fe1e2500000 rw-p 00000000 00:00 0 
7fe1e2600000-7fe1e2700000 rw-p 00000000 00:00 0 
7fe1e2800000-7fe1e2900000 rw-p 00000000 00:00 0 
7fe1e2a00000-7fe1e2b00000 rw-p 00000000 00:00 0 
7fe1e2c00000-7fe1e2d00000 rw-p 00000000 00:00 0 
7fe1e2e00000-7fe1e2f00000 rw-p 00000000 00:00 0 
7fe1e3000000-7fe1e3100000 rw-p 00000000 00:00 0 
7fe1e3200000-7fe1e3300000 rw-p 00000000 00:00 0 
7fe1e3400000-7fe1e3500000 rw-p 00000000 00:00 0 
7fe1e3600000-7fe1e3700000 rw-p 00000000 00:00 0 
7fe1e3800000-7fe1e3900000 rw-p 00000000 00:00 0 
7fe1e3a00000-7fe1e3b00000 rw-p 00000000 00:00 0 
7fe1e3c00000-7fe1e3c15000 r-xp 00000000 08:22 8258384                    /home/daniil/.jdks/graalvm-ce-11/lib/libnet.so
7fe1e3c15000-7fe1e3e14000 ---p 00015000 08:22 8258384                    /home/daniil/.jdks/graalvm-ce-11/lib/libnet.so
7fe1e3e14000-7fe1e3e15000 r--p 00014000 08:22 8258384                    /home/daniil/.jdks/graalvm-ce-11/lib/libnet.so
7fe1e3e15000-7fe1e3e16000 rw-p 00015000 08:22 8258384                    /home/daniil/.jdks/graalvm-ce-11/lib/libnet.so
7fe1e3efe000-7fe1e3eff000 ---p 00000000 00:00 0 
7fe1e3eff000-7fe1e4000000 rw-p 00000000 00:00 0 
7fe1e4000000-7fe1e4021000 rw-p 00000000 00:00 0 
7fe1e4021000-7fe1e8000000 ---p 00000000 00:00 0 
7fe1e8000000-7fe1e8021000 rw-p 00000000 00:00 0 
7fe1e8021000-7fe1ec000000 ---p 00000000 00:00 0 
7fe1ec000000-7fe1ec366000 rw-p 00000000 00:00 0 
7fe1ec366000-7fe1f0000000 ---p 00000000 00:00 0 
7fe1f0000000-7fe1f0059000 rw-p 00000000 00:00 0 
7fe1f0059000-7fe1f4000000 ---p 00000000 00:00 0 
7fe1f4000000-7fe1f4100000 rw-p 00000000 00:00 0 
7fe1f4100000-7fe1f4104000 ---p 00000000 00:00 0 
7fe1f4104000-7fe1f4200000 rw-p 00000000 00:00 0 
7fe1f4200000-7fe1f4210000 r-xp 00000000 08:22 8258385                    /home/daniil/.jdks/graalvm-ce-11/lib/libnio.so
7fe1f4210000-7fe1f4410000 ---p 00010000 08:22 8258385                    /home/daniil/.jdks/graalvm-ce-11/lib/libnio.so
7fe1f4410000-7fe1f4411000 r--p 00010000 08:22 8258385                    /home/daniil/.jdks/graalvm-ce-11/lib/libnio.so
7fe1f4411000-7fe1f4412000 rw-p 00011000 08:22 8258385                    /home/daniil/.jdks/graalvm-ce-11/lib/libnio.so
7fe1f4500000-7fe1f4600000 rw-p 00000000 00:00 0 
7fe1f4600000-7fe1f4700000 rw-s 00000000 00:05 987                        /dev/nvidiactl
7fe1f4700000-7fe1f4800000 ---p 00000000 00:00 0 
7fe1f4800000-7fe1f4d60000 r--p 01019000 08:22 8258308                    /home/daniil/.jdks/graalvm-ce-11/lib/libjvmcicompiler.so
7fe1f4d60000-7fe1f4e00000 r--p 00000000 00:00 0 
7fe1f4e00000-7fe1f4ede000 rw-p 00000000 00:00 0 
7fe1f4ede000-7fe1f5356000 rw-p 016f7000 08:22 8258308                    /home/daniil/.jdks/graalvm-ce-11/lib/libjvmcicompiler.so
7fe1f5356000-7fe1f5704000 r--p 01b6f000 08:22 8258308                    /home/daniil/.jdks/graalvm-ce-11/lib/libjvmcicompiler.so
7fe1f5800000-7fe1f7720000 r-xp 00000000 08:22 8258308                    /home/daniil/.jdks/graalvm-ce-11/lib/libjvmcicompiler.so
7fe1f7720000-7fe1f791f000 ---p 01f20000 08:22 8258308                    /home/daniil/.jdks/graalvm-ce-11/lib/libjvmcicompiler.so
7fe1f791f000-7fe1f7920000 r--p 01f1f000 08:22 8258308                    /home/daniil/.jdks/graalvm-ce-11/lib/libjvmcicompiler.so
7fe1f7920000-7fe1f7922000 rw-p 01f20000 08:22 8258308                    /home/daniil/.jdks/graalvm-ce-11/lib/libjvmcicompiler.so
7fe1f7922000-7fe1f7923000 rw-p 00000000 00:00 0 
7fe1f7a00000-7fe1f7a04000 ---p 00000000 00:00 0 
7fe1f7a04000-7fe1f7b00000 rw-p 00000000 00:00 0 
7fe1f7b00000-7fe1f7b04000 ---p 00000000 00:00 0 
7fe1f7b04000-7fe1f7d00000 rw-p 00000000 00:00 0 
7fe1f7d00000-7fe1f7d04000 ---p 00000000 00:00 0 
7fe1f7d04000-7fe1f7e00000 rw-p 00000000 00:00 0 
7fe1f7e00000-7fe1f7e04000 ---p 00000000 00:00 0 
7fe1f7e04000-7fe1f8000000 rw-p 00000000 00:00 0 
7fe1f8000000-7fe1f8021000 rw-p 00000000 00:00 0 
7fe1f8021000-7fe1fc000000 ---p 00000000 00:00 0 
7fe1fc000000-7fe1fc021000 rw-p 00000000 00:00 0 
7fe1fc021000-7fe200000000 ---p 00000000 00:00 0 
7fe200000000-7fe200021000 rw-p 00000000 00:00 0 
7fe200021000-7fe204000000 ---p 00000000 00:00 0 
7fe204000000-7fe204021000 rw-p 00000000 00:00 0 
7fe204021000-7fe208000000 ---p 00000000 00:00 0 
7fe208000000-7fe208021000 rw-p 00000000 00:00 0 
7fe208021000-7fe20c000000 ---p 00000000 00:00 0 
7fe20c000000-7fe20c021000 rw-p 00000000 00:00 0 
7fe20c021000-7fe210000000 ---p 00000000 00:00 0 
7fe210000000-7fe210021000 rw-p 00000000 00:00 0 
7fe210021000-7fe214000000 ---p 00000000 00:00 0 
7fe214000000-7fe214021000 rw-p 00000000 00:00 0 
7fe214021000-7fe218000000 ---p 00000000 00:00 0 
7fe218013000-7fe218017000 ---p 00000000 00:00 0 
7fe218017000-7fe218113000 rw-p 00000000 00:00 0 
7fe218113000-7fe218117000 ---p 00000000 00:00 0 
7fe218117000-7fe218313000 rw-p 00000000 00:00 0 
7fe218313000-7fe218317000 ---p 00000000 00:00 0 
7fe218317000-7fe218413000 rw-p 00000000 00:00 0 
7fe218413000-7fe218417000 ---p 00000000 00:00 0 
7fe218417000-7fe218513000 rw-p 00000000 00:00 0 
7fe218513000-7fe2192fa000 r--p 00000000 08:22 20059453                   /usr/lib/locale/locale-archive
7fe2192fa000-7fe2192fe000 ---p 00000000 00:00 0 
7fe2192fe000-7fe2193fa000 rw-p 00000000 00:00 0 
7fe2193fa000-7fe2193fe000 ---p 00000000 00:00 0 
7fe2193fe000-7fe2194fa000 rw-p 00000000 00:00 0 
7fe2194fa000-7fe2194fb000 ---p 00000000 00:00 0 
7fe2194fb000-7fe219cbc000 rw-p 00000000 00:00 0 
7fe219cbc000-7fe219dfc000 ---p 00000000 00:00 0 
7fe219dfc000-7fe219dfd000 ---p 00000000 00:00 0 
7fe219dfd000-7fe219efe000 rw-p 00000000 00:00 0 
7fe219efe000-7fe219eff000 ---p 00000000 00:00 0 
7fe219eff000-7fe21c000000 rw-p 00000000 00:00 0 
7fe21c000000-7fe21c021000 rw-p 00000000 00:00 0 
7fe21c021000-7fe220000000 ---p 00000000 00:00 0 
7fe22005e000-7fe220450000 rw-p 00000000 00:00 0 
7fe220450000-7fe222120000 ---p 00000000 00:00 0 
7fe222120000-7fe222128000 rw-p 00000000 00:00 0 
7fe222128000-7fe222130000 ---p 00000000 00:00 0 
7fe222130000-7fe222320000 rw-p 00000000 00:00 0 
7fe222320000-7fe223ff0000 ---p 00000000 00:00 0 
7fe223ff0000-7fe223ff8000 rw-p 00000000 00:00 0 
7fe223ff8000-7fe224000000 ---p 00000000 00:00 0 
7fe224000000-7fe224021000 rw-p 00000000 00:00 0 
7fe224021000-7fe228000000 ---p 00000000 00:00 0 
7fe22802d000-7fe2280ad000 rw-s 00000000 00:05 987                        /dev/nvidiactl
7fe2280ad000-7fe2282af000 rw-p 00000000 00:00 0 
7fe2282af000-7fe2282b0000 ---p 00000000 00:00 0 
7fe2282b0000-7fe2283b1000 rw-p 00000000 00:00 0 
7fe2283b1000-7fe2283b2000 ---p 00000000 00:00 0 
7fe2283b2000-7fe2284f1000 rw-p 00000000 00:00 0 
7fe2284f1000-7fe22888b000 ---p 00000000 00:00 0 
7fe22888b000-7fe22888c000 rw-p 00000000 00:00 0 
7fe22888c000-7fe22888d000 ---p 00000000 00:00 0 
7fe22888d000-7fe2288cb000 rw-p 00000000 00:00 0 
7fe2288cb000-7fe228c65000 ---p 00000000 00:00 0 
7fe228c65000-7fe228c66000 rw-p 00000000 00:00 0 
7fe228c66000-7fe228c67000 ---p 00000000 00:00 0 
7fe228c67000-7fe228ca5000 rw-p 00000000 00:00 0 
7fe228ca5000-7fe22903f000 ---p 00000000 00:00 0 
7fe22903f000-7fe229040000 rw-p 00000000 00:00 0 
7fe229040000-7fe229041000 ---p 00000000 00:00 0 
7fe229041000-7fe229243000 rw-p 00000000 00:00 0 
7fe229243000-7fe22a85e000 rwxp 00000000 00:00 0 
7fe22a85e000-7fe233550000 ---p 00000000 00:00 0 
7fe233550000-7fe234550000 rwxp 00000000 00:00 0 
7fe234550000-7fe23d243000 ---p 00000000 00:00 0 
7fe23d243000-7fe246c00000 r--s 00000000 08:22 8258358                    /home/daniil/.jdks/graalvm-ce-11/lib/modules
7fe246c00000-7fe246c07000 r-xp 00000000 08:22 8258382                    /home/daniil/.jdks/graalvm-ce-11/lib/libzip.so
7fe246c07000-7fe246e07000 ---p 00007000 08:22 8258382                    /home/daniil/.jdks/graalvm-ce-11/lib/libzip.so
7fe246e07000-7fe246e08000 r--p 00007000 08:22 8258382                    /home/daniil/.jdks/graalvm-ce-11/lib/libzip.so
7fe246e08000-7fe246e09000 rw-p 00008000 08:22 8258382                    /home/daniil/.jdks/graalvm-ce-11/lib/libzip.so
7fe246e6c000-7fe246e7f000 rw-s 00000000 00:05 987                        /dev/nvidiactl
7fe246e7f000-7fe246ebf000 rw-s 00000000 00:05 987                        /dev/nvidiactl
7fe246ebf000-7fe246eff000 rw-s 00000000 00:05 987                        /dev/nvidiactl
7fe246eff000-7fe247000000 rw-p 00000000 00:00 0 
7fe247000000-7fe24700a000 r-xp 00000000 08:22 8258397                    /home/daniil/.jdks/graalvm-ce-11/lib/libinstrument.so
7fe24700a000-7fe247209000 ---p 0000a000 08:22 8258397                    /home/daniil/.jdks/graalvm-ce-11/lib/libinstrument.so
7fe247209000-7fe24720a000 r--p 00009000 08:22 8258397                    /home/daniil/.jdks/graalvm-ce-11/lib/libinstrument.so
7fe24720a000-7fe24720b000 rw-p 0000a000 08:22 8258397                    /home/daniil/.jdks/graalvm-ce-11/lib/libinstrument.so
7fe24720e000-7fe247215000 r--s 00000000 08:22 20713805                   /usr/lib/x86_64-linux-gnu/gconv/gconv-modules.cache
7fe247215000-7fe247235000 rw-s 00000000 00:05 987                        /dev/nvidiactl
7fe247235000-7fe247255000 rw-s 00000000 00:05 987                        /dev/nvidiactl
7fe247255000-7fe247295000 rw-s 00000000 00:05 987                        /dev/nvidiactl
7fe247295000-7fe2472b5000 rw-s 00000000 00:05 987                        /dev/nvidiactl
7fe2472b5000-7fe2472ba000 r--p 00000000 08:22 20060400                   /usr/lib/x86_64-linux-gnu/libdrm.so.2.4.0
7fe2472ba000-7fe2472c5000 r-xp 00005000 08:22 20060400                   /usr/lib/x86_64-linux-gnu/libdrm.so.2.4.0
7fe2472c5000-7fe2472c9000 r--p 00010000 08:22 20060400                   /usr/lib/x86_64-linux-gnu/libdrm.so.2.4.0
7fe2472c9000-7fe2472ca000 r--p 00013000 08:22 20060400                   /usr/lib/x86_64-linux-gnu/libdrm.so.2.4.0
7fe2472ca000-7fe2472cb000 rw-p 00014000 08:22 20060400                   /usr/lib/x86_64-linux-gnu/libdrm.so.2.4.0
7fe2472cb000-7fe2472ce000 r--p 00000000 08:22 20059926                   /usr/lib/x86_64-linux-gnu/libGLX.so.0.0.0
7fe2472ce000-7fe2472e9000 r-xp 00003000 08:22 20059926                   /usr/lib/x86_64-linux-gnu/libGLX.so.0.0.0
7fe2472e9000-7fe2472ec000 r--p 0001e000 08:22 20059926                   /usr/lib/x86_64-linux-gnu/libGLX.so.0.0.0
7fe2472ec000-7fe2472ed000 ---p 00021000 08:22 20059926                   /usr/lib/x86_64-linux-gnu/libGLX.so.0.0.0
7fe2472ed000-7fe2472ee000 r--p 00021000 08:22 20059926                   /usr/lib/x86_64-linux-gnu/libGLX.so.0.0.0
7fe2472ee000-7fe2472ef000 rw-p 00022000 08:22 20059926                   /usr/lib/x86_64-linux-gnu/libGLX.so.0.0.0
7fe2472ef000-7fe247400000 rw-p 00000000 00:00 0 
7fe247400000-7fe24741b000 r-xp 00000000 08:22 8258383                    /home/daniil/.jdks/graalvm-ce-11/lib/libjimage.so
7fe24741b000-7fe24761a000 ---p 0001b000 08:22 8258383                    /home/daniil/.jdks/graalvm-ce-11/lib/libjimage.so
7fe24761a000-7fe24761c000 r--p 0001a000 08:22 8258383                    /home/daniil/.jdks/graalvm-ce-11/lib/libjimage.so
7fe24761c000-7fe24761d000 rw-p 0001c000 08:22 8258383                    /home/daniil/.jdks/graalvm-ce-11/lib/libjimage.so
7fe247621000-7fe247623000 r--p 00000000 08:22 20059992                   /usr/lib/x86_64-linux-gnu/libXtst.so.6.1.0
7fe247623000-7fe247626000 r-xp 00002000 08:22 20059992                   /usr/lib/x86_64-linux-gnu/libXtst.so.6.1.0
7fe247626000-7fe247627000 r--p 00005000 08:22 20059992                   /usr/lib/x86_64-linux-gnu/libXtst.so.6.1.0
7fe247627000-7fe247628000 r--p 00005000 08:22 20059992                   /usr/lib/x86_64-linux-gnu/libXtst.so.6.1.0
7fe247628000-7fe247629000 rw-p 00006000 08:22 20059992                   /usr/lib/x86_64-linux-gnu/libXtst.so.6.1.0
7fe247629000-7fe247634000 r--p 00000000 08:22 20061534                   /usr/lib/x86_64-linux-gnu/libxcb-glx.so.0.0.0
7fe247634000-7fe24763d000 r-xp 0000b000 08:22 20061534                   /usr/lib/x86_64-linux-gnu/libxcb-glx.so.0.0.0
7fe24763d000-7fe247642000 r--p 00014000 08:22 20061534                   /usr/lib/x86_64-linux-gnu/libxcb-glx.so.0.0.0
7fe247642000-7fe247643000 ---p 00019000 08:22 20061534                   /usr/lib/x86_64-linux-gnu/libxcb-glx.so.0.0.0
7fe247643000-7fe247645000 r--p 00019000 08:22 20061534                   /usr/lib/x86_64-linux-gnu/libxcb-glx.so.0.0.0
7fe247645000-7fe247646000 rw-p 0001b000 08:22 20061534                   /usr/lib/x86_64-linux-gnu/libxcb-glx.so.0.0.0
7fe247646000-7fe247686000 r--p 00000000 08:22 20059931                   /usr/lib/x86_64-linux-gnu/libGLdispatch.so.0.0.0
7fe247686000-7fe247689000 r-xp 00040000 08:22 20059931                   /usr/lib/x86_64-linux-gnu/libGLdispatch.so.0.0.0
7fe247689000-7fe2476c4000 r-xp 00043000 08:22 20059931                   /usr/lib/x86_64-linux-gnu/libGLdispatch.so.0.0.0
7fe2476c4000-7fe2476c5000 r-xp 0007e000 08:22 20059931                   /usr/lib/x86_64-linux-gnu/libGLdispatch.so.0.0.0
7fe2476c5000-7fe2476d8000 r--p 0007f000 08:22 20059931                   /usr/lib/x86_64-linux-gnu/libGLdispatch.so.0.0.0
7fe2476d8000-7fe2476d9000 ---p 00092000 08:22 20059931                   /usr/lib/x86_64-linux-gnu/libGLdispatch.so.0.0.0
7fe2476d9000-7fe2476f5000 r--p 00092000 08:22 20059931                   /usr/lib/x86_64-linux-gnu/libGLdispatch.so.0.0.0
7fe2476f5000-7fe2476f6000 rw-p 000ae000 08:22 20059931                   /usr/lib/x86_64-linux-gnu/libGLdispatch.so.0.0.0
7fe2476f6000-7fe2476fe000 rw-p 00000000 00:00 0 
7fe2476fe000-7fe2476ff000 ---p 00000000 00:00 0 
7fe2476ff000-7fe247800000 rw-p 00000000 00:00 0 
7fe247800000-7fe24782a000 r-xp 00000000 08:22 8258381                    /home/daniil/.jdks/graalvm-ce-11/lib/libjava.so
7fe24782a000-7fe247a29000 ---p 0002a000 08:22 8258381                    /home/daniil/.jdks/graalvm-ce-11/lib/libjava.so
7fe247a29000-7fe247a2a000 r--p 00029000 08:22 8258381                    /home/daniil/.jdks/graalvm-ce-11/lib/libjava.so
7fe247a2a000-7fe247a2b000 rw-p 0002a000 08:22 8258381                    /home/daniil/.jdks/graalvm-ce-11/lib/libjava.so
7fe247a2b000-7fe247a2c000 rw-p 00000000 00:00 0 
7fe247a2e000-7fe247a71000 r--p 00000000 08:22 20059920                   /usr/lib/x86_64-linux-gnu/libGL.so.1.7.0
7fe247a71000-7fe247a74000 r-xp 00043000 08:22 20059920                   /usr/lib/x86_64-linux-gnu/libGL.so.1.7.0
7fe247a74000-7fe247a8f000 r-xp 00046000 08:22 20059920                   /usr/lib/x86_64-linux-gnu/libGL.so.1.7.0
7fe247a8f000-7fe247a90000 r-xp 00061000 08:22 20059920                   /usr/lib/x86_64-linux-gnu/libGL.so.1.7.0
7fe247a90000-7fe247aa5000 r--p 00062000 08:22 20059920                   /usr/lib/x86_64-linux-gnu/libGL.so.1.7.0
7fe247aa5000-7fe247ab3000 r--p 00076000 08:22 20059920                   /usr/lib/x86_64-linux-gnu/libGL.so.1.7.0
7fe247ab3000-7fe247ab4000 rw-p 00084000 08:22 20059920                   /usr/lib/x86_64-linux-gnu/libGL.so.1.7.0
7fe247ab4000-7fe247ab5000 rw-p 00000000 00:00 0 
7fe247ab5000-7fe247ab6000 r--p 00000000 08:22 20059947                   /usr/lib/x86_64-linux-gnu/libX11-xcb.so.1.0.0
7fe247ab6000-7fe247ab7000 r-xp 00001000 08:22 20059947                   /usr/lib/x86_64-linux-gnu/libX11-xcb.so.1.0.0
7fe247ab7000-7fe247ab8000 r--p 00002000 08:22 20059947                   /usr/lib/x86_64-linux-gnu/libX11-xcb.so.1.0.0
7fe247ab8000-7fe247ab9000 r--p 00002000 08:22 20059947                   /usr/lib/x86_64-linux-gnu/libX11-xcb.so.1.0.0
7fe247ab9000-7fe247aba000 rw-p 00003000 08:22 20059947                   /usr/lib/x86_64-linux-gnu/libX11-xcb.so.1.0.0
7fe247aba000-7fe247abc000 r--p 00000000 08:22 20059960                   /usr/lib/x86_64-linux-gnu/libXcursor.so.1.0.2
7fe247abc000-7fe247ac2000 r-xp 00002000 08:22 20059960                   /usr/lib/x86_64-linux-gnu/libXcursor.so.1.0.2
7fe247ac2000-7fe247ac4000 r--p 00008000 08:22 20059960                   /usr/lib/x86_64-linux-gnu/libXcursor.so.1.0.2
7fe247ac4000-7fe247ac5000 r--p 00009000 08:22 20059960                   /usr/lib/x86_64-linux-gnu/libXcursor.so.1.0.2
7fe247ac5000-7fe247ac6000 rw-p 0000a000 08:22 20059960                   /usr/lib/x86_64-linux-gnu/libXcursor.so.1.0.2
7fe247ac6000-7fe247ae6000 rw-p 00000000 00:00 0 
7fe247ae6000-7fe247c00000 ---p 00000000 00:00 0 
7fe247c00000-7fe247c0d000 r-xp 00000000 08:22 8258380                    /home/daniil/.jdks/graalvm-ce-11/lib/libverify.so
7fe247c0d000-7fe247e0c000 ---p 0000d000 08:22 8258380                    /home/daniil/.jdks/graalvm-ce-11/lib/libverify.so
7fe247e0c000-7fe247e0e000 r--p 0000c000 08:22 8258380                    /home/daniil/.jdks/graalvm-ce-11/lib/libverify.so
7fe247e0e000-7fe247e0f000 rw-p 0000e000 08:22 8258380                    /home/daniil/.jdks/graalvm-ce-11/lib/libverify.so
7fe247e12000-7fe247e13000 r--p 00000000 08:22 20059976                   /usr/lib/x86_64-linux-gnu/libXinerama.so.1.0.0
7fe247e13000-7fe247e14000 r-xp 00001000 08:22 20059976                   /usr/lib/x86_64-linux-gnu/libXinerama.so.1.0.0
7fe247e14000-7fe247e15000 r--p 00002000 08:22 20059976                   /usr/lib/x86_64-linux-gnu/libXinerama.so.1.0.0
7fe247e15000-7fe247e16000 r--p 00003000 08:22 20059976                   /usr/lib/x86_64-linux-gnu/libXinerama.so.1.0.0
7fe247e16000-7fe247e17000 rw-p 00004000 08:22 20059976                   /usr/lib/x86_64-linux-gnu/libXinerama.so.1.0.0
7fe247e17000-7fe247e19000 r--p 00000000 08:22 20059986                   /usr/lib/x86_64-linux-gnu/libXrender.so.1.3.0
7fe247e19000-7fe247e20000 r-xp 00002000 08:22 20059986                   /usr/lib/x86_64-linux-gnu/libXrender.so.1.3.0
7fe247e20000-7fe247e22000 r--p 00009000 08:22 20059986                   /usr/lib/x86_64-linux-gnu/libXrender.so.1.3.0
7fe247e22000-7fe247e23000 r--p 0000a000 08:22 20059986                   /usr/lib/x86_64-linux-gnu/libXrender.so.1.3.0
7fe247e23000-7fe247e24000 rw-p 0000b000 08:22 20059986                   /usr/lib/x86_64-linux-gnu/libXrender.so.1.3.0
7fe247e24000-7fe247e26000 r--p 00000000 08:22 20059984                   /usr/lib/x86_64-linux-gnu/libXrandr.so.2.2.0
7fe247e26000-7fe247e2d000 r-xp 00002000 08:22 20059984                   /usr/lib/x86_64-linux-gnu/libXrandr.so.2.2.0
7fe247e2d000-7fe247e2f000 r--p 00009000 08:22 20059984                   /usr/lib/x86_64-linux-gnu/libXrandr.so.2.2.0
7fe247e2f000-7fe247e30000 r--p 0000a000 08:22 20059984                   /usr/lib/x86_64-linux-gnu/libXrandr.so.2.2.0
7fe247e30000-7fe247e31000 rw-p 0000b000 08:22 20059984                   /usr/lib/x86_64-linux-gnu/libXrandr.so.2.2.0
7fe247e31000-7fe247e34000 r--p 00000000 08:22 20059974                   /usr/lib/x86_64-linux-gnu/libXi.so.6.1.0
7fe247e34000-7fe247e40000 r-xp 00003000 08:22 20059974                   /usr/lib/x86_64-linux-gnu/libXi.so.6.1.0
7fe247e40000-7fe247e43000 r--p 0000f000 08:22 20059974                   /usr/lib/x86_64-linux-gnu/libXi.so.6.1.0
7fe247e43000-7fe247e44000 r--p 00011000 08:22 20059974                   /usr/lib/x86_64-linux-gnu/libXi.so.6.1.0
7fe247e44000-7fe247e45000 rw-p 00012000 08:22 20059974                   /usr/lib/x86_64-linux-gnu/libXi.so.6.1.0
7fe247e45000-7fe247ee6000 rw-p 00000000 00:00 0 
7fe247ee6000-7fe248000000 ---p 00000000 00:00 0 
7fe248000000-7fe248a2e000 rw-p 00000000 00:00 0 
7fe248a2e000-7fe24c000000 ---p 00000000 00:00 0 
7fe24c002000-7fe24c003000 r-xp 00053000 08:22 21897878                   /tmp/lwjgldaniil/3.3.1-build-7/liblwjgl.so
7fe24c003000-7fe24c004000 rw-p 00000000 00:00 0 
7fe24c004000-7fe24c008000 r--p 00000000 08:22 20059966                   /usr/lib/x86_64-linux-gnu/libXext.so.6.4.0
7fe24c008000-7fe24c013000 r-xp 00004000 08:22 20059966                   /usr/lib/x86_64-linux-gnu/libXext.so.6.4.0
7fe24c013000-7fe24c017000 r--p 0000f000 08:22 20059966                   /usr/lib/x86_64-linux-gnu/libXext.so.6.4.0
7fe24c017000-7fe24c018000 r--p 00012000 08:22 20059966                   /usr/lib/x86_64-linux-gnu/libXext.so.6.4.0
7fe24c018000-7fe24c019000 rw-p 00013000 08:22 20059966                   /usr/lib/x86_64-linux-gnu/libXext.so.6.4.0
7fe24c019000-7fe24c01d000 ---p 00000000 00:00 0 
7fe24c01d000-7fe24c119000 rw-p 00000000 00:00 0 
7fe24c119000-7fe24c127000 r--p 00000000 08:22 20060899                   /usr/lib/x86_64-linux-gnu/libm.so.6
7fe24c127000-7fe24c1a3000 r-xp 0000e000 08:22 20060899                   /usr/lib/x86_64-linux-gnu/libm.so.6
7fe24c1a3000-7fe24c1fe000 r--p 0008a000 08:22 20060899                   /usr/lib/x86_64-linux-gnu/libm.so.6
7fe24c1fe000-7fe24c1ff000 r--p 000e4000 08:22 20060899                   /usr/lib/x86_64-linux-gnu/libm.so.6
7fe24c1ff000-7fe24c200000 rw-p 000e5000 08:22 20060899                   /usr/lib/x86_64-linux-gnu/libm.so.6
7fe24c200000-7fe24d3c0000 r-xp 00000000 08:22 8258409                    /home/daniil/.jdks/graalvm-ce-11/lib/server/libjvm.so
7fe24d3c0000-7fe24d5c0000 ---p 011c0000 08:22 8258409                    /home/daniil/.jdks/graalvm-ce-11/lib/server/libjvm.so
7fe24d5c0000-7fe24d682000 r--p 011c0000 08:22 8258409                    /home/daniil/.jdks/graalvm-ce-11/lib/server/libjvm.so
7fe24d682000-7fe24d6bd000 rw-p 01282000 08:22 8258409                    /home/daniil/.jdks/graalvm-ce-11/lib/server/libjvm.so
7fe24d6bd000-7fe24d714000 rw-p 00000000 00:00 0 
7fe24d714000-7fe24d717000 rw-s 00000000 00:05 987                        /dev/nvidiactl
7fe24d717000-7fe24d719000 r--p 00000000 08:22 20059968                   /usr/lib/x86_64-linux-gnu/libXfixes.so.3.1.0
7fe24d719000-7fe24d71c000 r-xp 00002000 08:22 20059968                   /usr/lib/x86_64-linux-gnu/libXfixes.so.3.1.0
7fe24d71c000-7fe24d71d000 r--p 00005000 08:22 20059968                   /usr/lib/x86_64-linux-gnu/libXfixes.so.3.1.0
7fe24d71d000-7fe24d71e000 r--p 00006000 08:22 20059968                   /usr/lib/x86_64-linux-gnu/libXfixes.so.3.1.0
7fe24d71e000-7fe24d71f000 rw-p 00007000 08:22 20059968                   /usr/lib/x86_64-linux-gnu/libXfixes.so.3.1.0
7fe24d71f000-7fe24d720000 r--p 00000000 08:22 20060002                   /usr/lib/x86_64-linux-gnu/libXxf86vm.so.1.0.0
7fe24d720000-7fe24d723000 r-xp 00001000 08:22 20060002                   /usr/lib/x86_64-linux-gnu/libXxf86vm.so.1.0.0
7fe24d723000-7fe24d724000 r--p 00004000 08:22 20060002                   /usr/lib/x86_64-linux-gnu/libXxf86vm.so.1.0.0
7fe24d724000-7fe24d725000 r--p 00004000 08:22 20060002                   /usr/lib/x86_64-linux-gnu/libXxf86vm.so.1.0.0
7fe24d725000-7fe24d726000 rw-p 00005000 08:22 20060002                   /usr/lib/x86_64-linux-gnu/libXxf86vm.so.1.0.0
7fe24d726000-7fe24d728000 r--p 00000000 08:22 20060910                   /usr/lib/x86_64-linux-gnu/libmd.so.0.0.5
7fe24d728000-7fe24d72f000 r-xp 00002000 08:22 20060910                   /usr/lib/x86_64-linux-gnu/libmd.so.0.0.5
7fe24d72f000-7fe24d731000 r--p 00009000 08:22 20060910                   /usr/lib/x86_64-linux-gnu/libmd.so.0.0.5
7fe24d731000-7fe24d732000 r--p 0000a000 08:22 20060910                   /usr/lib/x86_64-linux-gnu/libmd.so.0.0.5
7fe24d732000-7fe24d733000 rw-p 0000b000 08:22 20060910                   /usr/lib/x86_64-linux-gnu/libmd.so.0.0.5
7fe24d733000-7fe24d737000 r--p 00000000 08:22 20060244                   /usr/lib/x86_64-linux-gnu/libbsd.so.0.11.5
7fe24d737000-7fe24d744000 r-xp 00004000 08:22 20060244                   /usr/lib/x86_64-linux-gnu/libbsd.so.0.11.5
7fe24d744000-7fe24d747000 r--p 00011000 08:22 20060244                   /usr/lib/x86_64-linux-gnu/libbsd.so.0.11.5
7fe24d747000-7fe24d748000 ---p 00014000 08:22 20060244                   /usr/lib/x86_64-linux-gnu/libbsd.so.0.11.5
7fe24d748000-7fe24d749000 r--p 00014000 08:22 20060244                   /usr/lib/x86_64-linux-gnu/libbsd.so.0.11.5
7fe24d749000-7fe24d74a000 rw-p 00015000 08:22 20060244                   /usr/lib/x86_64-linux-gnu/libbsd.so.0.11.5
7fe24d74a000-7fe24d74b000 rw-p 00000000 00:00 0 
7fe24d74b000-7fe24d74d000 r--p 00000000 08:22 20059964                   /usr/lib/x86_64-linux-gnu/libXdmcp.so.6.0.0
7fe24d74d000-7fe24d74f000 r-xp 00002000 08:22 20059964                   /usr/lib/x86_64-linux-gnu/libXdmcp.so.6.0.0
7fe24d74f000-7fe24d751000 r--p 00004000 08:22 20059964                   /usr/lib/x86_64-linux-gnu/libXdmcp.so.6.0.0
7fe24d751000-7fe24d752000 r--p 00005000 08:22 20059964                   /usr/lib/x86_64-linux-gnu/libXdmcp.so.6.0.0
7fe24d752000-7fe24d753000 rw-p 00006000 08:22 20059964                   /usr/lib/x86_64-linux-gnu/libXdmcp.so.6.0.0
7fe24d753000-7fe24d75e000 r--p 00000000 08:22 20061566                   /usr/lib/x86_64-linux-gnu/libxcb.so.1.1.0
7fe24d75e000-7fe24d772000 r-xp 0000b000 08:22 20061566                   /usr/lib/x86_64-linux-gnu/libxcb.so.1.1.0
7fe24d772000-7fe24d77b000 r--p 0001f000 08:22 20061566                   /usr/lib/x86_64-linux-gnu/libxcb.so.1.1.0
7fe24d77b000-7fe24d77c000 r--p 00027000 08:22 20061566                   /usr/lib/x86_64-linux-gnu/libxcb.so.1.1.0
7fe24d77c000-7fe24d77d000 rw-p 00028000 08:22 20061566                   /usr/lib/x86_64-linux-gnu/libxcb.so.1.1.0
7fe24d77d000-7fe24d7d8000 rw-p 00000000 00:00 0 
7fe24d7d8000-7fe24d800000 r--p 00000000 08:22 20060248                   /usr/lib/x86_64-linux-gnu/libc.so.6
7fe24d800000-7fe24d995000 r-xp 00028000 08:22 20060248                   /usr/lib/x86_64-linux-gnu/libc.so.6
7fe24d995000-7fe24d9ed000 r--p 001bd000 08:22 20060248                   /usr/lib/x86_64-linux-gnu/libc.so.6
7fe24d9ed000-7fe24d9f1000 r--p 00214000 08:22 20060248                   /usr/lib/x86_64-linux-gnu/libc.so.6
7fe24d9f1000-7fe24d9f3000 rw-p 00218000 08:22 20060248                   /usr/lib/x86_64-linux-gnu/libc.so.6
7fe24d9f3000-7fe24da00000 rw-p 00000000 00:00 0 
7fe24da00000-7fe24da10000 r-xp 00000000 08:22 8258413                    /home/daniil/.jdks/graalvm-ce-11/lib/jli/libjli.so
7fe24da10000-7fe24dc0f000 ---p 00010000 08:22 8258413                    /home/daniil/.jdks/graalvm-ce-11/lib/jli/libjli.so
7fe24dc0f000-7fe24dc10000 r--p 0000f000 08:22 8258413                    /home/daniil/.jdks/graalvm-ce-11/lib/jli/libjli.so
7fe24dc10000-7fe24dc11000 rw-p 00010000 08:22 8258413                    /home/daniil/.jdks/graalvm-ce-11/lib/jli/libjli.so
7fe24dc11000-7fe24dc12000 rw-p 00000000 00:00 0 
7fe24dc12000-7fe24dc14000 rw-s 00000000 00:01 1911                       /memfd:/.glXXXXXX (deleted)
7fe24dc14000-7fe24dc18000 rw-s 00000000 00:05 987                        /dev/nvidiactl
7fe24dc18000-7fe24dc19000 rw-s 00000000 00:05 988                        /dev/nvidia0
7fe24dc19000-7fe24dc1b000 rw-s 00000000 00:05 987                        /dev/nvidiactl
7fe24dc1b000-7fe24dc1f000 rw-s 00000000 00:05 987                        /dev/nvidiactl
7fe24dc1f000-7fe24dc20000 rw-s 00000000 00:05 988                        /dev/nvidia0
7fe24dc20000-7fe24dc21000 rw-s 00000000 00:05 988                        /dev/nvidia0
7fe24dc21000-7fe24dc22000 rw-s 00000000 00:05 988                        /dev/nvidia0
7fe24dc22000-7fe24dc23000 rw-s 00000000 00:05 987                        /dev/nvidiactl
7fe24dc23000-7fe24dc72000 rw-p 00000000 00:00 0 
7fe24dc72000-7fe24dc73000 r--p 00000000 08:22 20061224                   /usr/lib/x86_64-linux-gnu/librt.so.1
7fe24dc73000-7fe24dc74000 r-xp 00001000 08:22 20061224                   /usr/lib/x86_64-linux-gnu/librt.so.1
7fe24dc74000-7fe24dc75000 r--p 00002000 08:22 20061224                   /usr/lib/x86_64-linux-gnu/librt.so.1
7fe24dc75000-7fe24dc76000 r--p 00002000 08:22 20061224                   /usr/lib/x86_64-linux-gnu/librt.so.1
7fe24dc76000-7fe24dc77000 rw-p 00003000 08:22 20061224                   /usr/lib/x86_64-linux-gnu/librt.so.1
7fe24dc77000-7fe24dc7b000 rw-p 00000000 00:00 0 
7fe24dc7b000-7fe24dc7c000 r--p 00000000 08:22 20060390                   /usr/lib/x86_64-linux-gnu/libdl.so.2
7fe24dc7c000-7fe24dc7d000 r-xp 00001000 08:22 20060390                   /usr/lib/x86_64-linux-gnu/libdl.so.2
7fe24dc7d000-7fe24dc7e000 r--p 00002000 08:22 20060390                   /usr/lib/x86_64-linux-gnu/libdl.so.2
7fe24dc7e000-7fe24dc7f000 r--p 00002000 08:22 20060390                   /usr/lib/x86_64-linux-gnu/libdl.so.2
7fe24dc7f000-7fe24dc80000 rw-p 00003000 08:22 20060390                   /usr/lib/x86_64-linux-gnu/libdl.so.2
7fe24dc80000-7fe24dc81000 r--p 00000000 08:22 20061168                   /usr/lib/x86_64-linux-gnu/libpthread.so.0
7fe24dc81000-7fe24dc82000 r-xp 00001000 08:22 20061168                   /usr/lib/x86_64-linux-gnu/libpthread.so.0
7fe24dc82000-7fe24dc83000 r--p 00002000 08:22 20061168                   /usr/lib/x86_64-linux-gnu/libpthread.so.0
7fe24dc83000-7fe24dc84000 r--p 00002000 08:22 20061168                   /usr/lib/x86_64-linux-gnu/libpthread.so.0
7fe24dc84000-7fe24dc85000 rw-p 00003000 08:22 20061168                   /usr/lib/x86_64-linux-gnu/libpthread.so.0
7fe24dc85000-7fe24dc87000 r--p 00000000 08:22 20054206                   /usr/lib/x86_64-linux-gnu/libz.so.1.2.11
7fe24dc87000-7fe24dc98000 r-xp 00002000 08:22 20054206                   /usr/lib/x86_64-linux-gnu/libz.so.1.2.11
7fe24dc98000-7fe24dc9e000 r--p 00013000 08:22 20054206                   /usr/lib/x86_64-linux-gnu/libz.so.1.2.11
7fe24dc9e000-7fe24dc9f000 ---p 00019000 08:22 20054206                   /usr/lib/x86_64-linux-gnu/libz.so.1.2.11
7fe24dc9f000-7fe24dca0000 r--p 00019000 08:22 20054206                   /usr/lib/x86_64-linux-gnu/libz.so.1.2.11
7fe24dca0000-7fe24dca1000 rw-p 0001a000 08:22 20054206                   /usr/lib/x86_64-linux-gnu/libz.so.1.2.11
7fe24dca1000-7fe24dca2000 rw-s 00000000 00:05 987                        /dev/nvidiactl
7fe24dca2000-7fe24dca3000 rw-s 00000000 00:05 987                        /dev/nvidiactl
7fe24dca3000-7fe24dca4000 r--p 00000000 08:22 20059953                   /usr/lib/x86_64-linux-gnu/libXau.so.6.0.0
7fe24dca4000-7fe24dca6000 r-xp 00001000 08:22 20059953                   /usr/lib/x86_64-linux-gnu/libXau.so.6.0.0
7fe24dca6000-7fe24dca7000 r--p 00003000 08:22 20059953                   /usr/lib/x86_64-linux-gnu/libXau.so.6.0.0
7fe24dca7000-7fe24dca8000 r--p 00003000 08:22 20059953                   /usr/lib/x86_64-linux-gnu/libXau.so.6.0.0
7fe24dca8000-7fe24dca9000 rw-p 00004000 08:22 20059953                   /usr/lib/x86_64-linux-gnu/libXau.so.6.0.0
7fe24dca9000-7fe24dcb1000 rw-s 00000000 08:22 21897884                   /tmp/hsperfdata_daniil/26506
7fe24dcb1000-7fe24dcb2000 ---p 00000000 00:00 0 
7fe24dcb2000-7fe24dcb3000 r--p 00000000 00:00 0 
7fe24dcb3000-7fe24dcb5000 rw-p 00000000 00:00 0 
7fe24dcb5000-7fe24dcb7000 r--p 00000000 08:22 20059911                   /usr/lib/x86_64-linux-gnu/ld-linux-x86-64.so.2
7fe24dcb7000-7fe24dce1000 r-xp 00002000 08:22 20059911                   /usr/lib/x86_64-linux-gnu/ld-linux-x86-64.so.2
7fe24dce1000-7fe24dcec000 r--p 0002c000 08:22 20059911                   /usr/lib/x86_64-linux-gnu/ld-linux-x86-64.so.2
7fe24dcec000-7fe24dced000 rw-s 00044000 00:01 2053                       /memfd:/.nvidia_drv.XXXXXX (deleted)
7fe24dced000-7fe24dcef000 r--p 00037000 08:22 20059911                   /usr/lib/x86_64-linux-gnu/ld-linux-x86-64.so.2
7fe24dcef000-7fe24dcf1000 rw-p 00039000 08:22 20059911                   /usr/lib/x86_64-linux-gnu/ld-linux-x86-64.so.2
7ffc06862000-7ffc06883000 rw-p 00000000 00:00 0                          [stack]
7ffc068fa000-7ffc068fe000 r--p 00000000 00:00 0                          [vvar]
7ffc068fe000-7ffc06900000 r-xp 00000000 00:00 0                          [vdso]
ffffffffff600000-ffffffffff601000 --xp 00000000 00:00 0                  [vsyscall]


VM Arguments:
jvm_args: -XX:ThreadPriorityPolicy=1 -XX:+UnlockExperimentalVMOptions -XX:+EnableJVMCIProduct -XX:JVMCIThreadsPerNativeLibraryRuntime=1 -XX:-UnlockExperimentalVMOptions -javaagent:/snap/intellij-idea-ultimate/386/lib/idea_rt.jar=39005:/snap/intellij-idea-ultimate/386/bin -Dfile.encoding=UTF-8 
java_command: com.kgaft.JavaGameEngine.Main
java_class_path (initial): /media/daniil/New Volume/documents/projects/GitHub/JavaGameEngine/target/classes:/home/daniil/.m2/repository/org/lwjgl/lwjgl/3.3.1/lwjgl-3.3.1.jar:/home/daniil/.m2/repository/org/lwjgl/lwjgl-assimp/3.3.1/lwjgl-assimp-3.3.1.jar:/home/daniil/.m2/repository/org/lwjgl/lwjgl-glfw/3.3.1/lwjgl-glfw-3.3.1.jar:/home/daniil/.m2/repository/org/lwjgl/lwjgl-openal/3.3.1/lwjgl-openal-3.3.1.jar:/home/daniil/.m2/repository/org/lwjgl/lwjgl-opengl/3.3.1/lwjgl-opengl-3.3.1.jar:/home/daniil/.m2/repository/org/lwjgl/lwjgl-stb/3.3.1/lwjgl-stb-3.3.1.jar:/home/daniil/.m2/repository/org/lwjgl/lwjgl/3.3.1/lwjgl-3.3.1-natives-linux.jar:/home/daniil/.m2/repository/org/lwjgl/lwjgl-assimp/3.3.1/lwjgl-assimp-3.3.1-natives-linux.jar:/home/daniil/.m2/repository/org/lwjgl/lwjgl-glfw/3.3.1/lwjgl-glfw-3.3.1-natives-linux.jar:/home/daniil/.m2/repository/org/lwjgl/lwjgl-openal/3.3.1/lwjgl-openal-3.3.1-natives-linux.jar:/home/daniil/.m2/repository/org/lwjgl/lwjgl-opengl/3.3.1/lwjgl-opengl-3.3.1-natives-linux.jar:/home/daniil/.m2/repository/org/lwjgl/lwjgl-stb/3.3.1/lwjgl-stb-3.3.1-natives-linux.jar:/home/daniil/.m2/repository/org/joml/joml/1.10.5/joml-1.10.5.jar
Launcher Type: SUN_STANDARD

[Global flags]
     intx CICompilerCount                          = 3                                         {product} {ergonomic}
     uint ConcGCThreads                            = 1                                         {product} {ergonomic}
     bool EnableJVMCIProduct                       = true                                {JVMCI product} {jimage}
     uint G1ConcRefinementThreads                  = 4                                         {product} {ergonomic}
   size_t G1HeapRegionSize                         = 1048576                                   {product} {ergonomic}
    uintx GCDrainStackTargetSize                   = 64                                        {product} {ergonomic}
   size_t InitialHeapSize                          = 130023424                                 {product} {ergonomic}
     uint JVMCIThreadsPerNativeLibraryRuntime      = 1                                   {JVMCI product} {jimage}
   size_t MarkStackSize                            = 4194304                                   {product} {ergonomic}
   size_t MaxHeapSize                              = 2067791872                                {product} {ergonomic}
   size_t MaxNewSize                               = 1240465408                                {product} {ergonomic}
   size_t MinHeapDeltaBytes                        = 1048576                                   {product} {ergonomic}
    uintx NonNMethodCodeHeapSize                   = 6401880                                {pd product} {ergonomic}
    uintx NonProfiledCodeHeapSize                  = 164571220                              {pd product} {ergonomic}
    uintx ProfiledCodeHeapSize                     = 164571220                              {pd product} {ergonomic}
    uintx ReservedCodeCacheSize                    = 335544320                              {pd product} {ergonomic}
     bool SegmentedCodeCache                       = true                                      {product} {ergonomic}
     intx ThreadPriorityPolicy                     = 1                                         {product} {jimage}
     bool UseCompressedClassPointers               = true                                 {lp64_product} {ergonomic}
     bool UseCompressedOops                        = true                                 {lp64_product} {ergonomic}
     bool UseG1GC                                  = true                                      {product} {ergonomic}

Logging:
Log output configuration:
 #0: stdout all=warning uptime,level,tags
 #1: stderr all=off uptime,level,tags

Environment Variables:
PATH=/usr/local/sbin:/usr/local/bin:/usr/sbin:/usr/bin:/sbin:/bin:/usr/games:/usr/local/games:/snap/bin:/snap/bin
USERNAME=daniil
SHELL=/bin/bash
DISPLAY=:1
LANG=en_US.UTF-8
LC_NUMERIC=ru_RU.UTF-8
LC_TIME=ru_RU.UTF-8

Signal Handlers:
SIGSEGV: [libjvm.so+0xead160], sa_mask[0]=11111111011111111101111111111110, sa_flags=SA_RESTART|SA_SIGINFO
SIGBUS: [libjvm.so+0xead160], sa_mask[0]=11111111011111111101111111111110, sa_flags=SA_RESTART|SA_SIGINFO
SIGFPE: [libjvm.so+0xead160], sa_mask[0]=11111111011111111101111111111110, sa_flags=SA_RESTART|SA_SIGINFO
SIGPIPE: [libjvmcicompiler.so+0x19dd20], sa_mask[0]=00000000000000000000000000000000, sa_flags=SA_RESTART
SIGXFSZ: [libjvm.so+0xc7da80], sa_mask[0]=11111111011111111101111111111110, sa_flags=SA_RESTART|SA_SIGINFO
SIGILL: [libjvm.so+0xead160], sa_mask[0]=11111111011111111101111111111110, sa_flags=SA_RESTART|SA_SIGINFO
SIGUSR2: [libjvm.so+0xc7d920], sa_mask[0]=00100000000000000000000000000000, sa_flags=SA_RESTART|SA_SIGINFO
SIGHUP: [libjvm.so+0xc7dad0], sa_mask[0]=11111111011111111101111111111110, sa_flags=SA_RESTART|SA_SIGINFO
SIGINT: [libjvm.so+0xc7dad0], sa_mask[0]=11111111011111111101111111111110, sa_flags=SA_RESTART|SA_SIGINFO
SIGTERM: [libjvm.so+0xc7dad0], sa_mask[0]=11111111011111111101111111111110, sa_flags=SA_RESTART|SA_SIGINFO
SIGQUIT: [libjvm.so+0xc7dad0], sa_mask[0]=11111111011111111101111111111110, sa_flags=SA_RESTART|SA_SIGINFO


---------------  S Y S T E M  ---------------

OS:DISTRIB_ID=Ubuntu
DISTRIB_RELEASE=22.04
DISTRIB_CODENAME=jammy
DISTRIB_DESCRIPTION="Ubuntu 22.04.1 LTS"
uname:Linux 5.15.0-52-generic #58-Ubuntu SMP Thu Oct 13 08:03:55 UTC 2022 x86_64
OS uptime: 0 days 1:32 hours
libc:glibc 2.35 NPTL 2.35 
rlimit (soft/hard): STACK 8192k/infinity , CORE 0k/infinity , NPROC 31255/31255 , NOFILE 1048576/1048576 , AS infinity/infinity , CPU infinity/infinity , DATA infinity/infinity , FSIZE infinity/infinity , MEMLOCK 1008956k/1008956k
load average:1,32 0,97 0,93

/proc/meminfo:
MemTotal:        8071672 kB
MemFree:          168020 kB
MemAvailable:     944556 kB
Buffers:           42336 kB
Cached:           911528 kB
SwapCached:        87896 kB
Active:          1634812 kB
Inactive:        5747988 kB
Active(anon):    1088916 kB
Inactive(anon):  5361340 kB
Active(file):     545896 kB
Inactive(file):   386648 kB
Unevictable:           0 kB
Mlocked:               0 kB
SwapTotal:       2097148 kB
SwapFree:         991228 kB
Dirty:              2644 kB
Writeback:            76 kB
AnonPages:       6399692 kB
Mapped:           477792 kB
Shmem:             21320 kB
KReclaimable:     129528 kB
Slab:             269520 kB
SReclaimable:     129528 kB
SUnreclaim:       139992 kB
KernelStack:       26244 kB
PageTables:        59760 kB
NFS_Unstable:          0 kB
Bounce:                0 kB
WritebackTmp:          0 kB
CommitLimit:     6132984 kB
Committed_AS:   12012424 kB
VmallocTotal:   34359738367 kB
VmallocUsed:       91964 kB
VmallocChunk:          0 kB
Percpu:             4128 kB
HardwareCorrupted:     0 kB
AnonHugePages:         0 kB
ShmemHugePages:        0 kB
ShmemPmdMapped:        0 kB
FileHugePages:         0 kB
FilePmdMapped:         0 kB
HugePages_Total:       0
HugePages_Free:        0
HugePages_Rsvd:        0
HugePages_Surp:        0
Hugepagesize:       2048 kB
Hugetlb:               0 kB
DirectMap4k:      453964 kB
DirectMap2M:     7868416 kB

/sys/kernel/mm/transparent_hugepage/enabled:
always [madvise] never
/sys/kernel/mm/transparent_hugepage/defrag (defrag/compaction efforts parameter):
always defer defer+madvise [madvise] never

Process Memory:
Virtual Size: 5305984K (peak: 13557360K)
Resident Set Size: 154452K (peak: 154452K) (anon: 90820K, file: 63548K, shmem: 84K)
Swapped out: 0K
C-Heap outstanding allocations: 33360K, retained: 2423K
glibc malloc tunables: (default)

/proc/sys/kernel/threads-max (system-wide limit on the number of threads):
62510
/proc/sys/vm/max_map_count (maximum number of memory map areas a process may have):
65530
/proc/sys/kernel/pid_max (system-wide limit on number of process identifiers):
4194304

container (cgroup) information:
container_type: cgroupv2
cpu_cpuset_cpus: not supported
cpu_memory_nodes: not supported
active_processor_count: 4
cpu_quota: not supported
cpu_period: not supported
cpu_shares: not supported
memory_limit_in_bytes: unlimited
memory_and_swap_limit_in_bytes: unlimited
memory_soft_limit_in_bytes: unlimited
memory_usage_in_bytes: 2741016 k
memory_max_usage_in_bytes: not supported
maximum number of tasks: 9376
current number of tasks: 179

Steal ticks since vm start: 0
Steal ticks percentage since vm start:  0,000

CPU:total 4 (initial active 4) (4 cores per cpu, 1 threads per core) family 6 model 58 stepping 9 microcode 0x21, cmov, cx8, fxsr, mmx, sse, sse2, sse3, ssse3, sse4.1, sse4.2, popcnt, avx, aes, clmul, erms, tsc, tscinvbit, tscinv
CPU Model and flags from /proc/cpuinfo:
model name	: Intel(R) Core(TM) i5-3570 CPU @ 3.40GHz
flags		: fpu vme de pse tsc msr pae mce cx8 apic sep mtrr pge mca cmov pat pse36 clflush dts acpi mmx fxsr sse sse2 ss ht tm pbe syscall nx rdtscp lm constant_tsc arch_perfmon pebs bts rep_good nopl xtopology nonstop_tsc cpuid aperfmperf pni pclmulqdq dtes64 monitor ds_cpl vmx smx est tm2 ssse3 cx16 xtpr pdcm pcid sse4_1 sse4_2 x2apic popcnt tsc_deadline_timer aes xsave avx f16c rdrand lahf_lm cpuid_fault epb pti ssbd ibrs ibpb stibp tpr_shadow vnmi flexpriority ept vpid fsgsbase smep erms xsaveopt dtherm ida arat pln pts md_clear flush_l1d
Online cpus:
0-3
Offline cpus:

BIOS frequency limitation:
<Not Available>
Frequency switch latency (ns):
20000
Available cpu frequencies:
<Not Available>
Current governor:
schedutil
Core performance/turbo boost:
<Not Available>

Memory: 4k page, physical 8071672k(168020k free), swap 2097148k(991228k free)

vm_info: OpenJDK 64-Bit Server VM (11.0.17+8-jvmci-22.3-b08) for linux-amd64 JRE (11.0.17+8-jvmci-22.3-b08), built on Oct 19 2022 09:01:18 by "buildslave" with gcc 7.3.0

END.
