#
# A fatal error has been detected by the Java Runtime Environment:
#
#  EXCEPTION_ACCESS_VIOLATION (0xc0000005) at pc=0x00007ff877e85c93, pid=4444, tid=1660
#
# JRE version: OpenJDK Runtime Environment GraalVM CE 22.3.0 (11.0.17+8) (build 11.0.17+8-jvmci-22.3-b08)
# Java VM: OpenJDK 64-Bit Server VM GraalVM CE 22.3.0 (11.0.17+8-jvmci-22.3-b08, mixed mode, sharing, tiered, jvmci, jvmci compiler, compressed oops, g1 gc, windows-amd64)
# Problematic frame:
# C  [nvoglv64.dll+0x1865c93]
#
# No core dump will be written. Minidumps are not enabled by default on client versions of Windows
#
# If you would like to submit a bug report, please visit:
#   https://github.com/oracle/graal/issues
# The crash happened outside the Java Virtual Machine in native code.
# See problematic frame for where to report the bug.
#

---------------  S U M M A R Y ------------

Command Line: -XX:ThreadPriorityPolicy=1 -XX:+UnlockExperimentalVMOptions -XX:+EnableJVMCIProduct -XX:JVMCIThreadsPerNativeLibraryRuntime=1 -XX:-UnlockExperimentalVMOptions -javaagent:C:\Program Files\JetBrains\IntelliJ IDEA 2022.2.3\lib\idea_rt.jar=58442:C:\Program Files\JetBrains\IntelliJ IDEA 2022.2.3\bin -Dfile.encoding=UTF-8 com.kgaft.KGAFTEngine.Main

Host: Intel(R) Core(TM) i5-3570 CPU @ 3.40GHz, 4 cores, 7G,  Windows 10 , 64 bit Build 19041 (10.0.19041.2364)
Time: Fri Jan  6 16:50:09 2023 RTZ 2 (s 10 , 64 bit Build 19041 (10.0.19041.2364) elapsed time: 0.426231 seconds (0d 0h 0m 0s)

---------------  T H R E A D  ---------------

Current thread (0x000001f9c11f0000):  JavaThread "main" [_thread_in_native, id=1660, stack(0x000000575e000000,0x000000575e100000)]

Stack: [0x000000575e000000,0x000000575e100000],  sp=0x000000575e0feb58,  free space=1018k
Native frames: (J=compiled Java code, j=interpreted, Vv=VM code, C=native code)
C  [nvoglv64.dll+0x1865c93]

Java frames: (J=compiled Java code, j=interpreted, Vv=VM code)
j  org.lwjgl.system.JNI.callPPPI(JJJJ)I+0
j  org.lwjgl.vulkan.VK10.nvkCreateInstance(JJJ)I+24
j  org.lwjgl.vulkan.VK10.vkCreateInstance(Lorg/lwjgl/vulkan/VkInstanceCreateInfo;Lorg/lwjgl/vulkan/VkAllocationCallbacks;Lorg/lwjgl/PointerBuffer;)I+23
j  com.kgaft.KGAFTEngine.VulkanRenderer.VulkanInstance.<init>(Lcom/kgaft/KGAFTEngine/VulkanRenderer/VulkanLogger;)V+170
j  com.kgaft.KGAFTEngine.Main.main([Ljava/lang/String;)V+23
v  ~StubRoutines::call_stub

siginfo: EXCEPTION_ACCESS_VIOLATION (0xc0000005), reading address 0x0000000000000010


Register to memory mapping:

RIP=0x00007ff877e85c93 nvoglv64.dll
RAX=0x52764e5f4b565844 is an unknown value
RBX=0x0000000000000010 is an unknown value
RCX=0x00007ff8791d8fc8 nvoglv64.dll
RDX=0xffff800786e27048 is an unknown value
RSP=0x000000575e0feb58 is pointing into the stack for thread: 0x000001f9c11f0000
RBP=0x000000575e0fec10 is pointing into the stack for thread: 0x000001f9c11f0000
RSI=0x000001f9ec7c9c80 points into unknown readable memory: 0x00007ff8791d8f88 | 88 8f 1d 79 f8 7f 00 00
RDI=0x00007ff879080aa0 nvoglv64.dll
R8 =0x00000000000000e8 is an unknown value
R9 =0xfefefeff64626065 is an unknown value
R10=0xfefefefefefefeff is an unknown value
R11=0x8080808080808080 is an unknown value
R12=0x00007ff8dfed4e20 glfw.dll
R13=0x000000575e0fec40 is pointing into the stack for thread: 0x000001f9c11f0000
R14=0x0 is NULL
R15=0x0000000000000002 is an unknown value


Registers:
RAX=0x52764e5f4b565844, RBX=0x0000000000000010, RCX=0x00007ff8791d8fc8, RDX=0xffff800786e27048
RSP=0x000000575e0feb58, RBP=0x000000575e0fec10, RSI=0x000001f9ec7c9c80, RDI=0x00007ff879080aa0
R8 =0x00000000000000e8, R9 =0xfefefeff64626065, R10=0xfefefefefefefeff, R11=0x8080808080808080
R12=0x00007ff8dfed4e20, R13=0x000000575e0fec40, R14=0x0000000000000000, R15=0x0000000000000002
RIP=0x00007ff877e85c93, EFLAGS=0x0000000000010297

Top of Stack: (sp=0x000000575e0feb58)
0x000000575e0feb58:   00007ff877d556cb 000001f9ec7c9c80
0x000000575e0feb68:   00007ff877d542f5 0000005700000000
0x000000575e0feb78:   0000000000000002 000000575e0feeb0
0x000000575e0feb88:   000001f9ec612120 000001f9ec612138
0x000000575e0feb98:   00007ff877d5460c 000001f9ec7c9c80
0x000000575e0feba8:   0000000000000000 00000000004030e0
0x000000575e0febb8:   000000575e0fec40 0000000000000000
0x000000575e0febc8:   00007ff8d195cabf 0000000000000002
0x000000575e0febd8:   0000000000000000 000001f9ec34bf20
0x000000575e0febe8:   00007ff8d1a1a4c0 0000000000000001
0x000000575e0febf8:   000001f9ec34bf20 00007ff8dfed4e10
0x000000575e0fec08:   00007ff8dfed4e20 0000000000000000
0x000000575e0fec18:   0000000000000000 00000000004030e0
0x000000575e0fec28:   00007ff900000000 000000575e0fec00
0x000000575e0fec38:   000000575e0feeb0 0000000000000001
0x000000575e0fec48:   000000575e0fee88 0000000000000000 

Instructions: (pc=0x00007ff877e85c93)
0x00007ff877e85b93:   cc e8 f7 5d 65 00 4c 8d 9c 24 e0 00 00 00 49 8b
0x00007ff877e85ba3:   5b 20 49 8b 73 38 49 8b e3 41 5e 5f 5d c3 cc cc
0x00007ff877e85bb3:   cc 48 89 5c 24 08 48 89 74 24 10 57 48 83 ec 20
0x00007ff877e85bc3:   49 8b d9 49 8b f0 48 8b fa 4d 85 c9 75 04 33 c0
0x00007ff877e85bd3:   eb 56 48 85 c9 75 15 e8 ed 88 ff ff bb 16 00 00
0x00007ff877e85be3:   00 89 18 e8 f1 18 ff ff 8b c3 eb 3c 48 85 f6 74
0x00007ff877e85bf3:   12 48 3b fb 72 0d 4c 8b c3 48 8b d6 e8 dc cf fe
0x00007ff877e85c03:   ff eb cb 4c 8b c7 33 d2 e8 e0 d3 fe ff 48 85 f6
0x00007ff877e85c13:   74 c5 48 3b fb 73 0c e8 ad 88 ff ff bb 22 00 00
0x00007ff877e85c23:   00 eb be b8 16 00 00 00 48 8b 5c 24 30 48 8b 74
0x00007ff877e85c33:   24 38 48 83 c4 20 5f c3 cc cc cc cc cc cc cc cc
0x00007ff877e85c43:   cc cc cc 66 66 0f 1f 84 00 00 00 00 00 48 2b d1
0x00007ff877e85c53:   f6 c1 07 74 14 0f b6 01 3a 04 0a 75 4f 48 ff c1
0x00007ff877e85c63:   84 c0 74 45 f6 c1 07 75 ec 49 bb 80 80 80 80 80
0x00007ff877e85c73:   80 80 80 49 ba ff fe fe fe fe fe fe fe 67 8d 04
0x00007ff877e85c83:   0a 25 ff 0f 00 00 3d f8 0f 00 00 77 c8 48 8b 01
0x00007ff877e85c93:   48 3b 04 0a 75 bf 4e 8d 0c 10 48 f7 d0 48 83 c1
0x00007ff877e85ca3:   08 49 23 c1 49 85 c3 74 d4 33 c0 c3 48 1b c0 48
0x00007ff877e85cb3:   83 c8 01 c3 cc 48 8b c4 48 89 58 10 48 89 70 20
0x00007ff877e85cc3:   f2 0f 11 40 08 57 48 83 ec 40 8b da 0f 29 70 e8
0x00007ff877e85cd3:   be c0 ff 00 00 b9 80 1f 00 00 8b d6 0f 28 f0 e8
0x00007ff877e85ce3:   f1 83 01 00 0f b7 4c 24 56 48 8b f8 b8 f0 7f 00
0x00007ff877e85cf3:   00 66 23 c8 66 3b c8 75 51 0f 28 c6 e8 40 83 01
0x00007ff877e85d03:   00 85 c0 7e 30 83 f8 02 7e 18 83 f8 03 75 26 66
0x00007ff877e85d13:   0f 6e cb 0f 28 c6 f3 0f e6 c9 e8 4a 7d 01 00 0f
0x00007ff877e85d23:   28 f0 48 8b d6 48 8b cf e8 a8 83 01 00 0f 28 c6
0x00007ff877e85d33:   e9 d9 00 00 00 0f 28 c6 b9 08 00 00 00 f2 0f 58
0x00007ff877e85d43:   05 e8 07 c8 00 e9 a4 00 00 00 66 0f 2e 35 53 49
0x00007ff877e85d53:   86 01 7a 02 74 cc 48 8d 54 24 60 0f 28 c6 e8 76
0x00007ff877e85d63:   81 01 00 8b 4c 24 60 85 db 79 0d b8 00 00 00 80
0x00007ff877e85d73:   2b c3 3b c8 7c 35 eb 0b b8 ff ff ff 7f 2b c3 3b
0x00007ff877e85d83:   c8 7f 56 8d 14 19 81 fa 00 0a 00 00 7f 4b 81 fa 


Stack slot to memory mapping:
stack at sp + 0 slots: 0x00007ff877d556cb nvoglv64.dll
stack at sp + 1 slots: 0x000001f9ec7c9c80 points into unknown readable memory: 0x00007ff8791d8f88 | 88 8f 1d 79 f8 7f 00 00
stack at sp + 2 slots: 0x00007ff877d542f5 nvoglv64.dll
stack at sp + 3 slots: 0x0000005700000000 is an unknown value
stack at sp + 4 slots: 0x0000000000000002 is an unknown value
stack at sp + 5 slots: 0x000000575e0feeb0 is pointing into the stack for thread: 0x000001f9c11f0000
stack at sp + 6 slots: 0x000001f9ec612120 points into unknown readable memory: 0x000001f9e88744b0 | b0 44 87 e8 f9 01 00 00
stack at sp + 7 slots: 0x000001f9ec612138 points into unknown readable memory: 0x0000000000000000 | 00 00 00 00 00 00 00 00


---------------  P R O C E S S  ---------------

Threads class SMR info:
_java_thread_list=0x000001f9e8621bf0, length=12, elements={
0x000001f9c11f0000, 0x000001f9e7b7e800, 0x000001f9e7b80000, 0x000001f9e7b9c800,
0x000001f9e7b9d800, 0x000001f9e7b9e800, 0x000001f9e7ba7000, 0x000001f9e7ba8000,
0x000001f9e7bba000, 0x000001f9e7b5f800, 0x000001f9e85dd800, 0x000001f9e8764800
}

Java Threads: ( => current thread )
=>0x000001f9c11f0000 JavaThread "main" [_thread_in_native, id=1660, stack(0x000000575e000000,0x000000575e100000)]
  0x000001f9e7b7e800 JavaThread "Reference Handler" daemon [_thread_blocked, id=12188, stack(0x000000575e700000,0x000000575e800000)]
  0x000001f9e7b80000 JavaThread "Finalizer" daemon [_thread_blocked, id=10596, stack(0x000000575e800000,0x000000575e900000)]
  0x000001f9e7b9c800 JavaThread "Signal Dispatcher" daemon [_thread_blocked, id=5892, stack(0x000000575e900000,0x000000575ea00000)]
  0x000001f9e7b9d800 JavaThread "Attach Listener" daemon [_thread_blocked, id=5280, stack(0x000000575ea00000,0x000000575eb00000)]
  0x000001f9e7b9e800 JavaThread "Service Thread" daemon [_thread_blocked, id=6120, stack(0x000000575eb00000,0x000000575ec00000)]
  0x000001f9e7ba7000 JavaThread "JVMCI-native CompilerThread0" daemon [_thread_blocked, id=3548, stack(0x000000575ec00000,0x000000575ed00000)]
  0x000001f9e7ba8000 JavaThread "C1 CompilerThread0" daemon [_thread_blocked, id=11300, stack(0x000000575ed00000,0x000000575ee00000)]
  0x000001f9e7bba000 JavaThread "Sweeper thread" daemon [_thread_blocked, id=6972, stack(0x000000575ee00000,0x000000575ef00000)]
  0x000001f9e7b5f800 JavaThread "Common-Cleaner" daemon [_thread_blocked, id=6532, stack(0x000000575ef00000,0x000000575f000000)]
  0x000001f9e85dd800 JavaThread "C1 CompilerThread1" daemon [_thread_blocked, id=2480, stack(0x000000575f000000,0x000000575f100000)]
  0x000001f9e8764800 JavaThread "Monitor Ctrl-Break" daemon [_thread_in_native, id=12148, stack(0x000000575f100000,0x000000575f200000)]

Other Threads:
  0x000001f9e7b7c000 VMThread "VM Thread" [stack: 0x000000575e600000,0x000000575e700000] [id=12236]
  0x000001f9e8765800 WatcherThread [stack: 0x000000575f200000,0x000000575f300000] [id=11608]
  0x000001f9c1209000 GCTaskThread "GC Thread#0" [stack: 0x000000575e100000,0x000000575e200000] [id=2876]
  0x000001f9c1238800 ConcurrentGCThread "G1 Main Marker" [stack: 0x000000575e200000,0x000000575e300000] [id=3316]
  0x000001f9c1239800 ConcurrentGCThread "G1 Conc#0" [stack: 0x000000575e300000,0x000000575e400000] [id=7504]
  0x000001f9c12ce000 ConcurrentGCThread "G1 Refine#0" [stack: 0x000000575e400000,0x000000575e500000] [id=9660]
  0x000001f9e7a0c800 ConcurrentGCThread "G1 Young RemSet Sampling" [stack: 0x000000575e500000,0x000000575e600000] [id=3268]

Threads with active compile tasks:

VM state:not at safepoint (normal execution)

VM Mutex/Monitor currently owned by a thread: None

Heap address: 0x0000000081000000, size: 2032 MB, Compressed Oops mode: 32-bit
Narrow klass base: 0x0000000800000000, Narrow klass shift: 3
Compressed class space size: 1073741824 Address: 0x0000000840000000

Heap:
 garbage-first heap   total 131072K, used 7168K [0x0000000081000000, 0x0000000100000000)
  region size 1024K, 9 young (9216K), 0 survivors (0K)
 Metaspace       used 3421K, capacity 6197K, committed 6528K, reserved 1056768K
  class space    used 263K, capacity 557K, committed 640K, reserved 1048576K
Heap Regions: E=young(eden), S=young(survivor), O=old, HS=humongous(starts), HC=humongous(continues), CS=collection set, F=free, A=archive, TAMS=top-at-mark-start (previous, next)
|   0|0x0000000081000000, 0x0000000081000000, 0x0000000081100000|  0%| F|  |TAMS 0x0000000081000000, 0x0000000081000000| Untracked 
|   1|0x0000000081100000, 0x0000000081100000, 0x0000000081200000|  0%| F|  |TAMS 0x0000000081100000, 0x0000000081100000| Untracked 
|   2|0x0000000081200000, 0x0000000081200000, 0x0000000081300000|  0%| F|  |TAMS 0x0000000081200000, 0x0000000081200000| Untracked 
|   3|0x0000000081300000, 0x0000000081300000, 0x0000000081400000|  0%| F|  |TAMS 0x0000000081300000, 0x0000000081300000| Untracked 
|   4|0x0000000081400000, 0x0000000081400000, 0x0000000081500000|  0%| F|  |TAMS 0x0000000081400000, 0x0000000081400000| Untracked 
|   5|0x0000000081500000, 0x0000000081500000, 0x0000000081600000|  0%| F|  |TAMS 0x0000000081500000, 0x0000000081500000| Untracked 
|   6|0x0000000081600000, 0x0000000081600000, 0x0000000081700000|  0%| F|  |TAMS 0x0000000081600000, 0x0000000081600000| Untracked 
|   7|0x0000000081700000, 0x0000000081700000, 0x0000000081800000|  0%| F|  |TAMS 0x0000000081700000, 0x0000000081700000| Untracked 
|   8|0x0000000081800000, 0x0000000081800000, 0x0000000081900000|  0%| F|  |TAMS 0x0000000081800000, 0x0000000081800000| Untracked 
|   9|0x0000000081900000, 0x0000000081900000, 0x0000000081a00000|  0%| F|  |TAMS 0x0000000081900000, 0x0000000081900000| Untracked 
|  10|0x0000000081a00000, 0x0000000081a00000, 0x0000000081b00000|  0%| F|  |TAMS 0x0000000081a00000, 0x0000000081a00000| Untracked 
|  11|0x0000000081b00000, 0x0000000081b00000, 0x0000000081c00000|  0%| F|  |TAMS 0x0000000081b00000, 0x0000000081b00000| Untracked 
|  12|0x0000000081c00000, 0x0000000081c00000, 0x0000000081d00000|  0%| F|  |TAMS 0x0000000081c00000, 0x0000000081c00000| Untracked 
|  13|0x0000000081d00000, 0x0000000081d00000, 0x0000000081e00000|  0%| F|  |TAMS 0x0000000081d00000, 0x0000000081d00000| Untracked 
|  14|0x0000000081e00000, 0x0000000081e00000, 0x0000000081f00000|  0%| F|  |TAMS 0x0000000081e00000, 0x0000000081e00000| Untracked 
|  15|0x0000000081f00000, 0x0000000081f00000, 0x0000000082000000|  0%| F|  |TAMS 0x0000000081f00000, 0x0000000081f00000| Untracked 
|  16|0x0000000082000000, 0x0000000082000000, 0x0000000082100000|  0%| F|  |TAMS 0x0000000082000000, 0x0000000082000000| Untracked 
|  17|0x0000000082100000, 0x0000000082100000, 0x0000000082200000|  0%| F|  |TAMS 0x0000000082100000, 0x0000000082100000| Untracked 
|  18|0x0000000082200000, 0x0000000082200000, 0x0000000082300000|  0%| F|  |TAMS 0x0000000082200000, 0x0000000082200000| Untracked 
|  19|0x0000000082300000, 0x0000000082300000, 0x0000000082400000|  0%| F|  |TAMS 0x0000000082300000, 0x0000000082300000| Untracked 
|  20|0x0000000082400000, 0x0000000082400000, 0x0000000082500000|  0%| F|  |TAMS 0x0000000082400000, 0x0000000082400000| Untracked 
|  21|0x0000000082500000, 0x0000000082500000, 0x0000000082600000|  0%| F|  |TAMS 0x0000000082500000, 0x0000000082500000| Untracked 
|  22|0x0000000082600000, 0x0000000082600000, 0x0000000082700000|  0%| F|  |TAMS 0x0000000082600000, 0x0000000082600000| Untracked 
|  23|0x0000000082700000, 0x0000000082700000, 0x0000000082800000|  0%| F|  |TAMS 0x0000000082700000, 0x0000000082700000| Untracked 
|  24|0x0000000082800000, 0x0000000082800000, 0x0000000082900000|  0%| F|  |TAMS 0x0000000082800000, 0x0000000082800000| Untracked 
|  25|0x0000000082900000, 0x0000000082900000, 0x0000000082a00000|  0%| F|  |TAMS 0x0000000082900000, 0x0000000082900000| Untracked 
|  26|0x0000000082a00000, 0x0000000082a00000, 0x0000000082b00000|  0%| F|  |TAMS 0x0000000082a00000, 0x0000000082a00000| Untracked 
|  27|0x0000000082b00000, 0x0000000082b00000, 0x0000000082c00000|  0%| F|  |TAMS 0x0000000082b00000, 0x0000000082b00000| Untracked 
|  28|0x0000000082c00000, 0x0000000082c00000, 0x0000000082d00000|  0%| F|  |TAMS 0x0000000082c00000, 0x0000000082c00000| Untracked 
|  29|0x0000000082d00000, 0x0000000082d00000, 0x0000000082e00000|  0%| F|  |TAMS 0x0000000082d00000, 0x0000000082d00000| Untracked 
|  30|0x0000000082e00000, 0x0000000082e00000, 0x0000000082f00000|  0%| F|  |TAMS 0x0000000082e00000, 0x0000000082e00000| Untracked 
|  31|0x0000000082f00000, 0x0000000082f00000, 0x0000000083000000|  0%| F|  |TAMS 0x0000000082f00000, 0x0000000082f00000| Untracked 
|  32|0x0000000083000000, 0x0000000083000000, 0x0000000083100000|  0%| F|  |TAMS 0x0000000083000000, 0x0000000083000000| Untracked 
|  33|0x0000000083100000, 0x0000000083100000, 0x0000000083200000|  0%| F|  |TAMS 0x0000000083100000, 0x0000000083100000| Untracked 
|  34|0x0000000083200000, 0x0000000083200000, 0x0000000083300000|  0%| F|  |TAMS 0x0000000083200000, 0x0000000083200000| Untracked 
|  35|0x0000000083300000, 0x0000000083300000, 0x0000000083400000|  0%| F|  |TAMS 0x0000000083300000, 0x0000000083300000| Untracked 
|  36|0x0000000083400000, 0x0000000083400000, 0x0000000083500000|  0%| F|  |TAMS 0x0000000083400000, 0x0000000083400000| Untracked 
|  37|0x0000000083500000, 0x0000000083500000, 0x0000000083600000|  0%| F|  |TAMS 0x0000000083500000, 0x0000000083500000| Untracked 
|  38|0x0000000083600000, 0x0000000083600000, 0x0000000083700000|  0%| F|  |TAMS 0x0000000083600000, 0x0000000083600000| Untracked 
|  39|0x0000000083700000, 0x0000000083700000, 0x0000000083800000|  0%| F|  |TAMS 0x0000000083700000, 0x0000000083700000| Untracked 
|  40|0x0000000083800000, 0x0000000083800000, 0x0000000083900000|  0%| F|  |TAMS 0x0000000083800000, 0x0000000083800000| Untracked 
|  41|0x0000000083900000, 0x0000000083900000, 0x0000000083a00000|  0%| F|  |TAMS 0x0000000083900000, 0x0000000083900000| Untracked 
|  42|0x0000000083a00000, 0x0000000083a00000, 0x0000000083b00000|  0%| F|  |TAMS 0x0000000083a00000, 0x0000000083a00000| Untracked 
|  43|0x0000000083b00000, 0x0000000083b00000, 0x0000000083c00000|  0%| F|  |TAMS 0x0000000083b00000, 0x0000000083b00000| Untracked 
|  44|0x0000000083c00000, 0x0000000083c00000, 0x0000000083d00000|  0%| F|  |TAMS 0x0000000083c00000, 0x0000000083c00000| Untracked 
|  45|0x0000000083d00000, 0x0000000083d00000, 0x0000000083e00000|  0%| F|  |TAMS 0x0000000083d00000, 0x0000000083d00000| Untracked 
|  46|0x0000000083e00000, 0x0000000083e00000, 0x0000000083f00000|  0%| F|  |TAMS 0x0000000083e00000, 0x0000000083e00000| Untracked 
|  47|0x0000000083f00000, 0x0000000083f00000, 0x0000000084000000|  0%| F|  |TAMS 0x0000000083f00000, 0x0000000083f00000| Untracked 
|  48|0x0000000084000000, 0x0000000084000000, 0x0000000084100000|  0%| F|  |TAMS 0x0000000084000000, 0x0000000084000000| Untracked 
|  49|0x0000000084100000, 0x0000000084100000, 0x0000000084200000|  0%| F|  |TAMS 0x0000000084100000, 0x0000000084100000| Untracked 
|  50|0x0000000084200000, 0x0000000084200000, 0x0000000084300000|  0%| F|  |TAMS 0x0000000084200000, 0x0000000084200000| Untracked 
|  51|0x0000000084300000, 0x0000000084300000, 0x0000000084400000|  0%| F|  |TAMS 0x0000000084300000, 0x0000000084300000| Untracked 
|  52|0x0000000084400000, 0x0000000084400000, 0x0000000084500000|  0%| F|  |TAMS 0x0000000084400000, 0x0000000084400000| Untracked 
|  53|0x0000000084500000, 0x0000000084500000, 0x0000000084600000|  0%| F|  |TAMS 0x0000000084500000, 0x0000000084500000| Untracked 
|  54|0x0000000084600000, 0x0000000084600000, 0x0000000084700000|  0%| F|  |TAMS 0x0000000084600000, 0x0000000084600000| Untracked 
|  55|0x0000000084700000, 0x0000000084700000, 0x0000000084800000|  0%| F|  |TAMS 0x0000000084700000, 0x0000000084700000| Untracked 
|  56|0x0000000084800000, 0x0000000084800000, 0x0000000084900000|  0%| F|  |TAMS 0x0000000084800000, 0x0000000084800000| Untracked 
|  57|0x0000000084900000, 0x0000000084900000, 0x0000000084a00000|  0%| F|  |TAMS 0x0000000084900000, 0x0000000084900000| Untracked 
|  58|0x0000000084a00000, 0x0000000084a00000, 0x0000000084b00000|  0%| F|  |TAMS 0x0000000084a00000, 0x0000000084a00000| Untracked 
|  59|0x0000000084b00000, 0x0000000084b00000, 0x0000000084c00000|  0%| F|  |TAMS 0x0000000084b00000, 0x0000000084b00000| Untracked 
|  60|0x0000000084c00000, 0x0000000084c00000, 0x0000000084d00000|  0%| F|  |TAMS 0x0000000084c00000, 0x0000000084c00000| Untracked 
|  61|0x0000000084d00000, 0x0000000084d00000, 0x0000000084e00000|  0%| F|  |TAMS 0x0000000084d00000, 0x0000000084d00000| Untracked 
|  62|0x0000000084e00000, 0x0000000084e00000, 0x0000000084f00000|  0%| F|  |TAMS 0x0000000084e00000, 0x0000000084e00000| Untracked 
|  63|0x0000000084f00000, 0x0000000084f00000, 0x0000000085000000|  0%| F|  |TAMS 0x0000000084f00000, 0x0000000084f00000| Untracked 
|  64|0x0000000085000000, 0x0000000085000000, 0x0000000085100000|  0%| F|  |TAMS 0x0000000085000000, 0x0000000085000000| Untracked 
|  65|0x0000000085100000, 0x0000000085100000, 0x0000000085200000|  0%| F|  |TAMS 0x0000000085100000, 0x0000000085100000| Untracked 
|  66|0x0000000085200000, 0x0000000085200000, 0x0000000085300000|  0%| F|  |TAMS 0x0000000085200000, 0x0000000085200000| Untracked 
|  67|0x0000000085300000, 0x0000000085300000, 0x0000000085400000|  0%| F|  |TAMS 0x0000000085300000, 0x0000000085300000| Untracked 
|  68|0x0000000085400000, 0x0000000085400000, 0x0000000085500000|  0%| F|  |TAMS 0x0000000085400000, 0x0000000085400000| Untracked 
|  69|0x0000000085500000, 0x0000000085500000, 0x0000000085600000|  0%| F|  |TAMS 0x0000000085500000, 0x0000000085500000| Untracked 
|  70|0x0000000085600000, 0x0000000085600000, 0x0000000085700000|  0%| F|  |TAMS 0x0000000085600000, 0x0000000085600000| Untracked 
|  71|0x0000000085700000, 0x0000000085700000, 0x0000000085800000|  0%| F|  |TAMS 0x0000000085700000, 0x0000000085700000| Untracked 
|  72|0x0000000085800000, 0x0000000085800000, 0x0000000085900000|  0%| F|  |TAMS 0x0000000085800000, 0x0000000085800000| Untracked 
|  73|0x0000000085900000, 0x0000000085900000, 0x0000000085a00000|  0%| F|  |TAMS 0x0000000085900000, 0x0000000085900000| Untracked 
|  74|0x0000000085a00000, 0x0000000085a00000, 0x0000000085b00000|  0%| F|  |TAMS 0x0000000085a00000, 0x0000000085a00000| Untracked 
|  75|0x0000000085b00000, 0x0000000085b00000, 0x0000000085c00000|  0%| F|  |TAMS 0x0000000085b00000, 0x0000000085b00000| Untracked 
|  76|0x0000000085c00000, 0x0000000085c00000, 0x0000000085d00000|  0%| F|  |TAMS 0x0000000085c00000, 0x0000000085c00000| Untracked 
|  77|0x0000000085d00000, 0x0000000085d00000, 0x0000000085e00000|  0%| F|  |TAMS 0x0000000085d00000, 0x0000000085d00000| Untracked 
|  78|0x0000000085e00000, 0x0000000085e00000, 0x0000000085f00000|  0%| F|  |TAMS 0x0000000085e00000, 0x0000000085e00000| Untracked 
|  79|0x0000000085f00000, 0x0000000085f00000, 0x0000000086000000|  0%| F|  |TAMS 0x0000000085f00000, 0x0000000085f00000| Untracked 
|  80|0x0000000086000000, 0x0000000086000000, 0x0000000086100000|  0%| F|  |TAMS 0x0000000086000000, 0x0000000086000000| Untracked 
|  81|0x0000000086100000, 0x0000000086100000, 0x0000000086200000|  0%| F|  |TAMS 0x0000000086100000, 0x0000000086100000| Untracked 
|  82|0x0000000086200000, 0x0000000086200000, 0x0000000086300000|  0%| F|  |TAMS 0x0000000086200000, 0x0000000086200000| Untracked 
|  83|0x0000000086300000, 0x0000000086300000, 0x0000000086400000|  0%| F|  |TAMS 0x0000000086300000, 0x0000000086300000| Untracked 
|  84|0x0000000086400000, 0x0000000086400000, 0x0000000086500000|  0%| F|  |TAMS 0x0000000086400000, 0x0000000086400000| Untracked 
|  85|0x0000000086500000, 0x0000000086500000, 0x0000000086600000|  0%| F|  |TAMS 0x0000000086500000, 0x0000000086500000| Untracked 
|  86|0x0000000086600000, 0x0000000086600000, 0x0000000086700000|  0%| F|  |TAMS 0x0000000086600000, 0x0000000086600000| Untracked 
|  87|0x0000000086700000, 0x0000000086700000, 0x0000000086800000|  0%| F|  |TAMS 0x0000000086700000, 0x0000000086700000| Untracked 
|  88|0x0000000086800000, 0x0000000086800000, 0x0000000086900000|  0%| F|  |TAMS 0x0000000086800000, 0x0000000086800000| Untracked 
|  89|0x0000000086900000, 0x0000000086900000, 0x0000000086a00000|  0%| F|  |TAMS 0x0000000086900000, 0x0000000086900000| Untracked 
|  90|0x0000000086a00000, 0x0000000086a00000, 0x0000000086b00000|  0%| F|  |TAMS 0x0000000086a00000, 0x0000000086a00000| Untracked 
|  91|0x0000000086b00000, 0x0000000086b00000, 0x0000000086c00000|  0%| F|  |TAMS 0x0000000086b00000, 0x0000000086b00000| Untracked 
|  92|0x0000000086c00000, 0x0000000086c00000, 0x0000000086d00000|  0%| F|  |TAMS 0x0000000086c00000, 0x0000000086c00000| Untracked 
|  93|0x0000000086d00000, 0x0000000086d00000, 0x0000000086e00000|  0%| F|  |TAMS 0x0000000086d00000, 0x0000000086d00000| Untracked 
|  94|0x0000000086e00000, 0x0000000086e00000, 0x0000000086f00000|  0%| F|  |TAMS 0x0000000086e00000, 0x0000000086e00000| Untracked 
|  95|0x0000000086f00000, 0x0000000086f00000, 0x0000000087000000|  0%| F|  |TAMS 0x0000000086f00000, 0x0000000086f00000| Untracked 
|  96|0x0000000087000000, 0x0000000087000000, 0x0000000087100000|  0%| F|  |TAMS 0x0000000087000000, 0x0000000087000000| Untracked 
|  97|0x0000000087100000, 0x0000000087100000, 0x0000000087200000|  0%| F|  |TAMS 0x0000000087100000, 0x0000000087100000| Untracked 
|  98|0x0000000087200000, 0x0000000087200000, 0x0000000087300000|  0%| F|  |TAMS 0x0000000087200000, 0x0000000087200000| Untracked 
|  99|0x0000000087300000, 0x0000000087300000, 0x0000000087400000|  0%| F|  |TAMS 0x0000000087300000, 0x0000000087300000| Untracked 
| 100|0x0000000087400000, 0x0000000087400000, 0x0000000087500000|  0%| F|  |TAMS 0x0000000087400000, 0x0000000087400000| Untracked 
| 101|0x0000000087500000, 0x0000000087500000, 0x0000000087600000|  0%| F|  |TAMS 0x0000000087500000, 0x0000000087500000| Untracked 
| 102|0x0000000087600000, 0x0000000087600000, 0x0000000087700000|  0%| F|  |TAMS 0x0000000087600000, 0x0000000087600000| Untracked 
| 103|0x0000000087700000, 0x0000000087700000, 0x0000000087800000|  0%| F|  |TAMS 0x0000000087700000, 0x0000000087700000| Untracked 
| 104|0x0000000087800000, 0x0000000087800000, 0x0000000087900000|  0%| F|  |TAMS 0x0000000087800000, 0x0000000087800000| Untracked 
| 105|0x0000000087900000, 0x0000000087900000, 0x0000000087a00000|  0%| F|  |TAMS 0x0000000087900000, 0x0000000087900000| Untracked 
| 106|0x0000000087a00000, 0x0000000087a00000, 0x0000000087b00000|  0%| F|  |TAMS 0x0000000087a00000, 0x0000000087a00000| Untracked 
| 107|0x0000000087b00000, 0x0000000087b00000, 0x0000000087c00000|  0%| F|  |TAMS 0x0000000087b00000, 0x0000000087b00000| Untracked 
| 108|0x0000000087c00000, 0x0000000087c00000, 0x0000000087d00000|  0%| F|  |TAMS 0x0000000087c00000, 0x0000000087c00000| Untracked 
| 109|0x0000000087d00000, 0x0000000087d00000, 0x0000000087e00000|  0%| F|  |TAMS 0x0000000087d00000, 0x0000000087d00000| Untracked 
| 110|0x0000000087e00000, 0x0000000087e00000, 0x0000000087f00000|  0%| F|  |TAMS 0x0000000087e00000, 0x0000000087e00000| Untracked 
| 111|0x0000000087f00000, 0x0000000087f00000, 0x0000000088000000|  0%| F|  |TAMS 0x0000000087f00000, 0x0000000087f00000| Untracked 
| 112|0x0000000088000000, 0x0000000088000000, 0x0000000088100000|  0%| F|  |TAMS 0x0000000088000000, 0x0000000088000000| Untracked 
| 113|0x0000000088100000, 0x0000000088100000, 0x0000000088200000|  0%| F|  |TAMS 0x0000000088100000, 0x0000000088100000| Untracked 
| 114|0x0000000088200000, 0x0000000088200000, 0x0000000088300000|  0%| F|  |TAMS 0x0000000088200000, 0x0000000088200000| Untracked 
| 115|0x0000000088300000, 0x0000000088300000, 0x0000000088400000|  0%| F|  |TAMS 0x0000000088300000, 0x0000000088300000| Untracked 
| 116|0x0000000088400000, 0x0000000088400000, 0x0000000088500000|  0%| F|  |TAMS 0x0000000088400000, 0x0000000088400000| Untracked 
| 117|0x0000000088500000, 0x0000000088500000, 0x0000000088600000|  0%| F|  |TAMS 0x0000000088500000, 0x0000000088500000| Untracked 
| 118|0x0000000088600000, 0x0000000088600000, 0x0000000088700000|  0%| F|  |TAMS 0x0000000088600000, 0x0000000088600000| Untracked 
| 119|0x0000000088700000, 0x00000000887483a0, 0x0000000088800000| 28%| E|  |TAMS 0x0000000088700000, 0x0000000088700000| Complete 
| 120|0x0000000088800000, 0x0000000088900000, 0x0000000088900000|100%| E|CS|TAMS 0x0000000088800000, 0x0000000088800000| Complete 
| 121|0x0000000088900000, 0x0000000088a00000, 0x0000000088a00000|100%| E|  |TAMS 0x0000000088900000, 0x0000000088900000| Complete 
| 122|0x0000000088a00000, 0x0000000088b00000, 0x0000000088b00000|100%| E|CS|TAMS 0x0000000088a00000, 0x0000000088a00000| Complete 
| 123|0x0000000088b00000, 0x0000000088c00000, 0x0000000088c00000|100%| E|CS|TAMS 0x0000000088b00000, 0x0000000088b00000| Complete 
| 124|0x0000000088c00000, 0x0000000088d00000, 0x0000000088d00000|100%| E|CS|TAMS 0x0000000088c00000, 0x0000000088c00000| Complete 
| 125|0x0000000088d00000, 0x0000000088e00000, 0x0000000088e00000|100%| E|CS|TAMS 0x0000000088d00000, 0x0000000088d00000| Complete 
| 126|0x0000000088e00000, 0x0000000088f00000, 0x0000000088f00000|100%| E|CS|TAMS 0x0000000088e00000, 0x0000000088e00000| Complete 
| 127|0x0000000088f00000, 0x0000000089000000, 0x0000000089000000|100%| E|CS|TAMS 0x0000000088f00000, 0x0000000088f00000| Complete 

Card table byte_map: [0x000001f9e0e10000,0x000001f9e1210000] _byte_map_base: 0x000001f9e0a08000

Marking Bits (Prev, Next): (CMBitMap*) 0x000001f9c122fab8, (CMBitMap*) 0x000001f9c122faf0
 Prev Bits: [0x000001f9e1610000, 0x000001f9e35d0000)
 Next Bits: [0x000001f9e35d0000, 0x000001f9e5590000)

Polling page: 0x000001f9c10c0000

Metaspace:

Usage:
  Non-class:      5.51 MB capacity,     3.08 MB ( 56%) used,     2.42 MB ( 44%) free+waste,     8.81 KB ( <1%) overhead. 
      Class:    557.00 KB capacity,   263.91 KB ( 47%) used,   288.34 KB ( 52%) free+waste,     4.75 KB ( <1%) overhead. 
       Both:      6.05 MB capacity,     3.34 MB ( 55%) used,     2.70 MB ( 45%) free+waste,    13.56 KB ( <1%) overhead. 

Virtual space:
  Non-class space:        8.00 MB reserved,       5.75 MB ( 72%) committed 
      Class space:        1.00 GB reserved,     640.00 KB ( <1%) committed 
             Both:        1.01 GB reserved,       6.38 MB ( <1%) committed 

Chunk freelists:
   Non-Class:  56.00 KB
       Class:  19.00 KB
        Both:  75.00 KB

MaxMetaspaceSize: 17179869184.00 GB
CompressedClassSpaceSize: 1.00 GB
Initial GC threshold: 20.80 MB
Current GC threshold: 20.80 MB
CDS: on

CodeHeap 'non-profiled nmethods': size=160704Kb used=177Kb max_used=177Kb free=160526Kb
 bounds [0x000001f9d6660000, 0x000001f9d7660000, 0x000001f9e0350000]
CodeHeap 'profiled nmethods': size=160704Kb used=1045Kb max_used=1045Kb free=159658Kb
 bounds [0x000001f9cc970000, 0x000001f9cd970000, 0x000001f9d6660000]
CodeHeap 'non-nmethods': size=6272Kb used=2101Kb max_used=2103Kb free=4170Kb
 bounds [0x000001f9cc350000, 0x000001f9cc970000, 0x000001f9cc970000]
 total_blobs=1529 nmethods=613 adapters=835
 compilation: enabled
              stopped_count=0, restarted_count=0
 full_count=0

JVMCI Events (9 events):
Event: 0.021 Thread 0x000001f9c11f0000 created new Java JVMCI runtime -1 (0x000001f9c1202fb0)
Event: 0.117 Thread 0x000001f9e7ba7000 created new CompileBroker JVMCI runtime 0 (0x000001f9e85f3710)
Event: 0.117 Thread 0x000001f9e7ba7000 attached to JVMCI runtime 0
Event: 0.118 Thread 0x000001f9e7ba7000 loaded JVMCI shared library from C:\Program Files\Java\graalvm-ce-java11-22.3.0\bin\jvmcicompiler.dll
Event: 0.121 Thread 0x000001f9e7ba7000 created JavaVM[1]@0x000001f9e94d8080 for JVMCI runtime 0
Event: 0.121 Thread 0x000001f9e7ba7000 initializing JVMCI runtime 0
Event: 0.121 Thread 0x000001f9e7ba7000 initializing JavaVM references in JVMCI runtime 0
Event: 0.121 Thread 0x000001f9e7ba7000 initialized JavaVM references in JVMCI runtime 0
Event: 0.123 Thread 0x000001f9e7ba7000 initialized JVMCI runtime 0

Compilation events (20 events):
Event: 0.375 Thread 0x000001f9e85dd800  606       3       java.lang.String::indexOf (18 bytes)
Event: 0.375 Thread 0x000001f9e85dd800 nmethod 606 0x000001f9cca6b590 code [0x000001f9cca6b760, 0x000001f9cca6ba48]
Event: 0.375 Thread 0x000001f9e85dd800  607       3       java.lang.String::indexOf (113 bytes)
Event: 0.376 Thread 0x000001f9e85dd800 nmethod 607 0x000001f9cca6bb90 code [0x000001f9cca6be20, 0x000001f9cca6c848]
Event: 0.376 Thread 0x000001f9e85dd800  608       3       java.io.WinNTFileSystem::prefixLength (91 bytes)
Event: 0.377 Thread 0x000001f9e7ba8000 nmethod 605 0x000001f9cca6cc90 code [0x000001f9cca6d120, 0x000001f9cca6ffa8]
Event: 0.377 Thread 0x000001f9e7ba8000  609       1       java.nio.HeapByteBuffer::isDirect (2 bytes)
Event: 0.377 Thread 0x000001f9e7ba8000 nmethod 609 0x000001f9d668a410 code [0x000001f9d668a5a0, 0x000001f9d668a678]
Event: 0.377 Thread 0x000001f9e85dd800 nmethod 608 0x000001f9cca71290 code [0x000001f9cca715a0, 0x000001f9cca728b8]
Event: 0.379 Thread 0x000001f9e7ba8000  610   !   3       java.util.zip.ZipFile$ZipFileInputStream::close (59 bytes)
Event: 0.379 Thread 0x000001f9e7ba7000 nmethod 598 0x000001f9d668a710 code [0x000001f9d668a8c0, 0x000001f9d668b020]
Event: 0.379 Thread 0x000001f9e7ba7000  604       4       java.lang.StringBuilder::append (8 bytes)
Event: 0.379 Thread 0x000001f9e7ba8000 nmethod 610 0x000001f9cca72f90 code [0x000001f9cca73160, 0x000001f9cca73708]
Event: 0.381 Thread 0x000001f9e7ba8000  613       3       java.util.WeakHashMap::remove (133 bytes)
Event: 0.381 Thread 0x000001f9e85dd800  612       3       java.util.Collections$SetFromMap::remove (19 bytes)
Event: 0.381 Thread 0x000001f9e85dd800 nmethod 612 0x000001f9cca73910 code [0x000001f9cca73ac0, 0x000001f9cca73e68]
Event: 0.382 Thread 0x000001f9e7ba8000 nmethod 613 0x000001f9cca73f10 code [0x000001f9cca74140, 0x000001f9cca751c8]
Event: 0.386 Thread 0x000001f9e7ba7000 nmethod 604 0x000001f9d668b390 code [0x000001f9d668b520, 0x000001f9d668bac0]
Event: 0.386 Thread 0x000001f9e7ba7000  611       4       java.lang.StringLatin1::replace (196 bytes)
Event: 0.394 Thread 0x000001f9e7ba7000 nmethod 611 0x000001f9d668bd90 code [0x000001f9d668bf40, 0x000001f9d668c348]

GC Heap History (0 events):
No events

Deoptimization events (20 events):
Event: 0.239 Thread 0x000001f9c11f0000 DEOPT PACKING pc=0x000001f9d666ccd9 sp=0x000000575e0fd7d0
Event: 0.239 Thread 0x000001f9c11f0000 DEOPT UNPACKING pc=0x000001f9cc39a771 sp=0x000000575e0fcc78 mode 3
Event: 0.239 Thread 0x000001f9c11f0000 Uncommon trap: trap_request=0xffffffed fr.pc=0x000001f9d666fc2d relative=0x000000000000008d
Event: 0.239 Thread 0x000001f9c11f0000 Uncommon trap: reason=null_assert_or_unreached0 action=reinterpret pc=0x000001f9d666fc2d method=java.lang.String.isLatin1()Z @ 0 jvmci
Event: 0.239 Thread 0x000001f9c11f0000 DEOPT PACKING pc=0x000001f9d666fc2d sp=0x000000575e0fd760
Event: 0.239 Thread 0x000001f9c11f0000 DEOPT UNPACKING pc=0x000001f9cc39a771 sp=0x000000575e0fcc08 mode 3
Event: 0.267 Thread 0x000001f9c11f0000 DEOPT PACKING pc=0x000001f9cc9d31e8 sp=0x000000575e0fbbf0
Event: 0.267 Thread 0x000001f9c11f0000 DEOPT UNPACKING pc=0x000001f9cc39a771 sp=0x000000575e0fb048 mode 0
Event: 0.342 Thread 0x000001f9c11f0000 DEOPT PACKING pc=0x000001f9cc9d6eb2 sp=0x000000575e0f93d0
Event: 0.342 Thread 0x000001f9c11f0000 DEOPT UNPACKING pc=0x000001f9cc39a771 sp=0x000000575e0f8838 mode 0
Event: 0.347 Thread 0x000001f9c11f0000 DEOPT PACKING pc=0x000001f9cc9c0bd0 sp=0x000000575e0fc140
Event: 0.347 Thread 0x000001f9c11f0000 DEOPT UNPACKING pc=0x000001f9cc39a771 sp=0x000000575e0fb5c8 mode 0
Event: 0.350 Thread 0x000001f9c11f0000 DEOPT PACKING pc=0x000001f9cc9c0bd0 sp=0x000000575e0fc140
Event: 0.350 Thread 0x000001f9c11f0000 DEOPT UNPACKING pc=0x000001f9cc39a771 sp=0x000000575e0fb5c8 mode 0
Event: 0.353 Thread 0x000001f9c11f0000 DEOPT PACKING pc=0x000001f9cc9c0bd0 sp=0x000000575e0fdd10
Event: 0.353 Thread 0x000001f9c11f0000 DEOPT UNPACKING pc=0x000001f9cc39a771 sp=0x000000575e0fd198 mode 0
Event: 0.372 Thread 0x000001f9c11f0000 Uncommon trap: trap_request=0xffffffed fr.pc=0x000001f9d6682746 relative=0x0000000000000c26
Event: 0.372 Thread 0x000001f9c11f0000 Uncommon trap: reason=null_assert_or_unreached0 action=reinterpret pc=0x000001f9d6682746 method=java.util.HashMap.putVal(ILjava/lang/Object;Ljava/lang/Object;ZZ)Ljava/lang/Object; @ 29 jvmci
Event: 0.372 Thread 0x000001f9c11f0000 DEOPT PACKING pc=0x000001f9d6682746 sp=0x000000575e0fec70
Event: 0.372 Thread 0x000001f9c11f0000 DEOPT UNPACKING pc=0x000001f9cc39a771 sp=0x000000575e0fe120 mode 3

Classes redefined (0 events):
No events

Internal exceptions (14 events):
Event: 0.196 Thread 0x000001f9c11f0000 Exception <a 'java/lang/NoSuchMethodError'{0x0000000088b652f0}: 'void java.lang.invoke.DelegatingMethodHandle$Holder.delegate(java.lang.Object, java.lang.Object, int, java.lang.Object)'> (0x0000000088b652f0) thrown at [./src/hotspot/share/interpreter/linkResolver.cpp, line 773]
Event: 0.198 Thread 0x000001f9c11f0000 Exception <a 'java/lang/NoSuchMethodError'{0x0000000088b6c660}: 'java.lang.Object java.lang.invoke.DirectMethodHandle$Holder.invokeStaticInit(java.lang.Object, java.lang.Object, java.lang.Object)'> (0x0000000088b6c660) thrown at [./src/hotspot/share/interpreter/linkResolver.cpp, line 773]
Event: 0.203 Thread 0x000001f9c11f0000 Exception <a 'java/lang/NoSuchMethodError'{0x0000000088b92398}: 'int java.lang.invoke.DirectMethodHandle$Holder.invokeSpecialIFC(java.lang.Object, java.lang.Object, int)'> (0x0000000088b92398) thrown at [./src/hotspot/share/interpreter/linkResolver.cpp, line 773]
Event: 0.226 Thread 0x000001f9c11f0000 Exception <a 'sun/nio/fs/WindowsException'{0x0000000088bcd550}> (0x0000000088bcd550) thrown at [./src/hotspot/share/prims/jni.cpp, line 613]
Event: 0.227 Thread 0x000001f9c11f0000 Exception <a 'sun/nio/fs/WindowsException'{0x0000000088bcda10}> (0x0000000088bcda10) thrown at [./src/hotspot/share/prims/jni.cpp, line 613]
Event: 0.257 Thread 0x000001f9c11f0000 Exception <a 'sun/nio/fs/WindowsException'{0x0000000088a29298}> (0x0000000088a29298) thrown at [./src/hotspot/share/prims/jni.cpp, line 613]
Event: 0.257 Thread 0x000001f9c11f0000 Exception <a 'sun/nio/fs/WindowsException'{0x0000000088a29568}> (0x0000000088a29568) thrown at [./src/hotspot/share/prims/jni.cpp, line 613]
Event: 0.269 Thread 0x000001f9c11f0000 Exception <a 'java/lang/NoSuchMethodError'{0x0000000088a78b50}: 'int java.lang.invoke.DirectMethodHandle$Holder.invokeStaticInit(java.lang.Object, java.lang.Object, int, long)'> (0x0000000088a78b50) thrown at [./src/hotspot/share/interpreter/linkResolver.cpp, line 773]
Event: 0.270 Thread 0x000001f9c11f0000 Exception <a 'java/lang/NoSuchMethodError'{0x0000000088a7dcf8}: 'java.lang.Object java.lang.invoke.Invokers$Holder.linkToTargetMethod(java.lang.Object, int, java.lang.Object)'> (0x0000000088a7dcf8) thrown at [./src/hotspot/share/interpreter/linkResolver.cpp, line 773]
Event: 0.272 Thread 0x000001f9c11f0000 Exception <a 'java/lang/NoSuchMethodError'{0x0000000088a8ab88}: 'int java.lang.invoke.DirectMethodHandle$Holder.invokeStaticInit(java.lang.Object, java.lang.Object, long, long)'> (0x0000000088a8ab88) thrown at [./src/hotspot/share/interpreter/linkResolver.cpp, line 773]
Event: 0.273 Thread 0x000001f9c11f0000 Exception <a 'java/lang/NoSuchMethodError'{0x0000000088a962e8}: 'java.lang.Object java.lang.invoke.Invokers$Holder.linkToTargetMethod(java.lang.Object, long, java.lang.Object)'> (0x0000000088a962e8) thrown at [./src/hotspot/share/interpreter/linkResolver.cpp, line 773]
Event: 0.274 Thread 0x000001f9c11f0000 Exception <a 'java/lang/NoSuchMethodError'{0x0000000088a9ca68}: 'int java.lang.invoke.DirectMethodHandle$Holder.invokeStaticInit(java.lang.Object, java.lang.Object, java.lang.Object, long)'> (0x0000000088a9ca68) thrown at [./src/hotspot/share/interpreter/linkResolver.cpp, line 773]
Event: 0.355 Thread 0x000001f9c11f0000 Exception <a 'sun/nio/fs/WindowsException'{0x000000008888c8d8}> (0x000000008888c8d8) thrown at [./src/hotspot/share/prims/jni.cpp, line 613]
Event: 0.355 Thread 0x000001f9c11f0000 Exception <a 'sun/nio/fs/WindowsException'{0x000000008888cb28}> (0x000000008888cb28) thrown at [./src/hotspot/share/prims/jni.cpp, line 613]

Events (20 events):
Event: 0.374 loading class org/lwjgl/vulkan/VkQueueFamilyProperties2$Buffer
Event: 0.374 loading class org/lwjgl/vulkan/VkQueueFamilyProperties2$Buffer done
Event: 0.375 loading class org/lwjgl/vulkan/VkSparseImageMemoryRequirements2$Buffer
Event: 0.375 loading class org/lwjgl/vulkan/VkSparseImageMemoryRequirements2$Buffer done
Event: 0.376 loading class org/lwjgl/vulkan/VkSparseImageFormatProperties2$Buffer
Event: 0.376 loading class org/lwjgl/vulkan/VkSparseImageFormatProperties2$Buffer done
Event: 0.376 loading class org/lwjgl/vulkan/VkDependencyInfo$Buffer
Event: 0.376 loading class org/lwjgl/vulkan/VkDependencyInfo$Buffer done
Event: 0.377 loading class org/lwjgl/vulkan/VkSubmitInfo2$Buffer
Event: 0.377 loading class org/lwjgl/vulkan/VkSubmitInfo2$Buffer done
Event: 0.377 loading class org/lwjgl/vulkan/VkPhysicalDeviceToolProperties$Buffer
Event: 0.377 loading class org/lwjgl/vulkan/VkPhysicalDeviceToolProperties$Buffer done
Event: 0.378 loading class org/lwjgl/vulkan/VkInstanceCreateInfo
Event: 0.378 loading class org/lwjgl/vulkan/VkInstanceCreateInfo done
Event: 0.379 loading class org/lwjgl/glfw/GLFWVulkan
Event: 0.379 loading class org/lwjgl/glfw/GLFWVulkan done
Event: 0.380 loading class org/lwjgl/system/libc/LibCString
Event: 0.380 loading class org/lwjgl/system/libc/LibCString done
Event: 0.381 loading class org/lwjgl/glfw/GLFWVulkan$Functions
Event: 0.381 loading class org/lwjgl/glfw/GLFWVulkan$Functions done


Dynamic libraries:
0x00007ff6e3ce0000 - 0x00007ff6e3ced000 	C:\Program Files\Java\graalvm-ce-java11-22.3.0\bin\java.exe
0x00007ff9034b0000 - 0x00007ff9036a8000 	C:\Windows\SYSTEM32\ntdll.dll
0x00007ff9026f0000 - 0x00007ff9027af000 	C:\Windows\System32\KERNEL32.DLL
0x00007ff900d50000 - 0x00007ff901022000 	C:\Windows\System32\KERNELBASE.dll
0x00007ff9013f0000 - 0x00007ff9014f0000 	C:\Windows\System32\ucrtbase.dll
0x00007ff8ddb80000 - 0x00007ff8ddb95000 	C:\Program Files\Java\graalvm-ce-java11-22.3.0\bin\VCRUNTIME140.dll
0x00007ff8ddba0000 - 0x00007ff8ddbb7000 	C:\Program Files\Java\graalvm-ce-java11-22.3.0\bin\jli.dll
0x00007ff901e40000 - 0x00007ff901fe1000 	C:\Windows\System32\USER32.dll
0x00007ff8f44e0000 - 0x00007ff8f477a000 	C:\Windows\WinSxS\amd64_microsoft.windows.common-controls_6595b64144ccf1df_6.0.19041.1110_none_60b5254171f9507e\COMCTL32.dll
0x00007ff9011b0000 - 0x00007ff9011d2000 	C:\Windows\System32\win32u.dll
0x00007ff901ff0000 - 0x00007ff90208e000 	C:\Windows\System32\msvcrt.dll
0x00007ff902b10000 - 0x00007ff902b3b000 	C:\Windows\System32\GDI32.dll
0x00007ff901030000 - 0x00007ff90113f000 	C:\Windows\System32\gdi32full.dll
0x00007ff900cb0000 - 0x00007ff900d4d000 	C:\Windows\System32\msvcp_win.dll
0x00007ff902c30000 - 0x00007ff902c62000 	C:\Windows\System32\IMM32.DLL
0x00007ff88cc50000 - 0x00007ff88cceb000 	C:\Program Files\Java\graalvm-ce-java11-22.3.0\bin\msvcp140.dll
0x00007ff87b3b0000 - 0x00007ff87bee4000 	C:\Program Files\Java\graalvm-ce-java11-22.3.0\bin\server\jvm.dll
0x00007ff9030b0000 - 0x00007ff90315e000 	C:\Windows\System32\ADVAPI32.dll
0x00007ff903310000 - 0x00007ff9033ac000 	C:\Windows\System32\sechost.dll
0x00007ff902500000 - 0x00007ff902625000 	C:\Windows\System32\RPCRT4.dll
0x00007ff9014f0000 - 0x00007ff9014f8000 	C:\Windows\System32\PSAPI.DLL
0x00007ff8ef580000 - 0x00007ff8ef589000 	C:\Windows\SYSTEM32\WSOCK32.dll
0x00007ff902de0000 - 0x00007ff902e4b000 	C:\Windows\System32\WS2_32.dll
0x00007ff8f2c50000 - 0x00007ff8f2c77000 	C:\Windows\SYSTEM32\WINMM.dll
0x00007ff8fafa0000 - 0x00007ff8fafaa000 	C:\Windows\SYSTEM32\VERSION.dll
0x00007ff8fe9a0000 - 0x00007ff8fe9b2000 	C:\Windows\SYSTEM32\kernel.appcore.dll
0x00007ff8fc810000 - 0x00007ff8fc820000 	C:\Program Files\Java\graalvm-ce-java11-22.3.0\bin\verify.dll
0x00007ff8ef2d0000 - 0x00007ff8ef4b4000 	C:\Windows\SYSTEM32\DBGHELP.DLL
0x00007ff8f3750000 - 0x00007ff8f3785000 	C:\Windows\SYSTEM32\dbgcore.DLL
0x00007ff900bd0000 - 0x00007ff900c52000 	C:\Windows\System32\bcryptPrimitives.dll
0x00007ff88cc20000 - 0x00007ff88cc48000 	C:\Program Files\Java\graalvm-ce-java11-22.3.0\bin\java.dll
0x00007ff8f28c0000 - 0x00007ff8f28ca000 	C:\Program Files\Java\graalvm-ce-java11-22.3.0\bin\jimage.dll
0x00007ff8fa1d0000 - 0x00007ff8fa1de000 	C:\Program Files\Java\graalvm-ce-java11-22.3.0\bin\instrument.dll
0x00007ff8ddb60000 - 0x00007ff8ddb78000 	C:\Program Files\Java\graalvm-ce-java11-22.3.0\bin\zip.dll
0x00007ff901500000 - 0x00007ff901c44000 	C:\Windows\System32\SHELL32.dll
0x00007ff8fec80000 - 0x00007ff8ff412000 	C:\Windows\SYSTEM32\windows.storage.dll
0x00007ff9027b0000 - 0x00007ff902b05000 	C:\Windows\System32\combase.dll
0x00007ff900600000 - 0x00007ff900630000 	C:\Windows\SYSTEM32\Wldp.dll
0x00007ff902e50000 - 0x00007ff902efd000 	C:\Windows\System32\SHCORE.dll
0x00007ff902630000 - 0x00007ff902685000 	C:\Windows\System32\shlwapi.dll
0x00007ff900ae0000 - 0x00007ff900aff000 	C:\Windows\SYSTEM32\profapi.dll
0x00007ff874610000 - 0x00007ff87647d000 	C:\Program Files\Java\graalvm-ce-java11-22.3.0\bin\jvmcicompiler.dll
0x00007ff900aa0000 - 0x00007ff900ace000 	C:\Windows\SYSTEM32\USERENV.dll
0x00007ff900360000 - 0x00007ff9003ca000 	C:\Windows\SYSTEM32\MSWSOCK.dll
0x00007ff900000000 - 0x00007ff90003b000 	C:\Windows\SYSTEM32\IPHLPAPI.DLL
0x00007ff88cc00000 - 0x00007ff88cc19000 	C:\Program Files\Java\graalvm-ce-java11-22.3.0\bin\net.dll
0x00007ff8fa860000 - 0x00007ff8fa96c000 	C:\Windows\SYSTEM32\WINHTTP.dll
0x00007ff88cbe0000 - 0x00007ff88cbf3000 	C:\Program Files\Java\graalvm-ce-java11-22.3.0\bin\nio.dll
0x00007ff8f7090000 - 0x00007ff8f70aa000 	C:\Program Files\JetBrains\IntelliJ IDEA 2022.2.3\bin\breakgen64.dll
0x00007ff8f07a0000 - 0x00007ff8f0815000 	C:\!TEMP\lwjglDaniil\3.3.1-build-7\lwjgl.dll
0x00007ff8dfe90000 - 0x00007ff8dfef1000 	C:\!TEMP\lwjglDaniil\3.3.1-build-7\glfw.dll
0x00007ff8deed0000 - 0x00007ff8def15000 	C:\Windows\SYSTEM32\dinput8.dll
0x00007ff890d90000 - 0x00007ff890da1000 	C:\Windows\SYSTEM32\xinput1_4.dll
0x00007ff900c60000 - 0x00007ff900cae000 	C:\Windows\System32\cfgmgr32.dll
0x00007ff900950000 - 0x00007ff90097c000 	C:\Windows\SYSTEM32\DEVOBJ.dll
0x00007ff8fe970000 - 0x00007ff8fe99f000 	C:\Windows\SYSTEM32\dwmapi.dll
0x00007ff8f15d0000 - 0x00007ff8f1722000 	C:\Windows\SYSTEM32\inputhost.dll
0x00007ff901c50000 - 0x00007ff901d1d000 	C:\Windows\System32\OLEAUT32.dll
0x00007ff8fc4b0000 - 0x00007ff8fc5a6000 	C:\Windows\SYSTEM32\PROPSYS.dll
0x00007ff8fd680000 - 0x00007ff8fd7d4000 	C:\Windows\SYSTEM32\wintypes.dll
0x00007ff8fdd60000 - 0x00007ff8fe0be000 	C:\Windows\SYSTEM32\CoreUIComponents.dll
0x00007ff8ffd30000 - 0x00007ff8ffd63000 	C:\Windows\SYSTEM32\ntmarta.dll
0x00007ff8fe0f0000 - 0x00007ff8fe1e2000 	C:\Windows\SYSTEM32\CoreMessaging.dll
0x00007ff8fe5d0000 - 0x00007ff8fe66e000 	C:\Windows\system32\uxtheme.dll
0x00007ff901d20000 - 0x00007ff901e35000 	C:\Windows\System32\MSCTF.dll
0x00007ff8f38f0000 - 0x00007ff8f39e9000 	C:\Windows\SYSTEM32\textinputframework.dll
0x00007ff8d1910000 - 0x00007ff8d1a7b000 	C:\Windows\SYSTEM32\vulkan-1.dll
0x00007ff8ff580000 - 0x00007ff8ff673000 	C:\Windows\system32\dxgi.dll
0x00007ff876620000 - 0x00007ff879f51000 	C:\Windows\System32\DriverStore\FileRepository\nv_dispi.inf_amd64_009debfbd2e1619b\nvoglv64.dll
0x00007ff902090000 - 0x00007ff9024f8000 	C:\Windows\System32\SETUPAPI.dll
0x00007ff900ba0000 - 0x00007ff900bc7000 	C:\Windows\System32\bcrypt.dll
0x00007ff902f20000 - 0x00007ff90304a000 	C:\Windows\System32\ole32.dll
0x00007ff8fc710000 - 0x00007ff8fc724000 	C:\Windows\SYSTEM32\WTSAPI32.dll
0x00007ff900790000 - 0x00007ff9007a2000 	C:\Windows\SYSTEM32\msasn1.dll
0x00007ff8faf60000 - 0x00007ff8faf91000 	C:\Windows\SYSTEM32\cryptnet.dll
0x00007ff901290000 - 0x00007ff9013e6000 	C:\Windows\System32\CRYPT32.dll
0x00007ff8faa20000 - 0x00007ff8fab68000 	C:\Windows\SYSTEM32\drvstore.dll
0x00007ff900570000 - 0x00007ff90057c000 	C:\Windows\SYSTEM32\cryptbase.dll
0x00007ff901140000 - 0x00007ff9011a9000 	C:\Windows\System32\WINTRUST.dll
0x00007ff9033c0000 - 0x00007ff90346f000 	C:\Windows\System32\clbcatq.dll

dbghelp: loaded successfully - version: 4.0.5 - missing functions: none
symbol engine: initialized successfully - sym options: 0x614 - pdb path: .;C:\Program Files\Java\graalvm-ce-java11-22.3.0\bin;C:\Windows\SYSTEM32;C:\Windows\WinSxS\amd64_microsoft.windows.common-controls_6595b64144ccf1df_6.0.19041.1110_none_60b5254171f9507e;C:\Program Files\Java\graalvm-ce-java11-22.3.0\bin\server;C:\Program Files\JetBrains\IntelliJ IDEA 2022.2.3\bin;C:\!TEMP\lwjglDaniil\3.3.1-build-7;C:\Windows\System32\DriverStore\FileRepository\nv_dispi.inf_amd64_009debfbd2e1619b

VM Arguments:
jvm_args: -XX:ThreadPriorityPolicy=1 -XX:+UnlockExperimentalVMOptions -XX:+EnableJVMCIProduct -XX:JVMCIThreadsPerNativeLibraryRuntime=1 -XX:-UnlockExperimentalVMOptions -javaagent:C:\Program Files\JetBrains\IntelliJ IDEA 2022.2.3\lib\idea_rt.jar=58442:C:\Program Files\JetBrains\IntelliJ IDEA 2022.2.3\bin -Dfile.encoding=UTF-8 
java_command: com.kgaft.KGAFTEngine.Main
java_class_path (initial): E:\documents\projects\java\KGAFTEngine\target\classes;C:\Users\Daniil\.m2\repository\org\lwjgl\lwjgl\3.3.1\lwjgl-3.3.1.jar;C:\Users\Daniil\.m2\repository\org\l33tlabs\twl\pngdecoder\1.0\pngdecoder-1.0.jar;C:\Users\Daniil\.m2\repository\org\lwjgl\lwjgl-assimp\3.3.1\lwjgl-assimp-3.3.1.jar;C:\Users\Daniil\.m2\repository\org\lwjgl\lwjgl-glfw\3.3.1\lwjgl-glfw-3.3.1.jar;C:\Users\Daniil\.m2\repository\org\lwjgl\lwjgl-openal\3.3.1\lwjgl-openal-3.3.1.jar;C:\Users\Daniil\.m2\repository\org\lwjgl\lwjgl-opengl\3.3.1\lwjgl-opengl-3.3.1.jar;C:\Users\Daniil\.m2\repository\org\lwjgl\lwjgl-stb\3.3.1\lwjgl-stb-3.3.1.jar;C:\Users\Daniil\.m2\repository\org\lwjgl\lwjgl-vulkan\3.3.1\lwjgl-vulkan-3.3.1.jar;C:\Users\Daniil\.m2\repository\org\lwjgl\lwjgl\3.3.1\lwjgl-3.3.1-natives-windows.jar;C:\Users\Daniil\.m2\repository\org\lwjgl\lwjgl-assimp\3.3.1\lwjgl-assimp-3.3.1-natives-windows.jar;C:\Users\Daniil\.m2\repository\org\lwjgl\lwjgl-glfw\3.3.1\lwjgl-glfw-3.3.1-natives-windows.jar;C:\Users\Daniil\.m2\repository\org\lwjgl\lwjgl-openal\3.3.1\lwjgl-openal-3.3.1-natives-windows.jar;C:\Users\Daniil\.m2\repository\org\lwjgl\lwjgl-opengl\3.3.1\lwjgl-opengl-3.3.1-natives-windows.jar;C:\Users\Daniil\.m2\repository\org\lwjgl\lwjgl-stb\3.3.1\lwjgl-stb-3.3.1-natives-windows.jar;C:\Users\Daniil\.m2\repository\org\joml\joml\1.10.5\joml-1.10.5.jar;C:\Users\Daniil\.m2\repository\org\lwjglx\lwjgl3-awt\0.1.8\lwjgl3-awt-0.1.8.jar;C:\Users\Daniil\.m2\repository\org\lwjgl\lwjgl-jawt\3.3.1\lwjgl-jawt-3.3.1.jar;C:\Users\Daniil\.m2\repository\cz\advel\jbullet\jbullet\20101010-1\jbullet-20101010-1.jar;C:\Users\Daniil\.m2\repository\java3d\vecmath\1.3.1\vecmath-1.3.1.jar;C:\Users\Daniil\.m2\repository\com\formdev\flatlaf\3.0\flatlaf-3.0.jar
Launcher Type: SUN_STANDARD

[Global flags]
     intx CICompilerCount                          = 3                                         {product} {ergonomic}
     uint ConcGCThreads                            = 1                                         {product} {ergonomic}
     bool EnableJVMCIProduct                       = true                                {JVMCI product} {jimage}
     uint G1ConcRefinementThreads                  = 4                                         {product} {ergonomic}
   size_t G1HeapRegionSize                         = 1048576                                   {product} {ergonomic}
    uintx GCDrainStackTargetSize                   = 64                                        {product} {ergonomic}
   size_t InitialHeapSize                          = 134217728                                 {product} {ergonomic}
     uint JVMCIThreadsPerNativeLibraryRuntime      = 1                                   {JVMCI product} {jimage}
   size_t MarkStackSize                            = 4194304                                   {product} {ergonomic}
   size_t MaxHeapSize                              = 2130706432                                {product} {ergonomic}
   size_t MaxNewSize                               = 1278214144                                {product} {ergonomic}
   size_t MinHeapDeltaBytes                        = 1048576                                   {product} {ergonomic}
    uintx NonNMethodCodeHeapSize                   = 6401880                                {pd product} {ergonomic}
    uintx NonProfiledCodeHeapSize                  = 164571220                              {pd product} {ergonomic}
    uintx ProfiledCodeHeapSize                     = 164571220                              {pd product} {ergonomic}
    uintx ReservedCodeCacheSize                    = 335544320                              {pd product} {ergonomic}
     bool SegmentedCodeCache                       = true                                      {product} {ergonomic}
     intx ThreadPriorityPolicy                     = 1                                         {product} {jimage}
     bool UseCompressedClassPointers               = true                                 {lp64_product} {ergonomic}
     bool UseCompressedOops                        = true                                 {lp64_product} {ergonomic}
     bool UseG1GC                                  = true                                      {product} {ergonomic}
     bool UseLargePagesIndividualAllocation        = false                                  {pd product} {ergonomic}

Logging:
Log output configuration:
 #0: stdout all=warning uptime,level,tags
 #1: stderr all=off uptime,level,tags

Environment Variables:
JAVA_HOME=C:\Program Files\Java\graalvm-ce-java11-22.3.0
PATH=C:\VulkanSDK\1.3.231.1\Bin;C:\Windows\system32;C:\Windows;C:\Windows\System32\Wbem;C:\Windows\System32\WindowsPowerShell\v1.0\;C:\Windows\System32\OpenSSH\;C:\Program Files (x86)\NVIDIA Corporation\PhysX\Common;C:\Program Files\NVIDIA Corporation\NVIDIA NvDLISR;C:\Program Files\Git\cmd;C:\Program Files\Java\graalvm-ce-java11-22.3.0\bin;C:\Program Files\dotnet\;C:\Program Files\CMake\bin;C:\Users\Daniil\AppData\Local\Microsoft\WindowsApps;;C:\Program Files\JetBrains\PyCharm Community Edition 2022.2.3\bin;;C:\Users\Daniil\AppData\Local\Programs\Microsoft VS Code\bin;C:\Program Files\JetBrains\CLion 2022.3\bin;;C:\Users\Daniil\.dotnet\tools
USERNAME=Daniil
OS=Windows_NT
PROCESSOR_IDENTIFIER=Intel64 Family 6 Model 58 Stepping 9, GenuineIntel
TMP=C:\!TEMP
TEMP=C:\!TEMP



---------------  S Y S T E M  ---------------

OS: Windows 10 , 64 bit Build 19041 (10.0.19041.2364)
OS uptime: 0 days 14:27 hours

CPU:total 4 (initial active 4) (4 cores per cpu, 1 threads per core) family 6 model 58 stepping 9 microcode 0x21, cmov, cx8, fxsr, mmx, sse, sse2, sse3, ssse3, sse4.1, sse4.2, popcnt, avx, aes, clmul, erms, tsc, tscinvbit, tscinv

Memory: 4k page, system-wide physical 8126M (1488M free)
TotalPageFile size 17818M (AvailPageFile size 2081M)
current process WorkingSet (physical memory assigned to process): 104M, peak: 104M
current process commit charge ("private bytes"): 284M, peak: 284M

vm_info: OpenJDK 64-Bit Server VM (11.0.17+8-jvmci-22.3-b08) for windows-amd64 JRE (11.0.17+8-jvmci-22.3-b08), built on Oct 19 2022 01:56:15 by "" with MS VC++ 15.9 (VS2017)

END.
