#
# A fatal error has been detected by the Java Runtime Environment:
#
#  EXCEPTION_ACCESS_VIOLATION (0xc0000005) at pc=0x00007ffd7ce8983f, pid=12128, tid=16236
#
# JRE version: OpenJDK Runtime Environment GraalVM CE 22.3.0 (11.0.17+8) (build 11.0.17+8-jvmci-22.3-b08)
# Java VM: OpenJDK 64-Bit Server VM GraalVM CE 22.3.0 (11.0.17+8-jvmci-22.3-b08, mixed mode, sharing, tiered, jvmci, jvmci compiler, compressed oops, g1 gc, windows-amd64)
# Problematic frame:
# C  [nvoglv64.dll+0x166983f]
#
# No core dump will be written. Minidumps are not enabled by default on client versions of Windows
#
# If you would like to submit a bug report, please visit:
#   https://github.com/oracle/graal/issues
# The crash happened outside the Java Virtual Machine in native code.
# See problematic frame for where to report the bug.
#

---------------  S U M M A R Y ------------

Command Line: -XX:ThreadPriorityPolicy=1 -XX:+UnlockExperimentalVMOptions -XX:+EnableJVMCIProduct -XX:JVMCIThreadsPerNativeLibraryRuntime=1 -XX:-UnlockExperimentalVMOptions -javaagent:C:\Program Files\JetBrains\IntelliJ IDEA 2022.2.3\lib\idea_rt.jar=52313:C:\Program Files\JetBrains\IntelliJ IDEA 2022.2.3\bin -Dfile.encoding=UTF-8 com.KGAFT.VulkanGameEngine.Main

Host: Intel(R) Core(TM) i5-3570 CPU @ 3.40GHz, 4 cores, 7G,  Windows 10 , 64 bit Build 19041 (10.0.19041.2251)
Time: Sun Dec  4 16:03:11 2022 RTZ 2 (s 10 , 64 bit Build 19041 (10.0.19041.2251) elapsed time: 0.858943 seconds (0d 0h 0m 0s)

---------------  T H R E A D  ---------------

Current thread (0x0000028d25779000):  JavaThread "main" [_thread_in_native, id=16236, stack(0x000000aaa6c00000,0x000000aaa6d00000)]

Stack: [0x000000aaa6c00000,0x000000aaa6d00000],  sp=0x000000aaa6cfefd0,  free space=1019k
Native frames: (J=compiled Java code, j=interpreted, Vv=VM code, C=native code)
C  [nvoglv64.dll+0x166983f]

Java frames: (J=compiled Java code, j=interpreted, Vv=VM code)
j  org.lwjgl.system.JNI.callPPPI(JJJJ)I+0
j  org.lwjgl.vulkan.VK10.nvkEnumeratePhysicalDevices(Lorg/lwjgl/vulkan/VkInstance;JJ)I+17
j  org.lwjgl.vulkan.VK10.vkEnumeratePhysicalDevices(Lorg/lwjgl/vulkan/VkInstance;Ljava/nio/IntBuffer;Lorg/lwjgl/PointerBuffer;)I+32
j  com.KGAFT.VulkanGameEngine.VKRenderer.VulkanRenderer.getAvailableToRenderPhysicalDevices()Ljava/util/List;+23
j  com.KGAFT.VulkanGameEngine.Main.main([Ljava/lang/String;)V+28
v  ~StubRoutines::call_stub

siginfo: EXCEPTION_ACCESS_VIOLATION (0xc0000005), writing address 0x0000000000000010


Register to memory mapping:

RIP=0x00007ffd7ce8983f nvoglv64.dll
RAX=0x0000000000000001 is an unknown value
RBX=0x0000028d4f48a570 points into unknown readable memory: 0x0000028d4fb5f4b0 | b0 f4 b5 4f 8d 02 00 00
RCX=0x0000028d4fc70420 points into unknown readable memory: 0x00007ffd40f3a788 | 88 a7 f3 40 fd 7f 00 00
RDX=0x0000028d4b68c370 points into unknown readable memory: 0x0000028d4f428460 | 60 84 42 4f 8d 02 00 00
RSP=0x000000aaa6cfefd0 is pointing into the stack for thread: 0x0000028d25779000
RBP=0x0 is NULL
RSI=0x0 is NULL
RDI=0x0 is NULL
R8 =0x000000aaa6cff378 is pointing into the stack for thread: 0x0000028d25779000
R9 =0x0000028d4f48a570 points into unknown readable memory: 0x0000028d4fb5f4b0 | b0 f4 b5 4f 8d 02 00 00
R10=0x0 is NULL
R11=0x0000028d4fb5f4b0 points into unknown readable memory: 0x0000028d4f428460 | 60 84 42 4f 8d 02 00 00
R12=0x0000028d4fab8070 points into unknown readable memory: 0x0000028d4b68c370 | 70 c3 68 4b 8d 02 00 00
R13={method} {0x0000028d4ae4df28} 'callPPPI' '(JJJJ)I' in 'org/lwjgl/system/JNI'
R14=0x0000000000000010 is an unknown value
R15=0x0000028d25779000 is a thread


Registers:
RAX=0x0000000000000001, RBX=0x0000028d4f48a570, RCX=0x0000028d4fc70420, RDX=0x0000028d4b68c370
RSP=0x000000aaa6cfefd0, RBP=0x0000000000000000, RSI=0x0000000000000000, RDI=0x0000000000000000
R8 =0x000000aaa6cff378, R9 =0x0000028d4f48a570, R10=0x0000000000000000, R11=0x0000028d4fb5f4b0
R12=0x0000028d4fab8070, R13=0x0000028d4ae4df20, R14=0x0000000000000010, R15=0x0000028d25779000
RIP=0x00007ffd7ce8983f, EFLAGS=0x0000000000010246

Top of Stack: (sp=0x000000aaa6cfefd0)
0x000000aaa6cfefd0:   0000028d4f428460 0000028d4f48a570
0x000000aaa6cfefe0:   0000028d4b68c370 0000028d25779000
0x000000aaa6cfeff0:   000000aaa6cff1b0 00007ffd5ac37aaa
0x000000aaa6cff000:   000000aaa6cff1b0 000000aaa6cff2a0
0x000000aaa6cff010:   000000aaa6cff1b0 000000aaa6cff2a0
0x000000aaa6cff020:   000000aaa6cff1c0 00007ffd5ae288c8
0x000000aaa6cff030:   0000028d4ada6390 0000028d23dde960
0x000000aaa6cff040:   000000aaa6cff1c0 0000028d4b649f00
0x000000aaa6cff050:   0000000000000001 0000028d25779000
0x000000aaa6cff060:   0000028d4ada6390 0000028d25779000
0x000000aaa6cff070:   00000008003c57a8 00007ffd5aafb8b8
0x000000aaa6cff080:   000000aaa6cff2d8 00000000000000b4
0x000000aaa6cff090:   000000aaa6cff108 00007ffd5ac37bc6
0x000000aaa6cff0a0:   000000aaa6cff2c0 00007ffd5afba5c5
0x000000aaa6cff0b0:   0000028d25779000 000000000000000e
0x000000aaa6cff0c0:   000000aaa6cff1b0 00007ffd5ae2be9e 

Instructions: (pc=0x00007ffd7ce8983f)
0x00007ffd7ce8973f:   00 48 8b 04 32 48 89 06 48 8d 76 08 48 83 e9 01
0x00007ffd7ce8974f:   75 ef 8b 84 24 a8 03 00 00 e9 c7 00 00 00 48 89
0x00007ffd7ce8975f:   ac 24 98 03 00 00 33 ff 4c 89 ac 24 a0 03 00 00
0x00007ffd7ce8976f:   33 ed 4c 63 e8 8b 84 24 a8 03 00 00 85 c0 74 45
0x00007ffd7ce8977f:   90 41 3b ff 73 3f 48 8b 0c eb 4c 8d 34 eb 48 8d
0x00007ffd7ce8978f:   54 24 20 41 ff 54 24 20 49 83 fd 02 75 07 83 7c
0x00007ffd7ce8979f:   24 30 01 eb 08 81 7c 24 28 de 10 00 00 75 09 49
0x00007ffd7ce897af:   8b 06 48 89 04 fe ff c7 8b 84 24 a8 03 00 00 ff
0x00007ffd7ce897bf:   c5 3b e8 72 bc 33 ed 85 c0 74 4a 66 0f 1f 44 00
0x00007ffd7ce897cf:   00 41 3b ff 73 3f 48 8b 0c eb 4c 8d 34 eb 48 8d
0x00007ffd7ce897df:   54 24 20 41 ff 54 24 20 49 83 fd 02 75 07 83 7c
0x00007ffd7ce897ef:   24 30 01 eb 08 81 7c 24 28 de 10 00 00 74 09 49
0x00007ffd7ce897ff:   8b 06 48 89 04 fe ff c7 8b 84 24 a8 03 00 00 ff
0x00007ffd7ce8980f:   c5 3b e8 72 bc 48 8b ac 24 98 03 00 00 4c 8b ac
0x00007ffd7ce8981f:   24 a0 03 00 00 44 3b f8 4c 8b bc 24 60 03 00 00
0x00007ffd7ce8982f:   73 11 bf 05 00 00 00 eb 0c 8b 84 24 a8 03 00 00
0x00007ffd7ce8983f:   41 89 06 33 ff 48 8b cb ff 15 6b 21 f5 01 48 8b
0x00007ffd7ce8984f:   9c 24 90 03 00 00 8b c7 48 81 c4 68 03 00 00 41
0x00007ffd7ce8985f:   5e 41 5c 5f 5e c3 cc cc cc cc cc cc cc cc cc cc
0x00007ffd7ce8986f:   cc 48 89 5c 24 08 57 48 83 ec 20 48 8b da 48 8b
0x00007ffd7ce8987f:   f9 48 8b cb 48 8d 15 ee 86 3e 01 e8 c1 c3 1f 00
0x00007ffd7ce8988f:   85 c0 75 12 48 8d 05 b6 fa ff ff 48 8b 5c 24 30
0x00007ffd7ce8989f:   48 83 c4 20 5f c3 48 8b 0f e8 63 f3 ff ff 48 8b
0x00007ffd7ce898af:   d3 48 8b cf 48 8b 5c 24 30 48 83 c4 20 5f 48 ff
0x00007ffd7ce898bf:   20 48 89 5c 24 08 57 48 83 ec 20 48 8b da 48 8b
0x00007ffd7ce898cf:   f9 48 8b cb 48 8d 15 d6 85 3e 01 e8 71 c3 1f 00
0x00007ffd7ce898df:   85 c0 75 12 48 8d 05 26 f9 ff ff 48 8b 5c 24 30
0x00007ffd7ce898ef:   48 83 c4 20 5f c3 48 8d 15 cc 85 3e 01 48 8b cb
0x00007ffd7ce898ff:   e8 4c c3 1f 00 85 c0 75 12 48 8d 05 71 fb ff ff
0x00007ffd7ce8990f:   48 8b 5c 24 30 48 83 c4 20 5f c3 48 8d 15 67 86
0x00007ffd7ce8991f:   3e 01 48 8b cb e8 27 c3 1f 00 85 c0 75 12 48 8d
0x00007ffd7ce8992f:   05 8c ff ff ff 48 8b 5c 24 30 48 83 c4 20 5f c3 


Stack slot to memory mapping:
stack at sp + 0 slots: 0x0000028d4f428460 points into unknown readable memory: 0x0000000000000000 | 00 00 00 00 00 00 00 00
stack at sp + 1 slots: 0x0000028d4f48a570 points into unknown readable memory: 0x0000028d4fb5f4b0 | b0 f4 b5 4f 8d 02 00 00
stack at sp + 2 slots: 0x0000028d4b68c370 points into unknown readable memory: 0x0000028d4f428460 | 60 84 42 4f 8d 02 00 00
stack at sp + 3 slots: 0x0000028d25779000 is a thread
stack at sp + 4 slots: 0x000000aaa6cff1b0 is pointing into the stack for thread: 0x0000028d25779000
stack at sp + 5 slots: 0x00007ffd5ac37aaa jvm.dll
stack at sp + 6 slots: 0x000000aaa6cff1b0 is pointing into the stack for thread: 0x0000028d25779000
stack at sp + 7 slots: 0x000000aaa6cff2a0 is pointing into the stack for thread: 0x0000028d25779000


---------------  P R O C E S S  ---------------

Threads class SMR info:
_java_thread_list=0x0000028d4b430110, length=12, elements={
0x0000028d25779000, 0x0000028d4a8e8800, 0x0000028d4a8eb000, 0x0000028d4a90d000,
0x0000028d4a90e000, 0x0000028d4a90f000, 0x0000028d4a910000, 0x0000028d4a921800,
0x0000028d4a953000, 0x0000028d4a8c8000, 0x0000028d4b36a800, 0x0000028d4b4be000
}

Java Threads: ( => current thread )
=>0x0000028d25779000 JavaThread "main" [_thread_in_native, id=16236, stack(0x000000aaa6c00000,0x000000aaa6d00000)]
  0x0000028d4a8e8800 JavaThread "Reference Handler" daemon [_thread_blocked, id=844, stack(0x000000aaa7300000,0x000000aaa7400000)]
  0x0000028d4a8eb000 JavaThread "Finalizer" daemon [_thread_blocked, id=2584, stack(0x000000aaa7400000,0x000000aaa7500000)]
  0x0000028d4a90d000 JavaThread "Signal Dispatcher" daemon [_thread_blocked, id=8516, stack(0x000000aaa7500000,0x000000aaa7600000)]
  0x0000028d4a90e000 JavaThread "Attach Listener" daemon [_thread_blocked, id=14028, stack(0x000000aaa7600000,0x000000aaa7700000)]
  0x0000028d4a90f000 JavaThread "Service Thread" daemon [_thread_blocked, id=3412, stack(0x000000aaa7700000,0x000000aaa7800000)]
  0x0000028d4a910000 JavaThread "JVMCI-native CompilerThread0" daemon [_thread_blocked, id=11936, stack(0x000000aaa7800000,0x000000aaa7900000)]
  0x0000028d4a921800 JavaThread "C1 CompilerThread0" daemon [_thread_blocked, id=1332, stack(0x000000aaa7900000,0x000000aaa7a00000)]
  0x0000028d4a953000 JavaThread "Sweeper thread" daemon [_thread_blocked, id=16208, stack(0x000000aaa7a00000,0x000000aaa7b00000)]
  0x0000028d4a8c8000 JavaThread "Common-Cleaner" daemon [_thread_blocked, id=6592, stack(0x000000aaa7b00000,0x000000aaa7c00000)]
  0x0000028d4b36a800 JavaThread "C1 CompilerThread1" daemon [_thread_blocked, id=15364, stack(0x000000aaa7c00000,0x000000aaa7d00000)]
  0x0000028d4b4be000 JavaThread "Monitor Ctrl-Break" daemon [_thread_in_native, id=5736, stack(0x000000aaa7d00000,0x000000aaa7e00000)]

Other Threads:
  0x0000028d4a8e3000 VMThread "VM Thread" [stack: 0x000000aaa7200000,0x000000aaa7300000] [id=16340]
  0x0000028d4b4be800 WatcherThread [stack: 0x000000aaa7e00000,0x000000aaa7f00000] [id=15836]
  0x0000028d25791800 GCTaskThread "GC Thread#0" [stack: 0x000000aaa6d00000,0x000000aaa6e00000] [id=11332]
  0x0000028d257c4000 ConcurrentGCThread "G1 Main Marker" [stack: 0x000000aaa6e00000,0x000000aaa6f00000] [id=5416]
  0x0000028d257c5800 ConcurrentGCThread "G1 Conc#0" [stack: 0x000000aaa6f00000,0x000000aaa7000000] [id=14276]
  0x0000028d25854800 ConcurrentGCThread "G1 Refine#0" [stack: 0x000000aaa7000000,0x000000aaa7100000] [id=1444]
  0x0000028d25857000 ConcurrentGCThread "G1 Young RemSet Sampling" [stack: 0x000000aaa7100000,0x000000aaa7200000] [id=11084]

Threads with active compile tasks:

VM state:not at safepoint (normal execution)

VM Mutex/Monitor currently owned by a thread: None

Heap address: 0x0000000081000000, size: 2032 MB, Compressed Oops mode: 32-bit
Narrow klass base: 0x0000000800000000, Narrow klass shift: 3
Compressed class space size: 1073741824 Address: 0x0000000840000000

Heap:
 garbage-first heap   total 131072K, used 10240K [0x0000000081000000, 0x0000000100000000)
  region size 1024K, 12 young (12288K), 0 survivors (0K)
 Metaspace       used 4258K, capacity 6572K, committed 6784K, reserved 1056768K
  class space    used 340K, capacity 628K, committed 640K, reserved 1048576K
Heap Regions: E=young(eden), S=young(survivor), O=old, HS=humongous(starts), HC=humongous(continues), CS=collection set, F=free, A=archive, TAMS=top-at-mark-start (previous, next)
|   0|0x0000000081000000, 0x0000000081000000, 0x0000000081100000|  0%| F|  |TAMS 0x0000000081000000, 0x0000000081000000| Untracked 
|   1|0x0000000081100000, 0x0000000081100000, 0x0000000081200000|  0%| F|  |TAMS 0x0000000081100000, 0x0000000081100000| Untracked 
|   2|0x0000000081200000, 0x0000000081200000, 0x0000000081300000|  0%| F|  |TAMS 0x0000000081200000, 0x0000000081200000| Untracked 
|   3|0x0000000081300000, 0x0000000081300000, 0x0000000081400000|  0%| F|  |TAMS 0x0000000081300000, 0x0000000081300000| Untracked 
|   4|0x0000000081400000, 0x0000000081400000, 0x0000000081500000|  0%| F|  |TAMS 0x0000000081400000, 0x0000000081400000| Untracked 
|   5|0x0000000081500000, 0x0000000081500000, 0x0000000081600000|  0%| F|  |TAMS 0x0000000081500000, 0x0000000081500000| Untracked 
|   6|0x0000000081600000, 0x0000000081600000, 0x0000000081700000|  0%| F|  |TAMS 0x0000000081600000, 0x0000000081600000| Untracked 
|   7|0x0000000081700000, 0x0000000081700000, 0x0000000081800000|  0%| F|  |TAMS 0x0000000081700000, 0x0000000081700000| Untracked 
|   8|0x0000000081800000, 0x0000000081800000, 0x0000000081900000|  0%| F|  |TAMS 0x0000000081800000, 0x0000000081800000| Untracked 
|   9|0x0000000081900000, 0x0000000081900000, 0x0000000081a00000|  0%| F|  |TAMS 0x0000000081900000, 0x0000000081900000| Untracked 
|  10|0x0000000081a00000, 0x0000000081a00000, 0x0000000081b00000|  0%| F|  |TAMS 0x0000000081a00000, 0x0000000081a00000| Untracked 
|  11|0x0000000081b00000, 0x0000000081b00000, 0x0000000081c00000|  0%| F|  |TAMS 0x0000000081b00000, 0x0000000081b00000| Untracked 
|  12|0x0000000081c00000, 0x0000000081c00000, 0x0000000081d00000|  0%| F|  |TAMS 0x0000000081c00000, 0x0000000081c00000| Untracked 
|  13|0x0000000081d00000, 0x0000000081d00000, 0x0000000081e00000|  0%| F|  |TAMS 0x0000000081d00000, 0x0000000081d00000| Untracked 
|  14|0x0000000081e00000, 0x0000000081e00000, 0x0000000081f00000|  0%| F|  |TAMS 0x0000000081e00000, 0x0000000081e00000| Untracked 
|  15|0x0000000081f00000, 0x0000000081f00000, 0x0000000082000000|  0%| F|  |TAMS 0x0000000081f00000, 0x0000000081f00000| Untracked 
|  16|0x0000000082000000, 0x0000000082000000, 0x0000000082100000|  0%| F|  |TAMS 0x0000000082000000, 0x0000000082000000| Untracked 
|  17|0x0000000082100000, 0x0000000082100000, 0x0000000082200000|  0%| F|  |TAMS 0x0000000082100000, 0x0000000082100000| Untracked 
|  18|0x0000000082200000, 0x0000000082200000, 0x0000000082300000|  0%| F|  |TAMS 0x0000000082200000, 0x0000000082200000| Untracked 
|  19|0x0000000082300000, 0x0000000082300000, 0x0000000082400000|  0%| F|  |TAMS 0x0000000082300000, 0x0000000082300000| Untracked 
|  20|0x0000000082400000, 0x0000000082400000, 0x0000000082500000|  0%| F|  |TAMS 0x0000000082400000, 0x0000000082400000| Untracked 
|  21|0x0000000082500000, 0x0000000082500000, 0x0000000082600000|  0%| F|  |TAMS 0x0000000082500000, 0x0000000082500000| Untracked 
|  22|0x0000000082600000, 0x0000000082600000, 0x0000000082700000|  0%| F|  |TAMS 0x0000000082600000, 0x0000000082600000| Untracked 
|  23|0x0000000082700000, 0x0000000082700000, 0x0000000082800000|  0%| F|  |TAMS 0x0000000082700000, 0x0000000082700000| Untracked 
|  24|0x0000000082800000, 0x0000000082800000, 0x0000000082900000|  0%| F|  |TAMS 0x0000000082800000, 0x0000000082800000| Untracked 
|  25|0x0000000082900000, 0x0000000082900000, 0x0000000082a00000|  0%| F|  |TAMS 0x0000000082900000, 0x0000000082900000| Untracked 
|  26|0x0000000082a00000, 0x0000000082a00000, 0x0000000082b00000|  0%| F|  |TAMS 0x0000000082a00000, 0x0000000082a00000| Untracked 
|  27|0x0000000082b00000, 0x0000000082b00000, 0x0000000082c00000|  0%| F|  |TAMS 0x0000000082b00000, 0x0000000082b00000| Untracked 
|  28|0x0000000082c00000, 0x0000000082c00000, 0x0000000082d00000|  0%| F|  |TAMS 0x0000000082c00000, 0x0000000082c00000| Untracked 
|  29|0x0000000082d00000, 0x0000000082d00000, 0x0000000082e00000|  0%| F|  |TAMS 0x0000000082d00000, 0x0000000082d00000| Untracked 
|  30|0x0000000082e00000, 0x0000000082e00000, 0x0000000082f00000|  0%| F|  |TAMS 0x0000000082e00000, 0x0000000082e00000| Untracked 
|  31|0x0000000082f00000, 0x0000000082f00000, 0x0000000083000000|  0%| F|  |TAMS 0x0000000082f00000, 0x0000000082f00000| Untracked 
|  32|0x0000000083000000, 0x0000000083000000, 0x0000000083100000|  0%| F|  |TAMS 0x0000000083000000, 0x0000000083000000| Untracked 
|  33|0x0000000083100000, 0x0000000083100000, 0x0000000083200000|  0%| F|  |TAMS 0x0000000083100000, 0x0000000083100000| Untracked 
|  34|0x0000000083200000, 0x0000000083200000, 0x0000000083300000|  0%| F|  |TAMS 0x0000000083200000, 0x0000000083200000| Untracked 
|  35|0x0000000083300000, 0x0000000083300000, 0x0000000083400000|  0%| F|  |TAMS 0x0000000083300000, 0x0000000083300000| Untracked 
|  36|0x0000000083400000, 0x0000000083400000, 0x0000000083500000|  0%| F|  |TAMS 0x0000000083400000, 0x0000000083400000| Untracked 
|  37|0x0000000083500000, 0x0000000083500000, 0x0000000083600000|  0%| F|  |TAMS 0x0000000083500000, 0x0000000083500000| Untracked 
|  38|0x0000000083600000, 0x0000000083600000, 0x0000000083700000|  0%| F|  |TAMS 0x0000000083600000, 0x0000000083600000| Untracked 
|  39|0x0000000083700000, 0x0000000083700000, 0x0000000083800000|  0%| F|  |TAMS 0x0000000083700000, 0x0000000083700000| Untracked 
|  40|0x0000000083800000, 0x0000000083800000, 0x0000000083900000|  0%| F|  |TAMS 0x0000000083800000, 0x0000000083800000| Untracked 
|  41|0x0000000083900000, 0x0000000083900000, 0x0000000083a00000|  0%| F|  |TAMS 0x0000000083900000, 0x0000000083900000| Untracked 
|  42|0x0000000083a00000, 0x0000000083a00000, 0x0000000083b00000|  0%| F|  |TAMS 0x0000000083a00000, 0x0000000083a00000| Untracked 
|  43|0x0000000083b00000, 0x0000000083b00000, 0x0000000083c00000|  0%| F|  |TAMS 0x0000000083b00000, 0x0000000083b00000| Untracked 
|  44|0x0000000083c00000, 0x0000000083c00000, 0x0000000083d00000|  0%| F|  |TAMS 0x0000000083c00000, 0x0000000083c00000| Untracked 
|  45|0x0000000083d00000, 0x0000000083d00000, 0x0000000083e00000|  0%| F|  |TAMS 0x0000000083d00000, 0x0000000083d00000| Untracked 
|  46|0x0000000083e00000, 0x0000000083e00000, 0x0000000083f00000|  0%| F|  |TAMS 0x0000000083e00000, 0x0000000083e00000| Untracked 
|  47|0x0000000083f00000, 0x0000000083f00000, 0x0000000084000000|  0%| F|  |TAMS 0x0000000083f00000, 0x0000000083f00000| Untracked 
|  48|0x0000000084000000, 0x0000000084000000, 0x0000000084100000|  0%| F|  |TAMS 0x0000000084000000, 0x0000000084000000| Untracked 
|  49|0x0000000084100000, 0x0000000084100000, 0x0000000084200000|  0%| F|  |TAMS 0x0000000084100000, 0x0000000084100000| Untracked 
|  50|0x0000000084200000, 0x0000000084200000, 0x0000000084300000|  0%| F|  |TAMS 0x0000000084200000, 0x0000000084200000| Untracked 
|  51|0x0000000084300000, 0x0000000084300000, 0x0000000084400000|  0%| F|  |TAMS 0x0000000084300000, 0x0000000084300000| Untracked 
|  52|0x0000000084400000, 0x0000000084400000, 0x0000000084500000|  0%| F|  |TAMS 0x0000000084400000, 0x0000000084400000| Untracked 
|  53|0x0000000084500000, 0x0000000084500000, 0x0000000084600000|  0%| F|  |TAMS 0x0000000084500000, 0x0000000084500000| Untracked 
|  54|0x0000000084600000, 0x0000000084600000, 0x0000000084700000|  0%| F|  |TAMS 0x0000000084600000, 0x0000000084600000| Untracked 
|  55|0x0000000084700000, 0x0000000084700000, 0x0000000084800000|  0%| F|  |TAMS 0x0000000084700000, 0x0000000084700000| Untracked 
|  56|0x0000000084800000, 0x0000000084800000, 0x0000000084900000|  0%| F|  |TAMS 0x0000000084800000, 0x0000000084800000| Untracked 
|  57|0x0000000084900000, 0x0000000084900000, 0x0000000084a00000|  0%| F|  |TAMS 0x0000000084900000, 0x0000000084900000| Untracked 
|  58|0x0000000084a00000, 0x0000000084a00000, 0x0000000084b00000|  0%| F|  |TAMS 0x0000000084a00000, 0x0000000084a00000| Untracked 
|  59|0x0000000084b00000, 0x0000000084b00000, 0x0000000084c00000|  0%| F|  |TAMS 0x0000000084b00000, 0x0000000084b00000| Untracked 
|  60|0x0000000084c00000, 0x0000000084c00000, 0x0000000084d00000|  0%| F|  |TAMS 0x0000000084c00000, 0x0000000084c00000| Untracked 
|  61|0x0000000084d00000, 0x0000000084d00000, 0x0000000084e00000|  0%| F|  |TAMS 0x0000000084d00000, 0x0000000084d00000| Untracked 
|  62|0x0000000084e00000, 0x0000000084e00000, 0x0000000084f00000|  0%| F|  |TAMS 0x0000000084e00000, 0x0000000084e00000| Untracked 
|  63|0x0000000084f00000, 0x0000000084f00000, 0x0000000085000000|  0%| F|  |TAMS 0x0000000084f00000, 0x0000000084f00000| Untracked 
|  64|0x0000000085000000, 0x0000000085000000, 0x0000000085100000|  0%| F|  |TAMS 0x0000000085000000, 0x0000000085000000| Untracked 
|  65|0x0000000085100000, 0x0000000085100000, 0x0000000085200000|  0%| F|  |TAMS 0x0000000085100000, 0x0000000085100000| Untracked 
|  66|0x0000000085200000, 0x0000000085200000, 0x0000000085300000|  0%| F|  |TAMS 0x0000000085200000, 0x0000000085200000| Untracked 
|  67|0x0000000085300000, 0x0000000085300000, 0x0000000085400000|  0%| F|  |TAMS 0x0000000085300000, 0x0000000085300000| Untracked 
|  68|0x0000000085400000, 0x0000000085400000, 0x0000000085500000|  0%| F|  |TAMS 0x0000000085400000, 0x0000000085400000| Untracked 
|  69|0x0000000085500000, 0x0000000085500000, 0x0000000085600000|  0%| F|  |TAMS 0x0000000085500000, 0x0000000085500000| Untracked 
|  70|0x0000000085600000, 0x0000000085600000, 0x0000000085700000|  0%| F|  |TAMS 0x0000000085600000, 0x0000000085600000| Untracked 
|  71|0x0000000085700000, 0x0000000085700000, 0x0000000085800000|  0%| F|  |TAMS 0x0000000085700000, 0x0000000085700000| Untracked 
|  72|0x0000000085800000, 0x0000000085800000, 0x0000000085900000|  0%| F|  |TAMS 0x0000000085800000, 0x0000000085800000| Untracked 
|  73|0x0000000085900000, 0x0000000085900000, 0x0000000085a00000|  0%| F|  |TAMS 0x0000000085900000, 0x0000000085900000| Untracked 
|  74|0x0000000085a00000, 0x0000000085a00000, 0x0000000085b00000|  0%| F|  |TAMS 0x0000000085a00000, 0x0000000085a00000| Untracked 
|  75|0x0000000085b00000, 0x0000000085b00000, 0x0000000085c00000|  0%| F|  |TAMS 0x0000000085b00000, 0x0000000085b00000| Untracked 
|  76|0x0000000085c00000, 0x0000000085c00000, 0x0000000085d00000|  0%| F|  |TAMS 0x0000000085c00000, 0x0000000085c00000| Untracked 
|  77|0x0000000085d00000, 0x0000000085d00000, 0x0000000085e00000|  0%| F|  |TAMS 0x0000000085d00000, 0x0000000085d00000| Untracked 
|  78|0x0000000085e00000, 0x0000000085e00000, 0x0000000085f00000|  0%| F|  |TAMS 0x0000000085e00000, 0x0000000085e00000| Untracked 
|  79|0x0000000085f00000, 0x0000000085f00000, 0x0000000086000000|  0%| F|  |TAMS 0x0000000085f00000, 0x0000000085f00000| Untracked 
|  80|0x0000000086000000, 0x0000000086000000, 0x0000000086100000|  0%| F|  |TAMS 0x0000000086000000, 0x0000000086000000| Untracked 
|  81|0x0000000086100000, 0x0000000086100000, 0x0000000086200000|  0%| F|  |TAMS 0x0000000086100000, 0x0000000086100000| Untracked 
|  82|0x0000000086200000, 0x0000000086200000, 0x0000000086300000|  0%| F|  |TAMS 0x0000000086200000, 0x0000000086200000| Untracked 
|  83|0x0000000086300000, 0x0000000086300000, 0x0000000086400000|  0%| F|  |TAMS 0x0000000086300000, 0x0000000086300000| Untracked 
|  84|0x0000000086400000, 0x0000000086400000, 0x0000000086500000|  0%| F|  |TAMS 0x0000000086400000, 0x0000000086400000| Untracked 
|  85|0x0000000086500000, 0x0000000086500000, 0x0000000086600000|  0%| F|  |TAMS 0x0000000086500000, 0x0000000086500000| Untracked 
|  86|0x0000000086600000, 0x0000000086600000, 0x0000000086700000|  0%| F|  |TAMS 0x0000000086600000, 0x0000000086600000| Untracked 
|  87|0x0000000086700000, 0x0000000086700000, 0x0000000086800000|  0%| F|  |TAMS 0x0000000086700000, 0x0000000086700000| Untracked 
|  88|0x0000000086800000, 0x0000000086800000, 0x0000000086900000|  0%| F|  |TAMS 0x0000000086800000, 0x0000000086800000| Untracked 
|  89|0x0000000086900000, 0x0000000086900000, 0x0000000086a00000|  0%| F|  |TAMS 0x0000000086900000, 0x0000000086900000| Untracked 
|  90|0x0000000086a00000, 0x0000000086a00000, 0x0000000086b00000|  0%| F|  |TAMS 0x0000000086a00000, 0x0000000086a00000| Untracked 
|  91|0x0000000086b00000, 0x0000000086b00000, 0x0000000086c00000|  0%| F|  |TAMS 0x0000000086b00000, 0x0000000086b00000| Untracked 
|  92|0x0000000086c00000, 0x0000000086c00000, 0x0000000086d00000|  0%| F|  |TAMS 0x0000000086c00000, 0x0000000086c00000| Untracked 
|  93|0x0000000086d00000, 0x0000000086d00000, 0x0000000086e00000|  0%| F|  |TAMS 0x0000000086d00000, 0x0000000086d00000| Untracked 
|  94|0x0000000086e00000, 0x0000000086e00000, 0x0000000086f00000|  0%| F|  |TAMS 0x0000000086e00000, 0x0000000086e00000| Untracked 
|  95|0x0000000086f00000, 0x0000000086f00000, 0x0000000087000000|  0%| F|  |TAMS 0x0000000086f00000, 0x0000000086f00000| Untracked 
|  96|0x0000000087000000, 0x0000000087000000, 0x0000000087100000|  0%| F|  |TAMS 0x0000000087000000, 0x0000000087000000| Untracked 
|  97|0x0000000087100000, 0x0000000087100000, 0x0000000087200000|  0%| F|  |TAMS 0x0000000087100000, 0x0000000087100000| Untracked 
|  98|0x0000000087200000, 0x0000000087200000, 0x0000000087300000|  0%| F|  |TAMS 0x0000000087200000, 0x0000000087200000| Untracked 
|  99|0x0000000087300000, 0x0000000087300000, 0x0000000087400000|  0%| F|  |TAMS 0x0000000087300000, 0x0000000087300000| Untracked 
| 100|0x0000000087400000, 0x0000000087400000, 0x0000000087500000|  0%| F|  |TAMS 0x0000000087400000, 0x0000000087400000| Untracked 
| 101|0x0000000087500000, 0x0000000087500000, 0x0000000087600000|  0%| F|  |TAMS 0x0000000087500000, 0x0000000087500000| Untracked 
| 102|0x0000000087600000, 0x0000000087600000, 0x0000000087700000|  0%| F|  |TAMS 0x0000000087600000, 0x0000000087600000| Untracked 
| 103|0x0000000087700000, 0x0000000087700000, 0x0000000087800000|  0%| F|  |TAMS 0x0000000087700000, 0x0000000087700000| Untracked 
| 104|0x0000000087800000, 0x0000000087800000, 0x0000000087900000|  0%| F|  |TAMS 0x0000000087800000, 0x0000000087800000| Untracked 
| 105|0x0000000087900000, 0x0000000087900000, 0x0000000087a00000|  0%| F|  |TAMS 0x0000000087900000, 0x0000000087900000| Untracked 
| 106|0x0000000087a00000, 0x0000000087a00000, 0x0000000087b00000|  0%| F|  |TAMS 0x0000000087a00000, 0x0000000087a00000| Untracked 
| 107|0x0000000087b00000, 0x0000000087b00000, 0x0000000087c00000|  0%| F|  |TAMS 0x0000000087b00000, 0x0000000087b00000| Untracked 
| 108|0x0000000087c00000, 0x0000000087c00000, 0x0000000087d00000|  0%| F|  |TAMS 0x0000000087c00000, 0x0000000087c00000| Untracked 
| 109|0x0000000087d00000, 0x0000000087d00000, 0x0000000087e00000|  0%| F|  |TAMS 0x0000000087d00000, 0x0000000087d00000| Untracked 
| 110|0x0000000087e00000, 0x0000000087e00000, 0x0000000087f00000|  0%| F|  |TAMS 0x0000000087e00000, 0x0000000087e00000| Untracked 
| 111|0x0000000087f00000, 0x0000000087f00000, 0x0000000088000000|  0%| F|  |TAMS 0x0000000087f00000, 0x0000000087f00000| Untracked 
| 112|0x0000000088000000, 0x0000000088000000, 0x0000000088100000|  0%| F|  |TAMS 0x0000000088000000, 0x0000000088000000| Untracked 
| 113|0x0000000088100000, 0x0000000088100000, 0x0000000088200000|  0%| F|  |TAMS 0x0000000088100000, 0x0000000088100000| Untracked 
| 114|0x0000000088200000, 0x0000000088200000, 0x0000000088300000|  0%| F|  |TAMS 0x0000000088200000, 0x0000000088200000| Untracked 
| 115|0x0000000088300000, 0x0000000088300000, 0x0000000088400000|  0%| F|  |TAMS 0x0000000088300000, 0x0000000088300000| Untracked 
| 116|0x0000000088400000, 0x00000000884642b0, 0x0000000088500000| 39%| E|  |TAMS 0x0000000088400000, 0x0000000088400000| Complete 
| 117|0x0000000088500000, 0x0000000088600000, 0x0000000088600000|100%| E|CS|TAMS 0x0000000088500000, 0x0000000088500000| Complete 
| 118|0x0000000088600000, 0x0000000088700000, 0x0000000088700000|100%| E|CS|TAMS 0x0000000088600000, 0x0000000088600000| Complete 
| 119|0x0000000088700000, 0x0000000088800000, 0x0000000088800000|100%| E|CS|TAMS 0x0000000088700000, 0x0000000088700000| Complete 
| 120|0x0000000088800000, 0x0000000088900000, 0x0000000088900000|100%| E|CS|TAMS 0x0000000088800000, 0x0000000088800000| Complete 
| 121|0x0000000088900000, 0x0000000088a00000, 0x0000000088a00000|100%| E|CS|TAMS 0x0000000088900000, 0x0000000088900000| Complete 
| 122|0x0000000088a00000, 0x0000000088b00000, 0x0000000088b00000|100%| E|CS|TAMS 0x0000000088a00000, 0x0000000088a00000| Complete 
| 123|0x0000000088b00000, 0x0000000088c00000, 0x0000000088c00000|100%| E|CS|TAMS 0x0000000088b00000, 0x0000000088b00000| Complete 
| 124|0x0000000088c00000, 0x0000000088d00000, 0x0000000088d00000|100%| E|CS|TAMS 0x0000000088c00000, 0x0000000088c00000| Complete 
| 125|0x0000000088d00000, 0x0000000088e00000, 0x0000000088e00000|100%| E|  |TAMS 0x0000000088d00000, 0x0000000088d00000| Complete 
| 126|0x0000000088e00000, 0x0000000088f00000, 0x0000000088f00000|100%| E|CS|TAMS 0x0000000088e00000, 0x0000000088e00000| Complete 
| 127|0x0000000088f00000, 0x0000000089000000, 0x0000000089000000|100%| E|CS|TAMS 0x0000000088f00000, 0x0000000088f00000| Complete 

Card table byte_map: [0x0000028d43b70000,0x0000028d43f70000] _byte_map_base: 0x0000028d43768000

Marking Bits (Prev, Next): (CMBitMap*) 0x0000028d257bb538, (CMBitMap*) 0x0000028d257bb570
 Prev Bits: [0x0000028d44370000, 0x0000028d46330000)
 Next Bits: [0x0000028d46330000, 0x0000028d482f0000)

Polling page: 0x0000028d23d80000

Metaspace:

Usage:
  Non-class:      5.80 MB capacity,     3.83 MB ( 66%) used,     1.96 MB ( 34%) free+waste,    16.00 KB ( <1%) overhead. 
      Class:    628.00 KB capacity,   340.51 KB ( 54%) used,   278.37 KB ( 44%) free+waste,     9.13 KB (  1%) overhead. 
       Both:      6.42 MB capacity,     4.16 MB ( 65%) used,     2.24 MB ( 35%) free+waste,    25.13 KB ( <1%) overhead. 

Virtual space:
  Non-class space:        8.00 MB reserved,       6.00 MB ( 75%) committed 
      Class space:        1.00 GB reserved,     640.00 KB ( <1%) committed 
             Both:        1.01 GB reserved,       6.63 MB ( <1%) committed 

Chunk freelists:
   Non-Class:  8.00 KB
       Class:  0 bytes
        Both:  8.00 KB

MaxMetaspaceSize: 17179869184.00 GB
CompressedClassSpaceSize: 1.00 GB
Initial GC threshold: 20.80 MB
Current GC threshold: 20.80 MB
CDS: on

CodeHeap 'non-profiled nmethods': size=160704Kb used=250Kb max_used=250Kb free=160453Kb
 bounds [0x0000028d393c0000, 0x0000028d3a3c0000, 0x0000028d430b0000]
CodeHeap 'profiled nmethods': size=160704Kb used=1545Kb max_used=1545Kb free=159158Kb
 bounds [0x0000028d2f6d0000, 0x0000028d306d0000, 0x0000028d393c0000]
CodeHeap 'non-nmethods': size=6272Kb used=2118Kb max_used=2120Kb free=4153Kb
 bounds [0x0000028d2f0b0000, 0x0000028d2f6d0000, 0x0000028d2f6d0000]
 total_blobs=1784 nmethods=847 adapters=857
 compilation: enabled
              stopped_count=0, restarted_count=0
 full_count=0

JVMCI Events (9 events):
Event: 0.021 Thread 0x0000028d25779000 created new Java JVMCI runtime -1 (0x0000028d2578c820)
Event: 0.109 Thread 0x0000028d4a910000 created new CompileBroker JVMCI runtime 0 (0x0000028d4b37dd40)
Event: 0.109 Thread 0x0000028d4a910000 attached to JVMCI runtime 0
Event: 0.111 Thread 0x0000028d4a910000 loaded JVMCI shared library from C:\Program Files\Java\graalvm-ce-java11-22.3.0\bin\jvmcicompiler.dll
Event: 0.114 Thread 0x0000028d4a910000 created JavaVM[1]@0x0000028d4c2d8080 for JVMCI runtime 0
Event: 0.114 Thread 0x0000028d4a910000 initializing JVMCI runtime 0
Event: 0.114 Thread 0x0000028d4a910000 initializing JavaVM references in JVMCI runtime 0
Event: 0.115 Thread 0x0000028d4a910000 initialized JavaVM references in JVMCI runtime 0
Event: 0.116 Thread 0x0000028d4a910000 initialized JVMCI runtime 0

Compilation events (20 events):
Event: 0.838 Thread 0x0000028d4a921800 nmethod 838 0x0000028d2f849590 code [0x0000028d2f849720, 0x0000028d2f849838]
Event: 0.838 Thread 0x0000028d4b36a800  839       3       java.lang.String::<init> (55 bytes)
Event: 0.838 Thread 0x0000028d4a921800  840   !   3       java.lang.StringCoding::decode (362 bytes)
Event: 0.838 Thread 0x0000028d4b36a800 nmethod 839 0x0000028d2f849910 code [0x0000028d2f849b00, 0x0000028d2f849e88]
Event: 0.838 Thread 0x0000028d4b36a800  841       3       java.lang.StringCoding::decodeUTF8 (39 bytes)
Event: 0.838 Thread 0x0000028d4b36a800 nmethod 841 0x0000028d2f84a010 code [0x0000028d2f84a200, 0x0000028d2f84a4f8]
Event: 0.838 Thread 0x0000028d4b36a800  842       3       java.lang.StringCoding::resultCached (50 bytes)
Event: 0.839 Thread 0x0000028d4b36a800 nmethod 842 0x0000028d2f84a690 code [0x0000028d2f84a900, 0x0000028d2f84c058]
Event: 0.839 Thread 0x0000028d4b36a800  845       3       sun.misc.Unsafe::getByte (9 bytes)
Event: 0.839 Thread 0x0000028d4b36a800 nmethod 845 0x0000028d2f84c410 code [0x0000028d2f84c5a0, 0x0000028d2f84c6d8]
Event: 0.839 Thread 0x0000028d4b36a800  846       3       org.lwjgl.system.MathUtil::mathHasZeroByte (26 bytes)
Event: 0.839 Thread 0x0000028d4b36a800 nmethod 846 0x0000028d2f84c790 code [0x0000028d2f84c920, 0x0000028d2f84ca98]
Event: 0.839 Thread 0x0000028d4b36a800  843       3       sun.misc.Unsafe::allocateInstance (8 bytes)
Event: 0.839 Thread 0x0000028d4b36a800 nmethod 843 0x0000028d2f84cb10 code [0x0000028d2f84ccc0, 0x0000028d2f84ce08]
Event: 0.839 Thread 0x0000028d4b36a800  844       3       org.lwjgl.system.Checks::check (16 bytes)
Event: 0.839 Thread 0x0000028d4b36a800 nmethod 844 0x0000028d2f84ce90 code [0x0000028d2f84d040, 0x0000028d2f84d228]
Event: 0.840 Thread 0x0000028d4a921800 nmethod 840 0x0000028d2f84d310 code [0x0000028d2f84d7e0, 0x0000028d2f851938]
Event: 0.840 Thread 0x0000028d4a910000 nmethod 835 0x0000028d393fd810 code [0x0000028d393fd9c0, 0x0000028d393fdce8]
Event: 0.840 Thread 0x0000028d4a910000  836       4       java.lang.String::startsWith (138 bytes)
Event: 0.845 Thread 0x0000028d4a910000 nmethod 836 0x0000028d393fe410 code [0x0000028d393fe5a0, 0x0000028d393fe7b8]

GC Heap History (0 events):
No events

Deoptimization events (14 events):
Event: 0.238 Thread 0x0000028d25779000 Uncommon trap: trap_request=0xffffffed fr.pc=0x0000028d393cbdd9 relative=0x00000000000000b9
Event: 0.238 Thread 0x0000028d25779000 Uncommon trap: reason=null_assert_or_unreached0 action=reinterpret pc=0x0000028d393cbdd9 method=java.lang.String.charAt(I)C @ 0 jvmci
Event: 0.238 Thread 0x0000028d25779000 DEOPT PACKING pc=0x0000028d393cbdd9 sp=0x000000aaa6cfdb30
Event: 0.238 Thread 0x0000028d25779000 DEOPT UNPACKING pc=0x0000028d2f0fa771 sp=0x000000aaa6cfcfd8 mode 3
Event: 0.238 Thread 0x0000028d25779000 Uncommon trap: trap_request=0xffffffed fr.pc=0x0000028d393d67ad relative=0x000000000000008d
Event: 0.238 Thread 0x0000028d25779000 Uncommon trap: reason=null_assert_or_unreached0 action=reinterpret pc=0x0000028d393d67ad method=java.lang.String.isLatin1()Z @ 0 jvmci
Event: 0.238 Thread 0x0000028d25779000 DEOPT PACKING pc=0x0000028d393d67ad sp=0x000000aaa6cfdac0
Event: 0.238 Thread 0x0000028d25779000 DEOPT UNPACKING pc=0x0000028d2f0fa771 sp=0x000000aaa6cfcf68 mode 3
Event: 0.261 Thread 0x0000028d25779000 DEOPT PACKING pc=0x0000028d2f72d268 sp=0x000000aaa6cfc330
Event: 0.261 Thread 0x0000028d25779000 DEOPT UNPACKING pc=0x0000028d2f0fa771 sp=0x000000aaa6cfb788 mode 0
Event: 0.328 Thread 0x0000028d25779000 DEOPT PACKING pc=0x0000028d2f766d32 sp=0x000000aaa6cfc480
Event: 0.328 Thread 0x0000028d25779000 DEOPT UNPACKING pc=0x0000028d2f0fa771 sp=0x000000aaa6cfb8e8 mode 0
Event: 0.331 Thread 0x0000028d25779000 DEOPT PACKING pc=0x0000028d2f71c150 sp=0x000000aaa6cfc400
Event: 0.331 Thread 0x0000028d25779000 DEOPT UNPACKING pc=0x0000028d2f0fa771 sp=0x000000aaa6cfb888 mode 0

Classes redefined (0 events):
No events

Internal exceptions (20 events):
Event: 0.245 Thread 0x0000028d25779000 Exception <a 'sun/nio/fs/WindowsException'{0x0000000088a5dfe8}> (0x0000000088a5dfe8) thrown at [./src/hotspot/share/prims/jni.cpp, line 613]
Event: 0.255 Thread 0x0000028d25779000 Exception <a 'java/lang/NoSuchMethodError'{0x0000000088aaca98}: 'int java.lang.invoke.DirectMethodHandle$Holder.invokeStaticInit(java.lang.Object, java.lang.Object, int, long)'> (0x0000000088aaca98) thrown at [./src/hotspot/share/interpreter/linkResolver.cpp, line 773]
Event: 0.256 Thread 0x0000028d25779000 Exception <a 'java/lang/NoSuchMethodError'{0x0000000088ab1c40}: 'java.lang.Object java.lang.invoke.Invokers$Holder.linkToTargetMethod(java.lang.Object, int, java.lang.Object)'> (0x0000000088ab1c40) thrown at [./src/hotspot/share/interpreter/linkResolver.cpp, line 773]
Event: 0.258 Thread 0x0000028d25779000 Exception <a 'java/lang/NoSuchMethodError'{0x0000000088abebc8}: 'int java.lang.invoke.DirectMethodHandle$Holder.invokeStaticInit(java.lang.Object, java.lang.Object, long, long)'> (0x0000000088abebc8) thrown at [./src/hotspot/share/interpreter/linkResolver.cpp, line 773]
Event: 0.259 Thread 0x0000028d25779000 Exception <a 'java/lang/NoSuchMethodError'{0x0000000088aca328}: 'java.lang.Object java.lang.invoke.Invokers$Holder.linkToTargetMethod(java.lang.Object, long, java.lang.Object)'> (0x0000000088aca328) thrown at [./src/hotspot/share/interpreter/linkResolver.cpp, line 773]
Event: 0.260 Thread 0x0000028d25779000 Exception <a 'java/lang/NoSuchMethodError'{0x0000000088ad0660}: 'int java.lang.invoke.DirectMethodHandle$Holder.invokeStaticInit(java.lang.Object, java.lang.Object, java.lang.Object, long)'> (0x0000000088ad0660) thrown at [./src/hotspot/share/interpreter/linkResolver.cpp, line 773]
Event: 0.497 Thread 0x0000028d25779000 Exception <a 'java/lang/NoSuchMethodError'{0x000000008871be28}: 'java.lang.Object java.lang.invoke.DirectMethodHandle$Holder.invokeVirtual(java.lang.Object, java.lang.Object, java.lang.Object)'> (0x000000008871be28) thrown at [./src/hotspot/share/interpreter/linkResolver.cpp, line 773]
Event: 0.502 Thread 0x0000028d25779000 Exception <a 'sun/nio/fs/WindowsException'{0x0000000088743a28}> (0x0000000088743a28) thrown at [./src/hotspot/share/prims/jni.cpp, line 613]
Event: 0.502 Thread 0x0000028d25779000 Exception <a 'sun/nio/fs/WindowsException'{0x0000000088743c78}> (0x0000000088743c78) thrown at [./src/hotspot/share/prims/jni.cpp, line 613]
Event: 0.525 Thread 0x0000028d25779000 Exception <a 'java/lang/NoSuchMethodError'{0x00000000887d3f88}: 'java.lang.Object java.lang.invoke.DirectMethodHandle$Holder.invokeStatic(java.lang.Object, java.lang.Object, java.lang.Object, java.lang.Object, java.lang.Object, java.lang.Object, java.lang.Object, java.lang.Object, java.lang.Object, java.lang.Object, java.lang.Object, java.lang.Object, java.lang.Object, java.lang.Object, java.lang.Object)'> (0x00000000887d3f88) thrown at [./src/hotspot/share/interpreter/linkResolver.cpp, line 773]
Event: 0.527 Thread 0x0000028d25779000 Exception <a 'java/lang/NoSuchMethodError'{0x00000000887e8c78}: 'java.lang.Object java.lang.invoke.DirectMethodHandle$Holder.invokeStatic(java.lang.Object, java.lang.Object, java.lang.Object, java.lang.Object, java.lang.Object, java.lang.Object, java.lang.Object, java.lang.Object, java.lang.Object, java.lang.Object, java.lang.Object, java.lang.Object, java.lang.Object, java.lang.Object, java.lang.Object, java.lang.Object)'> (0x00000000887e8c78) thrown at [./src/hotspot/share/interpreter/linkResolver.cpp, l
Event: 0.529 Thread 0x0000028d25779000 Exception <a 'java/lang/NoSuchMethodError'{0x00000000887f69d8}: 'java.lang.Object java.lang.invoke.DirectMethodHandle$Holder.invokeSpecial(java.lang.Object, java.lang.Object, int, int, int, java.lang.Object, java.lang.Object, java.lang.Object)'> (0x00000000887f69d8) thrown at [./src/hotspot/share/interpreter/linkResolver.cpp, line 773]
Event: 0.529 Thread 0x0000028d25779000 Exception <a 'java/lang/NoSuchMethodError'{0x00000000887fa018}: 'java.lang.Object java.lang.invoke.DelegatingMethodHandle$Holder.reinvoke_L(java.lang.Object, int, int, int, java.lang.Object, java.lang.Object, java.lang.Object)'> (0x00000000887fa018) thrown at [./src/hotspot/share/interpreter/linkResolver.cpp, line 773]
Event: 0.530 Thread 0x0000028d25779000 Exception <a 'java/lang/NoSuchMethodError'{0x0000000088603008}: 'java.lang.Object java.lang.invoke.DirectMethodHandle$Holder.invokeStatic(java.lang.Object, java.lang.Object, java.lang.Object, java.lang.Object, java.lang.Object, int)'> (0x0000000088603008) thrown at [./src/hotspot/share/interpreter/linkResolver.cpp, line 773]
Event: 0.563 Thread 0x0000028d25779000 Exception <a 'java/lang/NoSuchMethodError'{0x0000000088533798}: 'java.lang.Object java.lang.invoke.DirectMethodHandle$Holder.invokeStatic(java.lang.Object, java.lang.Object, java.lang.Object, java.lang.Object, java.lang.Object, java.lang.Object, java.lang.Object, java.lang.Object, java.lang.Object, java.lang.Object, java.lang.Object, int)'> (0x0000000088533798) thrown at [./src/hotspot/share/interpreter/linkResolver.cpp, line 773]
Event: 0.565 Thread 0x0000028d25779000 Exception <a 'java/lang/NoSuchMethodError'{0x0000000088551d78}: 'java.lang.Object java.lang.invoke.DirectMethodHandle$Holder.invokeStatic(java.lang.Object, java.lang.Object, java.lang.Object, java.lang.Object, java.lang.Object, java.lang.Object, java.lang.Object, java.lang.Object, java.lang.Object, java.lang.Object, java.lang.Object, int, int)'> (0x0000000088551d78) thrown at [./src/hotspot/share/interpreter/linkResolver.cpp, line 773]
Event: 0.568 Thread 0x0000028d25779000 Exception <a 'java/lang/NoSuchMethodError'{0x0000000088570c98}: 'java.lang.Object java.lang.invoke.DirectMethodHandle$Holder.invokeStatic(java.lang.Object, java.lang.Object, java.lang.Object, java.lang.Object, java.lang.Object, java.lang.Object, java.lang.Object, java.lang.Object, java.lang.Object, java.lang.Object, java.lang.Object, int, int, java.lang.Object)'> (0x0000000088570c98) thrown at [./src/hotspot/share/interpreter/linkResolver.cpp, line 773]
Event: 0.570 Thread 0x0000028d25779000 Exception <a 'java/lang/NoSuchMethodError'{0x0000000088591e78}: 'java.lang.Object java.lang.invoke.DirectMethodHandle$Holder.invokeStatic(java.lang.Object, java.lang.Object, java.lang.Object, java.lang.Object, java.lang.Object, java.lang.Object, java.lang.Object, java.lang.Object, java.lang.Object, java.lang.Object, java.lang.Object, int, int, java.lang.Object, java.lang.Object)'> (0x0000000088591e78) thrown at [./src/hotspot/share/interpreter/linkResolver.cpp, line 773]
Event: 0.831 Thread 0x0000028d25779000 Exception <a 'java/lang/NoSuchMethodError'{0x00000000885c5798}: 'java.lang.Object java.lang.invoke.DirectMethodHandle$Holder.invokeStatic(java.lang.Object, long)'> (0x00000000885c5798) thrown at [./src/hotspot/share/interpreter/linkResolver.cpp, line 773]
Event: 0.831 Thread 0x0000028d25779000 Exception <a 'java/lang/NoSuchMethodError'{0x00000000885c8830}: 'java.lang.Object java.lang.invoke.DirectMethodHandle$Holder.invokeSpecial(java.lang.Object, java.lang.Object, long)'> (0x00000000885c8830) thrown at [./src/hotspot/share/interpreter/linkResolver.cpp, line 773]

Events (20 events):
Event: 0.828 loading class org/lwjgl/vulkan/VkInstance
Event: 0.828 loading class org/lwjgl/vulkan/VkInstance done
Event: 0.829 loading class org/lwjgl/vulkan/DispatchableHandleInstance
Event: 0.829 loading class org/lwjgl/vulkan/DispatchableHandleInstance done
Event: 0.829 loading class org/lwjgl/vulkan/VKCapabilitiesInstance
Event: 0.829 loading class org/lwjgl/vulkan/VKCapabilitiesInstance done
Event: 0.831 loading class org/lwjgl/system/FunctionProvider
Event: 0.831 loading class org/lwjgl/system/FunctionProvider done
Event: 0.836 loading class org/lwjgl/vulkan/VkExtensionProperties
Event: 0.836 loading class org/lwjgl/vulkan/VkExtensionProperties done
Event: 0.840 loading class org/lwjgl/vulkan/EXTDebugUtils
Event: 0.840 loading class org/lwjgl/vulkan/EXTDebugUtils done
Event: 0.843 loading class org/lwjgl/vulkan/VkPhysicalDeviceProperties
Event: 0.843 loading class org/lwjgl/vulkan/VkPhysicalDeviceProperties done
Event: 0.844 loading class org/lwjgl/vulkan/VkPhysicalDeviceLimits
Event: 0.844 loading class org/lwjgl/vulkan/VkPhysicalDeviceLimits done
Event: 0.846 loading class org/lwjgl/vulkan/VkPhysicalDeviceSparseProperties
Event: 0.846 loading class org/lwjgl/vulkan/VkPhysicalDeviceSparseProperties done
Event: 0.847 loading class java/nio/HeapIntBuffer
Event: 0.847 loading class java/nio/HeapIntBuffer done


Dynamic libraries:
0x00007ff71a5a0000 - 0x00007ff71a5ad000 	C:\Program Files\Java\graalvm-ce-java11-22.3.0\bin\java.exe
0x00007ffdb27f0000 - 0x00007ffdb29e8000 	C:\Windows\SYSTEM32\ntdll.dll
0x00007ffdb0840000 - 0x00007ffdb08ff000 	C:\Windows\System32\KERNEL32.DLL
0x00007ffdb0450000 - 0x00007ffdb0722000 	C:\Windows\System32\KERNELBASE.dll
0x00007ffdaff90000 - 0x00007ffdb0090000 	C:\Windows\System32\ucrtbase.dll
0x00007ffd91ad0000 - 0x00007ffd91ae5000 	C:\Program Files\Java\graalvm-ce-java11-22.3.0\bin\VCRUNTIME140.dll
0x00007ffd91860000 - 0x00007ffd91877000 	C:\Program Files\Java\graalvm-ce-java11-22.3.0\bin\jli.dll
0x00007ffdb1970000 - 0x00007ffdb1b0d000 	C:\Windows\System32\USER32.dll
0x00007ffdb01f0000 - 0x00007ffdb0212000 	C:\Windows\System32\win32u.dll
0x00007ffdb25b0000 - 0x00007ffdb25db000 	C:\Windows\System32\GDI32.dll
0x00007ffd9a020000 - 0x00007ffd9a2ba000 	C:\Windows\WinSxS\amd64_microsoft.windows.common-controls_6595b64144ccf1df_6.0.19041.1110_none_60b5254171f9507e\COMCTL32.dll
0x00007ffdb0730000 - 0x00007ffdb083f000 	C:\Windows\System32\gdi32full.dll
0x00007ffdb18d0000 - 0x00007ffdb196e000 	C:\Windows\System32\msvcrt.dll
0x00007ffdafef0000 - 0x00007ffdaff8d000 	C:\Windows\System32\msvcp_win.dll
0x00007ffdb1630000 - 0x00007ffdb1662000 	C:\Windows\System32\IMM32.DLL
0x00007ffd60b40000 - 0x00007ffd60bdb000 	C:\Program Files\Java\graalvm-ce-java11-22.3.0\bin\msvcp140.dll
0x00007ffd5a900000 - 0x00007ffd5b434000 	C:\Program Files\Java\graalvm-ce-java11-22.3.0\bin\server\jvm.dll
0x00007ffdb1700000 - 0x00007ffdb17ae000 	C:\Windows\System32\ADVAPI32.dll
0x00007ffdb2710000 - 0x00007ffdb27ac000 	C:\Windows\System32\sechost.dll
0x00007ffdb25e0000 - 0x00007ffdb2705000 	C:\Windows\System32\RPCRT4.dll
0x00007ffdb0ef0000 - 0x00007ffdb0ef8000 	C:\Windows\System32\PSAPI.DLL
0x00007ffdab9b0000 - 0x00007ffdab9b9000 	C:\Windows\SYSTEM32\WSOCK32.dll
0x00007ffdb0f90000 - 0x00007ffdb0ffb000 	C:\Windows\System32\WS2_32.dll
0x00007ffda73d0000 - 0x00007ffda73f7000 	C:\Windows\SYSTEM32\WINMM.dll
0x00007ffda9c50000 - 0x00007ffda9c5a000 	C:\Windows\SYSTEM32\VERSION.dll
0x00007ffdaddd0000 - 0x00007ffdadde2000 	C:\Windows\SYSTEM32\kernel.appcore.dll
0x00007ffdab940000 - 0x00007ffdab950000 	C:\Program Files\Java\graalvm-ce-java11-22.3.0\bin\verify.dll
0x00007ffda3280000 - 0x00007ffda3464000 	C:\Windows\SYSTEM32\DBGHELP.DLL
0x00007ffd9bfc0000 - 0x00007ffd9bfec000 	C:\Windows\SYSTEM32\dbgcore.DLL
0x00007ffdb03c0000 - 0x00007ffdb0442000 	C:\Windows\System32\bcryptPrimitives.dll
0x00007ffd8fa50000 - 0x00007ffd8fa78000 	C:\Program Files\Java\graalvm-ce-java11-22.3.0\bin\java.dll
0x00007ffd93b90000 - 0x00007ffd93b9a000 	C:\Program Files\Java\graalvm-ce-java11-22.3.0\bin\jimage.dll
0x00007ffda7170000 - 0x00007ffda717e000 	C:\Program Files\Java\graalvm-ce-java11-22.3.0\bin\instrument.dll
0x00007ffd914e0000 - 0x00007ffd914f8000 	C:\Program Files\Java\graalvm-ce-java11-22.3.0\bin\zip.dll
0x00007ffdb1c40000 - 0x00007ffdb2383000 	C:\Windows\System32\SHELL32.dll
0x00007ffdadfd0000 - 0x00007ffdae762000 	C:\Windows\SYSTEM32\windows.storage.dll
0x00007ffdb0a50000 - 0x00007ffdb0da4000 	C:\Windows\System32\combase.dll
0x00007ffdaf950000 - 0x00007ffdaf980000 	C:\Windows\SYSTEM32\Wldp.dll
0x00007ffdb1000000 - 0x00007ffdb10ad000 	C:\Windows\System32\SHCORE.dll
0x00007ffdb2540000 - 0x00007ffdb2595000 	C:\Windows\System32\shlwapi.dll
0x00007ffdafe30000 - 0x00007ffdafe4f000 	C:\Windows\SYSTEM32\profapi.dll
0x00007ffd42410000 - 0x00007ffd4427d000 	C:\Program Files\Java\graalvm-ce-java11-22.3.0\bin\jvmcicompiler.dll
0x00007ffdaf6b0000 - 0x00007ffdaf71a000 	C:\Windows\SYSTEM32\MSWSOCK.dll
0x00007ffdaf350000 - 0x00007ffdaf38b000 	C:\Windows\SYSTEM32\IPHLPAPI.DLL
0x00007ffdafdb0000 - 0x00007ffdafdde000 	C:\Windows\SYSTEM32\USERENV.dll
0x00007ffd91250000 - 0x00007ffd91269000 	C:\Program Files\Java\graalvm-ce-java11-22.3.0\bin\net.dll
0x00007ffda1bc0000 - 0x00007ffda1ccc000 	C:\Windows\SYSTEM32\WINHTTP.dll
0x00007ffd8fa30000 - 0x00007ffd8fa43000 	C:\Program Files\Java\graalvm-ce-java11-22.3.0\bin\nio.dll
0x00007ffda60d0000 - 0x00007ffda60ea000 	C:\Program Files\JetBrains\IntelliJ IDEA 2022.2.3\bin\breakgen64.dll
0x00007ffd8efb0000 - 0x00007ffd8f025000 	C:\!TEMP\lwjglDaniil\3.3.1-build-7\lwjgl.dll
0x00007ffd91630000 - 0x00007ffd91691000 	C:\!TEMP\lwjglDaniil\3.3.1-build-7\glfw.dll
0x00007ffd9c470000 - 0x00007ffd9c4b5000 	C:\Windows\SYSTEM32\dinput8.dll
0x00007ffd6f3b0000 - 0x00007ffd6f3c1000 	C:\Windows\SYSTEM32\xinput1_4.dll
0x00007ffdb0220000 - 0x00007ffdb026e000 	C:\Windows\System32\cfgmgr32.dll
0x00007ffdafca0000 - 0x00007ffdafccc000 	C:\Windows\SYSTEM32\DEVOBJ.dll
0x00007ffdadbf0000 - 0x00007ffdadc1f000 	C:\Windows\SYSTEM32\dwmapi.dll
0x00007ffda39c0000 - 0x00007ffda3b12000 	C:\Windows\SYSTEM32\inputhost.dll
0x00007ffdb1b10000 - 0x00007ffdb1bdd000 	C:\Windows\System32\OLEAUT32.dll
0x00007ffdad400000 - 0x00007ffdad4f2000 	C:\Windows\SYSTEM32\CoreMessaging.dll
0x00007ffdaba70000 - 0x00007ffdabb66000 	C:\Windows\SYSTEM32\PROPSYS.dll
0x00007ffdac9d0000 - 0x00007ffdacb24000 	C:\Windows\SYSTEM32\wintypes.dll
0x00007ffdad0a0000 - 0x00007ffdad3fe000 	C:\Windows\SYSTEM32\CoreUIComponents.dll
0x00007ffdaf080000 - 0x00007ffdaf0b3000 	C:\Windows\SYSTEM32\ntmarta.dll
0x00007ffdad900000 - 0x00007ffdad99e000 	C:\Windows\system32\uxtheme.dll
0x00007ffdb17b0000 - 0x00007ffdb18c5000 	C:\Windows\System32\MSCTF.dll
0x00007ffda2410000 - 0x00007ffda2509000 	C:\Windows\SYSTEM32\textinputframework.dll
0x00007ffd88e80000 - 0x00007ffd88feb000 	C:\Windows\SYSTEM32\vulkan-1.dll
0x00007ffdae7b0000 - 0x00007ffdae8a3000 	C:\Windows\system32\dxgi.dll
0x00007ffd7b820000 - 0x00007ffd7f151000 	C:\Windows\System32\DriverStore\FileRepository\nv_dispi.inf_amd64_009debfbd2e1619b\nvoglv64.dll
0x00007ffdb11c0000 - 0x00007ffdb1628000 	C:\Windows\System32\SETUPAPI.dll
0x00007ffdb0320000 - 0x00007ffdb0347000 	C:\Windows\System32\bcrypt.dll
0x00007ffdb0920000 - 0x00007ffdb0a4a000 	C:\Windows\System32\ole32.dll
0x00007ffdabbd0000 - 0x00007ffdabbe4000 	C:\Windows\SYSTEM32\WTSAPI32.dll
0x00007ffdafae0000 - 0x00007ffdafaf2000 	C:\Windows\SYSTEM32\msasn1.dll
0x00007ffda9680000 - 0x00007ffda96b1000 	C:\Windows\SYSTEM32\cryptnet.dll
0x00007ffdb0090000 - 0x00007ffdb01e6000 	C:\Windows\System32\CRYPT32.dll
0x00007ffda98b0000 - 0x00007ffda99f8000 	C:\Windows\SYSTEM32\drvstore.dll
0x00007ffdaf8c0000 - 0x00007ffdaf8cc000 	C:\Windows\SYSTEM32\cryptbase.dll
0x00007ffdb0350000 - 0x00007ffdb03ba000 	C:\Windows\System32\WINTRUST.dll
0x00007ffdb10b0000 - 0x00007ffdb115f000 	C:\Windows\System32\clbcatq.dll
0x00007ffd40180000 - 0x00007ffd4240c000 	C:\VulkanSDK\1.3.231.1\Bin\VkLayer_khronos_validation.dll
0x00007ffda7b90000 - 0x00007ffda7bcb000 	C:\Windows\SYSTEM32\dxcore.dll
0x00007ffd8dd20000 - 0x00007ffd8dfef000 	C:\Windows\system32\nvspcap64.dll

dbghelp: loaded successfully - version: 4.0.5 - missing functions: none
symbol engine: initialized successfully - sym options: 0x614 - pdb path: .;C:\Program Files\Java\graalvm-ce-java11-22.3.0\bin;C:\Windows\SYSTEM32;C:\Windows\WinSxS\amd64_microsoft.windows.common-controls_6595b64144ccf1df_6.0.19041.1110_none_60b5254171f9507e;C:\Program Files\Java\graalvm-ce-java11-22.3.0\bin\server;C:\Program Files\JetBrains\IntelliJ IDEA 2022.2.3\bin;C:\!TEMP\lwjglDaniil\3.3.1-build-7;C:\Windows\System32\DriverStore\FileRepository\nv_dispi.inf_amd64_009debfbd2e1619b;C:\VulkanSDK\1.3.231.1\Bin

VM Arguments:
jvm_args: -XX:ThreadPriorityPolicy=1 -XX:+UnlockExperimentalVMOptions -XX:+EnableJVMCIProduct -XX:JVMCIThreadsPerNativeLibraryRuntime=1 -XX:-UnlockExperimentalVMOptions -javaagent:C:\Program Files\JetBrains\IntelliJ IDEA 2022.2.3\lib\idea_rt.jar=52313:C:\Program Files\JetBrains\IntelliJ IDEA 2022.2.3\bin -Dfile.encoding=UTF-8 
java_command: com.KGAFT.VulkanGameEngine.Main
java_class_path (initial): E:\documents\projects\GitHub\JavaGameEngine\VulkanVersion\target\classes;C:\Users\Daniil\.m2\repository\org\lwjgl\lwjgl\3.3.1\lwjgl-3.3.1.jar;C:\Users\Daniil\.m2\repository\org\lwjgl\lwjgl-assimp\3.3.1\lwjgl-assimp-3.3.1.jar;C:\Users\Daniil\.m2\repository\org\lwjgl\lwjgl-glfw\3.3.1\lwjgl-glfw-3.3.1.jar;C:\Users\Daniil\.m2\repository\org\lwjgl\lwjgl-openal\3.3.1\lwjgl-openal-3.3.1.jar;C:\Users\Daniil\.m2\repository\org\lwjgl\lwjgl-stb\3.3.1\lwjgl-stb-3.3.1.jar;C:\Users\Daniil\.m2\repository\org\lwjgl\lwjgl-vulkan\3.3.1\lwjgl-vulkan-3.3.1.jar;C:\Users\Daniil\.m2\repository\org\lwjgl\lwjgl\3.3.1\lwjgl-3.3.1-natives-windows.jar;C:\Users\Daniil\.m2\repository\org\lwjgl\lwjgl-assimp\3.3.1\lwjgl-assimp-3.3.1-natives-windows.jar;C:\Users\Daniil\.m2\repository\org\lwjgl\lwjgl-glfw\3.3.1\lwjgl-glfw-3.3.1-natives-windows.jar;C:\Users\Daniil\.m2\repository\org\lwjgl\lwjgl-openal\3.3.1\lwjgl-openal-3.3.1-natives-windows.jar;C:\Users\Daniil\.m2\repository\org\lwjgl\lwjgl-stb\3.3.1\lwjgl-stb-3.3.1-natives-windows.jar;C:\Users\Daniil\.m2\repository\org\joml\joml\1.10.5\joml-1.10.5.jar;C:\Users\Daniil\.m2\repository\org\lwjglx\lwjgl3-awt\0.1.8\lwjgl3-awt-0.1.8.jar;C:\Users\Daniil\.m2\repository\org\lwjgl\lwjgl-jawt\3.3.1\lwjgl-jawt-3.3.1.jar
Launcher Type: SUN_STANDARD

[Global flags]
     intx CICompilerCount                          = 3                                         {product} {ergonomic}
     uint ConcGCThreads                            = 1                                         {product} {ergonomic}
     bool EnableJVMCIProduct                       = true                                {JVMCI product} {jimage}
     uint G1ConcRefinementThreads                  = 4                                         {product} {ergonomic}
   size_t G1HeapRegionSize                         = 1048576                                   {product} {ergonomic}
    uintx GCDrainStackTargetSize                   = 64                                        {product} {ergonomic}
   size_t InitialHeapSize                          = 134217728                                 {product} {ergonomic}
     uint JVMCIThreadsPerNativeLibraryRuntime      = 1                                   {JVMCI product} {jimage}
   size_t MarkStackSize                            = 4194304                                   {product} {ergonomic}
   size_t MaxHeapSize                              = 2130706432                                {product} {ergonomic}
   size_t MaxNewSize                               = 1278214144                                {product} {ergonomic}
   size_t MinHeapDeltaBytes                        = 1048576                                   {product} {ergonomic}
    uintx NonNMethodCodeHeapSize                   = 6401880                                {pd product} {ergonomic}
    uintx NonProfiledCodeHeapSize                  = 164571220                              {pd product} {ergonomic}
    uintx ProfiledCodeHeapSize                     = 164571220                              {pd product} {ergonomic}
    uintx ReservedCodeCacheSize                    = 335544320                              {pd product} {ergonomic}
     bool SegmentedCodeCache                       = true                                      {product} {ergonomic}
     intx ThreadPriorityPolicy                     = 1                                         {product} {jimage}
     bool UseCompressedClassPointers               = true                                 {lp64_product} {ergonomic}
     bool UseCompressedOops                        = true                                 {lp64_product} {ergonomic}
     bool UseG1GC                                  = true                                      {product} {ergonomic}
     bool UseLargePagesIndividualAllocation        = false                                  {pd product} {ergonomic}

Logging:
Log output configuration:
 #0: stdout all=warning uptime,level,tags
 #1: stderr all=off uptime,level,tags

Environment Variables:
JAVA_HOME=C:\Program Files\Java\graalvm-ce-java11-22.3.0
PATH=C:\VulkanSDK\1.3.231.1\Bin;C:\Windows\system32;C:\Windows;C:\Windows\System32\Wbem;C:\Windows\System32\WindowsPowerShell\v1.0\;C:\Windows\System32\OpenSSH\;C:\Program Files (x86)\NVIDIA Corporation\PhysX\Common;C:\Program Files\NVIDIA Corporation\NVIDIA NvDLISR;C:\Program Files\Git\cmd;C:\Program Files\Java\graalvm-ce-java11-22.3.0\bin;C:\Program Files\dotnet\;C:\Users\Daniil\AppData\Local\Microsoft\WindowsApps;;C:\Program Files\JetBrains\PyCharm Community Edition 2022.2.3\bin;;C:\Users\Daniil\AppData\Local\Programs\Microsoft VS Code\bin
USERNAME=Daniil
OS=Windows_NT
PROCESSOR_IDENTIFIER=Intel64 Family 6 Model 58 Stepping 9, GenuineIntel
TMP=C:\!TEMP
TEMP=C:\!TEMP



---------------  S Y S T E M  ---------------

OS: Windows 10 , 64 bit Build 19041 (10.0.19041.2251)
OS uptime: 1 days 20:49 hours

CPU:total 4 (initial active 4) (4 cores per cpu, 1 threads per core) family 6 model 58 stepping 9 microcode 0x21, cmov, cx8, fxsr, mmx, sse, sse2, sse3, ssse3, sse4.1, sse4.2, popcnt, avx, aes, clmul, erms, tsc, tscinvbit, tscinv

Memory: 4k page, system-wide physical 8126M (1655M free)
TotalPageFile size 16322M (AvailPageFile size 6347M)
current process WorkingSet (physical memory assigned to process): 124M, peak: 124M
current process commit charge ("private bytes"): 295M, peak: 295M

vm_info: OpenJDK 64-Bit Server VM (11.0.17+8-jvmci-22.3-b08) for windows-amd64 JRE (11.0.17+8-jvmci-22.3-b08), built on Oct 19 2022 01:56:15 by "" with MS VC++ 15.9 (VS2017)

END.
