#
# A fatal error has been detected by the Java Runtime Environment:
#
#  EXCEPTION_ACCESS_VIOLATION (0xc0000005) at pc=0x00007ffd7ce8983f, pid=4928, tid=12384
#
# JRE version: OpenJDK Runtime Environment GraalVM CE 22.3.0 (11.0.17+8) (build 11.0.17+8-jvmci-22.3-b08)
# Java VM: OpenJDK 64-Bit Server VM GraalVM CE 22.3.0 (11.0.17+8-jvmci-22.3-b08, mixed mode, sharing, tiered, jvmci, jvmci compiler, compressed oops, g1 gc, windows-amd64)
# Problematic frame:
# C  [nvoglv64.dll+0x166983f]
#
# No core dump will be written. Minidumps are not enabled by default on client versions of Windows
#
# If you would like to submit a bug report, please visit:
#   https://github.com/oracle/graal/issues
# The crash happened outside the Java Virtual Machine in native code.
# See problematic frame for where to report the bug.
#

---------------  S U M M A R Y ------------

Command Line: -XX:ThreadPriorityPolicy=1 -XX:+UnlockExperimentalVMOptions -XX:+EnableJVMCIProduct -XX:JVMCIThreadsPerNativeLibraryRuntime=1 -XX:-UnlockExperimentalVMOptions -agentlib:jdwp=transport=dt_socket,address=127.0.0.1:51650,suspend=y,server=n -javaagent:C:\Users\Daniil\AppData\Local\JetBrains\IntelliJIdea2022.2\captureAgent\debugger-agent.jar -Dfile.encoding=UTF-8 com.KGAFT.VulkanGameEngine.Main

Host: Intel(R) Core(TM) i5-3570 CPU @ 3.40GHz, 4 cores, 7G,  Windows 10 , 64 bit Build 19041 (10.0.19041.2251)
Time: Sun Dec  4 16:03:32 2022 RTZ 2 (s 10 , 64 bit Build 19041 (10.0.19041.2251) elapsed time: 9.121350 seconds (0d 0h 0m 9s)

---------------  T H R E A D  ---------------

Current thread (0x0000023e326ea000):  JavaThread "main" [_thread_in_native, id=12384, stack(0x000000bad3700000,0x000000bad3800000)]

Stack: [0x000000bad3700000,0x000000bad3800000],  sp=0x000000bad37ff0a0,  free space=1020k
Native frames: (J=compiled Java code, j=interpreted, Vv=VM code, C=native code)
C  [nvoglv64.dll+0x166983f]

Java frames: (J=compiled Java code, j=interpreted, Vv=VM code)
j  org.lwjgl.system.JNI.callPPPI(JJJJ)I+0
j  org.lwjgl.vulkan.VK10.nvkEnumeratePhysicalDevices(Lorg/lwjgl/vulkan/VkInstance;JJ)I+17
j  org.lwjgl.vulkan.VK10.vkEnumeratePhysicalDevices(Lorg/lwjgl/vulkan/VkInstance;Ljava/nio/IntBuffer;Lorg/lwjgl/PointerBuffer;)I+32
j  com.KGAFT.VulkanGameEngine.VKRenderer.VulkanRenderer.getAvailableToRenderPhysicalDevices()Ljava/util/List;+23
j  com.KGAFT.VulkanGameEngine.Main.main([Ljava/lang/String;)V+28
v  ~StubRoutines::call_stub

siginfo: EXCEPTION_ACCESS_VIOLATION (0xc0000005), writing address 0x0000000000000010


Register to memory mapping:

RIP=0x00007ffd7ce8983f nvoglv64.dll
RAX=0x0000000000000001 is an unknown value
RBX=0x0000023e5791ef40 points into unknown readable memory: 0x0000023e5c24af60 | 60 af 24 5c 3e 02 00 00
RCX=0x0000023e5cbc5410 points into unknown readable memory: 0x00007ffd40f3a788 | 88 a7 f3 40 fd 7f 00 00
RDX=0x0000023e5c23e230 points into unknown readable memory: 0x0000023e5c375e10 | 10 5e 37 5c 3e 02 00 00
RSP=0x000000bad37ff0a0 is pointing into the stack for thread: 0x0000023e326ea000
RBP=0x0 is NULL
RSI=0x0 is NULL
RDI=0x0 is NULL
R8 =0x000000bad37ff448 is pointing into the stack for thread: 0x0000023e326ea000
R9 =0x0000023e5791ef40 points into unknown readable memory: 0x0000023e5c24af60 | 60 af 24 5c 3e 02 00 00
R10=0x0 is NULL
R11=0x0000023e5c24af60 points into unknown readable memory: 0x0000023e5c375e10 | 10 5e 37 5c 3e 02 00 00
R12=0x0000023e5ca2f330 points into unknown readable memory: 0x0000023e5c23e230 | 30 e2 23 5c 3e 02 00 00
R13={method} {0x0000023e57dee318} 'callPPPI' '(JJJJ)I' in 'org/lwjgl/system/JNI'
R14=0x0000000000000010 is an unknown value
R15=0x0000023e326ea000 is a thread


Registers:
RAX=0x0000000000000001, RBX=0x0000023e5791ef40, RCX=0x0000023e5cbc5410, RDX=0x0000023e5c23e230
RSP=0x000000bad37ff0a0, RBP=0x0000000000000000, RSI=0x0000000000000000, RDI=0x0000000000000000
R8 =0x000000bad37ff448, R9 =0x0000023e5791ef40, R10=0x0000000000000000, R11=0x0000023e5c24af60
R12=0x0000023e5ca2f330, R13=0x0000023e57dee310, R14=0x0000000000000010, R15=0x0000023e326ea000
RIP=0x00007ffd7ce8983f, EFLAGS=0x0000000000010246

Top of Stack: (sp=0x000000bad37ff0a0)
0x000000bad37ff0a0:   0000023e5c375e10 0000023e5791ef40
0x000000bad37ff0b0:   0000023e5c23e230 0000023e326ea000
0x000000bad37ff0c0:   000000bad37ff280 00007ffd5ac37aaa
0x000000bad37ff0d0:   000000bad37ff280 000000bad37ff370
0x000000bad37ff0e0:   000000bad37ff280 000000bad37ff370
0x000000bad37ff0f0:   000000bad37ff290 00007ffd5ae288c8
0x000000bad37ff100:   0000023e57d44598 0000023e30d5d1f0
0x000000bad37ff110:   000000bad37ff290 0000023e586043c0
0x000000bad37ff120:   0000000000000001 0000023e326ea000
0x000000bad37ff130:   0000023e57d44598 0000023e326ea000
0x000000bad37ff140:   00000008003c57a8 00007ffd5aafb8b8
0x000000bad37ff150:   000000bad37ff3a8 00000000000000b4
0x000000bad37ff160:   000000bad37ff1d8 00007ffd5ac37bc6
0x000000bad37ff170:   000000bad37ff390 00007ffd5afba5c5
0x000000bad37ff180:   0000023e326ea000 000000000000000e
0x000000bad37ff190:   000000bad37ff280 00007ffd5ae2be9e 

Instructions: (pc=0x00007ffd7ce8983f)
0x00007ffd7ce8973f:   00 48 8b 04 32 48 89 06 48 8d 76 08 48 83 e9 01
0x00007ffd7ce8974f:   75 ef 8b 84 24 a8 03 00 00 e9 c7 00 00 00 48 89
0x00007ffd7ce8975f:   ac 24 98 03 00 00 33 ff 4c 89 ac 24 a0 03 00 00
0x00007ffd7ce8976f:   33 ed 4c 63 e8 8b 84 24 a8 03 00 00 85 c0 74 45
0x00007ffd7ce8977f:   90 41 3b ff 73 3f 48 8b 0c eb 4c 8d 34 eb 48 8d
0x00007ffd7ce8978f:   54 24 20 41 ff 54 24 20 49 83 fd 02 75 07 83 7c
0x00007ffd7ce8979f:   24 30 01 eb 08 81 7c 24 28 de 10 00 00 75 09 49
0x00007ffd7ce897af:   8b 06 48 89 04 fe ff c7 8b 84 24 a8 03 00 00 ff
0x00007ffd7ce897bf:   c5 3b e8 72 bc 33 ed 85 c0 74 4a 66 0f 1f 44 00
0x00007ffd7ce897cf:   00 41 3b ff 73 3f 48 8b 0c eb 4c 8d 34 eb 48 8d
0x00007ffd7ce897df:   54 24 20 41 ff 54 24 20 49 83 fd 02 75 07 83 7c
0x00007ffd7ce897ef:   24 30 01 eb 08 81 7c 24 28 de 10 00 00 74 09 49
0x00007ffd7ce897ff:   8b 06 48 89 04 fe ff c7 8b 84 24 a8 03 00 00 ff
0x00007ffd7ce8980f:   c5 3b e8 72 bc 48 8b ac 24 98 03 00 00 4c 8b ac
0x00007ffd7ce8981f:   24 a0 03 00 00 44 3b f8 4c 8b bc 24 60 03 00 00
0x00007ffd7ce8982f:   73 11 bf 05 00 00 00 eb 0c 8b 84 24 a8 03 00 00
0x00007ffd7ce8983f:   41 89 06 33 ff 48 8b cb ff 15 6b 21 f5 01 48 8b
0x00007ffd7ce8984f:   9c 24 90 03 00 00 8b c7 48 81 c4 68 03 00 00 41
0x00007ffd7ce8985f:   5e 41 5c 5f 5e c3 cc cc cc cc cc cc cc cc cc cc
0x00007ffd7ce8986f:   cc 48 89 5c 24 08 57 48 83 ec 20 48 8b da 48 8b
0x00007ffd7ce8987f:   f9 48 8b cb 48 8d 15 ee 86 3e 01 e8 c1 c3 1f 00
0x00007ffd7ce8988f:   85 c0 75 12 48 8d 05 b6 fa ff ff 48 8b 5c 24 30
0x00007ffd7ce8989f:   48 83 c4 20 5f c3 48 8b 0f e8 63 f3 ff ff 48 8b
0x00007ffd7ce898af:   d3 48 8b cf 48 8b 5c 24 30 48 83 c4 20 5f 48 ff
0x00007ffd7ce898bf:   20 48 89 5c 24 08 57 48 83 ec 20 48 8b da 48 8b
0x00007ffd7ce898cf:   f9 48 8b cb 48 8d 15 d6 85 3e 01 e8 71 c3 1f 00
0x00007ffd7ce898df:   85 c0 75 12 48 8d 05 26 f9 ff ff 48 8b 5c 24 30
0x00007ffd7ce898ef:   48 83 c4 20 5f c3 48 8d 15 cc 85 3e 01 48 8b cb
0x00007ffd7ce898ff:   e8 4c c3 1f 00 85 c0 75 12 48 8d 05 71 fb ff ff
0x00007ffd7ce8990f:   48 8b 5c 24 30 48 83 c4 20 5f c3 48 8d 15 67 86
0x00007ffd7ce8991f:   3e 01 48 8b cb e8 27 c3 1f 00 85 c0 75 12 48 8d
0x00007ffd7ce8992f:   05 8c ff ff ff 48 8b 5c 24 30 48 83 c4 20 5f c3 


Stack slot to memory mapping:
stack at sp + 0 slots: 0x0000023e5c375e10 points into unknown readable memory: 0x0000000000000000 | 00 00 00 00 00 00 00 00
stack at sp + 1 slots: 0x0000023e5791ef40 points into unknown readable memory: 0x0000023e5c24af60 | 60 af 24 5c 3e 02 00 00
stack at sp + 2 slots: 0x0000023e5c23e230 points into unknown readable memory: 0x0000023e5c375e10 | 10 5e 37 5c 3e 02 00 00
stack at sp + 3 slots: 0x0000023e326ea000 is a thread
stack at sp + 4 slots: 0x000000bad37ff280 is pointing into the stack for thread: 0x0000023e326ea000
stack at sp + 5 slots: 0x00007ffd5ac37aaa jvm.dll
stack at sp + 6 slots: 0x000000bad37ff280 is pointing into the stack for thread: 0x0000023e326ea000
stack at sp + 7 slots: 0x000000bad37ff370 is pointing into the stack for thread: 0x0000023e326ea000


---------------  P R O C E S S  ---------------

Threads class SMR info:
_java_thread_list=0x0000023e5860ea50, length=13, elements={
0x0000023e326ea000, 0x0000023e57890800, 0x0000023e57892000, 0x0000023e578af800,
0x0000023e578b0800, 0x0000023e578b1800, 0x0000023e578b2800, 0x0000023e578c4800,
0x0000023e578de800, 0x0000023e5786b000, 0x0000023e583b0000, 0x0000023e583b8000,
0x0000023e583b9800
}

Java Threads: ( => current thread )
=>0x0000023e326ea000 JavaThread "main" [_thread_in_native, id=12384, stack(0x000000bad3700000,0x000000bad3800000)]
  0x0000023e57890800 JavaThread "Reference Handler" daemon [_thread_blocked, id=14652, stack(0x000000bad3e00000,0x000000bad3f00000)]
  0x0000023e57892000 JavaThread "Finalizer" daemon [_thread_blocked, id=11676, stack(0x000000bad3f00000,0x000000bad4000000)]
  0x0000023e578af800 JavaThread "Signal Dispatcher" daemon [_thread_blocked, id=14656, stack(0x000000bad4000000,0x000000bad4100000)]
  0x0000023e578b0800 JavaThread "Attach Listener" daemon [_thread_blocked, id=4420, stack(0x000000bad4100000,0x000000bad4200000)]
  0x0000023e578b1800 JavaThread "Service Thread" daemon [_thread_blocked, id=13552, stack(0x000000bad4200000,0x000000bad4300000)]
  0x0000023e578b2800 JavaThread "JVMCI-native CompilerThread0" daemon [_thread_blocked, id=480, stack(0x000000bad4300000,0x000000bad4400000)]
  0x0000023e578c4800 JavaThread "C1 CompilerThread0" daemon [_thread_blocked, id=15040, stack(0x000000bad4400000,0x000000bad4500000)]
  0x0000023e578de800 JavaThread "Sweeper thread" daemon [_thread_blocked, id=15888, stack(0x000000bad4500000,0x000000bad4600000)]
  0x0000023e5786b000 JavaThread "Common-Cleaner" daemon [_thread_blocked, id=6412, stack(0x000000bad4600000,0x000000bad4700000)]
  0x0000023e583b0000 JavaThread "JDWP Transport Listener: dt_socket" daemon [_thread_blocked, id=9912, stack(0x000000bad4700000,0x000000bad4800000)]
  0x0000023e583b8000 JavaThread "JDWP Event Helper Thread" daemon [_thread_blocked, id=9036, stack(0x000000bad4800000,0x000000bad4900000)]
  0x0000023e583b9800 JavaThread "JDWP Command Reader" daemon [_thread_in_native, id=5096, stack(0x000000bad4900000,0x000000bad4a00000)]

Other Threads:
  0x0000023e57887800 VMThread "VM Thread" [stack: 0x000000bad3d00000,0x000000bad3e00000] [id=14724]
  0x0000023e583d1000 WatcherThread [stack: 0x000000bad4a00000,0x000000bad4b00000] [id=7096]
  0x0000023e32704800 GCTaskThread "GC Thread#0" [stack: 0x000000bad3800000,0x000000bad3900000] [id=5436]
  0x0000023e5cbd1800 GCTaskThread "GC Thread#1" [stack: 0x000000bad5100000,0x000000bad5200000] [id=2984]
  0x0000023e5cbd2000 GCTaskThread "GC Thread#2" [stack: 0x000000bad5200000,0x000000bad5300000] [id=15168]
  0x0000023e32734000 ConcurrentGCThread "G1 Main Marker" [stack: 0x000000bad3900000,0x000000bad3a00000] [id=10032]
  0x0000023e32735800 ConcurrentGCThread "G1 Conc#0" [stack: 0x000000bad3a00000,0x000000bad3b00000] [id=11124]
  0x0000023e327c6800 ConcurrentGCThread "G1 Refine#0" [stack: 0x000000bad3b00000,0x000000bad3c00000] [id=15556]
  0x0000023e327c7800 ConcurrentGCThread "G1 Young RemSet Sampling" [stack: 0x000000bad3c00000,0x000000bad3d00000] [id=11044]

Threads with active compile tasks:

VM state:not at safepoint (normal execution)

VM Mutex/Monitor currently owned by a thread: None

Heap address: 0x0000000081000000, size: 2032 MB, Compressed Oops mode: 32-bit
Narrow klass base: 0x0000000800000000, Narrow klass shift: 3
Compressed class space size: 1073741824 Address: 0x0000000840000000

Heap:
 garbage-first heap   total 131072K, used 3452K [0x0000000081000000, 0x0000000100000000)
  region size 1024K, 4 young (4096K), 2 survivors (2048K)
 Metaspace       used 4232K, capacity 6574K, committed 6784K, reserved 1056768K
  class space    used 331K, capacity 628K, committed 640K, reserved 1048576K
Heap Regions: E=young(eden), S=young(survivor), O=old, HS=humongous(starts), HC=humongous(continues), CS=collection set, F=free, A=archive, TAMS=top-at-mark-start (previous, next)
|   0|0x0000000081000000, 0x000000008105f200, 0x0000000081100000| 37%| O|  |TAMS 0x0000000081000000, 0x0000000081000000| Untracked 
|   1|0x0000000081100000, 0x0000000081100000, 0x0000000081200000|  0%| F|  |TAMS 0x0000000081100000, 0x0000000081100000| Untracked 
|   2|0x0000000081200000, 0x0000000081200000, 0x0000000081300000|  0%| F|  |TAMS 0x0000000081200000, 0x0000000081200000| Untracked 
|   3|0x0000000081300000, 0x0000000081300000, 0x0000000081400000|  0%| F|  |TAMS 0x0000000081300000, 0x0000000081300000| Untracked 
|   4|0x0000000081400000, 0x0000000081400000, 0x0000000081500000|  0%| F|  |TAMS 0x0000000081400000, 0x0000000081400000| Untracked 
|   5|0x0000000081500000, 0x0000000081500000, 0x0000000081600000|  0%| F|  |TAMS 0x0000000081500000, 0x0000000081500000| Untracked 
|   6|0x0000000081600000, 0x0000000081600000, 0x0000000081700000|  0%| F|  |TAMS 0x0000000081600000, 0x0000000081600000| Untracked 
|   7|0x0000000081700000, 0x0000000081700000, 0x0000000081800000|  0%| F|  |TAMS 0x0000000081700000, 0x0000000081700000| Untracked 
|   8|0x0000000081800000, 0x0000000081800000, 0x0000000081900000|  0%| F|  |TAMS 0x0000000081800000, 0x0000000081800000| Untracked 
|   9|0x0000000081900000, 0x0000000081900000, 0x0000000081a00000|  0%| F|  |TAMS 0x0000000081900000, 0x0000000081900000| Untracked 
|  10|0x0000000081a00000, 0x0000000081a00000, 0x0000000081b00000|  0%| F|  |TAMS 0x0000000081a00000, 0x0000000081a00000| Untracked 
|  11|0x0000000081b00000, 0x0000000081b00000, 0x0000000081c00000|  0%| F|  |TAMS 0x0000000081b00000, 0x0000000081b00000| Untracked 
|  12|0x0000000081c00000, 0x0000000081c00000, 0x0000000081d00000|  0%| F|  |TAMS 0x0000000081c00000, 0x0000000081c00000| Untracked 
|  13|0x0000000081d00000, 0x0000000081d00000, 0x0000000081e00000|  0%| F|  |TAMS 0x0000000081d00000, 0x0000000081d00000| Untracked 
|  14|0x0000000081e00000, 0x0000000081e00000, 0x0000000081f00000|  0%| F|  |TAMS 0x0000000081e00000, 0x0000000081e00000| Untracked 
|  15|0x0000000081f00000, 0x0000000081f00000, 0x0000000082000000|  0%| F|  |TAMS 0x0000000081f00000, 0x0000000081f00000| Untracked 
|  16|0x0000000082000000, 0x0000000082000000, 0x0000000082100000|  0%| F|  |TAMS 0x0000000082000000, 0x0000000082000000| Untracked 
|  17|0x0000000082100000, 0x0000000082100000, 0x0000000082200000|  0%| F|  |TAMS 0x0000000082100000, 0x0000000082100000| Untracked 
|  18|0x0000000082200000, 0x0000000082200000, 0x0000000082300000|  0%| F|  |TAMS 0x0000000082200000, 0x0000000082200000| Untracked 
|  19|0x0000000082300000, 0x0000000082300000, 0x0000000082400000|  0%| F|  |TAMS 0x0000000082300000, 0x0000000082300000| Untracked 
|  20|0x0000000082400000, 0x0000000082400000, 0x0000000082500000|  0%| F|  |TAMS 0x0000000082400000, 0x0000000082400000| Untracked 
|  21|0x0000000082500000, 0x0000000082500000, 0x0000000082600000|  0%| F|  |TAMS 0x0000000082500000, 0x0000000082500000| Untracked 
|  22|0x0000000082600000, 0x0000000082600000, 0x0000000082700000|  0%| F|  |TAMS 0x0000000082600000, 0x0000000082600000| Untracked 
|  23|0x0000000082700000, 0x0000000082700000, 0x0000000082800000|  0%| F|  |TAMS 0x0000000082700000, 0x0000000082700000| Untracked 
|  24|0x0000000082800000, 0x0000000082800000, 0x0000000082900000|  0%| F|  |TAMS 0x0000000082800000, 0x0000000082800000| Untracked 
|  25|0x0000000082900000, 0x0000000082900000, 0x0000000082a00000|  0%| F|  |TAMS 0x0000000082900000, 0x0000000082900000| Untracked 
|  26|0x0000000082a00000, 0x0000000082a00000, 0x0000000082b00000|  0%| F|  |TAMS 0x0000000082a00000, 0x0000000082a00000| Untracked 
|  27|0x0000000082b00000, 0x0000000082b00000, 0x0000000082c00000|  0%| F|  |TAMS 0x0000000082b00000, 0x0000000082b00000| Untracked 
|  28|0x0000000082c00000, 0x0000000082c00000, 0x0000000082d00000|  0%| F|  |TAMS 0x0000000082c00000, 0x0000000082c00000| Untracked 
|  29|0x0000000082d00000, 0x0000000082d00000, 0x0000000082e00000|  0%| F|  |TAMS 0x0000000082d00000, 0x0000000082d00000| Untracked 
|  30|0x0000000082e00000, 0x0000000082e00000, 0x0000000082f00000|  0%| F|  |TAMS 0x0000000082e00000, 0x0000000082e00000| Untracked 
|  31|0x0000000082f00000, 0x0000000082f00000, 0x0000000083000000|  0%| F|  |TAMS 0x0000000082f00000, 0x0000000082f00000| Untracked 
|  32|0x0000000083000000, 0x0000000083000000, 0x0000000083100000|  0%| F|  |TAMS 0x0000000083000000, 0x0000000083000000| Untracked 
|  33|0x0000000083100000, 0x0000000083100000, 0x0000000083200000|  0%| F|  |TAMS 0x0000000083100000, 0x0000000083100000| Untracked 
|  34|0x0000000083200000, 0x0000000083200000, 0x0000000083300000|  0%| F|  |TAMS 0x0000000083200000, 0x0000000083200000| Untracked 
|  35|0x0000000083300000, 0x0000000083300000, 0x0000000083400000|  0%| F|  |TAMS 0x0000000083300000, 0x0000000083300000| Untracked 
|  36|0x0000000083400000, 0x0000000083400000, 0x0000000083500000|  0%| F|  |TAMS 0x0000000083400000, 0x0000000083400000| Untracked 
|  37|0x0000000083500000, 0x0000000083500000, 0x0000000083600000|  0%| F|  |TAMS 0x0000000083500000, 0x0000000083500000| Untracked 
|  38|0x0000000083600000, 0x0000000083600000, 0x0000000083700000|  0%| F|  |TAMS 0x0000000083600000, 0x0000000083600000| Untracked 
|  39|0x0000000083700000, 0x0000000083700000, 0x0000000083800000|  0%| F|  |TAMS 0x0000000083700000, 0x0000000083700000| Untracked 
|  40|0x0000000083800000, 0x0000000083800000, 0x0000000083900000|  0%| F|  |TAMS 0x0000000083800000, 0x0000000083800000| Untracked 
|  41|0x0000000083900000, 0x0000000083900000, 0x0000000083a00000|  0%| F|  |TAMS 0x0000000083900000, 0x0000000083900000| Untracked 
|  42|0x0000000083a00000, 0x0000000083a00000, 0x0000000083b00000|  0%| F|  |TAMS 0x0000000083a00000, 0x0000000083a00000| Untracked 
|  43|0x0000000083b00000, 0x0000000083b00000, 0x0000000083c00000|  0%| F|  |TAMS 0x0000000083b00000, 0x0000000083b00000| Untracked 
|  44|0x0000000083c00000, 0x0000000083c00000, 0x0000000083d00000|  0%| F|  |TAMS 0x0000000083c00000, 0x0000000083c00000| Untracked 
|  45|0x0000000083d00000, 0x0000000083d00000, 0x0000000083e00000|  0%| F|  |TAMS 0x0000000083d00000, 0x0000000083d00000| Untracked 
|  46|0x0000000083e00000, 0x0000000083e00000, 0x0000000083f00000|  0%| F|  |TAMS 0x0000000083e00000, 0x0000000083e00000| Untracked 
|  47|0x0000000083f00000, 0x0000000083f00000, 0x0000000084000000|  0%| F|  |TAMS 0x0000000083f00000, 0x0000000083f00000| Untracked 
|  48|0x0000000084000000, 0x0000000084000000, 0x0000000084100000|  0%| F|  |TAMS 0x0000000084000000, 0x0000000084000000| Untracked 
|  49|0x0000000084100000, 0x0000000084100000, 0x0000000084200000|  0%| F|  |TAMS 0x0000000084100000, 0x0000000084100000| Untracked 
|  50|0x0000000084200000, 0x0000000084200000, 0x0000000084300000|  0%| F|  |TAMS 0x0000000084200000, 0x0000000084200000| Untracked 
|  51|0x0000000084300000, 0x0000000084300000, 0x0000000084400000|  0%| F|  |TAMS 0x0000000084300000, 0x0000000084300000| Untracked 
|  52|0x0000000084400000, 0x0000000084400000, 0x0000000084500000|  0%| F|  |TAMS 0x0000000084400000, 0x0000000084400000| Untracked 
|  53|0x0000000084500000, 0x0000000084500000, 0x0000000084600000|  0%| F|  |TAMS 0x0000000084500000, 0x0000000084500000| Untracked 
|  54|0x0000000084600000, 0x0000000084600000, 0x0000000084700000|  0%| F|  |TAMS 0x0000000084600000, 0x0000000084600000| Untracked 
|  55|0x0000000084700000, 0x0000000084700000, 0x0000000084800000|  0%| F|  |TAMS 0x0000000084700000, 0x0000000084700000| Untracked 
|  56|0x0000000084800000, 0x0000000084800000, 0x0000000084900000|  0%| F|  |TAMS 0x0000000084800000, 0x0000000084800000| Untracked 
|  57|0x0000000084900000, 0x0000000084900000, 0x0000000084a00000|  0%| F|  |TAMS 0x0000000084900000, 0x0000000084900000| Untracked 
|  58|0x0000000084a00000, 0x0000000084a00000, 0x0000000084b00000|  0%| F|  |TAMS 0x0000000084a00000, 0x0000000084a00000| Untracked 
|  59|0x0000000084b00000, 0x0000000084b00000, 0x0000000084c00000|  0%| F|  |TAMS 0x0000000084b00000, 0x0000000084b00000| Untracked 
|  60|0x0000000084c00000, 0x0000000084c00000, 0x0000000084d00000|  0%| F|  |TAMS 0x0000000084c00000, 0x0000000084c00000| Untracked 
|  61|0x0000000084d00000, 0x0000000084d00000, 0x0000000084e00000|  0%| F|  |TAMS 0x0000000084d00000, 0x0000000084d00000| Untracked 
|  62|0x0000000084e00000, 0x0000000084e00000, 0x0000000084f00000|  0%| F|  |TAMS 0x0000000084e00000, 0x0000000084e00000| Untracked 
|  63|0x0000000084f00000, 0x0000000084f00000, 0x0000000085000000|  0%| F|  |TAMS 0x0000000084f00000, 0x0000000084f00000| Untracked 
|  64|0x0000000085000000, 0x0000000085000000, 0x0000000085100000|  0%| F|  |TAMS 0x0000000085000000, 0x0000000085000000| Untracked 
|  65|0x0000000085100000, 0x0000000085100000, 0x0000000085200000|  0%| F|  |TAMS 0x0000000085100000, 0x0000000085100000| Untracked 
|  66|0x0000000085200000, 0x0000000085200000, 0x0000000085300000|  0%| F|  |TAMS 0x0000000085200000, 0x0000000085200000| Untracked 
|  67|0x0000000085300000, 0x0000000085300000, 0x0000000085400000|  0%| F|  |TAMS 0x0000000085300000, 0x0000000085300000| Untracked 
|  68|0x0000000085400000, 0x0000000085400000, 0x0000000085500000|  0%| F|  |TAMS 0x0000000085400000, 0x0000000085400000| Untracked 
|  69|0x0000000085500000, 0x0000000085500000, 0x0000000085600000|  0%| F|  |TAMS 0x0000000085500000, 0x0000000085500000| Untracked 
|  70|0x0000000085600000, 0x0000000085600000, 0x0000000085700000|  0%| F|  |TAMS 0x0000000085600000, 0x0000000085600000| Untracked 
|  71|0x0000000085700000, 0x0000000085700000, 0x0000000085800000|  0%| F|  |TAMS 0x0000000085700000, 0x0000000085700000| Untracked 
|  72|0x0000000085800000, 0x0000000085800000, 0x0000000085900000|  0%| F|  |TAMS 0x0000000085800000, 0x0000000085800000| Untracked 
|  73|0x0000000085900000, 0x0000000085900000, 0x0000000085a00000|  0%| F|  |TAMS 0x0000000085900000, 0x0000000085900000| Untracked 
|  74|0x0000000085a00000, 0x0000000085a00000, 0x0000000085b00000|  0%| F|  |TAMS 0x0000000085a00000, 0x0000000085a00000| Untracked 
|  75|0x0000000085b00000, 0x0000000085b00000, 0x0000000085c00000|  0%| F|  |TAMS 0x0000000085b00000, 0x0000000085b00000| Untracked 
|  76|0x0000000085c00000, 0x0000000085c00000, 0x0000000085d00000|  0%| F|  |TAMS 0x0000000085c00000, 0x0000000085c00000| Untracked 
|  77|0x0000000085d00000, 0x0000000085d00000, 0x0000000085e00000|  0%| F|  |TAMS 0x0000000085d00000, 0x0000000085d00000| Untracked 
|  78|0x0000000085e00000, 0x0000000085e00000, 0x0000000085f00000|  0%| F|  |TAMS 0x0000000085e00000, 0x0000000085e00000| Untracked 
|  79|0x0000000085f00000, 0x0000000085f00000, 0x0000000086000000|  0%| F|  |TAMS 0x0000000085f00000, 0x0000000085f00000| Untracked 
|  80|0x0000000086000000, 0x0000000086000000, 0x0000000086100000|  0%| F|  |TAMS 0x0000000086000000, 0x0000000086000000| Untracked 
|  81|0x0000000086100000, 0x0000000086100000, 0x0000000086200000|  0%| F|  |TAMS 0x0000000086100000, 0x0000000086100000| Untracked 
|  82|0x0000000086200000, 0x0000000086200000, 0x0000000086300000|  0%| F|  |TAMS 0x0000000086200000, 0x0000000086200000| Untracked 
|  83|0x0000000086300000, 0x0000000086300000, 0x0000000086400000|  0%| F|  |TAMS 0x0000000086300000, 0x0000000086300000| Untracked 
|  84|0x0000000086400000, 0x0000000086400000, 0x0000000086500000|  0%| F|  |TAMS 0x0000000086400000, 0x0000000086400000| Untracked 
|  85|0x0000000086500000, 0x0000000086500000, 0x0000000086600000|  0%| F|  |TAMS 0x0000000086500000, 0x0000000086500000| Untracked 
|  86|0x0000000086600000, 0x0000000086600000, 0x0000000086700000|  0%| F|  |TAMS 0x0000000086600000, 0x0000000086600000| Untracked 
|  87|0x0000000086700000, 0x0000000086700000, 0x0000000086800000|  0%| F|  |TAMS 0x0000000086700000, 0x0000000086700000| Untracked 
|  88|0x0000000086800000, 0x0000000086800000, 0x0000000086900000|  0%| F|  |TAMS 0x0000000086800000, 0x0000000086800000| Untracked 
|  89|0x0000000086900000, 0x0000000086900000, 0x0000000086a00000|  0%| F|  |TAMS 0x0000000086900000, 0x0000000086900000| Untracked 
|  90|0x0000000086a00000, 0x0000000086a00000, 0x0000000086b00000|  0%| F|  |TAMS 0x0000000086a00000, 0x0000000086a00000| Untracked 
|  91|0x0000000086b00000, 0x0000000086b00000, 0x0000000086c00000|  0%| F|  |TAMS 0x0000000086b00000, 0x0000000086b00000| Untracked 
|  92|0x0000000086c00000, 0x0000000086c00000, 0x0000000086d00000|  0%| F|  |TAMS 0x0000000086c00000, 0x0000000086c00000| Untracked 
|  93|0x0000000086d00000, 0x0000000086d00000, 0x0000000086e00000|  0%| F|  |TAMS 0x0000000086d00000, 0x0000000086d00000| Untracked 
|  94|0x0000000086e00000, 0x0000000086e00000, 0x0000000086f00000|  0%| F|  |TAMS 0x0000000086e00000, 0x0000000086e00000| Untracked 
|  95|0x0000000086f00000, 0x0000000086f00000, 0x0000000087000000|  0%| F|  |TAMS 0x0000000086f00000, 0x0000000086f00000| Untracked 
|  96|0x0000000087000000, 0x0000000087000000, 0x0000000087100000|  0%| F|  |TAMS 0x0000000087000000, 0x0000000087000000| Untracked 
|  97|0x0000000087100000, 0x0000000087100000, 0x0000000087200000|  0%| F|  |TAMS 0x0000000087100000, 0x0000000087100000| Untracked 
|  98|0x0000000087200000, 0x0000000087200000, 0x0000000087300000|  0%| F|  |TAMS 0x0000000087200000, 0x0000000087200000| Untracked 
|  99|0x0000000087300000, 0x0000000087300000, 0x0000000087400000|  0%| F|  |TAMS 0x0000000087300000, 0x0000000087300000| Untracked 
| 100|0x0000000087400000, 0x0000000087400000, 0x0000000087500000|  0%| F|  |TAMS 0x0000000087400000, 0x0000000087400000| Untracked 
| 101|0x0000000087500000, 0x0000000087500000, 0x0000000087600000|  0%| F|  |TAMS 0x0000000087500000, 0x0000000087500000| Untracked 
| 102|0x0000000087600000, 0x0000000087600000, 0x0000000087700000|  0%| F|  |TAMS 0x0000000087600000, 0x0000000087600000| Untracked 
| 103|0x0000000087700000, 0x0000000087700000, 0x0000000087800000|  0%| F|  |TAMS 0x0000000087700000, 0x0000000087700000| Untracked 
| 104|0x0000000087800000, 0x0000000087800000, 0x0000000087900000|  0%| F|  |TAMS 0x0000000087800000, 0x0000000087800000| Untracked 
| 105|0x0000000087900000, 0x0000000087900000, 0x0000000087a00000|  0%| F|  |TAMS 0x0000000087900000, 0x0000000087900000| Untracked 
| 106|0x0000000087a00000, 0x0000000087a00000, 0x0000000087b00000|  0%| F|  |TAMS 0x0000000087a00000, 0x0000000087a00000| Untracked 
| 107|0x0000000087b00000, 0x0000000087b00000, 0x0000000087c00000|  0%| F|  |TAMS 0x0000000087b00000, 0x0000000087b00000| Untracked 
| 108|0x0000000087c00000, 0x0000000087c00000, 0x0000000087d00000|  0%| F|  |TAMS 0x0000000087c00000, 0x0000000087c00000| Untracked 
| 109|0x0000000087d00000, 0x0000000087d00000, 0x0000000087e00000|  0%| F|  |TAMS 0x0000000087d00000, 0x0000000087d00000| Untracked 
| 110|0x0000000087e00000, 0x0000000087e00000, 0x0000000087f00000|  0%| F|  |TAMS 0x0000000087e00000, 0x0000000087e00000| Untracked 
| 111|0x0000000087f00000, 0x0000000087f00000, 0x0000000088000000|  0%| F|  |TAMS 0x0000000087f00000, 0x0000000087f00000| Untracked 
| 112|0x0000000088000000, 0x0000000088100000, 0x0000000088100000|100%| S|CS|TAMS 0x0000000088000000, 0x0000000088000000| Complete 
| 113|0x0000000088100000, 0x0000000088200000, 0x0000000088200000|100%| S|CS|TAMS 0x0000000088100000, 0x0000000088100000| Complete 
| 114|0x0000000088200000, 0x0000000088200000, 0x0000000088300000|  0%| F|  |TAMS 0x0000000088200000, 0x0000000088200000| Untracked 
| 115|0x0000000088300000, 0x0000000088300000, 0x0000000088400000|  0%| F|  |TAMS 0x0000000088300000, 0x0000000088300000| Untracked 
| 116|0x0000000088400000, 0x0000000088400000, 0x0000000088500000|  0%| F|  |TAMS 0x0000000088400000, 0x0000000088400000| Untracked 
| 117|0x0000000088500000, 0x0000000088500000, 0x0000000088600000|  0%| F|  |TAMS 0x0000000088500000, 0x0000000088500000| Untracked 
| 118|0x0000000088600000, 0x0000000088600000, 0x0000000088700000|  0%| F|  |TAMS 0x0000000088600000, 0x0000000088600000| Untracked 
| 119|0x0000000088700000, 0x0000000088700000, 0x0000000088800000|  0%| F|  |TAMS 0x0000000088700000, 0x0000000088700000| Untracked 
| 120|0x0000000088800000, 0x0000000088800000, 0x0000000088900000|  0%| F|  |TAMS 0x0000000088800000, 0x0000000088800000| Untracked 
| 121|0x0000000088900000, 0x0000000088900000, 0x0000000088a00000|  0%| F|  |TAMS 0x0000000088900000, 0x0000000088900000| Untracked 
| 122|0x0000000088a00000, 0x0000000088a00000, 0x0000000088b00000|  0%| F|  |TAMS 0x0000000088a00000, 0x0000000088a00000| Untracked 
| 123|0x0000000088b00000, 0x0000000088b00000, 0x0000000088c00000|  0%| F|  |TAMS 0x0000000088b00000, 0x0000000088b00000| Untracked 
| 124|0x0000000088c00000, 0x0000000088c00000, 0x0000000088d00000|  0%| F|  |TAMS 0x0000000088c00000, 0x0000000088c00000| Untracked 
| 125|0x0000000088d00000, 0x0000000088d00000, 0x0000000088e00000|  0%| F|  |TAMS 0x0000000088d00000, 0x0000000088d00000| Untracked 
| 126|0x0000000088e00000, 0x0000000088f00000, 0x0000000088f00000|100%| E|  |TAMS 0x0000000088e00000, 0x0000000088e00000| Complete 
| 127|0x0000000088f00000, 0x0000000089000000, 0x0000000089000000|100%| E|CS|TAMS 0x0000000088f00000, 0x0000000088f00000| Complete 

Card table byte_map: [0x0000023e50b10000,0x0000023e50f10000] _byte_map_base: 0x0000023e50708000

Marking Bits (Prev, Next): (CMBitMap*) 0x0000023e3272b5f8, (CMBitMap*) 0x0000023e3272b630
 Prev Bits: [0x0000023e51310000, 0x0000023e532d0000)
 Next Bits: [0x0000023e532d0000, 0x0000023e55290000)

Polling page: 0x0000023e3c020000

Metaspace:

Usage:
  Non-class:      5.81 MB capacity,     3.81 MB ( 66%) used,     1.98 MB ( 34%) free+waste,    16.13 KB ( <1%) overhead. 
      Class:    628.00 KB capacity,   331.48 KB ( 53%) used,   287.39 KB ( 46%) free+waste,     9.13 KB (  1%) overhead. 
       Both:      6.42 MB capacity,     4.13 MB ( 64%) used,     2.26 MB ( 35%) free+waste,    25.25 KB ( <1%) overhead. 

Virtual space:
  Non-class space:        8.00 MB reserved,       6.00 MB ( 75%) committed 
      Class space:        1.00 GB reserved,     640.00 KB ( <1%) committed 
             Both:        1.01 GB reserved,       6.63 MB ( <1%) committed 

Chunk freelists:
   Non-Class:  6.00 KB
       Class:  0 bytes
        Both:  6.00 KB

MaxMetaspaceSize: 17179869184.00 GB
CompressedClassSpaceSize: 1.00 GB
Initial GC threshold: 20.80 MB
Current GC threshold: 20.80 MB
CDS: on

CodeHeap 'non-profiled nmethods': size=160704Kb used=264Kb max_used=264Kb free=160439Kb
 bounds [0x0000023e46350000, 0x0000023e47350000, 0x0000023e50040000]
CodeHeap 'profiled nmethods': size=160704Kb used=1684Kb max_used=1684Kb free=159019Kb
 bounds [0x0000023e3c660000, 0x0000023e3d660000, 0x0000023e46350000]
CodeHeap 'non-nmethods': size=6272Kb used=1630Kb max_used=2197Kb free=4641Kb
 bounds [0x0000023e3c040000, 0x0000023e3c660000, 0x0000023e3c660000]
 total_blobs=1811 nmethods=885 adapters=854
 compilation: enabled
              stopped_count=0, restarted_count=0
 full_count=0

JVMCI Events (9 events):
Event: 0.029 Thread 0x0000023e326ea000 created new Java JVMCI runtime -1 (0x0000023e326f8d60)
Event: 0.173 Thread 0x0000023e578b2800 created new CompileBroker JVMCI runtime 0 (0x0000023e58316800)
Event: 0.173 Thread 0x0000023e578b2800 attached to JVMCI runtime 0
Event: 0.175 Thread 0x0000023e578b2800 loaded JVMCI shared library from C:\Program Files\Java\graalvm-ce-java11-22.3.0\bin\jvmcicompiler.dll
Event: 0.179 Thread 0x0000023e578b2800 created JavaVM[1]@0x0000023e592d8080 for JVMCI runtime 0
Event: 0.179 Thread 0x0000023e578b2800 initializing JVMCI runtime 0
Event: 0.179 Thread 0x0000023e578b2800 initializing JavaVM references in JVMCI runtime 0
Event: 0.179 Thread 0x0000023e578b2800 initialized JavaVM references in JVMCI runtime 0
Event: 0.181 Thread 0x0000023e578b2800 initialized JVMCI runtime 0

Compilation events (20 events):
Event: 2.228 Thread 0x0000023e5c24e000  877       3       java.util.regex.Matcher::start (65 bytes)
Event: 2.228 Thread 0x0000023e578c4800 nmethod 876 0x0000023e3c7ffd10 code [0x0000023e3c7ffec0, 0x0000023e3c8002a8]
Event: 2.228 Thread 0x0000023e5c24e000 nmethod 877 0x0000023e3c800490 code [0x0000023e3c800720, 0x0000023e3c801228]
Event: 2.449 Thread 0x0000023e578b2800 nmethod 875 0x0000023e46391010 code [0x0000023e46391180, 0x0000023e463911a0]
Event: 3.189 Thread 0x0000023e578c4800  878       3       java.util.regex.Pattern$Branch::match (66 bytes)
Event: 3.189 Thread 0x0000023e578c4800 nmethod 878 0x0000023e3c801690 code [0x0000023e3c801860, 0x0000023e3c801ff8]
Event: 4.150 Thread 0x0000023e578b2800  879       4       java.lang.String::startsWith (138 bytes)
Event: 4.154 Thread 0x0000023e578c4800  881       1       java.util.zip.ZipEntry::getSize (5 bytes)
Event: 4.154 Thread 0x0000023e578c4800 nmethod 881 0x0000023e46391310 code [0x0000023e463914a0, 0x0000023e46391578]
Event: 4.154 Thread 0x0000023e578b2800 nmethod 879 0x0000023e46391610 code [0x0000023e463917a0, 0x0000023e463919b0]
Event: 4.154 Thread 0x0000023e578b2800  880       4       java.lang.String::substring (58 bytes)
Event: 7.358 Thread 0x0000023e578c4800  882       3       java.util.ArrayList::<init> (12 bytes)
Event: 7.359 Thread 0x0000023e578c4800 nmethod 882 0x0000023e3c802190 code [0x0000023e3c802340, 0x0000023e3c8025f8]
Event: 7.359 Thread 0x0000023e578c4800  883       3       java.util.regex.Matcher::reset (128 bytes)
Event: 7.359 Thread 0x0000023e578c4800 nmethod 883 0x0000023e3c802710 code [0x0000023e3c802900, 0x0000023e3c803198]
Event: 7.359 Thread 0x0000023e578c4800  884       3       java.util.regex.Matcher::end (67 bytes)
Event: 7.360 Thread 0x0000023e578c4800 nmethod 884 0x0000023e3c803390 code [0x0000023e3c803620, 0x0000023e3c804128]
Event: 8.359 Thread 0x0000023e578c4800  885       3       java.util.regex.Matcher::search (154 bytes)
Event: 8.360 Thread 0x0000023e578c4800 nmethod 885 0x0000023e3c804590 code [0x0000023e3c804780, 0x0000023e3c804ff8]
Event: 8.629 Thread 0x0000023e578b2800 nmethod 880 0x0000023e46391b90 code [0x0000023e46391d40, 0x0000023e463920e0]

GC Heap History (2 events):
Event: 1.140 GC heap before
{Heap before GC invocations=0 (full 0):
 garbage-first heap   total 131072K, used 14336K [0x0000000081000000, 0x0000000100000000)
  region size 1024K, 14 young (14336K), 0 survivors (0K)
 Metaspace       used 3991K, capacity 6435K, committed 6528K, reserved 1056768K
  class space    used 321K, capacity 623K, committed 640K, reserved 1048576K
}
Event: 1.148 GC heap after
{Heap after GC invocations=1 (full 0):
 garbage-first heap   total 131072K, used 2428K [0x0000000081000000, 0x0000000100000000)
  region size 1024K, 2 young (2048K), 2 survivors (2048K)
 Metaspace       used 3991K, capacity 6435K, committed 6528K, reserved 1056768K
  class space    used 321K, capacity 623K, committed 640K, reserved 1048576K
}

Deoptimization events (20 events):
Event: 0.269 Thread 0x0000023e326ea000 Uncommon trap: trap_request=0xffffffed fr.pc=0x0000023e4635c86d relative=0x00000000000002cd
Event: 0.269 Thread 0x0000023e326ea000 Uncommon trap: reason=null_assert_or_unreached0 action=reinterpret pc=0x0000023e4635c86d method=java.lang.String.hashCode()I @ 0 jvmci
Event: 0.269 Thread 0x0000023e326ea000 DEOPT PACKING pc=0x0000023e4635c86d sp=0x000000bad37fd910
Event: 0.269 Thread 0x0000023e326ea000 DEOPT UNPACKING pc=0x0000023e3c08a771 sp=0x000000bad37fcde0 mode 3
Event: 0.451 Thread 0x0000023e326ea000 Uncommon trap: trap_request=0xffffffed fr.pc=0x0000023e4635bad9 relative=0x00000000000000b9
Event: 0.451 Thread 0x0000023e326ea000 Uncommon trap: reason=null_assert_or_unreached0 action=reinterpret pc=0x0000023e4635bad9 method=java.lang.String.charAt(I)C @ 0 jvmci
Event: 0.451 Thread 0x0000023e326ea000 DEOPT PACKING pc=0x0000023e4635bad9 sp=0x000000bad37fdc00
Event: 0.451 Thread 0x0000023e326ea000 DEOPT UNPACKING pc=0x0000023e3c08a771 sp=0x000000bad37fd0a8 mode 3
Event: 0.451 Thread 0x0000023e326ea000 Uncommon trap: trap_request=0xffffffed fr.pc=0x0000023e46361cad relative=0x000000000000008d
Event: 0.451 Thread 0x0000023e326ea000 Uncommon trap: reason=null_assert_or_unreached0 action=reinterpret pc=0x0000023e46361cad method=java.lang.String.isLatin1()Z @ 0 jvmci
Event: 0.451 Thread 0x0000023e326ea000 DEOPT PACKING pc=0x0000023e46361cad sp=0x000000bad37fdb90
Event: 0.452 Thread 0x0000023e326ea000 DEOPT UNPACKING pc=0x0000023e3c08a771 sp=0x000000bad37fd038 mode 3
Event: 0.569 Thread 0x0000023e326ea000 DEOPT PACKING pc=0x0000023e3c6fbe0c sp=0x000000bad37fe250
Event: 0.569 Thread 0x0000023e326ea000 DEOPT UNPACKING pc=0x0000023e3c08a771 sp=0x000000bad37fd6b8 mode 0
Event: 0.627 Thread 0x0000023e326ea000 DEOPT PACKING pc=0x0000023e3c725372 sp=0x000000bad37fc8e0
Event: 0.627 Thread 0x0000023e326ea000 DEOPT UNPACKING pc=0x0000023e3c08a771 sp=0x000000bad37fbd68 mode 0
Event: 0.631 Thread 0x0000023e326ea000 DEOPT PACKING pc=0x0000023e3c6b8cd0 sp=0x000000bad37fc140
Event: 0.631 Thread 0x0000023e326ea000 DEOPT UNPACKING pc=0x0000023e3c08a771 sp=0x000000bad37fb5c8 mode 0
Event: 0.699 Thread 0x0000023e326ea000 DEOPT PACKING pc=0x0000023e3c6adc19 sp=0x000000bad37fc910
Event: 0.699 Thread 0x0000023e326ea000 DEOPT UNPACKING pc=0x0000023e3c08a771 sp=0x000000bad37fbde0 mode 0

Classes redefined (0 events):
No events

Internal exceptions (20 events):
Event: 0.472 Thread 0x0000023e326ea000 Exception <a 'sun/nio/fs/WindowsException'{0x00000000888507e0}> (0x00000000888507e0) thrown at [./src/hotspot/share/prims/jni.cpp, line 613]
Event: 0.486 Thread 0x0000023e326ea000 Exception <a 'java/lang/NoSuchMethodError'{0x00000000888c0aa0}: 'int java.lang.invoke.DirectMethodHandle$Holder.invokeStaticInit(java.lang.Object, java.lang.Object, int, long)'> (0x00000000888c0aa0) thrown at [./src/hotspot/share/interpreter/linkResolver.cpp, line 773]
Event: 0.487 Thread 0x0000023e326ea000 Exception <a 'java/lang/NoSuchMethodError'{0x00000000888c63d8}: 'java.lang.Object java.lang.invoke.Invokers$Holder.linkToTargetMethod(java.lang.Object, int, java.lang.Object)'> (0x00000000888c63d8) thrown at [./src/hotspot/share/interpreter/linkResolver.cpp, line 773]
Event: 0.490 Thread 0x0000023e326ea000 Exception <a 'java/lang/NoSuchMethodError'{0x00000000888d4248}: 'int java.lang.invoke.DirectMethodHandle$Holder.invokeStaticInit(java.lang.Object, java.lang.Object, long, long)'> (0x00000000888d4248) thrown at [./src/hotspot/share/interpreter/linkResolver.cpp, line 773]
Event: 0.492 Thread 0x0000023e326ea000 Exception <a 'java/lang/NoSuchMethodError'{0x00000000888dfbe8}: 'java.lang.Object java.lang.invoke.Invokers$Holder.linkToTargetMethod(java.lang.Object, long, java.lang.Object)'> (0x00000000888dfbe8) thrown at [./src/hotspot/share/interpreter/linkResolver.cpp, line 773]
Event: 0.493 Thread 0x0000023e326ea000 Exception <a 'java/lang/NoSuchMethodError'{0x00000000888e5f50}: 'int java.lang.invoke.DirectMethodHandle$Holder.invokeStaticInit(java.lang.Object, java.lang.Object, java.lang.Object, long)'> (0x00000000888e5f50) thrown at [./src/hotspot/share/interpreter/linkResolver.cpp, line 773]
Event: 0.670 Thread 0x0000023e326ea000 Exception <a 'java/lang/NoSuchMethodError'{0x00000000885c8a60}: 'java.lang.Object java.lang.invoke.DirectMethodHandle$Holder.invokeVirtual(java.lang.Object, java.lang.Object, java.lang.Object)'> (0x00000000885c8a60) thrown at [./src/hotspot/share/interpreter/linkResolver.cpp, line 773]
Event: 0.675 Thread 0x0000023e326ea000 Exception <a 'sun/nio/fs/WindowsException'{0x00000000885f6490}> (0x00000000885f6490) thrown at [./src/hotspot/share/prims/jni.cpp, line 613]
Event: 0.676 Thread 0x0000023e326ea000 Exception <a 'sun/nio/fs/WindowsException'{0x00000000885f66e0}> (0x00000000885f66e0) thrown at [./src/hotspot/share/prims/jni.cpp, line 613]
Event: 0.708 Thread 0x0000023e326ea000 Exception <a 'java/lang/NoSuchMethodError'{0x00000000884ab660}: 'java.lang.Object java.lang.invoke.DirectMethodHandle$Holder.invokeStatic(java.lang.Object, java.lang.Object, java.lang.Object, java.lang.Object, java.lang.Object, java.lang.Object, java.lang.Object, java.lang.Object, java.lang.Object, java.lang.Object, java.lang.Object, java.lang.Object, java.lang.Object, java.lang.Object, java.lang.Object)'> (0x00000000884ab660) thrown at [./src/hotspot/share/interpreter/linkResolver.cpp, line 773]
Event: 0.710 Thread 0x0000023e326ea000 Exception <a 'java/lang/NoSuchMethodError'{0x00000000884c1200}: 'java.lang.Object java.lang.invoke.DirectMethodHandle$Holder.invokeStatic(java.lang.Object, java.lang.Object, java.lang.Object, java.lang.Object, java.lang.Object, java.lang.Object, java.lang.Object, java.lang.Object, java.lang.Object, java.lang.Object, java.lang.Object, java.lang.Object, java.lang.Object, java.lang.Object, java.lang.Object, java.lang.Object)'> (0x00000000884c1200) thrown at [./src/hotspot/share/interpreter/linkResolver.cpp, l
Event: 0.712 Thread 0x0000023e326ea000 Exception <a 'java/lang/NoSuchMethodError'{0x00000000884cef60}: 'java.lang.Object java.lang.invoke.DirectMethodHandle$Holder.invokeSpecial(java.lang.Object, java.lang.Object, int, int, int, java.lang.Object, java.lang.Object, java.lang.Object)'> (0x00000000884cef60) thrown at [./src/hotspot/share/interpreter/linkResolver.cpp, line 773]
Event: 0.712 Thread 0x0000023e326ea000 Exception <a 'java/lang/NoSuchMethodError'{0x00000000884d25a0}: 'java.lang.Object java.lang.invoke.DelegatingMethodHandle$Holder.reinvoke_L(java.lang.Object, int, int, int, java.lang.Object, java.lang.Object, java.lang.Object)'> (0x00000000884d25a0) thrown at [./src/hotspot/share/interpreter/linkResolver.cpp, line 773]
Event: 0.714 Thread 0x0000023e326ea000 Exception <a 'java/lang/NoSuchMethodError'{0x00000000884dc178}: 'java.lang.Object java.lang.invoke.DirectMethodHandle$Holder.invokeStatic(java.lang.Object, java.lang.Object, java.lang.Object, java.lang.Object, java.lang.Object, int)'> (0x00000000884dc178) thrown at [./src/hotspot/share/interpreter/linkResolver.cpp, line 773]
Event: 0.752 Thread 0x0000023e326ea000 Exception <a 'java/lang/NoSuchMethodError'{0x000000008828f088}: 'java.lang.Object java.lang.invoke.DirectMethodHandle$Holder.invokeStatic(java.lang.Object, java.lang.Object, java.lang.Object, java.lang.Object, java.lang.Object, java.lang.Object, java.lang.Object, java.lang.Object, java.lang.Object, java.lang.Object, java.lang.Object, int)'> (0x000000008828f088) thrown at [./src/hotspot/share/interpreter/linkResolver.cpp, line 773]
Event: 0.755 Thread 0x0000023e326ea000 Exception <a 'java/lang/NoSuchMethodError'{0x00000000882ae6f8}: 'java.lang.Object java.lang.invoke.DirectMethodHandle$Holder.invokeStatic(java.lang.Object, java.lang.Object, java.lang.Object, java.lang.Object, java.lang.Object, java.lang.Object, java.lang.Object, java.lang.Object, java.lang.Object, java.lang.Object, java.lang.Object, int, int)'> (0x00000000882ae6f8) thrown at [./src/hotspot/share/interpreter/linkResolver.cpp, line 773]
Event: 0.757 Thread 0x0000023e326ea000 Exception <a 'java/lang/NoSuchMethodError'{0x00000000882ce7b0}: 'java.lang.Object java.lang.invoke.DirectMethodHandle$Holder.invokeStatic(java.lang.Object, java.lang.Object, java.lang.Object, java.lang.Object, java.lang.Object, java.lang.Object, java.lang.Object, java.lang.Object, java.lang.Object, java.lang.Object, java.lang.Object, int, int, java.lang.Object)'> (0x00000000882ce7b0) thrown at [./src/hotspot/share/interpreter/linkResolver.cpp, line 773]
Event: 0.760 Thread 0x0000023e326ea000 Exception <a 'java/lang/NoSuchMethodError'{0x00000000882f02c0}: 'java.lang.Object java.lang.invoke.DirectMethodHandle$Holder.invokeStatic(java.lang.Object, java.lang.Object, java.lang.Object, java.lang.Object, java.lang.Object, java.lang.Object, java.lang.Object, java.lang.Object, java.lang.Object, java.lang.Object, java.lang.Object, int, int, java.lang.Object, java.lang.Object)'> (0x00000000882f02c0) thrown at [./src/hotspot/share/interpreter/linkResolver.cpp, line 773]
Event: 2.092 Thread 0x0000023e326ea000 Exception <a 'java/lang/NoSuchMethodError'{0x0000000088f37708}: 'java.lang.Object java.lang.invoke.DirectMethodHandle$Holder.invokeStatic(java.lang.Object, long)'> (0x0000000088f37708) thrown at [./src/hotspot/share/interpreter/linkResolver.cpp, line 773]
Event: 2.092 Thread 0x0000023e326ea000 Exception <a 'java/lang/NoSuchMethodError'{0x0000000088f3a7a0}: 'java.lang.Object java.lang.invoke.DirectMethodHandle$Holder.invokeSpecial(java.lang.Object, java.lang.Object, long)'> (0x0000000088f3a7a0) thrown at [./src/hotspot/share/interpreter/linkResolver.cpp, line 773]

Events (20 events):
Event: 8.630 Executing VM operation: GetFrameCount
Event: 8.630 Executing VM operation: GetFrameCount done
Event: 8.630 Executing VM operation: GetFrameCount
Event: 8.630 Executing VM operation: GetFrameCount done
Event: 8.630 Executing VM operation: GetStackTrace
Event: 8.631 Executing VM operation: GetStackTrace done
Event: 8.644 Executing VM operation: GetOrSetLocal
Event: 8.644 Executing VM operation: GetOrSetLocal done
Event: 8.644 Executing VM operation: GetOrSetLocal
Event: 8.644 Executing VM operation: GetOrSetLocal done
Event: 8.644 Executing VM operation: GetOrSetLocal
Event: 8.644 Executing VM operation: GetOrSetLocal done
Event: 8.645 Executing VM operation: GetFrameLocation
Event: 8.645 Executing VM operation: GetFrameLocation done
Event: 8.645 Executing VM operation: GetOrSetLocal
Event: 8.645 Executing VM operation: GetOrSetLocal done
Event: 8.650 Executing VM operation: GetFrameCount
Event: 8.650 Executing VM operation: GetFrameCount done
Event: 8.650 Executing VM operation: GetStackTrace
Event: 8.650 Executing VM operation: GetStackTrace done


Dynamic libraries:
0x00007ff71a5a0000 - 0x00007ff71a5ad000 	C:\Program Files\Java\graalvm-ce-java11-22.3.0\bin\java.exe
0x00007ffdb27f0000 - 0x00007ffdb29e8000 	C:\Windows\SYSTEM32\ntdll.dll
0x00007ffdb0840000 - 0x00007ffdb08ff000 	C:\Windows\System32\KERNEL32.DLL
0x00007ffdb0450000 - 0x00007ffdb0722000 	C:\Windows\System32\KERNELBASE.dll
0x00007ffdaff90000 - 0x00007ffdb0090000 	C:\Windows\System32\ucrtbase.dll
0x00007ffd91860000 - 0x00007ffd91877000 	C:\Program Files\Java\graalvm-ce-java11-22.3.0\bin\jli.dll
0x00007ffdb1970000 - 0x00007ffdb1b0d000 	C:\Windows\System32\USER32.dll
0x00007ffdb01f0000 - 0x00007ffdb0212000 	C:\Windows\System32\win32u.dll
0x00007ffdb25b0000 - 0x00007ffdb25db000 	C:\Windows\System32\GDI32.dll
0x00007ffdb0730000 - 0x00007ffdb083f000 	C:\Windows\System32\gdi32full.dll
0x00007ffdafef0000 - 0x00007ffdaff8d000 	C:\Windows\System32\msvcp_win.dll
0x00007ffd91ad0000 - 0x00007ffd91ae5000 	C:\Program Files\Java\graalvm-ce-java11-22.3.0\bin\VCRUNTIME140.dll
0x00007ffd9a020000 - 0x00007ffd9a2ba000 	C:\Windows\WinSxS\amd64_microsoft.windows.common-controls_6595b64144ccf1df_6.0.19041.1110_none_60b5254171f9507e\COMCTL32.dll
0x00007ffdb18d0000 - 0x00007ffdb196e000 	C:\Windows\System32\msvcrt.dll
0x00007ffdb1630000 - 0x00007ffdb1662000 	C:\Windows\System32\IMM32.DLL
0x00007ffd60b40000 - 0x00007ffd60bdb000 	C:\Program Files\Java\graalvm-ce-java11-22.3.0\bin\msvcp140.dll
0x00007ffd5a900000 - 0x00007ffd5b434000 	C:\Program Files\Java\graalvm-ce-java11-22.3.0\bin\server\jvm.dll
0x00007ffdb1700000 - 0x00007ffdb17ae000 	C:\Windows\System32\ADVAPI32.dll
0x00007ffdb2710000 - 0x00007ffdb27ac000 	C:\Windows\System32\sechost.dll
0x00007ffdb25e0000 - 0x00007ffdb2705000 	C:\Windows\System32\RPCRT4.dll
0x00007ffdb0ef0000 - 0x00007ffdb0ef8000 	C:\Windows\System32\PSAPI.DLL
0x00007ffdab9b0000 - 0x00007ffdab9b9000 	C:\Windows\SYSTEM32\WSOCK32.dll
0x00007ffdb0f90000 - 0x00007ffdb0ffb000 	C:\Windows\System32\WS2_32.dll
0x00007ffda73d0000 - 0x00007ffda73f7000 	C:\Windows\SYSTEM32\WINMM.dll
0x00007ffda9c50000 - 0x00007ffda9c5a000 	C:\Windows\SYSTEM32\VERSION.dll
0x00007ffdaddd0000 - 0x00007ffdadde2000 	C:\Windows\SYSTEM32\kernel.appcore.dll
0x00007ffdab940000 - 0x00007ffdab950000 	C:\Program Files\Java\graalvm-ce-java11-22.3.0\bin\verify.dll
0x00007ffda3280000 - 0x00007ffda3464000 	C:\Windows\SYSTEM32\DBGHELP.DLL
0x00007ffd9bfc0000 - 0x00007ffd9bfec000 	C:\Windows\SYSTEM32\dbgcore.DLL
0x00007ffdb03c0000 - 0x00007ffdb0442000 	C:\Windows\System32\bcryptPrimitives.dll
0x00007ffd8fa50000 - 0x00007ffd8fa78000 	C:\Program Files\Java\graalvm-ce-java11-22.3.0\bin\java.dll
0x00007ffd93b90000 - 0x00007ffd93b9a000 	C:\Program Files\Java\graalvm-ce-java11-22.3.0\bin\jimage.dll
0x00007ffda56f0000 - 0x00007ffda5728000 	C:\Program Files\Java\graalvm-ce-java11-22.3.0\bin\jdwp.dll
0x00007ffda7170000 - 0x00007ffda717e000 	C:\Program Files\Java\graalvm-ce-java11-22.3.0\bin\instrument.dll
0x00007ffd914e0000 - 0x00007ffd914f8000 	C:\Program Files\Java\graalvm-ce-java11-22.3.0\bin\zip.dll
0x00007ffdb1c40000 - 0x00007ffdb2383000 	C:\Windows\System32\SHELL32.dll
0x00007ffdadfd0000 - 0x00007ffdae762000 	C:\Windows\SYSTEM32\windows.storage.dll
0x00007ffdb0a50000 - 0x00007ffdb0da4000 	C:\Windows\System32\combase.dll
0x00007ffdaf950000 - 0x00007ffdaf980000 	C:\Windows\SYSTEM32\Wldp.dll
0x00007ffdb1000000 - 0x00007ffdb10ad000 	C:\Windows\System32\SHCORE.dll
0x00007ffdb2540000 - 0x00007ffdb2595000 	C:\Windows\System32\shlwapi.dll
0x00007ffdafe30000 - 0x00007ffdafe4f000 	C:\Windows\SYSTEM32\profapi.dll
0x00007ffd42410000 - 0x00007ffd4427d000 	C:\Program Files\Java\graalvm-ce-java11-22.3.0\bin\jvmcicompiler.dll
0x00007ffdafdb0000 - 0x00007ffdafdde000 	C:\Windows\SYSTEM32\USERENV.dll
0x00007ffdaf6b0000 - 0x00007ffdaf71a000 	C:\Windows\SYSTEM32\MSWSOCK.dll
0x00007ffdaf350000 - 0x00007ffdaf38b000 	C:\Windows\SYSTEM32\IPHLPAPI.DLL
0x00007ffda60e0000 - 0x00007ffda60ea000 	C:\Program Files\Java\graalvm-ce-java11-22.3.0\bin\dt_socket.dll
0x00007ffd91250000 - 0x00007ffd91269000 	C:\Program Files\Java\graalvm-ce-java11-22.3.0\bin\net.dll
0x00007ffda1bc0000 - 0x00007ffda1ccc000 	C:\Windows\SYSTEM32\WINHTTP.dll
0x00007ffd8fa30000 - 0x00007ffd8fa43000 	C:\Program Files\Java\graalvm-ce-java11-22.3.0\bin\nio.dll
0x00007ffd8efb0000 - 0x00007ffd8f025000 	C:\!TEMP\lwjglDaniil\3.3.1-build-7\lwjgl.dll
0x00007ffd91630000 - 0x00007ffd91691000 	C:\!TEMP\lwjglDaniil\3.3.1-build-7\glfw.dll
0x00007ffd9c470000 - 0x00007ffd9c4b5000 	C:\Windows\SYSTEM32\dinput8.dll
0x00007ffd6f3b0000 - 0x00007ffd6f3c1000 	C:\Windows\SYSTEM32\xinput1_4.dll
0x00007ffdb0220000 - 0x00007ffdb026e000 	C:\Windows\System32\cfgmgr32.dll
0x00007ffdafca0000 - 0x00007ffdafccc000 	C:\Windows\SYSTEM32\DEVOBJ.dll
0x00007ffdadbf0000 - 0x00007ffdadc1f000 	C:\Windows\SYSTEM32\dwmapi.dll
0x00007ffda39c0000 - 0x00007ffda3b12000 	C:\Windows\SYSTEM32\inputhost.dll
0x00007ffdb1b10000 - 0x00007ffdb1bdd000 	C:\Windows\System32\OLEAUT32.dll
0x00007ffdad400000 - 0x00007ffdad4f2000 	C:\Windows\SYSTEM32\CoreMessaging.dll
0x00007ffdaba70000 - 0x00007ffdabb66000 	C:\Windows\SYSTEM32\PROPSYS.dll
0x00007ffdac9d0000 - 0x00007ffdacb24000 	C:\Windows\SYSTEM32\wintypes.dll
0x00007ffdad0a0000 - 0x00007ffdad3fe000 	C:\Windows\SYSTEM32\CoreUIComponents.dll
0x00007ffdaf080000 - 0x00007ffdaf0b3000 	C:\Windows\SYSTEM32\ntmarta.dll
0x00007ffdad900000 - 0x00007ffdad99e000 	C:\Windows\system32\uxtheme.dll
0x00007ffdb17b0000 - 0x00007ffdb18c5000 	C:\Windows\System32\MSCTF.dll
0x00007ffda2410000 - 0x00007ffda2509000 	C:\Windows\SYSTEM32\textinputframework.dll
0x00007ffd88e80000 - 0x00007ffd88feb000 	C:\Windows\SYSTEM32\vulkan-1.dll
0x00007ffdae7b0000 - 0x00007ffdae8a3000 	C:\Windows\system32\dxgi.dll
0x00007ffd7b820000 - 0x00007ffd7f151000 	C:\Windows\System32\DriverStore\FileRepository\nv_dispi.inf_amd64_009debfbd2e1619b\nvoglv64.dll
0x00007ffdb11c0000 - 0x00007ffdb1628000 	C:\Windows\System32\SETUPAPI.dll
0x00007ffdb0320000 - 0x00007ffdb0347000 	C:\Windows\System32\bcrypt.dll
0x00007ffdb0920000 - 0x00007ffdb0a4a000 	C:\Windows\System32\ole32.dll
0x00007ffdabbd0000 - 0x00007ffdabbe4000 	C:\Windows\SYSTEM32\WTSAPI32.dll
0x00007ffdafae0000 - 0x00007ffdafaf2000 	C:\Windows\SYSTEM32\msasn1.dll
0x00007ffda9680000 - 0x00007ffda96b1000 	C:\Windows\SYSTEM32\cryptnet.dll
0x00007ffdb0090000 - 0x00007ffdb01e6000 	C:\Windows\System32\CRYPT32.dll
0x00007ffda98b0000 - 0x00007ffda99f8000 	C:\Windows\SYSTEM32\drvstore.dll
0x00007ffdaf8c0000 - 0x00007ffdaf8cc000 	C:\Windows\SYSTEM32\cryptbase.dll
0x00007ffdb0350000 - 0x00007ffdb03ba000 	C:\Windows\System32\WINTRUST.dll
0x00007ffdb10b0000 - 0x00007ffdb115f000 	C:\Windows\System32\clbcatq.dll
0x00007ffd40180000 - 0x00007ffd4240c000 	C:\VulkanSDK\1.3.231.1\Bin\VkLayer_khronos_validation.dll
0x00007ffda7b90000 - 0x00007ffda7bcb000 	C:\Windows\SYSTEM32\dxcore.dll
0x00007ffd8dd20000 - 0x00007ffd8dfef000 	C:\Windows\system32\nvspcap64.dll

dbghelp: loaded successfully - version: 4.0.5 - missing functions: none
symbol engine: initialized successfully - sym options: 0x614 - pdb path: .;C:\Program Files\Java\graalvm-ce-java11-22.3.0\bin;C:\Windows\SYSTEM32;C:\Windows\WinSxS\amd64_microsoft.windows.common-controls_6595b64144ccf1df_6.0.19041.1110_none_60b5254171f9507e;C:\Program Files\Java\graalvm-ce-java11-22.3.0\bin\server;C:\!TEMP\lwjglDaniil\3.3.1-build-7;C:\Windows\System32\DriverStore\FileRepository\nv_dispi.inf_amd64_009debfbd2e1619b;C:\VulkanSDK\1.3.231.1\Bin

VM Arguments:
jvm_args: -XX:ThreadPriorityPolicy=1 -XX:+UnlockExperimentalVMOptions -XX:+EnableJVMCIProduct -XX:JVMCIThreadsPerNativeLibraryRuntime=1 -XX:-UnlockExperimentalVMOptions -agentlib:jdwp=transport=dt_socket,address=127.0.0.1:51650,suspend=y,server=n -javaagent:C:\Users\Daniil\AppData\Local\JetBrains\IntelliJIdea2022.2\captureAgent\debugger-agent.jar -Dfile.encoding=UTF-8 
java_command: com.KGAFT.VulkanGameEngine.Main
java_class_path (initial): E:\documents\projects\GitHub\JavaGameEngine\VulkanVersion\target\classes;C:\Users\Daniil\.m2\repository\org\lwjgl\lwjgl\3.3.1\lwjgl-3.3.1.jar;C:\Users\Daniil\.m2\repository\org\lwjgl\lwjgl-assimp\3.3.1\lwjgl-assimp-3.3.1.jar;C:\Users\Daniil\.m2\repository\org\lwjgl\lwjgl-glfw\3.3.1\lwjgl-glfw-3.3.1.jar;C:\Users\Daniil\.m2\repository\org\lwjgl\lwjgl-openal\3.3.1\lwjgl-openal-3.3.1.jar;C:\Users\Daniil\.m2\repository\org\lwjgl\lwjgl-stb\3.3.1\lwjgl-stb-3.3.1.jar;C:\Users\Daniil\.m2\repository\org\lwjgl\lwjgl-vulkan\3.3.1\lwjgl-vulkan-3.3.1.jar;C:\Users\Daniil\.m2\repository\org\lwjgl\lwjgl\3.3.1\lwjgl-3.3.1-natives-windows.jar;C:\Users\Daniil\.m2\repository\org\lwjgl\lwjgl-assimp\3.3.1\lwjgl-assimp-3.3.1-natives-windows.jar;C:\Users\Daniil\.m2\repository\org\lwjgl\lwjgl-glfw\3.3.1\lwjgl-glfw-3.3.1-natives-windows.jar;C:\Users\Daniil\.m2\repository\org\lwjgl\lwjgl-openal\3.3.1\lwjgl-openal-3.3.1-natives-windows.jar;C:\Users\Daniil\.m2\repository\org\lwjgl\lwjgl-stb\3.3.1\lwjgl-stb-3.3.1-natives-windows.jar;C:\Users\Daniil\.m2\repository\org\joml\joml\1.10.5\joml-1.10.5.jar;C:\Users\Daniil\.m2\repository\org\lwjglx\lwjgl3-awt\0.1.8\lwjgl3-awt-0.1.8.jar;C:\Users\Daniil\.m2\repository\org\lwjgl\lwjgl-jawt\3.3.1\lwjgl-jawt-3.3.1.jar;C:\Program Files\JetBrains\IntelliJ IDEA 2022.2.3\lib\idea_rt.jar
Launcher Type: SUN_STANDARD

[Global flags]
     intx CICompilerCount                          = 3                                         {product} {ergonomic}
     uint ConcGCThreads                            = 1                                         {product} {ergonomic}
     bool EnableJVMCIProduct                       = true                                {JVMCI product} {jimage}
     uint G1ConcRefinementThreads                  = 4                                         {product} {ergonomic}
   size_t G1HeapRegionSize                         = 1048576                                   {product} {ergonomic}
    uintx GCDrainStackTargetSize                   = 64                                        {product} {ergonomic}
   size_t InitialHeapSize                          = 134217728                                 {product} {ergonomic}
     uint JVMCIThreadsPerNativeLibraryRuntime      = 1                                   {JVMCI product} {jimage}
   size_t MarkStackSize                            = 4194304                                   {product} {ergonomic}
   size_t MaxHeapSize                              = 2130706432                                {product} {ergonomic}
   size_t MaxNewSize                               = 1278214144                                {product} {ergonomic}
   size_t MinHeapDeltaBytes                        = 1048576                                   {product} {ergonomic}
    uintx NonNMethodCodeHeapSize                   = 6401880                                {pd product} {ergonomic}
    uintx NonProfiledCodeHeapSize                  = 164571220                              {pd product} {ergonomic}
    uintx ProfiledCodeHeapSize                     = 164571220                              {pd product} {ergonomic}
    uintx ReservedCodeCacheSize                    = 335544320                              {pd product} {ergonomic}
     bool SegmentedCodeCache                       = true                                      {product} {ergonomic}
     intx ThreadPriorityPolicy                     = 1                                         {product} {jimage}
     bool UseCompressedClassPointers               = true                                 {lp64_product} {ergonomic}
     bool UseCompressedOops                        = true                                 {lp64_product} {ergonomic}
     bool UseG1GC                                  = true                                      {product} {ergonomic}
     bool UseLargePagesIndividualAllocation        = false                                  {pd product} {ergonomic}

Logging:
Log output configuration:
 #0: stdout all=warning uptime,level,tags
 #1: stderr all=off uptime,level,tags

Environment Variables:
JAVA_HOME=C:\Program Files\Java\graalvm-ce-java11-22.3.0
PATH=C:\VulkanSDK\1.3.231.1\Bin;C:\Windows\system32;C:\Windows;C:\Windows\System32\Wbem;C:\Windows\System32\WindowsPowerShell\v1.0\;C:\Windows\System32\OpenSSH\;C:\Program Files (x86)\NVIDIA Corporation\PhysX\Common;C:\Program Files\NVIDIA Corporation\NVIDIA NvDLISR;C:\Program Files\Git\cmd;C:\Program Files\Java\graalvm-ce-java11-22.3.0\bin;C:\Program Files\dotnet\;C:\Users\Daniil\AppData\Local\Microsoft\WindowsApps;;C:\Program Files\JetBrains\PyCharm Community Edition 2022.2.3\bin;;C:\Users\Daniil\AppData\Local\Programs\Microsoft VS Code\bin
USERNAME=Daniil
OS=Windows_NT
PROCESSOR_IDENTIFIER=Intel64 Family 6 Model 58 Stepping 9, GenuineIntel
TMP=C:\!TEMP
TEMP=C:\!TEMP



---------------  S Y S T E M  ---------------

OS: Windows 10 , 64 bit Build 19041 (10.0.19041.2251)
OS uptime: 1 days 20:49 hours

CPU:total 4 (initial active 4) (4 cores per cpu, 1 threads per core) family 6 model 58 stepping 9 microcode 0x21, cmov, cx8, fxsr, mmx, sse, sse2, sse3, ssse3, sse4.1, sse4.2, popcnt, avx, aes, clmul, erms, tsc, tscinvbit, tscinv

Memory: 4k page, system-wide physical 8126M (1578M free)
TotalPageFile size 16322M (AvailPageFile size 6316M)
current process WorkingSet (physical memory assigned to process): 127M, peak: 130M
current process commit charge ("private bytes"): 293M, peak: 295M

vm_info: OpenJDK 64-Bit Server VM (11.0.17+8-jvmci-22.3-b08) for windows-amd64 JRE (11.0.17+8-jvmci-22.3-b08), built on Oct 19 2022 01:56:15 by "" with MS VC++ 15.9 (VS2017)

END.
