#
# A fatal error has been detected by the Java Runtime Environment:
#
#  EXCEPTION_ACCESS_VIOLATION (0xc0000005) at pc=0x00007ffcdf9c1358, pid=2408, tid=3840
#
# JRE version: OpenJDK Runtime Environment GraalVM CE 22.3.0 (11.0.17+8) (build 11.0.17+8-jvmci-22.3-b08)
# Java VM: OpenJDK 64-Bit Server VM GraalVM CE 22.3.0 (11.0.17+8-jvmci-22.3-b08, mixed mode, sharing, tiered, jvmci, jvmci compiler, compressed oops, g1 gc, windows-amd64)
# Problematic frame:
# C  [VCRUNTIME140.dll+0x1358]
#
# No core dump will be written. Minidumps are not enabled by default on client versions of Windows
#
# If you would like to submit a bug report, please visit:
#   https://github.com/oracle/graal/issues
# The crash happened outside the Java Virtual Machine in native code.
# See problematic frame for where to report the bug.
#

---------------  S U M M A R Y ------------

Command Line: -XX:ThreadPriorityPolicy=1 -XX:+UnlockExperimentalVMOptions -XX:+EnableJVMCIProduct -XX:JVMCIThreadsPerNativeLibraryRuntime=1 -XX:-UnlockExperimentalVMOptions -agentlib:jdwp=transport=dt_socket,address=127.0.0.1:52373,suspend=y,server=n -javaagent:C:\Users\Daniil\AppData\Local\JetBrains\IntelliJIdea2022.3\captureAgent\debugger-agent.jar -Dfile.encoding=UTF-8 com.KGAFT.VulkanGameEngine.Main

Host: AMD A4-9120 RADEON R3, 4 COMPUTE CORES 2C+2G   , 2 cores, 3G,  Windows 10 , 64 bit Build 19041 (10.0.19041.1889)
Time: Sun Dec  4 22:43:01 2022 RTZ 2 (s 10 , 64 bit Build 19041 (10.0.19041.1889) elapsed time: 14.235756 seconds (0d 0h 0m 14s)

---------------  T H R E A D  ---------------

Current thread (0x0000021bf1e08800):  JavaThread "main" [_thread_in_native, id=3840, stack(0x0000009ab6f00000,0x0000009ab7000000)]

Stack: [0x0000009ab6f00000,0x0000009ab7000000],  sp=0x0000009ab6ffe758,  free space=1017k
Native frames: (J=compiled Java code, j=interpreted, Vv=VM code, C=native code)
C  [VCRUNTIME140.dll+0x1358]
C  [VkLayer_khronos_validation.dll+0x2e17c4]

Java frames: (J=compiled Java code, j=interpreted, Vv=VM code)
j  org.lwjgl.system.JNI.callPPPPI(JJJJJ)I+0
j  org.lwjgl.vulkan.VK10.nvkCreateDevice(Lorg/lwjgl/vulkan/VkPhysicalDevice;JJJ)I+29
j  org.lwjgl.vulkan.VK10.vkCreateDevice(Lorg/lwjgl/vulkan/VkPhysicalDevice;Lorg/lwjgl/vulkan/VkDeviceCreateInfo;Lorg/lwjgl/vulkan/VkAllocationCallbacks;Lorg/lwjgl/PointerBuffer;)I+24
j  com.KGAFT.VulkanGameEngine.VKRenderer.VulkanRenderer.createLogicalDevice(Lcom/KGAFT/VulkanGameEngine/VKRenderer/PhysicalDevice;)V+91
j  com.KGAFT.VulkanGameEngine.Main.main([Ljava/lang/String;)V+39
v  ~StubRoutines::call_stub

siginfo: EXCEPTION_ACCESS_VIOLATION (0xc0000005), reading address 0x0000000000000010


Register to memory mapping:

RIP=0x00007ffcdf9c1358 VCRUNTIME140.dll
RAX=0x0000021b971e1ca0 points into unknown readable memory: 0x4e450065756c6176 | 76 61 6c 75 65 00 45 4e
RBX=0x0000021b978d8aa8 points into unknown readable memory: 0x6d5f726500000002 | 02 00 00 00 65 72 5f 6d
RCX=0x00007ffcdf9c1358 VCRUNTIME140.dll
RDX=0x0000000000000010 is an unknown value
RSP=0x0000009ab6ffe758 is pointing into the stack for thread: 0x0000021bf1e08800
RBP=0x0000021b971e1c90 points into unknown readable memory: 0x006c6f6f50746567 | 67 65 74 50 6f 6f 6c 00
RSI=0x0000000000000001 is an unknown value
RDI=0x0000021b978c2600 points into unknown readable memory: 0x0000000000000002 | 02 00 00 00 00 00 00 00
R8 =0x0000000000000004 is an unknown value
R9 =0x00007ffcdf9c0000 VCRUNTIME140.dll
R10=0x0000000000000010 is an unknown value
R11=0x0000021b971e1ca0 points into unknown readable memory: 0x4e450065756c6176 | 76 61 6c 75 65 00 45 4e
R12=0x0 is NULL
R13=0xffffffffffffffff is an unknown value
R14=0x0 is NULL
R15=0x0000009ab6ffef30 is pointing into the stack for thread: 0x0000021bf1e08800


Registers:
RAX=0x0000021b971e1ca0, RBX=0x0000021b978d8aa8, RCX=0x00007ffcdf9c1358, RDX=0x0000000000000010
RSP=0x0000009ab6ffe758, RBP=0x0000021b971e1c90, RSI=0x0000000000000001, RDI=0x0000021b978c2600
R8 =0x0000000000000004, R9 =0x00007ffcdf9c0000, R10=0x0000000000000010, R11=0x0000021b971e1ca0
R12=0x0000000000000000, R13=0xffffffffffffffff, R14=0x0000000000000000, R15=0x0000009ab6ffef30
RIP=0x00007ffcdf9c1358, EFLAGS=0x0000000000010202

Top of Stack: (sp=0x0000009ab6ffe758)
0x0000009ab6ffe758:   00007ffc9e8b17c4 0000000000000001
0x0000009ab6ffe768:   0000000000000001 0000009ab6ffef30
0x0000009ab6ffe778:   0000000000000000 0000009ab6ffe8c0
0x0000009ab6ffe788:   00007ffc9e84bb0b 0000000000000000
0x0000009ab6ffe798:   0000000000000028 0000021b978d8aa8
0x0000009ab6ffe7a8:   0000000000000001 00007ffc9e8750c0
0x0000009ab6ffe7b8:   0000009ab6ffe7f0 fffffffffffffffe
0x0000009ab6ffe7c8:   0000000300000002 0000021b97c11460
0x0000009ab6ffe7d8:   0000009ab6ffef30 0000009ab6ffeed8
0x0000009ab6ffe7e8:   0000000000000002 0000009ab6ffeee8
0x0000009ab6ffe7f8:   0000021b9788ddf0 0000009ab6ffe910
0x0000009ab6ffe808:   00007ffc9e791eed 0000000000000001
0x0000009ab6ffe818:   0000021b978d8aa0 00000000004020aa
0x0000009ab6ffe828:   00007ffcdb8d388e 0000021b970677c0
0x0000009ab6ffe838:   0000000000000000 00007ffcdb6e6a50
0x0000009ab6ffe848:   0000000000000000 0000021b97c11460 

Instructions: (pc=0x00007ffcdf9c1358)
0x00007ffcdf9c1258:   8d 04 10 48 3b c8 0f 82 2c 03 00 00 49 81 f8 80
0x00007ffcdf9c1268:   00 00 00 0f 86 5f 02 00 00 0f ba 25 33 01 01 00
0x00007ffcdf9c1278:   01 0f 83 a1 01 00 00 eb 9f 66 66 66 66 66 66 66
0x00007ffcdf9c1288:   0f 1f 84 00 00 00 00 00 0f 10 02 42 0f 10 4c 02
0x00007ffcdf9c1298:   f0 0f 11 01 42 0f 11 4c 01 f0 48 8b c1 c3 66 66
0x00007ffcdf9c12a8:   0f 1f 84 00 00 00 00 00 48 8b c1 4c 8d 0d 46 ed
0x00007ffcdf9c12b8:   ff ff 43 8b 8c 81 c7 12 00 00 49 03 c9 ff e1 10
0x00007ffcdf9c12c8:   13 00 00 2f 13 00 00 11 13 00 00 1f 13 00 00 58
0x00007ffcdf9c12d8:   13 00 00 60 13 00 00 70 13 00 00 80 13 00 00 18
0x00007ffcdf9c12e8:   13 00 00 b0 13 00 00 c0 13 00 00 40 13 00 00 d0
0x00007ffcdf9c12f8:   13 00 00 98 13 00 00 e0 13 00 00 00 14 00 00 35
0x00007ffcdf9c1308:   13 00 00 0f 1f 44 00 00 c3 0f b7 0a 66 89 08 c3
0x00007ffcdf9c1318:   48 8b 0a 48 89 08 c3 0f b7 0a 44 0f b6 42 02 66
0x00007ffcdf9c1328:   89 08 44 88 40 02 c3 0f b6 0a 88 08 c3 f3 0f 6f
0x00007ffcdf9c1338:   02 f3 0f 7f 00 c3 66 90 4c 8b 02 0f b7 4a 08 44
0x00007ffcdf9c1348:   0f b6 4a 0a 4c 89 00 66 89 48 08 44 88 48 0a c3
0x00007ffcdf9c1358:   8b 0a 89 08 c3 0f 1f 00 8b 0a 44 0f b6 42 04 89
0x00007ffcdf9c1368:   08 44 88 40 04 c3 66 90 8b 0a 44 0f b7 42 04 89
0x00007ffcdf9c1378:   08 66 44 89 40 04 c3 90 8b 0a 44 0f b7 42 04 44
0x00007ffcdf9c1388:   0f b6 4a 06 89 08 66 44 89 40 04 44 88 48 06 c3
0x00007ffcdf9c1398:   4c 8b 02 8b 4a 08 44 0f b6 4a 0c 4c 89 00 89 48
0x00007ffcdf9c13a8:   08 44 88 48 0c c3 66 90 4c 8b 02 0f b6 4a 08 4c
0x00007ffcdf9c13b8:   89 00 88 48 08 c3 66 90 4c 8b 02 0f b7 4a 08 4c
0x00007ffcdf9c13c8:   89 00 66 89 48 08 c3 90 4c 8b 02 8b 4a 08 4c 89
0x00007ffcdf9c13d8:   00 89 48 08 c3 0f 1f 00 4c 8b 02 8b 4a 08 44 0f
0x00007ffcdf9c13e8:   b7 4a 0c 4c 89 00 89 48 08 66 44 89 48 0c c3 66
0x00007ffcdf9c13f8:   0f 1f 84 00 00 00 00 00 4c 8b 02 8b 4a 08 44 0f
0x00007ffcdf9c1408:   b7 4a 0c 44 0f b6 52 0e 4c 89 00 89 48 08 66 44
0x00007ffcdf9c1418:   89 48 0c 44 88 50 0e c3 0f 10 04 11 4c 03 c1 48
0x00007ffcdf9c1428:   83 c1 10 41 f6 c3 0f 74 13 0f 28 c8 48 83 e1 f0
0x00007ffcdf9c1438:   0f 10 04 11 48 83 c1 10 41 0f 11 0b 4c 2b c1 4d
0x00007ffcdf9c1448:   8b c8 49 c1 e9 07 0f 84 88 00 00 00 0f 29 41 f0 


Stack slot to memory mapping:
stack at sp + 0 slots: 0x00007ffc9e8b17c4 VkLayer_khronos_validation.dll
stack at sp + 1 slots: 0x0000000000000001 is an unknown value
stack at sp + 2 slots: 0x0000000000000001 is an unknown value
stack at sp + 3 slots: 0x0000009ab6ffef30 is pointing into the stack for thread: 0x0000021bf1e08800
stack at sp + 4 slots: 0x0 is NULL
stack at sp + 5 slots: 0x0000009ab6ffe8c0 is pointing into the stack for thread: 0x0000021bf1e08800
stack at sp + 6 slots: 0x00007ffc9e84bb0b VkLayer_khronos_validation.dll
stack at sp + 7 slots: 0x0 is NULL


---------------  P R O C E S S  ---------------

Threads class SMR info:
_java_thread_list=0x0000021bfeee2c30, length=13, elements={
0x0000021bf1e08800, 0x0000021bfec2f000, 0x0000021bfec30800, 0x0000021bfec4f800,
0x0000021bfec50800, 0x0000021bfec52000, 0x0000021bfec55000, 0x0000021bfec57800,
0x0000021bfec85800, 0x0000021bfec23800, 0x0000021bfef50000, 0x0000021bfef53000,
0x0000021bfef5b000
}
_to_delete_list=0x0000021bfeee33b0, length=12, elements={
0x0000021bf1e08800, 0x0000021bfec2f000, 0x0000021bfec30800, 0x0000021bfec4f800,
0x0000021bfec50800, 0x0000021bfec52000, 0x0000021bfec55000, 0x0000021bfec57800,
0x0000021bfec85800, 0x0000021bfec23800, 0x0000021bfef50000, 0x0000021bfef53000
}

Java Threads: ( => current thread )
=>0x0000021bf1e08800 JavaThread "main" [_thread_in_native, id=3840, stack(0x0000009ab6f00000,0x0000009ab7000000)]
  0x0000021bfec2f000 JavaThread "Reference Handler" daemon [_thread_blocked, id=5380, stack(0x0000009ab7600000,0x0000009ab7700000)]
  0x0000021bfec30800 JavaThread "Finalizer" daemon [_thread_blocked, id=4276, stack(0x0000009ab7700000,0x0000009ab7800000)]
  0x0000021bfec4f800 JavaThread "Signal Dispatcher" daemon [_thread_blocked, id=6996, stack(0x0000009ab7800000,0x0000009ab7900000)]
  0x0000021bfec50800 JavaThread "Attach Listener" daemon [_thread_blocked, id=5500, stack(0x0000009ab7900000,0x0000009ab7a00000)]
  0x0000021bfec52000 JavaThread "Service Thread" daemon [_thread_blocked, id=5288, stack(0x0000009ab7a00000,0x0000009ab7b00000)]
  0x0000021bfec55000 JavaThread "JVMCI-native CompilerThread0" daemon [_thread_blocked, id=3656, stack(0x0000009ab7b00000,0x0000009ab7c00000)]
  0x0000021bfec57800 JavaThread "C1 CompilerThread0" daemon [_thread_blocked, id=8144, stack(0x0000009ab7c00000,0x0000009ab7d00000)]
  0x0000021bfec85800 JavaThread "Sweeper thread" daemon [_thread_blocked, id=3144, stack(0x0000009ab7d00000,0x0000009ab7e00000)]
  0x0000021bfec23800 JavaThread "Common-Cleaner" daemon [_thread_blocked, id=8668, stack(0x0000009ab7e00000,0x0000009ab7f00000)]
  0x0000021bfef50000 JavaThread "JDWP Transport Listener: dt_socket" daemon [_thread_blocked, id=784, stack(0x0000009ab7f00000,0x0000009ab8000000)]
  0x0000021bfef53000 JavaThread "JDWP Event Helper Thread" daemon [_thread_blocked, id=8992, stack(0x0000009ab8000000,0x0000009ab8100000)]
  0x0000021bfef5b000 JavaThread "JDWP Command Reader" daemon [_thread_in_native, id=224, stack(0x0000009ab8100000,0x0000009ab8200000)]

Other Threads:
  0x0000021bf1eee800 VMThread "VM Thread" [stack: 0x0000009ab7500000,0x0000009ab7600000] [id=8672]
  0x0000021bfef7e000 WatcherThread [stack: 0x0000009ab8200000,0x0000009ab8300000] [id=5428]
  0x0000021bf1e22000 GCTaskThread "GC Thread#0" [stack: 0x0000009ab7000000,0x0000009ab7100000] [id=8252]
  0x0000021bff0ab000 GCTaskThread "GC Thread#1" [stack: 0x0000009ab8300000,0x0000009ab8400000] [id=6160]
  0x0000021bf1e3d000 ConcurrentGCThread "G1 Main Marker" [stack: 0x0000009ab7100000,0x0000009ab7200000] [id=6372]
  0x0000021bf1e3e800 ConcurrentGCThread "G1 Conc#0" [stack: 0x0000009ab7200000,0x0000009ab7300000] [id=7776]
  0x0000021bf1e8d800 ConcurrentGCThread "G1 Refine#0" [stack: 0x0000009ab7300000,0x0000009ab7400000] [id=8484]
  0x0000021bf1e8f800 ConcurrentGCThread "G1 Young RemSet Sampling" [stack: 0x0000009ab7400000,0x0000009ab7500000] [id=5472]

Threads with active compile tasks:

VM state:not at safepoint (normal execution)

VM Mutex/Monitor currently owned by a thread: None

Heap address: 0x00000000c1c00000, size: 996 MB, Compressed Oops mode: 32-bit
Narrow klass base: 0x0000000800000000, Narrow klass shift: 3
Compressed class space size: 1073741824 Address: 0x0000000840000000

Heap:
 garbage-first heap   total 65536K, used 8957K [0x00000000c1c00000, 0x0000000100000000)
  region size 1024K, 10 young (10240K), 1 survivors (1024K)
 Metaspace       used 4590K, capacity 6848K, committed 7040K, reserved 1056768K
  class space    used 340K, capacity 630K, committed 640K, reserved 1048576K
Heap Regions: E=young(eden), S=young(survivor), O=old, HS=humongous(starts), HC=humongous(continues), CS=collection set, F=free, A=archive, TAMS=top-at-mark-start (previous, next)
|   0|0x00000000c1c00000, 0x00000000c1cbf600, 0x00000000c1d00000| 74%| O|  |TAMS 0x00000000c1c00000, 0x00000000c1c00000| Untracked 
|   1|0x00000000c1d00000, 0x00000000c1d00000, 0x00000000c1e00000|  0%| F|  |TAMS 0x00000000c1d00000, 0x00000000c1d00000| Untracked 
|   2|0x00000000c1e00000, 0x00000000c1e00000, 0x00000000c1f00000|  0%| F|  |TAMS 0x00000000c1e00000, 0x00000000c1e00000| Untracked 
|   3|0x00000000c1f00000, 0x00000000c1f00000, 0x00000000c2000000|  0%| F|  |TAMS 0x00000000c1f00000, 0x00000000c1f00000| Untracked 
|   4|0x00000000c2000000, 0x00000000c2000000, 0x00000000c2100000|  0%| F|  |TAMS 0x00000000c2000000, 0x00000000c2000000| Untracked 
|   5|0x00000000c2100000, 0x00000000c2100000, 0x00000000c2200000|  0%| F|  |TAMS 0x00000000c2100000, 0x00000000c2100000| Untracked 
|   6|0x00000000c2200000, 0x00000000c2200000, 0x00000000c2300000|  0%| F|  |TAMS 0x00000000c2200000, 0x00000000c2200000| Untracked 
|   7|0x00000000c2300000, 0x00000000c2300000, 0x00000000c2400000|  0%| F|  |TAMS 0x00000000c2300000, 0x00000000c2300000| Untracked 
|   8|0x00000000c2400000, 0x00000000c2400000, 0x00000000c2500000|  0%| F|  |TAMS 0x00000000c2400000, 0x00000000c2400000| Untracked 
|   9|0x00000000c2500000, 0x00000000c2500000, 0x00000000c2600000|  0%| F|  |TAMS 0x00000000c2500000, 0x00000000c2500000| Untracked 
|  10|0x00000000c2600000, 0x00000000c2600000, 0x00000000c2700000|  0%| F|  |TAMS 0x00000000c2600000, 0x00000000c2600000| Untracked 
|  11|0x00000000c2700000, 0x00000000c2700000, 0x00000000c2800000|  0%| F|  |TAMS 0x00000000c2700000, 0x00000000c2700000| Untracked 
|  12|0x00000000c2800000, 0x00000000c2800000, 0x00000000c2900000|  0%| F|  |TAMS 0x00000000c2800000, 0x00000000c2800000| Untracked 
|  13|0x00000000c2900000, 0x00000000c2900000, 0x00000000c2a00000|  0%| F|  |TAMS 0x00000000c2900000, 0x00000000c2900000| Untracked 
|  14|0x00000000c2a00000, 0x00000000c2a00000, 0x00000000c2b00000|  0%| F|  |TAMS 0x00000000c2a00000, 0x00000000c2a00000| Untracked 
|  15|0x00000000c2b00000, 0x00000000c2b00000, 0x00000000c2c00000|  0%| F|  |TAMS 0x00000000c2b00000, 0x00000000c2b00000| Untracked 
|  16|0x00000000c2c00000, 0x00000000c2c00000, 0x00000000c2d00000|  0%| F|  |TAMS 0x00000000c2c00000, 0x00000000c2c00000| Untracked 
|  17|0x00000000c2d00000, 0x00000000c2d00000, 0x00000000c2e00000|  0%| F|  |TAMS 0x00000000c2d00000, 0x00000000c2d00000| Untracked 
|  18|0x00000000c2e00000, 0x00000000c2e00000, 0x00000000c2f00000|  0%| F|  |TAMS 0x00000000c2e00000, 0x00000000c2e00000| Untracked 
|  19|0x00000000c2f00000, 0x00000000c2f00000, 0x00000000c3000000|  0%| F|  |TAMS 0x00000000c2f00000, 0x00000000c2f00000| Untracked 
|  20|0x00000000c3000000, 0x00000000c3000000, 0x00000000c3100000|  0%| F|  |TAMS 0x00000000c3000000, 0x00000000c3000000| Untracked 
|  21|0x00000000c3100000, 0x00000000c3100000, 0x00000000c3200000|  0%| F|  |TAMS 0x00000000c3100000, 0x00000000c3100000| Untracked 
|  22|0x00000000c3200000, 0x00000000c3200000, 0x00000000c3300000|  0%| F|  |TAMS 0x00000000c3200000, 0x00000000c3200000| Untracked 
|  23|0x00000000c3300000, 0x00000000c3300000, 0x00000000c3400000|  0%| F|  |TAMS 0x00000000c3300000, 0x00000000c3300000| Untracked 
|  24|0x00000000c3400000, 0x00000000c3400000, 0x00000000c3500000|  0%| F|  |TAMS 0x00000000c3400000, 0x00000000c3400000| Untracked 
|  25|0x00000000c3500000, 0x00000000c3500000, 0x00000000c3600000|  0%| F|  |TAMS 0x00000000c3500000, 0x00000000c3500000| Untracked 
|  26|0x00000000c3600000, 0x00000000c3600000, 0x00000000c3700000|  0%| F|  |TAMS 0x00000000c3600000, 0x00000000c3600000| Untracked 
|  27|0x00000000c3700000, 0x00000000c3700000, 0x00000000c3800000|  0%| F|  |TAMS 0x00000000c3700000, 0x00000000c3700000| Untracked 
|  28|0x00000000c3800000, 0x00000000c3800000, 0x00000000c3900000|  0%| F|  |TAMS 0x00000000c3800000, 0x00000000c3800000| Untracked 
|  29|0x00000000c3900000, 0x00000000c3900000, 0x00000000c3a00000|  0%| F|  |TAMS 0x00000000c3900000, 0x00000000c3900000| Untracked 
|  30|0x00000000c3a00000, 0x00000000c3a00000, 0x00000000c3b00000|  0%| F|  |TAMS 0x00000000c3a00000, 0x00000000c3a00000| Untracked 
|  31|0x00000000c3b00000, 0x00000000c3b00000, 0x00000000c3c00000|  0%| F|  |TAMS 0x00000000c3b00000, 0x00000000c3b00000| Untracked 
|  32|0x00000000c3c00000, 0x00000000c3c00000, 0x00000000c3d00000|  0%| F|  |TAMS 0x00000000c3c00000, 0x00000000c3c00000| Untracked 
|  33|0x00000000c3d00000, 0x00000000c3d00000, 0x00000000c3e00000|  0%| F|  |TAMS 0x00000000c3d00000, 0x00000000c3d00000| Untracked 
|  34|0x00000000c3e00000, 0x00000000c3e00000, 0x00000000c3f00000|  0%| F|  |TAMS 0x00000000c3e00000, 0x00000000c3e00000| Untracked 
|  35|0x00000000c3f00000, 0x00000000c3f00000, 0x00000000c4000000|  0%| F|  |TAMS 0x00000000c3f00000, 0x00000000c3f00000| Untracked 
|  36|0x00000000c4000000, 0x00000000c4000000, 0x00000000c4100000|  0%| F|  |TAMS 0x00000000c4000000, 0x00000000c4000000| Untracked 
|  37|0x00000000c4100000, 0x00000000c4100000, 0x00000000c4200000|  0%| F|  |TAMS 0x00000000c4100000, 0x00000000c4100000| Untracked 
|  38|0x00000000c4200000, 0x00000000c4200000, 0x00000000c4300000|  0%| F|  |TAMS 0x00000000c4200000, 0x00000000c4200000| Untracked 
|  39|0x00000000c4300000, 0x00000000c4300000, 0x00000000c4400000|  0%| F|  |TAMS 0x00000000c4300000, 0x00000000c4300000| Untracked 
|  40|0x00000000c4400000, 0x00000000c4400000, 0x00000000c4500000|  0%| F|  |TAMS 0x00000000c4400000, 0x00000000c4400000| Untracked 
|  41|0x00000000c4500000, 0x00000000c4500000, 0x00000000c4600000|  0%| F|  |TAMS 0x00000000c4500000, 0x00000000c4500000| Untracked 
|  42|0x00000000c4600000, 0x00000000c4600000, 0x00000000c4700000|  0%| F|  |TAMS 0x00000000c4600000, 0x00000000c4600000| Untracked 
|  43|0x00000000c4700000, 0x00000000c4700000, 0x00000000c4800000|  0%| F|  |TAMS 0x00000000c4700000, 0x00000000c4700000| Untracked 
|  44|0x00000000c4800000, 0x00000000c4800000, 0x00000000c4900000|  0%| F|  |TAMS 0x00000000c4800000, 0x00000000c4800000| Untracked 
|  45|0x00000000c4900000, 0x00000000c4900000, 0x00000000c4a00000|  0%| F|  |TAMS 0x00000000c4900000, 0x00000000c4900000| Untracked 
|  46|0x00000000c4a00000, 0x00000000c4a00000, 0x00000000c4b00000|  0%| F|  |TAMS 0x00000000c4a00000, 0x00000000c4a00000| Untracked 
|  47|0x00000000c4b00000, 0x00000000c4b00000, 0x00000000c4c00000|  0%| F|  |TAMS 0x00000000c4b00000, 0x00000000c4b00000| Untracked 
|  48|0x00000000c4c00000, 0x00000000c4c00000, 0x00000000c4d00000|  0%| F|  |TAMS 0x00000000c4c00000, 0x00000000c4c00000| Untracked 
|  49|0x00000000c4d00000, 0x00000000c4d00000, 0x00000000c4e00000|  0%| F|  |TAMS 0x00000000c4d00000, 0x00000000c4d00000| Untracked 
|  50|0x00000000c4e00000, 0x00000000c4e00000, 0x00000000c4f00000|  0%| F|  |TAMS 0x00000000c4e00000, 0x00000000c4e00000| Untracked 
|  51|0x00000000c4f00000, 0x00000000c4f00000, 0x00000000c5000000|  0%| F|  |TAMS 0x00000000c4f00000, 0x00000000c4f00000| Untracked 
|  52|0x00000000c5000000, 0x00000000c5000000, 0x00000000c5100000|  0%| F|  |TAMS 0x00000000c5000000, 0x00000000c5000000| Untracked 
|  53|0x00000000c5100000, 0x00000000c5100000, 0x00000000c5200000|  0%| F|  |TAMS 0x00000000c5100000, 0x00000000c5100000| Untracked 
|  54|0x00000000c5200000, 0x00000000c52df390, 0x00000000c5300000| 87%| E|  |TAMS 0x00000000c5200000, 0x00000000c5200000| Complete 
|  55|0x00000000c5300000, 0x00000000c5400000, 0x00000000c5400000|100%| E|CS|TAMS 0x00000000c5300000, 0x00000000c5300000| Complete 
|  56|0x00000000c5400000, 0x00000000c5500000, 0x00000000c5500000|100%| S|CS|TAMS 0x00000000c5400000, 0x00000000c5400000| Complete 
|  57|0x00000000c5500000, 0x00000000c5600000, 0x00000000c5600000|100%| E|CS|TAMS 0x00000000c5500000, 0x00000000c5500000| Complete 
|  58|0x00000000c5600000, 0x00000000c5700000, 0x00000000c5700000|100%| E|CS|TAMS 0x00000000c5600000, 0x00000000c5600000| Complete 
|  59|0x00000000c5700000, 0x00000000c5800000, 0x00000000c5800000|100%| E|CS|TAMS 0x00000000c5700000, 0x00000000c5700000| Complete 
|  60|0x00000000c5800000, 0x00000000c5900000, 0x00000000c5900000|100%| E|CS|TAMS 0x00000000c5800000, 0x00000000c5800000| Complete 
|  61|0x00000000c5900000, 0x00000000c5a00000, 0x00000000c5a00000|100%| E|CS|TAMS 0x00000000c5900000, 0x00000000c5900000| Complete 
|  62|0x00000000c5a00000, 0x00000000c5b00000, 0x00000000c5b00000|100%| E|CS|TAMS 0x00000000c5a00000, 0x00000000c5a00000| Complete 
|  63|0x00000000c5b00000, 0x00000000c5c00000, 0x00000000c5c00000|100%| E|  |TAMS 0x00000000c5b00000, 0x00000000c5b00000| Complete 

Card table byte_map: [0x0000021bfbde0000,0x0000021bfbfe0000] _byte_map_base: 0x0000021bfb7d2000

Marking Bits (Prev, Next): (CMBitMap*) 0x0000021bf1e386b8, (CMBitMap*) 0x0000021bf1e386f0
 Prev Bits: [0x0000021bfc1e0000, 0x0000021bfd170000)
 Next Bits: [0x0000021bfd170000, 0x0000021bfe100000)

Polling page: 0x0000021bf05a0000

Metaspace:

Usage:
  Non-class:      6.07 MB capacity,     4.15 MB ( 68%) used,     1.91 MB ( 31%) free+waste,    16.81 KB ( <1%) overhead. 
      Class:    630.00 KB capacity,   340.95 KB ( 54%) used,   279.80 KB ( 44%) free+waste,     9.25 KB (  1%) overhead. 
       Both:      6.69 MB capacity,     4.48 MB ( 67%) used,     2.18 MB ( 33%) free+waste,    26.06 KB ( <1%) overhead. 

Virtual space:
  Non-class space:        8.00 MB reserved,       6.25 MB ( 78%) committed 
      Class space:        1.00 GB reserved,     640.00 KB ( <1%) committed 
             Both:        1.01 GB reserved,       6.88 MB ( <1%) committed 

Chunk freelists:
   Non-Class:  54.00 KB
       Class:  0 bytes
        Both:  54.00 KB

MaxMetaspaceSize: 17179869184.00 GB
CompressedClassSpaceSize: 1.00 GB
Initial GC threshold: 20.80 MB
Current GC threshold: 20.80 MB
CDS: on

CodeHeap 'non-profiled nmethods': size=161024Kb used=293Kb max_used=293Kb free=160730Kb
 bounds [0x0000021b8a2c0000, 0x0000021b8b2c0000, 0x0000021b94000000]
CodeHeap 'profiled nmethods': size=160960Kb used=1891Kb max_used=1891Kb free=159068Kb
 bounds [0x0000021b80590000, 0x0000021b81590000, 0x0000021b8a2c0000]
CodeHeap 'non-nmethods': size=5696Kb used=1635Kb max_used=1637Kb free=4061Kb
 bounds [0x0000021b80000000, 0x0000021b80590000, 0x0000021b80590000]
 total_blobs=1907 nmethods=974 adapters=857
 compilation: enabled
              stopped_count=0, restarted_count=0
 full_count=0

JVMCI Events (20 events):
Event: 2.602 Thread 0x0000021bfec55000 shut down JVMCI runtime 0
Event: 2.604 Thread 0x0000021bfec55000 destroyed JavaVM[1]@0x0000021bffed8080 for JVMCI runtime 0
Event: 2.604 Thread 0x0000021bfec55000 releasing handles for JVMCI runtime 0: oop handles=44, metadata handles={total=90, live=78, blocks=3}
Event: 2.604 Thread 0x0000021bfec55000 detached from JVMCI runtime 0
Event: 2.707 Thread 0x0000021bfec55000 attached to JVMCI runtime 0
Event: 2.711 Thread 0x0000021bfec55000 created JavaVM[2]@0x0000021bffed8080 for JVMCI runtime 0
Event: 2.711 Thread 0x0000021bfec55000 initializing JVMCI runtime 0
Event: 2.711 Thread 0x0000021bfec55000 done waiting for JavaVM references initialization in JVMCI runtime 0
Event: 2.713 Thread 0x0000021bfec55000 initialized JVMCI runtime 0
Event: 5.960 Thread 0x0000021bfec55000 detaching from JVMCI runtime 0: releasing idle compiler thread (0 other threads still attached)
Event: 5.960 Thread 0x0000021bfec55000 shutting down HotSpotJVMCIRuntime for JVMCI runtime 0
Event: 8.874 Thread 0x0000021bfec55000 shut down JVMCI runtime 0
Event: 8.880 Thread 0x0000021bfec55000 destroyed JavaVM[2]@0x0000021bffed8080 for JVMCI runtime 0
Event: 8.880 Thread 0x0000021bfec55000 releasing handles for JVMCI runtime 0: oop handles=46, metadata handles={total=224, live=111, blocks=7}
Event: 8.880 Thread 0x0000021bfec55000 detached from JVMCI runtime 0
Event: 12.987 Thread 0x0000021bfec55000 attached to JVMCI runtime 0
Event: 12.994 Thread 0x0000021bfec55000 created JavaVM[3]@0x0000021bffed8080 for JVMCI runtime 0
Event: 12.994 Thread 0x0000021bfec55000 initializing JVMCI runtime 0
Event: 12.994 Thread 0x0000021bfec55000 done waiting for JavaVM references initialization in JVMCI runtime 0
Event: 12.995 Thread 0x0000021bfec55000 initialized JVMCI runtime 0

Compilation events (20 events):
Event: 14.161 Thread 0x0000021bfec57800  965       3       sun.util.calendar.CalendarDate::getDayOfWeek (18 bytes)
Event: 14.162 Thread 0x0000021bfec57800 nmethod 965 0x0000021b8075f490 code [0x0000021b8075f620, 0x0000021b8075f978]
Event: 14.162 Thread 0x0000021bfec57800  966       3       sun.util.calendar.CalendarDate::isDaylightTime (22 bytes)
Event: 14.162 Thread 0x0000021bfec57800 nmethod 966 0x0000021b8075fa10 code [0x0000021b8075fbc0, 0x0000021b8075ff98]
Event: 14.162 Thread 0x0000021bfec57800  967       3       java.util.TimeZone::getDisplayName (129 bytes)
Event: 14.165 Thread 0x0000021bfec57800 nmethod 967 0x0000021b80760010 code [0x0000021b80760380, 0x0000021b80761d08]
Event: 14.165 Thread 0x0000021bfec57800  968       3       sun.util.locale.provider.LocaleServiceProviderPool::getPool (48 bytes)
Event: 14.166 Thread 0x0000021bfec57800 nmethod 968 0x0000021b80762510 code [0x0000021b80762720, 0x0000021b807631f8]
Event: 14.166 Thread 0x0000021bfec57800  969   !   3       java.io.PrintStream::println (24 bytes)
Event: 14.167 Thread 0x0000021bfec57800 nmethod 969 0x0000021b80763490 code [0x0000021b80763680, 0x0000021b80763b98]
Event: 14.167 Thread 0x0000021bfec57800  970       3       java.io.PrintStream::print (9 bytes)
Event: 14.168 Thread 0x0000021bfec57800 nmethod 970 0x0000021b80763d90 code [0x0000021b80763f60, 0x0000021b807641e8]
Event: 14.168 Thread 0x0000021bfec57800  971   !   3       java.io.PrintStream::write (83 bytes)
Event: 14.169 Thread 0x0000021bfec57800 nmethod 971 0x0000021b80764310 code [0x0000021b807645a0, 0x0000021b807656b8]
Event: 14.169 Thread 0x0000021bfec57800  972   !   3       java.io.PrintStream::newLine (73 bytes)
Event: 14.171 Thread 0x0000021bfec57800 nmethod 972 0x0000021b80765d90 code [0x0000021b80766000, 0x0000021b80766f58]
Event: 14.178 Thread 0x0000021bfec57800  973       3       org.lwjgl.system.MemoryUtil::memLengthNT1 (31 bytes)
Event: 14.179 Thread 0x0000021bfec57800 nmethod 973 0x0000021b80767510 code [0x0000021b807676e0, 0x0000021b80767998]
Event: 14.179 Thread 0x0000021bfec57800  974       3       org.lwjgl.system.MultiReleaseTextDecoding::decodeUTF8 (56 bytes)
Event: 14.180 Thread 0x0000021bfec57800 nmethod 974 0x0000021b80767b10 code [0x0000021b80767d60, 0x0000021b80768c18]

GC Heap History (2 events):
Event: 3.766 GC heap before
{Heap before GC invocations=0 (full 0):
 garbage-first heap   total 65536K, used 6144K [0x00000000c1c00000, 0x0000000100000000)
  region size 1024K, 7 young (7168K), 0 survivors (0K)
 Metaspace       used 1855K, capacity 4996K, committed 5120K, reserved 1056768K
  class space    used 174K, capacity 473K, committed 512K, reserved 1048576K
}
Event: 3.778 GC heap after
{Heap after GC invocations=1 (full 0):
 garbage-first heap   total 65536K, used 1789K [0x00000000c1c00000, 0x0000000100000000)
  region size 1024K, 1 young (1024K), 1 survivors (1024K)
 Metaspace       used 1855K, capacity 4996K, committed 5120K, reserved 1056768K
  class space    used 174K, capacity 473K, committed 512K, reserved 1048576K
}

Deoptimization events (20 events):
Event: 2.846 Thread 0x0000021bf1e08800 DEOPT PACKING pc=0x0000021b8a2cc86d sp=0x0000009ab6ffd580
Event: 2.846 Thread 0x0000021bf1e08800 DEOPT UNPACKING pc=0x0000021b8004a771 sp=0x0000009ab6ffca50 mode 3
Event: 3.684 Thread 0x0000021bf1e08800 Uncommon trap: trap_request=0xffffffed fr.pc=0x0000021b8a2cbad9 relative=0x00000000000000b9
Event: 3.684 Thread 0x0000021bf1e08800 Uncommon trap: reason=null_assert_or_unreached0 action=reinterpret pc=0x0000021b8a2cbad9 method=java.lang.String.charAt(I)C @ 0 jvmci
Event: 3.684 Thread 0x0000021bf1e08800 DEOPT PACKING pc=0x0000021b8a2cbad9 sp=0x0000009ab6ffd870
Event: 3.684 Thread 0x0000021bf1e08800 DEOPT UNPACKING pc=0x0000021b8004a771 sp=0x0000009ab6ffcd18 mode 3
Event: 3.684 Thread 0x0000021bf1e08800 Uncommon trap: trap_request=0xffffffed fr.pc=0x0000021b8a2cebad relative=0x000000000000008d
Event: 3.684 Thread 0x0000021bf1e08800 Uncommon trap: reason=null_assert_or_unreached0 action=reinterpret pc=0x0000021b8a2cebad method=java.lang.String.isLatin1()Z @ 0 jvmci
Event: 3.684 Thread 0x0000021bf1e08800 DEOPT PACKING pc=0x0000021b8a2cebad sp=0x0000009ab6ffd800
Event: 3.684 Thread 0x0000021bf1e08800 DEOPT UNPACKING pc=0x0000021b8004a771 sp=0x0000009ab6ffcca8 mode 3
Event: 3.974 Thread 0x0000021bf1e08800 DEOPT PACKING pc=0x0000021b8062c60c sp=0x0000009ab6ffbc60
Event: 3.974 Thread 0x0000021bf1e08800 DEOPT UNPACKING pc=0x0000021b8004a771 sp=0x0000009ab6ffb0c8 mode 0
Event: 4.248 Thread 0x0000021bf1e08800 DEOPT PACKING pc=0x0000021b80655472 sp=0x0000009ab6ffc130
Event: 4.248 Thread 0x0000021bf1e08800 DEOPT UNPACKING pc=0x0000021b8004a771 sp=0x0000009ab6ffb5b8 mode 0
Event: 4.265 Thread 0x0000021bf1e08800 DEOPT PACKING pc=0x0000021b805e61d0 sp=0x0000009ab6ffab90
Event: 4.265 Thread 0x0000021bf1e08800 DEOPT UNPACKING pc=0x0000021b8004a771 sp=0x0000009ab6ffa018 mode 0
Event: 13.225 Thread 0x0000021bf1e08800 DEOPT PACKING pc=0x0000021b8061b13b sp=0x0000009ab6ffdb30
Event: 13.225 Thread 0x0000021bf1e08800 DEOPT UNPACKING pc=0x0000021b8004a771 sp=0x0000009ab6ffcfa8 mode 0
Event: 14.013 Thread 0x0000021bf1e08800 DEOPT PACKING pc=0x0000021b80728252 sp=0x0000009ab6ff6c20
Event: 14.013 Thread 0x0000021bf1e08800 DEOPT UNPACKING pc=0x0000021b8004a771 sp=0x0000009ab6ff61b8 mode 0

Classes redefined (0 events):
No events

Internal exceptions (20 events):
Event: 3.805 Thread 0x0000021bf1e08800 Exception <a 'java/lang/NoSuchMethodError'{0x00000000c5b3b900}: 'int java.lang.invoke.DirectMethodHandle$Holder.invokeStaticInit(java.lang.Object, java.lang.Object, int, long)'> (0x00000000c5b3b900) thrown at [./src/hotspot/share/interpreter/linkResolver.cpp, line 773]
Event: 3.813 Thread 0x0000021bf1e08800 Exception <a 'java/lang/NoSuchMethodError'{0x00000000c5b41238}: 'java.lang.Object java.lang.invoke.Invokers$Holder.linkToTargetMethod(java.lang.Object, int, java.lang.Object)'> (0x00000000c5b41238) thrown at [./src/hotspot/share/interpreter/linkResolver.cpp, line 773]
Event: 3.826 Thread 0x0000021bf1e08800 Exception <a 'java/lang/NoSuchMethodError'{0x00000000c5b4f070}: 'int java.lang.invoke.DirectMethodHandle$Holder.invokeStaticInit(java.lang.Object, java.lang.Object, long, long)'> (0x00000000c5b4f070) thrown at [./src/hotspot/share/interpreter/linkResolver.cpp, line 773]
Event: 3.836 Thread 0x0000021bf1e08800 Exception <a 'java/lang/NoSuchMethodError'{0x00000000c5b5a7d0}: 'java.lang.Object java.lang.invoke.Invokers$Holder.linkToTargetMethod(java.lang.Object, long, java.lang.Object)'> (0x00000000c5b5a7d0) thrown at [./src/hotspot/share/interpreter/linkResolver.cpp, line 773]
Event: 3.838 Thread 0x0000021bf1e08800 Exception <a 'java/lang/NoSuchMethodError'{0x00000000c5b60b08}: 'int java.lang.invoke.DirectMethodHandle$Holder.invokeStaticInit(java.lang.Object, java.lang.Object, java.lang.Object, long)'> (0x00000000c5b60b08) thrown at [./src/hotspot/share/interpreter/linkResolver.cpp, line 773]
Event: 4.330 Thread 0x0000021bf1e08800 Exception <a 'java/lang/NoSuchMethodError'{0x00000000c58a2328}: 'java.lang.Object java.lang.invoke.DirectMethodHandle$Holder.invokeVirtual(java.lang.Object, java.lang.Object, java.lang.Object)'> (0x00000000c58a2328) thrown at [./src/hotspot/share/interpreter/linkResolver.cpp, line 773]
Event: 4.347 Thread 0x0000021bf1e08800 Exception <a 'sun/nio/fs/WindowsException'{0x00000000c58cfcc8}> (0x00000000c58cfcc8) thrown at [./src/hotspot/share/prims/jni.cpp, line 613]
Event: 4.348 Thread 0x0000021bf1e08800 Exception <a 'sun/nio/fs/WindowsException'{0x00000000c58cff18}> (0x00000000c58cff18) thrown at [./src/hotspot/share/prims/jni.cpp, line 613]
Event: 4.435 Thread 0x0000021bf1e08800 Exception <a 'java/lang/NoSuchMethodError'{0x00000000c5784780}: 'java.lang.Object java.lang.invoke.DirectMethodHandle$Holder.invokeStatic(java.lang.Object, java.lang.Object, java.lang.Object, java.lang.Object, java.lang.Object, java.lang.Object, java.lang.Object, java.lang.Object, java.lang.Object, java.lang.Object, java.lang.Object, java.lang.Object, java.lang.Object, java.lang.Object, java.lang.Object)'> (0x00000000c5784780) thrown at [./src/hotspot/share/interpreter/linkResolver.cpp, line 773]
Event: 4.443 Thread 0x0000021bf1e08800 Exception <a 'java/lang/NoSuchMethodError'{0x00000000c579a708}: 'java.lang.Object java.lang.invoke.DirectMethodHandle$Holder.invokeStatic(java.lang.Object, java.lang.Object, java.lang.Object, java.lang.Object, java.lang.Object, java.lang.Object, java.lang.Object, java.lang.Object, java.lang.Object, java.lang.Object, java.lang.Object, java.lang.Object, java.lang.Object, java.lang.Object, java.lang.Object, java.lang.Object)'> (0x00000000c579a708) thrown at [./src/hotspot/share/interpreter/linkResolver.cpp, l
Event: 4.449 Thread 0x0000021bf1e08800 Exception <a 'java/lang/NoSuchMethodError'{0x00000000c57a8770}: 'java.lang.Object java.lang.invoke.DirectMethodHandle$Holder.invokeSpecial(java.lang.Object, java.lang.Object, int, int, int, java.lang.Object, java.lang.Object, java.lang.Object)'> (0x00000000c57a8770) thrown at [./src/hotspot/share/interpreter/linkResolver.cpp, line 773]
Event: 4.454 Thread 0x0000021bf1e08800 Exception <a 'java/lang/NoSuchMethodError'{0x00000000c57abdb0}: 'java.lang.Object java.lang.invoke.DelegatingMethodHandle$Holder.reinvoke_L(java.lang.Object, int, int, int, java.lang.Object, java.lang.Object, java.lang.Object)'> (0x00000000c57abdb0) thrown at [./src/hotspot/share/interpreter/linkResolver.cpp, line 773]
Event: 4.458 Thread 0x0000021bf1e08800 Exception <a 'java/lang/NoSuchMethodError'{0x00000000c57b5740}: 'java.lang.Object java.lang.invoke.DirectMethodHandle$Holder.invokeStatic(java.lang.Object, java.lang.Object, java.lang.Object, java.lang.Object, java.lang.Object, int)'> (0x00000000c57b5740) thrown at [./src/hotspot/share/interpreter/linkResolver.cpp, line 773]
Event: 4.588 Thread 0x0000021bf1e08800 Exception <a 'java/lang/NoSuchMethodError'{0x00000000c55211d0}: 'java.lang.Object java.lang.invoke.DirectMethodHandle$Holder.invokeStatic(java.lang.Object, java.lang.Object, java.lang.Object, java.lang.Object, java.lang.Object, java.lang.Object, java.lang.Object, java.lang.Object, java.lang.Object, java.lang.Object, java.lang.Object, int)'> (0x00000000c55211d0) thrown at [./src/hotspot/share/interpreter/linkResolver.cpp, line 773]
Event: 4.593 Thread 0x0000021bf1e08800 Exception <a 'java/lang/NoSuchMethodError'{0x00000000c55405f0}: 'java.lang.Object java.lang.invoke.DirectMethodHandle$Holder.invokeStatic(java.lang.Object, java.lang.Object, java.lang.Object, java.lang.Object, java.lang.Object, java.lang.Object, java.lang.Object, java.lang.Object, java.lang.Object, java.lang.Object, java.lang.Object, int, int)'> (0x00000000c55405f0) thrown at [./src/hotspot/share/interpreter/linkResolver.cpp, line 773]
Event: 4.598 Thread 0x0000021bf1e08800 Exception <a 'java/lang/NoSuchMethodError'{0x00000000c55606a8}: 'java.lang.Object java.lang.invoke.DirectMethodHandle$Holder.invokeStatic(java.lang.Object, java.lang.Object, java.lang.Object, java.lang.Object, java.lang.Object, java.lang.Object, java.lang.Object, java.lang.Object, java.lang.Object, java.lang.Object, java.lang.Object, int, int, java.lang.Object)'> (0x00000000c55606a8) thrown at [./src/hotspot/share/interpreter/linkResolver.cpp, line 773]
Event: 4.603 Thread 0x0000021bf1e08800 Exception <a 'java/lang/NoSuchMethodError'{0x00000000c5582748}: 'java.lang.Object java.lang.invoke.DirectMethodHandle$Holder.invokeStatic(java.lang.Object, java.lang.Object, java.lang.Object, java.lang.Object, java.lang.Object, java.lang.Object, java.lang.Object, java.lang.Object, java.lang.Object, java.lang.Object, java.lang.Object, int, int, java.lang.Object, java.lang.Object)'> (0x00000000c5582748) thrown at [./src/hotspot/share/interpreter/linkResolver.cpp, line 773]
Event: 4.799 Thread 0x0000021bf1e08800 Exception <a 'java/lang/NoSuchMethodError'{0x00000000c55c3068}: 'java.lang.Object java.lang.invoke.DirectMethodHandle$Holder.invokeStatic(java.lang.Object, long)'> (0x00000000c55c3068) thrown at [./src/hotspot/share/interpreter/linkResolver.cpp, line 773]
Event: 4.800 Thread 0x0000021bf1e08800 Exception <a 'java/lang/NoSuchMethodError'{0x00000000c55c6100}: 'java.lang.Object java.lang.invoke.DirectMethodHandle$Holder.invokeSpecial(java.lang.Object, java.lang.Object, long)'> (0x00000000c55c6100) thrown at [./src/hotspot/share/interpreter/linkResolver.cpp, line 773]
Event: 12.968 Thread 0x0000021bf1e08800 Exception <a 'java/lang/NoSuchMethodError'{0x00000000c53e4510}: 'void java.lang.invoke.DirectMethodHandle$Holder.invokeStatic(java.lang.Object, long)'> (0x00000000c53e4510) thrown at [./src/hotspot/share/interpreter/linkResolver.cpp, line 773]

Events (20 events):
Event: 11.825 Executing VM operation: GetOrSetLocal done
Event: 11.825 Executing VM operation: GetOrSetLocal
Event: 11.825 Executing VM operation: GetOrSetLocal done
Event: 11.825 Executing VM operation: GetOrSetLocal
Event: 11.826 Executing VM operation: GetOrSetLocal done
Event: 11.826 Executing VM operation: GetOrSetLocal
Event: 11.826 Executing VM operation: GetOrSetLocal done
Event: 11.837 Executing VM operation: GetFrameLocation
Event: 11.837 Executing VM operation: GetFrameLocation done
Event: 11.837 Executing VM operation: GetOrSetLocal
Event: 11.837 Executing VM operation: GetOrSetLocal done
Event: 11.865 Executing VM operation: GetFrameCount
Event: 11.865 Executing VM operation: GetFrameCount done
Event: 11.865 Executing VM operation: GetStackTrace
Event: 11.865 Executing VM operation: GetStackTrace done
Event: 12.970 loading class org/lwjgl/system/Struct$StructValidation
Event: 12.970 loading class org/lwjgl/system/Struct$StructValidation done
Event: 12.970 loading class org/lwjgl/system/Struct$StructValidation
Event: 12.970 loading class org/lwjgl/system/Struct$StructValidation done
Event: 13.891 Loaded shared library C:\Program Files\Java\graalvm-ce-java11-22.3.0\bin\java.dll


Dynamic libraries:
0x00007ff701a10000 - 0x00007ff701a1d000 	C:\Program Files\Java\graalvm-ce-java11-22.3.0\bin\java.exe
0x00007ffcf9790000 - 0x00007ffcf9988000 	C:\Windows\SYSTEM32\ntdll.dll
0x00007ffcf8810000 - 0x00007ffcf88cd000 	C:\Windows\System32\KERNEL32.DLL
0x00007ffcf6f50000 - 0x00007ffcf721e000 	C:\Windows\System32\KERNELBASE.dll
0x00007ffcf73f0000 - 0x00007ffcf74f0000 	C:\Windows\System32\ucrtbase.dll
0x00007ffce1840000 - 0x00007ffce1857000 	C:\Program Files\Java\graalvm-ce-java11-22.3.0\bin\jli.dll
0x00007ffcf9060000 - 0x00007ffcf9200000 	C:\Windows\System32\USER32.dll
0x00007ffcdf9c0000 - 0x00007ffcdf9d5000 	C:\Program Files\Java\graalvm-ce-java11-22.3.0\bin\VCRUNTIME140.dll
0x00007ffce8ef0000 - 0x00007ffce918a000 	C:\Windows\WinSxS\amd64_microsoft.windows.common-controls_6595b64144ccf1df_6.0.19041.1110_none_60b5254171f9507e\COMCTL32.dll
0x00007ffcf84b0000 - 0x00007ffcf854e000 	C:\Windows\System32\msvcrt.dll
0x00007ffcf88d0000 - 0x00007ffcf88fa000 	C:\Windows\System32\GDI32.dll
0x00007ffcf77c0000 - 0x00007ffcf77e2000 	C:\Windows\System32\win32u.dll
0x00007ffcf7220000 - 0x00007ffcf732b000 	C:\Windows\System32\gdi32full.dll
0x00007ffcf6eb0000 - 0x00007ffcf6f4d000 	C:\Windows\System32\msvcp_win.dll
0x00007ffcf7a20000 - 0x00007ffcf7a50000 	C:\Windows\System32\IMM32.DLL
0x00007ffcde790000 - 0x00007ffcde82b000 	C:\Program Files\Java\graalvm-ce-java11-22.3.0\bin\msvcp140.dll
0x00007ffcbcf50000 - 0x00007ffcbda84000 	C:\Program Files\Java\graalvm-ce-java11-22.3.0\bin\server\jvm.dll
0x00007ffcf7970000 - 0x00007ffcf7a1e000 	C:\Windows\System32\ADVAPI32.dll
0x00007ffcf9200000 - 0x00007ffcf929c000 	C:\Windows\System32\sechost.dll
0x00007ffcf7a50000 - 0x00007ffcf7b75000 	C:\Windows\System32\RPCRT4.dll
0x00007ffcf9050000 - 0x00007ffcf9058000 	C:\Windows\System32\PSAPI.DLL
0x00007ffcebe80000 - 0x00007ffcebe89000 	C:\Windows\SYSTEM32\WSOCK32.dll
0x00007ffcf8620000 - 0x00007ffcf868b000 	C:\Windows\System32\WS2_32.dll
0x00007ffcee600000 - 0x00007ffcee627000 	C:\Windows\SYSTEM32\WINMM.dll
0x00007ffcee630000 - 0x00007ffcee63a000 	C:\Windows\SYSTEM32\VERSION.dll
0x00007ffcf4db0000 - 0x00007ffcf4dc2000 	C:\Windows\SYSTEM32\kernel.appcore.dll
0x00007ffcf3be0000 - 0x00007ffcf3bf0000 	C:\Program Files\Java\graalvm-ce-java11-22.3.0\bin\verify.dll
0x00007ffce81c0000 - 0x00007ffce83a4000 	C:\Windows\SYSTEM32\DBGHELP.DLL
0x00007ffce55c0000 - 0x00007ffce55ec000 	C:\Windows\SYSTEM32\dbgcore.DLL
0x00007ffcf7520000 - 0x00007ffcf75a2000 	C:\Windows\System32\bcryptPrimitives.dll
0x00007ffcde760000 - 0x00007ffcde788000 	C:\Program Files\Java\graalvm-ce-java11-22.3.0\bin\java.dll
0x00007ffce9970000 - 0x00007ffce997a000 	C:\Program Files\Java\graalvm-ce-java11-22.3.0\bin\jimage.dll
0x00007ffcdc5f0000 - 0x00007ffcdc628000 	C:\Program Files\Java\graalvm-ce-java11-22.3.0\bin\jdwp.dll
0x00007ffcf2940000 - 0x00007ffcf294e000 	C:\Program Files\Java\graalvm-ce-java11-22.3.0\bin\instrument.dll
0x00007ffcdf450000 - 0x00007ffcdf468000 	C:\Program Files\Java\graalvm-ce-java11-22.3.0\bin\zip.dll
0x00007ffcf7d60000 - 0x00007ffcf84a4000 	C:\Windows\System32\SHELL32.dll
0x00007ffcf4fb0000 - 0x00007ffcf5744000 	C:\Windows\SYSTEM32\windows.storage.dll
0x00007ffcf93f0000 - 0x00007ffcf9744000 	C:\Windows\System32\combase.dll
0x00007ffcf68a0000 - 0x00007ffcf68d0000 	C:\Windows\SYSTEM32\Wldp.dll
0x00007ffcf7b80000 - 0x00007ffcf7c2d000 	C:\Windows\System32\SHCORE.dll
0x00007ffcf92a0000 - 0x00007ffcf92f5000 	C:\Windows\System32\shlwapi.dll
0x00007ffcf6df0000 - 0x00007ffcf6e0f000 	C:\Windows\SYSTEM32\profapi.dll
0x00007ffcb76b0000 - 0x00007ffcb951d000 	C:\Program Files\Java\graalvm-ce-java11-22.3.0\bin\jvmcicompiler.dll
0x00007ffcf6d70000 - 0x00007ffcf6d9e000 	C:\Windows\SYSTEM32\USERENV.dll
0x00007ffcf6600000 - 0x00007ffcf666a000 	C:\Windows\SYSTEM32\MSWSOCK.dll
0x00007ffcf6290000 - 0x00007ffcf62cb000 	C:\Windows\SYSTEM32\IPHLPAPI.DLL
0x00007ffce9890000 - 0x00007ffce989a000 	C:\Program Files\Java\graalvm-ce-java11-22.3.0\bin\dt_socket.dll
0x00007ffcde740000 - 0x00007ffcde759000 	C:\Program Files\Java\graalvm-ce-java11-22.3.0\bin\net.dll
0x00007ffce6fc0000 - 0x00007ffce70ca000 	C:\Windows\SYSTEM32\WINHTTP.dll
0x00007ffcde720000 - 0x00007ffcde733000 	C:\Program Files\Java\graalvm-ce-java11-22.3.0\bin\nio.dll
0x00007ffcdb8b0000 - 0x00007ffcdb925000 	C:\!TEMP\lwjglDaniil\3.3.1-build-7\lwjgl.dll
0x00007ffcdb840000 - 0x00007ffcdb8a1000 	C:\!TEMP\lwjglDaniil\3.3.1-build-7\glfw.dll
0x00007ffcdb7f0000 - 0x00007ffcdb835000 	C:\Windows\SYSTEM32\dinput8.dll
0x00007ffcde1f0000 - 0x00007ffcde201000 	C:\Windows\SYSTEM32\xinput1_4.dll
0x00007ffcf7330000 - 0x00007ffcf737e000 	C:\Windows\System32\cfgmgr32.dll
0x00007ffcf6960000 - 0x00007ffcf698c000 	C:\Windows\SYSTEM32\DEVOBJ.dll
0x00007ffcf4ac0000 - 0x00007ffcf4aef000 	C:\Windows\SYSTEM32\dwmapi.dll
0x00007ffcf0670000 - 0x00007ffcf07c2000 	C:\Windows\SYSTEM32\inputhost.dll
0x00007ffcf8550000 - 0x00007ffcf861d000 	C:\Windows\System32\OLEAUT32.dll
0x00007ffcf4420000 - 0x00007ffcf4512000 	C:\Windows\SYSTEM32\CoreMessaging.dll
0x00007ffcf2a70000 - 0x00007ffcf2b66000 	C:\Windows\SYSTEM32\PROPSYS.dll
0x00007ffcf3800000 - 0x00007ffcf3954000 	C:\Windows\SYSTEM32\wintypes.dll
0x00007ffcf40c0000 - 0x00007ffcf441e000 	C:\Windows\SYSTEM32\CoreUIComponents.dll
0x00007ffcf5bf0000 - 0x00007ffcf5c23000 	C:\Windows\SYSTEM32\ntmarta.dll
0x00007ffcf48d0000 - 0x00007ffcf496e000 	C:\Windows\system32\uxtheme.dll
0x00007ffcf86f0000 - 0x00007ffcf8805000 	C:\Windows\System32\MSCTF.dll
0x00007ffcf09e0000 - 0x00007ffcf0ad9000 	C:\Windows\SYSTEM32\textinputframework.dll
0x00007ffcdb6e0000 - 0x00007ffcdb7ef000 	C:\Windows\SYSTEM32\vulkan-1.dll
0x00007ffcf57b0000 - 0x00007ffcf58a3000 	C:\Windows\system32\dxgi.dll
0x00007ffca0860000 - 0x00007ffca341c000 	C:\Windows\System32\DriverStore\FileRepository\u0382934.inf_amd64_cbf07db13ec1507d\B381983\amdvlk64.dll
0x00007ffcf8be0000 - 0x00007ffcf904f000 	C:\Windows\System32\SETUPAPI.dll
0x00007ffcf74f0000 - 0x00007ffcf7517000 	C:\Windows\System32\bcrypt.dll
0x00007ffcebfe0000 - 0x00007ffcec010000 	C:\Windows\SYSTEM32\amdihk64.dll
0x00007ffc9e5d0000 - 0x00007ffca085c000 	C:\VulkanSDK\1.3.231.1\Bin\VkLayer_khronos_validation.dll
0x00007ffcf7380000 - 0x00007ffcf73e8000 	C:\Windows\System32\WINTRUST.dll
0x00007ffcf7660000 - 0x00007ffcf77b6000 	C:\Windows\System32\CRYPT32.dll
0x00007ffcf6b00000 - 0x00007ffcf6b12000 	C:\Windows\SYSTEM32\MSASN1.dll

dbghelp: loaded successfully - version: 4.0.5 - missing functions: none
symbol engine: initialized successfully - sym options: 0x614 - pdb path: .;C:\Program Files\Java\graalvm-ce-java11-22.3.0\bin;C:\Windows\SYSTEM32;C:\Windows\WinSxS\amd64_microsoft.windows.common-controls_6595b64144ccf1df_6.0.19041.1110_none_60b5254171f9507e;C:\Program Files\Java\graalvm-ce-java11-22.3.0\bin\server;C:\!TEMP\lwjglDaniil\3.3.1-build-7;C:\Windows\System32\DriverStore\FileRepository\u0382934.inf_amd64_cbf07db13ec1507d\B381983;C:\VulkanSDK\1.3.231.1\Bin

VM Arguments:
jvm_args: -XX:ThreadPriorityPolicy=1 -XX:+UnlockExperimentalVMOptions -XX:+EnableJVMCIProduct -XX:JVMCIThreadsPerNativeLibraryRuntime=1 -XX:-UnlockExperimentalVMOptions -agentlib:jdwp=transport=dt_socket,address=127.0.0.1:52373,suspend=y,server=n -javaagent:C:\Users\Daniil\AppData\Local\JetBrains\IntelliJIdea2022.3\captureAgent\debugger-agent.jar -Dfile.encoding=UTF-8 
java_command: com.KGAFT.VulkanGameEngine.Main
java_class_path (initial): C:\Users\Daniil\Documents\JavaGameEngine\VulkanVersion\target\classes;C:\Users\Daniil\.m2\repository\org\lwjgl\lwjgl\3.3.1\lwjgl-3.3.1.jar;C:\Users\Daniil\.m2\repository\org\lwjgl\lwjgl-assimp\3.3.1\lwjgl-assimp-3.3.1.jar;C:\Users\Daniil\.m2\repository\org\lwjgl\lwjgl-glfw\3.3.1\lwjgl-glfw-3.3.1.jar;C:\Users\Daniil\.m2\repository\org\lwjgl\lwjgl-openal\3.3.1\lwjgl-openal-3.3.1.jar;C:\Users\Daniil\.m2\repository\org\lwjgl\lwjgl-stb\3.3.1\lwjgl-stb-3.3.1.jar;C:\Users\Daniil\.m2\repository\org\lwjgl\lwjgl-vulkan\3.3.1\lwjgl-vulkan-3.3.1.jar;C:\Users\Daniil\.m2\repository\org\lwjgl\lwjgl\3.3.1\lwjgl-3.3.1-natives-windows.jar;C:\Users\Daniil\.m2\repository\org\lwjgl\lwjgl-assimp\3.3.1\lwjgl-assimp-3.3.1-natives-windows.jar;C:\Users\Daniil\.m2\repository\org\lwjgl\lwjgl-glfw\3.3.1\lwjgl-glfw-3.3.1-natives-windows.jar;C:\Users\Daniil\.m2\repository\org\lwjgl\lwjgl-openal\3.3.1\lwjgl-openal-3.3.1-natives-windows.jar;C:\Users\Daniil\.m2\repository\org\lwjgl\lwjgl-stb\3.3.1\lwjgl-stb-3.3.1-natives-windows.jar;C:\Users\Daniil\.m2\repository\org\joml\joml\1.10.5\joml-1.10.5.jar;C:\Users\Daniil\.m2\repository\org\lwjglx\lwjgl3-awt\0.1.8\lwjgl3-awt-0.1.8.jar;C:\Users\Daniil\.m2\repository\org\lwjgl\lwjgl-jawt\3.3.1\lwjgl-jawt-3.3.1.jar;C:\Program Files\JetBrains\IntelliJ IDEA 2022.3\lib\idea_rt.jar
Launcher Type: SUN_STANDARD

[Global flags]
     intx CICompilerCount                          = 2                                         {product} {ergonomic}
     uint ConcGCThreads                            = 1                                         {product} {ergonomic}
     bool EnableJVMCIProduct                       = true                                {JVMCI product} {jimage}
     uint G1ConcRefinementThreads                  = 2                                         {product} {ergonomic}
   size_t G1HeapRegionSize                         = 1048576                                   {product} {ergonomic}
    uintx GCDrainStackTargetSize                   = 64                                        {product} {ergonomic}
   size_t InitialHeapSize                          = 67108864                                  {product} {ergonomic}
     uint JVMCIThreadsPerNativeLibraryRuntime      = 1                                   {JVMCI product} {jimage}
   size_t MarkStackSize                            = 4194304                                   {product} {ergonomic}
   size_t MaxHeapSize                              = 1044381696                                {product} {ergonomic}
   size_t MaxNewSize                               = 625999872                                 {product} {ergonomic}
   size_t MinHeapDeltaBytes                        = 1048576                                   {product} {ergonomic}
    uintx NonNMethodCodeHeapSize                   = 5825164                                {pd product} {ergonomic}
    uintx NonProfiledCodeHeapSize                  = 164859578                              {pd product} {ergonomic}
    uintx ProfiledCodeHeapSize                     = 164859578                              {pd product} {ergonomic}
    uintx ReservedCodeCacheSize                    = 335544320                              {pd product} {ergonomic}
     bool SegmentedCodeCache                       = true                                      {product} {ergonomic}
     intx ThreadPriorityPolicy                     = 1                                         {product} {jimage}
     bool UseCompressedClassPointers               = true                                 {lp64_product} {ergonomic}
     bool UseCompressedOops                        = true                                 {lp64_product} {ergonomic}
     bool UseG1GC                                  = true                                      {product} {ergonomic}
     bool UseLargePagesIndividualAllocation        = false                                  {pd product} {ergonomic}

Logging:
Log output configuration:
 #0: stdout all=warning uptime,level,tags
 #1: stderr all=off uptime,level,tags

Environment Variables:
JAVA_HOME=C:\Program Files\Java\graalvm-ce-java11-22.3.0
PATH=C:\VulkanSDK\1.3.231.1\Bin;C:\Windows\system32;C:\Windows;C:\Windows\System32\Wbem;C:\Windows\System32\WindowsPowerShell\v1.0\;C:\Windows\System32\OpenSSH\;C:\Program Files\Java\graalvm-ce-java11-22.3.0\bin;C:\Program Files\Git\cmd;C:\Users\Daniil\AppData\Local\Microsoft\WindowsApps;;C:\Program Files\JetBrains\IntelliJ IDEA 2022.3\bin;
USERNAME=Daniil
OS=Windows_NT
PROCESSOR_IDENTIFIER=AMD64 Family 21 Model 112 Stepping 0, AuthenticAMD
TMP=C:\!TEMP
TEMP=C:\!TEMP



---------------  S Y S T E M  ---------------

OS: Windows 10 , 64 bit Build 19041 (10.0.19041.1889)
OS uptime: 0 days 8:13 hours

CPU:total 2 (initial active 2) (2 cores per cpu, 1 threads per core) family 21 model 112 stepping 0 microcode 0x0, cmov, cx8, fxsr, mmx, sse, sse2, sse3, ssse3, sse4.1, sse4.2, popcnt, avx, avx2, aes, clmul, mmxext, 3dnowpref, lzcnt, sse4a, tsc, tscinvbit, tscinv, bmi1, bmi2, fma

Memory: 4k page, system-wide physical 3981M (504M free)
TotalPageFile size 12177M (AvailPageFile size 5119M)
current process WorkingSet (physical memory assigned to process): 124M, peak: 131M
current process commit charge ("private bytes"): 228M, peak: 233M

vm_info: OpenJDK 64-Bit Server VM (11.0.17+8-jvmci-22.3-b08) for windows-amd64 JRE (11.0.17+8-jvmci-22.3-b08), built on Oct 19 2022 01:56:15 by "" with MS VC++ 15.9 (VS2017)

END.
