#
# A fatal error has been detected by the Java Runtime Environment:
#
#  EXCEPTION_ACCESS_VIOLATION (0xc0000005) at pc=0x00007ffcdf9c1358, pid=8516, tid=8452
#
# JRE version: OpenJDK Runtime Environment GraalVM CE 22.3.0 (11.0.17+8) (build 11.0.17+8-jvmci-22.3-b08)
# Java VM: OpenJDK 64-Bit Server VM GraalVM CE 22.3.0 (11.0.17+8-jvmci-22.3-b08, mixed mode, sharing, tiered, jvmci, jvmci compiler, compressed oops, g1 gc, windows-amd64)
# Problematic frame:
# C  [VCRUNTIME140.dll+0x1358]
#
# No core dump will be written. Minidumps are not enabled by default on client versions of Windows
#
# If you would like to submit a bug report, please visit:
#   https://github.com/oracle/graal/issues
# The crash happened outside the Java Virtual Machine in native code.
# See problematic frame for where to report the bug.
#

---------------  S U M M A R Y ------------

Command Line: -XX:ThreadPriorityPolicy=1 -XX:+UnlockExperimentalVMOptions -XX:+EnableJVMCIProduct -XX:JVMCIThreadsPerNativeLibraryRuntime=1 -XX:-UnlockExperimentalVMOptions -javaagent:C:\Program Files\JetBrains\IntelliJ IDEA 2022.3\lib\idea_rt.jar=52405:C:\Program Files\JetBrains\IntelliJ IDEA 2022.3\bin -Dfile.encoding=UTF-8 com.KGAFT.VulkanGameEngine.Main

Host: AMD A4-9120 RADEON R3, 4 COMPUTE CORES 2C+2G   , 2 cores, 3G,  Windows 10 , 64 bit Build 19041 (10.0.19041.1889)
Time: Sun Dec  4 22:43:54 2022 RTZ 2 (s 10 , 64 bit Build 19041 (10.0.19041.1889) elapsed time: 2.782022 seconds (0d 0h 0m 2s)

---------------  T H R E A D  ---------------

Current thread (0x000001d049e89000):  JavaThread "main" [_thread_in_native, id=8452, stack(0x000000162f600000,0x000000162f700000)]

Stack: [0x000000162f600000,0x000000162f700000],  sp=0x000000162f6fe9f8,  free space=1018k
Native frames: (J=compiled Java code, j=interpreted, Vv=VM code, C=native code)
C  [VCRUNTIME140.dll+0x1358]
C  [VkLayer_khronos_validation.dll+0x2e17c4]

Java frames: (J=compiled Java code, j=interpreted, Vv=VM code)
j  org.lwjgl.system.JNI.callPPPPI(JJJJJ)I+0
j  org.lwjgl.vulkan.VK10.nvkCreateDevice(Lorg/lwjgl/vulkan/VkPhysicalDevice;JJJ)I+29
j  org.lwjgl.vulkan.VK10.vkCreateDevice(Lorg/lwjgl/vulkan/VkPhysicalDevice;Lorg/lwjgl/vulkan/VkDeviceCreateInfo;Lorg/lwjgl/vulkan/VkAllocationCallbacks;Lorg/lwjgl/PointerBuffer;)I+24
j  com.KGAFT.VulkanGameEngine.VKRenderer.VulkanRenderer.createLogicalDevice(Lcom/KGAFT/VulkanGameEngine/VKRenderer/PhysicalDevice;)V+91
j  com.KGAFT.VulkanGameEngine.Main.main([Ljava/lang/String;)V+39
v  ~StubRoutines::call_stub

siginfo: EXCEPTION_ACCESS_VIOLATION (0xc0000005), reading address 0x0000000000000010


Register to memory mapping:

RIP=0x00007ffcdf9c1358 VCRUNTIME140.dll
RAX=0x000001d06d2ab3b0 points into unknown readable memory: 0x0000646e65707061 | 61 70 70 65 6e 64 00 00
RBX=0x000001d07179c9a8 points into unknown readable memory: 0x69765f7200000002 | 02 00 00 00 72 5f 76 69
RCX=0x00007ffcdf9c1358 VCRUNTIME140.dll
RDX=0x0000000000000010 is an unknown value
RSP=0x000000162f6fe9f8 is pointing into the stack for thread: 0x000001d049e89000
RBP=0x000001d06d2ab420 points into unknown readable memory: 0x006c6c754e6e6f6e | 6e 6f 6e 4e 75 6c 6c 00
RSI=0x0000000000000001 is an unknown value
RDI=0x000001d0714e1170 points into unknown readable memory: 0x0000000000000002 | 02 00 00 00 00 00 00 00
R8 =0x0000000000000004 is an unknown value
R9 =0x00007ffcdf9c0000 VCRUNTIME140.dll
R10=0x0000000000000010 is an unknown value
R11=0x000001d06d2ab3b0 points into unknown readable memory: 0x0000646e65707061 | 61 70 70 65 6e 64 00 00
R12=0x0 is NULL
R13=0xffffffffffffffff is an unknown value
R14=0x0 is NULL
R15=0x000000162f6ff1d0 is pointing into the stack for thread: 0x000001d049e89000


Registers:
RAX=0x000001d06d2ab3b0, RBX=0x000001d07179c9a8, RCX=0x00007ffcdf9c1358, RDX=0x0000000000000010
RSP=0x000000162f6fe9f8, RBP=0x000001d06d2ab420, RSI=0x0000000000000001, RDI=0x000001d0714e1170
R8 =0x0000000000000004, R9 =0x00007ffcdf9c0000, R10=0x0000000000000010, R11=0x000001d06d2ab3b0
R12=0x0000000000000000, R13=0xffffffffffffffff, R14=0x0000000000000000, R15=0x000000162f6ff1d0
RIP=0x00007ffcdf9c1358, EFLAGS=0x0000000000010202

Top of Stack: (sp=0x000000162f6fe9f8)
0x000000162f6fe9f8:   00007ffc9e8b17c4 0000000000000001
0x000000162f6fea08:   0000000000000001 000000162f6ff1d0
0x000000162f6fea18:   0000000000000000 000000162f6feb60
0x000000162f6fea28:   00007ffc9e84bb0b 0000000000000000
0x000000162f6fea38:   0000000000000028 000001d07179c9a8
0x000000162f6fea48:   0000000000000001 00007ffc9e8750c0
0x000000162f6fea58:   000000162f6fea90 fffffffffffffffe
0x000000162f6fea68:   0000000300000002 000001d0718ad750
0x000000162f6fea78:   000000162f6ff1d0 000000162f6ff178
0x000000162f6fea88:   0000000000000002 000000162f6ff188
0x000000162f6fea98:   000001d07158b120 000000162f6febb0
0x000000162f6feaa8:   00007ffc9e791eed 0000000000000001
0x000000162f6feab8:   000001d07179c9a0 00000000004020aa
0x000000162f6feac8:   00007ffcdc5d388e 000001d07179a0e0
0x000000162f6fead8:   0000000000000000 00007ffcdb746a50
0x000000162f6feae8:   0000000000000000 000001d0718ad750 

Instructions: (pc=0x00007ffcdf9c1358)
0x00007ffcdf9c1258:   8d 04 10 48 3b c8 0f 82 2c 03 00 00 49 81 f8 80
0x00007ffcdf9c1268:   00 00 00 0f 86 5f 02 00 00 0f ba 25 33 01 01 00
0x00007ffcdf9c1278:   01 0f 83 a1 01 00 00 eb 9f 66 66 66 66 66 66 66
0x00007ffcdf9c1288:   0f 1f 84 00 00 00 00 00 0f 10 02 42 0f 10 4c 02
0x00007ffcdf9c1298:   f0 0f 11 01 42 0f 11 4c 01 f0 48 8b c1 c3 66 66
0x00007ffcdf9c12a8:   0f 1f 84 00 00 00 00 00 48 8b c1 4c 8d 0d 46 ed
0x00007ffcdf9c12b8:   ff ff 43 8b 8c 81 c7 12 00 00 49 03 c9 ff e1 10
0x00007ffcdf9c12c8:   13 00 00 2f 13 00 00 11 13 00 00 1f 13 00 00 58
0x00007ffcdf9c12d8:   13 00 00 60 13 00 00 70 13 00 00 80 13 00 00 18
0x00007ffcdf9c12e8:   13 00 00 b0 13 00 00 c0 13 00 00 40 13 00 00 d0
0x00007ffcdf9c12f8:   13 00 00 98 13 00 00 e0 13 00 00 00 14 00 00 35
0x00007ffcdf9c1308:   13 00 00 0f 1f 44 00 00 c3 0f b7 0a 66 89 08 c3
0x00007ffcdf9c1318:   48 8b 0a 48 89 08 c3 0f b7 0a 44 0f b6 42 02 66
0x00007ffcdf9c1328:   89 08 44 88 40 02 c3 0f b6 0a 88 08 c3 f3 0f 6f
0x00007ffcdf9c1338:   02 f3 0f 7f 00 c3 66 90 4c 8b 02 0f b7 4a 08 44
0x00007ffcdf9c1348:   0f b6 4a 0a 4c 89 00 66 89 48 08 44 88 48 0a c3
0x00007ffcdf9c1358:   8b 0a 89 08 c3 0f 1f 00 8b 0a 44 0f b6 42 04 89
0x00007ffcdf9c1368:   08 44 88 40 04 c3 66 90 8b 0a 44 0f b7 42 04 89
0x00007ffcdf9c1378:   08 66 44 89 40 04 c3 90 8b 0a 44 0f b7 42 04 44
0x00007ffcdf9c1388:   0f b6 4a 06 89 08 66 44 89 40 04 44 88 48 06 c3
0x00007ffcdf9c1398:   4c 8b 02 8b 4a 08 44 0f b6 4a 0c 4c 89 00 89 48
0x00007ffcdf9c13a8:   08 44 88 48 0c c3 66 90 4c 8b 02 0f b6 4a 08 4c
0x00007ffcdf9c13b8:   89 00 88 48 08 c3 66 90 4c 8b 02 0f b7 4a 08 4c
0x00007ffcdf9c13c8:   89 00 66 89 48 08 c3 90 4c 8b 02 8b 4a 08 4c 89
0x00007ffcdf9c13d8:   00 89 48 08 c3 0f 1f 00 4c 8b 02 8b 4a 08 44 0f
0x00007ffcdf9c13e8:   b7 4a 0c 4c 89 00 89 48 08 66 44 89 48 0c c3 66
0x00007ffcdf9c13f8:   0f 1f 84 00 00 00 00 00 4c 8b 02 8b 4a 08 44 0f
0x00007ffcdf9c1408:   b7 4a 0c 44 0f b6 52 0e 4c 89 00 89 48 08 66 44
0x00007ffcdf9c1418:   89 48 0c 44 88 50 0e c3 0f 10 04 11 4c 03 c1 48
0x00007ffcdf9c1428:   83 c1 10 41 f6 c3 0f 74 13 0f 28 c8 48 83 e1 f0
0x00007ffcdf9c1438:   0f 10 04 11 48 83 c1 10 41 0f 11 0b 4c 2b c1 4d
0x00007ffcdf9c1448:   8b c8 49 c1 e9 07 0f 84 88 00 00 00 0f 29 41 f0 


Stack slot to memory mapping:
stack at sp + 0 slots: 0x00007ffc9e8b17c4 VkLayer_khronos_validation.dll
stack at sp + 1 slots: 0x0000000000000001 is an unknown value
stack at sp + 2 slots: 0x0000000000000001 is an unknown value
stack at sp + 3 slots: 0x000000162f6ff1d0 is pointing into the stack for thread: 0x000001d049e89000
stack at sp + 4 slots: 0x0 is NULL
stack at sp + 5 slots: 0x000000162f6feb60 is pointing into the stack for thread: 0x000001d049e89000
stack at sp + 6 slots: 0x00007ffc9e84bb0b VkLayer_khronos_validation.dll
stack at sp + 7 slots: 0x0 is NULL


---------------  P R O C E S S  ---------------

Threads class SMR info:
_java_thread_list=0x000001d06cf563f0, length=11, elements={
0x000001d049e89000, 0x000001d06ccad800, 0x000001d06ccae800, 0x000001d06ccca800,
0x000001d06cccb800, 0x000001d06cccd000, 0x000001d06ccd0000, 0x000001d06ccd2000,
0x000001d06ccf0800, 0x000001d049f59000, 0x000001d06cfed800
}

Java Threads: ( => current thread )
=>0x000001d049e89000 JavaThread "main" [_thread_in_native, id=8452, stack(0x000000162f600000,0x000000162f700000)]
  0x000001d06ccad800 JavaThread "Reference Handler" daemon [_thread_blocked, id=6236, stack(0x000000162fd00000,0x000000162fe00000)]
  0x000001d06ccae800 JavaThread "Finalizer" daemon [_thread_blocked, id=6396, stack(0x000000162fe00000,0x000000162ff00000)]
  0x000001d06ccca800 JavaThread "Signal Dispatcher" daemon [_thread_blocked, id=3024, stack(0x000000162ff00000,0x0000001630000000)]
  0x000001d06cccb800 JavaThread "Attach Listener" daemon [_thread_blocked, id=6428, stack(0x0000001630000000,0x0000001630100000)]
  0x000001d06cccd000 JavaThread "Service Thread" daemon [_thread_blocked, id=5856, stack(0x0000001630100000,0x0000001630200000)]
  0x000001d06ccd0000 JavaThread "JVMCI-native CompilerThread0" daemon [_thread_blocked, id=8636, stack(0x0000001630200000,0x0000001630300000)]
  0x000001d06ccd2000 JavaThread "C1 CompilerThread0" daemon [_thread_blocked, id=3376, stack(0x0000001630300000,0x0000001630400000)]
  0x000001d06ccf0800 JavaThread "Sweeper thread" daemon [_thread_blocked, id=7768, stack(0x0000001630400000,0x0000001630500000)]
  0x000001d049f59000 JavaThread "Common-Cleaner" daemon [_thread_blocked, id=6568, stack(0x0000001630500000,0x0000001630600000)]
  0x000001d06cfed800 JavaThread "Monitor Ctrl-Break" daemon [_thread_in_native, id=5804, stack(0x0000001630600000,0x0000001630700000)]

Other Threads:
  0x000001d06cca8800 VMThread "VM Thread" [stack: 0x000000162fc00000,0x000000162fd00000] [id=8332]
  0x000001d06cff2800 WatcherThread [stack: 0x0000001630700000,0x0000001630800000] [id=8648]
  0x000001d049ea0000 GCTaskThread "GC Thread#0" [stack: 0x000000162f700000,0x000000162f800000] [id=2772]
  0x000001d06d1ac800 GCTaskThread "GC Thread#1" [stack: 0x0000001630b00000,0x0000001630c00000] [id=8248]
  0x000001d049ebd800 ConcurrentGCThread "G1 Main Marker" [stack: 0x000000162f800000,0x000000162f900000] [id=7660]
  0x000001d049ec0800 ConcurrentGCThread "G1 Conc#0" [stack: 0x000000162f900000,0x000000162fa00000] [id=8860]
  0x000001d049f0d800 ConcurrentGCThread "G1 Refine#0" [stack: 0x000000162fa00000,0x000000162fb00000] [id=5212]
  0x000001d049f0f800 ConcurrentGCThread "G1 Young RemSet Sampling" [stack: 0x000000162fb00000,0x000000162fc00000] [id=3180]

Threads with active compile tasks:

VM state:not at safepoint (normal execution)

VM Mutex/Monitor currently owned by a thread: None

Heap address: 0x00000000c1c00000, size: 996 MB, Compressed Oops mode: 32-bit
Narrow klass base: 0x0000000800000000, Narrow klass shift: 3
Compressed class space size: 1073741824 Address: 0x0000000840000000

Heap:
 garbage-first heap   total 65536K, used 3561K [0x00000000c1c00000, 0x0000000100000000)
  region size 1024K, 3 young (3072K), 1 survivors (1024K)
 Metaspace       used 4593K, capacity 6770K, committed 6784K, reserved 1056768K
  class space    used 352K, capacity 630K, committed 640K, reserved 1048576K
Heap Regions: E=young(eden), S=young(survivor), O=old, HS=humongous(starts), HC=humongous(continues), CS=collection set, F=free, A=archive, TAMS=top-at-mark-start (previous, next)
|   0|0x00000000c1c00000, 0x00000000c1d00000, 0x00000000c1d00000|100%| O|  |TAMS 0x00000000c1c00000, 0x00000000c1c00000| Untracked 
|   1|0x00000000c1d00000, 0x00000000c1e00000, 0x00000000c1e00000|100%| O|  |TAMS 0x00000000c1d00000, 0x00000000c1d00000| Untracked 
|   2|0x00000000c1e00000, 0x00000000c1e2e200, 0x00000000c1f00000| 18%| O|  |TAMS 0x00000000c1e00000, 0x00000000c1e00000| Untracked 
|   3|0x00000000c1f00000, 0x00000000c1f00000, 0x00000000c2000000|  0%| F|  |TAMS 0x00000000c1f00000, 0x00000000c1f00000| Untracked 
|   4|0x00000000c2000000, 0x00000000c2000000, 0x00000000c2100000|  0%| F|  |TAMS 0x00000000c2000000, 0x00000000c2000000| Untracked 
|   5|0x00000000c2100000, 0x00000000c2100000, 0x00000000c2200000|  0%| F|  |TAMS 0x00000000c2100000, 0x00000000c2100000| Untracked 
|   6|0x00000000c2200000, 0x00000000c2200000, 0x00000000c2300000|  0%| F|  |TAMS 0x00000000c2200000, 0x00000000c2200000| Untracked 
|   7|0x00000000c2300000, 0x00000000c2300000, 0x00000000c2400000|  0%| F|  |TAMS 0x00000000c2300000, 0x00000000c2300000| Untracked 
|   8|0x00000000c2400000, 0x00000000c2400000, 0x00000000c2500000|  0%| F|  |TAMS 0x00000000c2400000, 0x00000000c2400000| Untracked 
|   9|0x00000000c2500000, 0x00000000c2500000, 0x00000000c2600000|  0%| F|  |TAMS 0x00000000c2500000, 0x00000000c2500000| Untracked 
|  10|0x00000000c2600000, 0x00000000c2600000, 0x00000000c2700000|  0%| F|  |TAMS 0x00000000c2600000, 0x00000000c2600000| Untracked 
|  11|0x00000000c2700000, 0x00000000c2700000, 0x00000000c2800000|  0%| F|  |TAMS 0x00000000c2700000, 0x00000000c2700000| Untracked 
|  12|0x00000000c2800000, 0x00000000c2800000, 0x00000000c2900000|  0%| F|  |TAMS 0x00000000c2800000, 0x00000000c2800000| Untracked 
|  13|0x00000000c2900000, 0x00000000c2900000, 0x00000000c2a00000|  0%| F|  |TAMS 0x00000000c2900000, 0x00000000c2900000| Untracked 
|  14|0x00000000c2a00000, 0x00000000c2a00000, 0x00000000c2b00000|  0%| F|  |TAMS 0x00000000c2a00000, 0x00000000c2a00000| Untracked 
|  15|0x00000000c2b00000, 0x00000000c2b00000, 0x00000000c2c00000|  0%| F|  |TAMS 0x00000000c2b00000, 0x00000000c2b00000| Untracked 
|  16|0x00000000c2c00000, 0x00000000c2c00000, 0x00000000c2d00000|  0%| F|  |TAMS 0x00000000c2c00000, 0x00000000c2c00000| Untracked 
|  17|0x00000000c2d00000, 0x00000000c2d00000, 0x00000000c2e00000|  0%| F|  |TAMS 0x00000000c2d00000, 0x00000000c2d00000| Untracked 
|  18|0x00000000c2e00000, 0x00000000c2e00000, 0x00000000c2f00000|  0%| F|  |TAMS 0x00000000c2e00000, 0x00000000c2e00000| Untracked 
|  19|0x00000000c2f00000, 0x00000000c2f00000, 0x00000000c3000000|  0%| F|  |TAMS 0x00000000c2f00000, 0x00000000c2f00000| Untracked 
|  20|0x00000000c3000000, 0x00000000c3000000, 0x00000000c3100000|  0%| F|  |TAMS 0x00000000c3000000, 0x00000000c3000000| Untracked 
|  21|0x00000000c3100000, 0x00000000c3100000, 0x00000000c3200000|  0%| F|  |TAMS 0x00000000c3100000, 0x00000000c3100000| Untracked 
|  22|0x00000000c3200000, 0x00000000c3200000, 0x00000000c3300000|  0%| F|  |TAMS 0x00000000c3200000, 0x00000000c3200000| Untracked 
|  23|0x00000000c3300000, 0x00000000c3300000, 0x00000000c3400000|  0%| F|  |TAMS 0x00000000c3300000, 0x00000000c3300000| Untracked 
|  24|0x00000000c3400000, 0x00000000c3400000, 0x00000000c3500000|  0%| F|  |TAMS 0x00000000c3400000, 0x00000000c3400000| Untracked 
|  25|0x00000000c3500000, 0x00000000c3500000, 0x00000000c3600000|  0%| F|  |TAMS 0x00000000c3500000, 0x00000000c3500000| Untracked 
|  26|0x00000000c3600000, 0x00000000c3600000, 0x00000000c3700000|  0%| F|  |TAMS 0x00000000c3600000, 0x00000000c3600000| Untracked 
|  27|0x00000000c3700000, 0x00000000c3700000, 0x00000000c3800000|  0%| F|  |TAMS 0x00000000c3700000, 0x00000000c3700000| Untracked 
|  28|0x00000000c3800000, 0x00000000c3800000, 0x00000000c3900000|  0%| F|  |TAMS 0x00000000c3800000, 0x00000000c3800000| Untracked 
|  29|0x00000000c3900000, 0x00000000c3900000, 0x00000000c3a00000|  0%| F|  |TAMS 0x00000000c3900000, 0x00000000c3900000| Untracked 
|  30|0x00000000c3a00000, 0x00000000c3a00000, 0x00000000c3b00000|  0%| F|  |TAMS 0x00000000c3a00000, 0x00000000c3a00000| Untracked 
|  31|0x00000000c3b00000, 0x00000000c3b00000, 0x00000000c3c00000|  0%| F|  |TAMS 0x00000000c3b00000, 0x00000000c3b00000| Untracked 
|  32|0x00000000c3c00000, 0x00000000c3c00000, 0x00000000c3d00000|  0%| F|  |TAMS 0x00000000c3c00000, 0x00000000c3c00000| Untracked 
|  33|0x00000000c3d00000, 0x00000000c3d00000, 0x00000000c3e00000|  0%| F|  |TAMS 0x00000000c3d00000, 0x00000000c3d00000| Untracked 
|  34|0x00000000c3e00000, 0x00000000c3e00000, 0x00000000c3f00000|  0%| F|  |TAMS 0x00000000c3e00000, 0x00000000c3e00000| Untracked 
|  35|0x00000000c3f00000, 0x00000000c3f00000, 0x00000000c4000000|  0%| F|  |TAMS 0x00000000c3f00000, 0x00000000c3f00000| Untracked 
|  36|0x00000000c4000000, 0x00000000c4000000, 0x00000000c4100000|  0%| F|  |TAMS 0x00000000c4000000, 0x00000000c4000000| Untracked 
|  37|0x00000000c4100000, 0x00000000c4100000, 0x00000000c4200000|  0%| F|  |TAMS 0x00000000c4100000, 0x00000000c4100000| Untracked 
|  38|0x00000000c4200000, 0x00000000c4200000, 0x00000000c4300000|  0%| F|  |TAMS 0x00000000c4200000, 0x00000000c4200000| Untracked 
|  39|0x00000000c4300000, 0x00000000c4300000, 0x00000000c4400000|  0%| F|  |TAMS 0x00000000c4300000, 0x00000000c4300000| Untracked 
|  40|0x00000000c4400000, 0x00000000c4400000, 0x00000000c4500000|  0%| F|  |TAMS 0x00000000c4400000, 0x00000000c4400000| Untracked 
|  41|0x00000000c4500000, 0x00000000c4500000, 0x00000000c4600000|  0%| F|  |TAMS 0x00000000c4500000, 0x00000000c4500000| Untracked 
|  42|0x00000000c4600000, 0x00000000c4600000, 0x00000000c4700000|  0%| F|  |TAMS 0x00000000c4600000, 0x00000000c4600000| Untracked 
|  43|0x00000000c4700000, 0x00000000c4700000, 0x00000000c4800000|  0%| F|  |TAMS 0x00000000c4700000, 0x00000000c4700000| Untracked 
|  44|0x00000000c4800000, 0x00000000c4800000, 0x00000000c4900000|  0%| F|  |TAMS 0x00000000c4800000, 0x00000000c4800000| Untracked 
|  45|0x00000000c4900000, 0x00000000c4900000, 0x00000000c4a00000|  0%| F|  |TAMS 0x00000000c4900000, 0x00000000c4900000| Untracked 
|  46|0x00000000c4a00000, 0x00000000c4a00000, 0x00000000c4b00000|  0%| F|  |TAMS 0x00000000c4a00000, 0x00000000c4a00000| Untracked 
|  47|0x00000000c4b00000, 0x00000000c4b00000, 0x00000000c4c00000|  0%| F|  |TAMS 0x00000000c4b00000, 0x00000000c4b00000| Untracked 
|  48|0x00000000c4c00000, 0x00000000c4c00000, 0x00000000c4d00000|  0%| F|  |TAMS 0x00000000c4c00000, 0x00000000c4c00000| Untracked 
|  49|0x00000000c4d00000, 0x00000000c4d00000, 0x00000000c4e00000|  0%| F|  |TAMS 0x00000000c4d00000, 0x00000000c4d00000| Untracked 
|  50|0x00000000c4e00000, 0x00000000c4e00000, 0x00000000c4f00000|  0%| F|  |TAMS 0x00000000c4e00000, 0x00000000c4e00000| Untracked 
|  51|0x00000000c4f00000, 0x00000000c4f00000, 0x00000000c5000000|  0%| F|  |TAMS 0x00000000c4f00000, 0x00000000c4f00000| Untracked 
|  52|0x00000000c5000000, 0x00000000c5000000, 0x00000000c5100000|  0%| F|  |TAMS 0x00000000c5000000, 0x00000000c5000000| Untracked 
|  53|0x00000000c5100000, 0x00000000c5100000, 0x00000000c5200000|  0%| F|  |TAMS 0x00000000c5100000, 0x00000000c5100000| Untracked 
|  54|0x00000000c5200000, 0x00000000c5200000, 0x00000000c5300000|  0%| F|  |TAMS 0x00000000c5200000, 0x00000000c5200000| Untracked 
|  55|0x00000000c5300000, 0x00000000c5300000, 0x00000000c5400000|  0%| F|  |TAMS 0x00000000c5300000, 0x00000000c5300000| Untracked 
|  56|0x00000000c5400000, 0x00000000c5400000, 0x00000000c5500000|  0%| F|  |TAMS 0x00000000c5400000, 0x00000000c5400000| Untracked 
|  57|0x00000000c5500000, 0x00000000c5500000, 0x00000000c5600000|  0%| F|  |TAMS 0x00000000c5500000, 0x00000000c5500000| Untracked 
|  58|0x00000000c5600000, 0x00000000c5600000, 0x00000000c5700000|  0%| F|  |TAMS 0x00000000c5600000, 0x00000000c5600000| Untracked 
|  59|0x00000000c5700000, 0x00000000c5700000, 0x00000000c5800000|  0%| F|  |TAMS 0x00000000c5700000, 0x00000000c5700000| Untracked 
|  60|0x00000000c5800000, 0x00000000c584c380, 0x00000000c5900000| 29%| S|CS|TAMS 0x00000000c5800000, 0x00000000c5800000| Complete 
|  61|0x00000000c5900000, 0x00000000c5900000, 0x00000000c5a00000|  0%| F|  |TAMS 0x00000000c5900000, 0x00000000c5900000| Untracked 
|  62|0x00000000c5a00000, 0x00000000c5ae4a18, 0x00000000c5b00000| 89%| E|  |TAMS 0x00000000c5a00000, 0x00000000c5a00000| Complete 
|  63|0x00000000c5b00000, 0x00000000c5c00000, 0x00000000c5c00000|100%| E|CS|TAMS 0x00000000c5b00000, 0x00000000c5b00000| Complete 

Card table byte_map: [0x000001d067e60000,0x000001d068060000] _byte_map_base: 0x000001d067852000

Marking Bits (Prev, Next): (CMBitMap*) 0x000001d049eb88d8, (CMBitMap*) 0x000001d049eb8910
 Prev Bits: [0x000001d068260000, 0x000001d0691f0000)
 Next Bits: [0x000001d0691f0000, 0x000001d06a180000)

Polling page: 0x000001d048610000

Metaspace:

Usage:
  Non-class:      6.00 MB capacity,     4.14 MB ( 69%) used,     1.84 MB ( 31%) free+waste,    16.44 KB ( <1%) overhead. 
      Class:    630.00 KB capacity,   352.16 KB ( 56%) used,   268.59 KB ( 43%) free+waste,     9.25 KB (  1%) overhead. 
       Both:      6.61 MB capacity,     4.49 MB ( 68%) used,     2.10 MB ( 32%) free+waste,    25.69 KB ( <1%) overhead. 

Virtual space:
  Non-class space:        8.00 MB reserved,       6.00 MB ( 75%) committed 
      Class space:        1.00 GB reserved,     640.00 KB ( <1%) committed 
             Both:        1.01 GB reserved,       6.63 MB ( <1%) committed 

Chunk freelists:
   Non-Class:  4.00 KB
       Class:  0 bytes
        Both:  4.00 KB

MaxMetaspaceSize: 17179869184.00 GB
CompressedClassSpaceSize: 1.00 GB
Initial GC threshold: 20.80 MB
Current GC threshold: 20.80 MB
CDS: on

CodeHeap 'non-profiled nmethods': size=161024Kb used=287Kb max_used=287Kb free=160737Kb
 bounds [0x000001d05da80000, 0x000001d05ea80000, 0x000001d0677c0000]
CodeHeap 'profiled nmethods': size=160960Kb used=1748Kb max_used=1748Kb free=159212Kb
 bounds [0x000001d053d50000, 0x000001d054d50000, 0x000001d05da80000]
CodeHeap 'non-nmethods': size=5696Kb used=1559Kb max_used=1561Kb free=4136Kb
 bounds [0x000001d0537c0000, 0x000001d053d50000, 0x000001d053d50000]
 total_blobs=1868 nmethods=929 adapters=860
 compilation: enabled
              stopped_count=0, restarted_count=0
 full_count=0

JVMCI Events (9 events):
Event: 0.090 Thread 0x000001d049e89000 created new Java JVMCI runtime -1 (0x000001d049e9c5e0)
Event: 0.326 Thread 0x000001d06ccd0000 created new CompileBroker JVMCI runtime 0 (0x000001d06cf2a1e0)
Event: 0.326 Thread 0x000001d06ccd0000 attached to JVMCI runtime 0
Event: 0.331 Thread 0x000001d06ccd0000 loaded JVMCI shared library from C:\Program Files\Java\graalvm-ce-java11-22.3.0\bin\jvmcicompiler.dll
Event: 0.340 Thread 0x000001d06ccd0000 created JavaVM[1]@0x000001d06ded8080 for JVMCI runtime 0
Event: 0.340 Thread 0x000001d06ccd0000 initializing JVMCI runtime 0
Event: 0.340 Thread 0x000001d06ccd0000 initializing JavaVM references in JVMCI runtime 0
Event: 0.340 Thread 0x000001d06ccd0000 initialized JavaVM references in JVMCI runtime 0
Event: 0.344 Thread 0x000001d06ccd0000 initialized JVMCI runtime 0

Compilation events (20 events):
Event: 2.764 Thread 0x000001d06ccd2000 nmethod 919 0x000001d053efed10 code [0x000001d053efef00, 0x000001d053eff7f8]
Event: 2.764 Thread 0x000001d06ccd2000  920       3       java.lang.invoke.DirectMethodHandle$Holder::invokeStatic (18 bytes)
Event: 2.765 Thread 0x000001d06ccd2000 nmethod 920 0x000001d053eff910 code [0x000001d053effae0, 0x000001d053effed8]
Event: 2.765 Thread 0x000001d06ccd2000  921       3       java.lang.StringConcatHelper::newString (46 bytes)
Event: 2.766 Thread 0x000001d06ccd2000 nmethod 921 0x000001d053f00010 code [0x000001d053f002a0, 0x000001d053f00d48]
Event: 2.766 Thread 0x000001d06ccd2000  922       3       sun.nio.cs.UTF_8$Encoder::encodeLoop (28 bytes)
Event: 2.766 Thread 0x000001d06ccd2000 nmethod 922 0x000001d053f01110 code [0x000001d053f012e0, 0x000001d053f016d8]
Event: 2.766 Thread 0x000001d06ccd2000  923       3       java.io.OutputStreamWriter::flushBuffer (8 bytes)
Event: 2.767 Thread 0x000001d06ccd2000 nmethod 923 0x000001d053f01810 code [0x000001d053f019c0, 0x000001d053f01b08]
Event: 2.767 Thread 0x000001d06ccd2000  924   !   3       sun.nio.cs.StreamEncoder::flushBuffer (42 bytes)
Event: 2.767 Thread 0x000001d06ccd2000 nmethod 924 0x000001d053f01c10 code [0x000001d053f01e00, 0x000001d053f023d8]
Event: 2.767 Thread 0x000001d06ccd2000  925       3       sun.nio.cs.StreamEncoder::isOpen (13 bytes)
Event: 2.768 Thread 0x000001d06ccd2000 nmethod 925 0x000001d053f02610 code [0x000001d053f027a0, 0x000001d053f02918]
Event: 2.768 Thread 0x000001d06ccd2000  926   !   3       java.io.PrintStream::write (69 bytes)
Event: 2.768 Thread 0x000001d06ccd2000 nmethod 926 0x000001d053f02990 code [0x000001d053f02ba0, 0x000001d053f03778]
Event: 2.768 Thread 0x000001d06ccd2000  927  s    3       java.io.BufferedOutputStream::write (67 bytes)
Event: 2.769 Thread 0x000001d06ccd2000 nmethod 927 0x000001d053f03a90 code [0x000001d053f03ca0, 0x000001d053f04938]
Event: 2.769 Thread 0x000001d06ccd2000  928       3       java.io.FileOutputStream::write (20 bytes)
Event: 2.770 Thread 0x000001d06ccd2000 nmethod 928 0x000001d053f04b90 code [0x000001d053f04d40, 0x000001d053f04f08]
Event: 2.770 Thread 0x000001d06ccd0000  929       4       sun.nio.cs.UTF_8$Encoder::encodeArrayLoop (489 bytes)

GC Heap History (4 events):
Event: 1.621 GC heap before
{Heap before GC invocations=0 (full 0):
 garbage-first heap   total 65536K, used 7168K [0x00000000c1c00000, 0x0000000100000000)
  region size 1024K, 7 young (7168K), 0 survivors (0K)
 Metaspace       used 3055K, capacity 5725K, committed 6016K, reserved 1056768K
  class space    used 248K, capacity 529K, committed 640K, reserved 1048576K
}
Event: 1.652 GC heap after
{Heap after GC invocations=1 (full 0):
 garbage-first heap   total 65536K, used 2397K [0x00000000c1c00000, 0x0000000100000000)
  region size 1024K, 1 young (1024K), 1 survivors (1024K)
 Metaspace       used 3055K, capacity 5725K, committed 6016K, reserved 1056768K
  class space    used 248K, capacity 529K, committed 640K, reserved 1048576K
}
Event: 1.982 GC heap before
{Heap before GC invocations=1 (full 0):
 garbage-first heap   total 65536K, used 5469K [0x00000000c1c00000, 0x0000000100000000)
  region size 1024K, 4 young (4096K), 1 survivors (1024K)
 Metaspace       used 3979K, capacity 6358K, committed 6528K, reserved 1056768K
  class space    used 329K, capacity 619K, committed 640K, reserved 1048576K
}
Event: 1.987 GC heap after
{Heap after GC invocations=2 (full 0):
 garbage-first heap   total 65536K, used 2537K [0x00000000c1c00000, 0x0000000100000000)
  region size 1024K, 1 young (1024K), 1 survivors (1024K)
 Metaspace       used 3979K, capacity 6358K, committed 6528K, reserved 1056768K
  class space    used 329K, capacity 619K, committed 640K, reserved 1048576K
}

Deoptimization events (18 events):
Event: 0.859 Thread 0x000001d06cccb800 Uncommon trap: trap_request=0xffffffed fr.pc=0x000001d05da8b8d9 relative=0x00000000000000b9
Event: 0.859 Thread 0x000001d06cccb800 Uncommon trap: reason=null_assert_or_unreached0 action=reinterpret pc=0x000001d05da8b8d9 method=java.lang.String.charAt(I)C @ 0 jvmci
Event: 0.859 Thread 0x000001d06cccb800 DEOPT PACKING pc=0x000001d05da8b8d9 sp=0x00000016300fe510
Event: 0.859 Thread 0x000001d06cccb800 DEOPT UNPACKING pc=0x000001d05380a771 sp=0x00000016300fd9b8 mode 3
Event: 1.095 Thread 0x000001d049e89000 DEOPT PACKING pc=0x000001d053dabe68 sp=0x000000162f6fe310
Event: 1.095 Thread 0x000001d049e89000 DEOPT UNPACKING pc=0x000001d05380a771 sp=0x000000162f6fd780 mode 0
Event: 1.665 Thread 0x000001d049e89000 DEOPT PACKING pc=0x000001d053df0432 sp=0x000000162f6fc460
Event: 1.665 Thread 0x000001d049e89000 DEOPT UNPACKING pc=0x000001d05380a771 sp=0x000000162f6fb8c8 mode 0
Event: 1.676 Thread 0x000001d049e89000 DEOPT PACKING pc=0x000001d053d9c2d0 sp=0x000000162f6fc3e0
Event: 1.676 Thread 0x000001d049e89000 DEOPT UNPACKING pc=0x000001d05380a771 sp=0x000000162f6fb868 mode 0
Event: 2.176 Thread 0x000001d049e89000 Uncommon trap: trap_request=0xffffffed fr.pc=0x000001d05dabbf82 relative=0x0000000000000322
Event: 2.177 Thread 0x000001d049e89000 Uncommon trap: reason=null_assert_or_unreached0 action=reinterpret pc=0x000001d05dabbf82 method=jdk.internal.org.objectweb.asm.Type.getArgumentsAndReturnSizes(Ljava/lang/String;)I @ 24 jvmci
Event: 2.177 Thread 0x000001d049e89000 DEOPT PACKING pc=0x000001d05dabbf82 sp=0x000000162f6fdea0
Event: 2.177 Thread 0x000001d049e89000 DEOPT UNPACKING pc=0x000001d05380a771 sp=0x000000162f6fd330 mode 3
Event: 2.651 Thread 0x000001d049e89000 DEOPT PACKING pc=0x000001d053dd00bb sp=0x000000162f6fddf0
Event: 2.651 Thread 0x000001d049e89000 DEOPT UNPACKING pc=0x000001d05380a771 sp=0x000000162f6fd268 mode 0
Event: 2.770 Thread 0x000001d049e89000 DEOPT PACKING pc=0x000001d053edc0bf sp=0x000000162f6fdc40
Event: 2.770 Thread 0x000001d049e89000 DEOPT UNPACKING pc=0x000001d05380a771 sp=0x000000162f6fd1a8 mode 0

Classes redefined (0 events):
No events

Internal exceptions (20 events):
Event: 1.168 Thread 0x000001d049e89000 Exception <a 'java/lang/NoSuchMethodError'{0x00000000c56af938}: 'int java.lang.invoke.DirectMethodHandle$Holder.invokeStaticInit(java.lang.Object, java.lang.Object, int, long)'> (0x00000000c56af938) thrown at [./src/hotspot/share/interpreter/linkResolver.cpp, line 773]
Event: 1.170 Thread 0x000001d049e89000 Exception <a 'java/lang/NoSuchMethodError'{0x00000000c56b4ae0}: 'java.lang.Object java.lang.invoke.Invokers$Holder.linkToTargetMethod(java.lang.Object, int, java.lang.Object)'> (0x00000000c56b4ae0) thrown at [./src/hotspot/share/interpreter/linkResolver.cpp, line 773]
Event: 1.175 Thread 0x000001d049e89000 Exception <a 'java/lang/NoSuchMethodError'{0x00000000c56c1d18}: 'int java.lang.invoke.DirectMethodHandle$Holder.invokeStaticInit(java.lang.Object, java.lang.Object, long, long)'> (0x00000000c56c1d18) thrown at [./src/hotspot/share/interpreter/linkResolver.cpp, line 773]
Event: 1.185 Thread 0x000001d049e89000 Exception <a 'java/lang/NoSuchMethodError'{0x00000000c56cd478}: 'java.lang.Object java.lang.invoke.Invokers$Holder.linkToTargetMethod(java.lang.Object, long, java.lang.Object)'> (0x00000000c56cd478) thrown at [./src/hotspot/share/interpreter/linkResolver.cpp, line 773]
Event: 1.188 Thread 0x000001d049e89000 Exception <a 'java/lang/NoSuchMethodError'{0x00000000c56d37b0}: 'int java.lang.invoke.DirectMethodHandle$Holder.invokeStaticInit(java.lang.Object, java.lang.Object, java.lang.Object, long)'> (0x00000000c56d37b0) thrown at [./src/hotspot/share/interpreter/linkResolver.cpp, line 773]
Event: 1.773 Thread 0x000001d049e89000 Exception <a 'java/lang/NoSuchMethodError'{0x00000000c5a37f08}: 'java.lang.Object java.lang.invoke.DirectMethodHandle$Holder.invokeVirtual(java.lang.Object, java.lang.Object, java.lang.Object)'> (0x00000000c5a37f08) thrown at [./src/hotspot/share/interpreter/linkResolver.cpp, line 773]
Event: 1.783 Thread 0x000001d049e89000 Exception <a 'sun/nio/fs/WindowsException'{0x00000000c5a5ffa0}> (0x00000000c5a5ffa0) thrown at [./src/hotspot/share/prims/jni.cpp, line 613]
Event: 1.783 Thread 0x000001d049e89000 Exception <a 'sun/nio/fs/WindowsException'{0x00000000c5a601f0}> (0x00000000c5a601f0) thrown at [./src/hotspot/share/prims/jni.cpp, line 613]
Event: 1.864 Thread 0x000001d049e89000 Exception <a 'java/lang/NoSuchMethodError'{0x00000000c5af0290}: 'java.lang.Object java.lang.invoke.DirectMethodHandle$Holder.invokeStatic(java.lang.Object, java.lang.Object, java.lang.Object, java.lang.Object, java.lang.Object, java.lang.Object, java.lang.Object, java.lang.Object, java.lang.Object, java.lang.Object, java.lang.Object, java.lang.Object, java.lang.Object, java.lang.Object, java.lang.Object)'> (0x00000000c5af0290) thrown at [./src/hotspot/share/interpreter/linkResolver.cpp, line 773]
Event: 1.871 Thread 0x000001d049e89000 Exception <a 'java/lang/NoSuchMethodError'{0x00000000c5905310}: 'java.lang.Object java.lang.invoke.DirectMethodHandle$Holder.invokeStatic(java.lang.Object, java.lang.Object, java.lang.Object, java.lang.Object, java.lang.Object, java.lang.Object, java.lang.Object, java.lang.Object, java.lang.Object, java.lang.Object, java.lang.Object, java.lang.Object, java.lang.Object, java.lang.Object, java.lang.Object, java.lang.Object)'> (0x00000000c5905310) thrown at [./src/hotspot/share/interpreter/linkResolver.cpp, l
Event: 1.874 Thread 0x000001d049e89000 Exception <a 'java/lang/NoSuchMethodError'{0x00000000c5913070}: 'java.lang.Object java.lang.invoke.DirectMethodHandle$Holder.invokeSpecial(java.lang.Object, java.lang.Object, int, int, int, java.lang.Object, java.lang.Object, java.lang.Object)'> (0x00000000c5913070) thrown at [./src/hotspot/share/interpreter/linkResolver.cpp, line 773]
Event: 1.875 Thread 0x000001d049e89000 Exception <a 'java/lang/NoSuchMethodError'{0x00000000c59166b0}: 'java.lang.Object java.lang.invoke.DelegatingMethodHandle$Holder.reinvoke_L(java.lang.Object, int, int, int, java.lang.Object, java.lang.Object, java.lang.Object)'> (0x00000000c59166b0) thrown at [./src/hotspot/share/interpreter/linkResolver.cpp, line 773]
Event: 1.878 Thread 0x000001d049e89000 Exception <a 'java/lang/NoSuchMethodError'{0x00000000c591f418}: 'java.lang.Object java.lang.invoke.DirectMethodHandle$Holder.invokeStatic(java.lang.Object, java.lang.Object, java.lang.Object, java.lang.Object, java.lang.Object, int)'> (0x00000000c591f418) thrown at [./src/hotspot/share/interpreter/linkResolver.cpp, line 773]
Event: 1.970 Thread 0x000001d049e89000 Exception <a 'java/lang/NoSuchMethodError'{0x00000000c59d5da0}: 'java.lang.Object java.lang.invoke.DirectMethodHandle$Holder.invokeStatic(java.lang.Object, java.lang.Object, java.lang.Object, java.lang.Object, java.lang.Object, java.lang.Object, java.lang.Object, java.lang.Object, java.lang.Object, java.lang.Object, java.lang.Object, int)'> (0x00000000c59d5da0) thrown at [./src/hotspot/share/interpreter/linkResolver.cpp, line 773]
Event: 1.980 Thread 0x000001d049e89000 Exception <a 'java/lang/NoSuchMethodError'{0x00000000c59f4360}: 'java.lang.Object java.lang.invoke.DirectMethodHandle$Holder.invokeStatic(java.lang.Object, java.lang.Object, java.lang.Object, java.lang.Object, java.lang.Object, java.lang.Object, java.lang.Object, java.lang.Object, java.lang.Object, java.lang.Object, java.lang.Object, int, int)'> (0x00000000c59f4360) thrown at [./src/hotspot/share/interpreter/linkResolver.cpp, line 773]
Event: 2.001 Thread 0x000001d049e89000 Exception <a 'java/lang/NoSuchMethodError'{0x00000000c5b298c8}: 'java.lang.Object java.lang.invoke.DirectMethodHandle$Holder.invokeStatic(java.lang.Object, java.lang.Object, java.lang.Object, java.lang.Object, java.lang.Object, java.lang.Object, java.lang.Object, java.lang.Object, java.lang.Object, java.lang.Object, java.lang.Object, int, int, java.lang.Object)'> (0x00000000c5b298c8) thrown at [./src/hotspot/share/interpreter/linkResolver.cpp, line 773]
Event: 2.013 Thread 0x000001d049e89000 Exception <a 'java/lang/NoSuchMethodError'{0x00000000c5b49f18}: 'java.lang.Object java.lang.invoke.DirectMethodHandle$Holder.invokeStatic(java.lang.Object, java.lang.Object, java.lang.Object, java.lang.Object, java.lang.Object, java.lang.Object, java.lang.Object, java.lang.Object, java.lang.Object, java.lang.Object, java.lang.Object, int, int, java.lang.Object, java.lang.Object)'> (0x00000000c5b49f18) thrown at [./src/hotspot/share/interpreter/linkResolver.cpp, line 773]
Event: 2.182 Thread 0x000001d049e89000 Exception <a 'java/lang/NoSuchMethodError'{0x00000000c5b84380}: 'java.lang.Object java.lang.invoke.DirectMethodHandle$Holder.invokeStatic(java.lang.Object, long)'> (0x00000000c5b84380) thrown at [./src/hotspot/share/interpreter/linkResolver.cpp, line 773]
Event: 2.183 Thread 0x000001d049e89000 Exception <a 'java/lang/NoSuchMethodError'{0x00000000c5b87418}: 'java.lang.Object java.lang.invoke.DirectMethodHandle$Holder.invokeSpecial(java.lang.Object, java.lang.Object, long)'> (0x00000000c5b87418) thrown at [./src/hotspot/share/interpreter/linkResolver.cpp, line 773]
Event: 2.292 Thread 0x000001d049e89000 Exception <a 'java/lang/NoSuchMethodError'{0x00000000c5a42448}: 'void java.lang.invoke.DirectMethodHandle$Holder.invokeStatic(java.lang.Object, long)'> (0x00000000c5a42448) thrown at [./src/hotspot/share/interpreter/linkResolver.cpp, line 773]

Events (20 events):
Event: 2.212 loading class org/lwjgl/vulkan/VkPhysicalDeviceFeatures
Event: 2.212 loading class org/lwjgl/vulkan/VkPhysicalDeviceFeatures done
Event: 2.236 loading class org/lwjgl/vulkan/VkQueueFamilyProperties
Event: 2.236 loading class org/lwjgl/vulkan/VkQueueFamilyProperties done
Event: 2.238 loading class org/lwjgl/vulkan/VkExtent3D
Event: 2.238 loading class org/lwjgl/vulkan/VkExtent3D done
Event: 2.240 loading class com/KGAFT/VulkanGameEngine/VKRenderer/PhysicalDevice
Event: 2.240 loading class com/KGAFT/VulkanGameEngine/VKRenderer/PhysicalDevice done
Event: 2.276 loading class org/lwjgl/vulkan/VkDeviceQueueCreateInfo
Event: 2.276 loading class org/lwjgl/vulkan/VkDeviceQueueCreateInfo done
Event: 2.279 loading class org/lwjgl/vulkan/VkDeviceQueueCreateInfo$Buffer
Event: 2.279 loading class org/lwjgl/vulkan/VkDeviceQueueCreateInfo$Buffer done
Event: 2.284 loading class java/nio/HeapFloatBuffer
Event: 2.284 loading class java/nio/HeapFloatBuffer done
Event: 2.284 loading class org/lwjgl/vulkan/VkDeviceCreateInfo
Event: 2.284 loading class org/lwjgl/vulkan/VkDeviceCreateInfo done
Event: 2.292 loading class org/lwjgl/system/Struct$StructValidation
Event: 2.292 loading class org/lwjgl/system/Struct$StructValidation done
Event: 2.292 loading class org/lwjgl/system/Struct$StructValidation
Event: 2.292 loading class org/lwjgl/system/Struct$StructValidation done


Dynamic libraries:
0x00007ff701a10000 - 0x00007ff701a1d000 	C:\Program Files\Java\graalvm-ce-java11-22.3.0\bin\java.exe
0x00007ffcf9790000 - 0x00007ffcf9988000 	C:\Windows\SYSTEM32\ntdll.dll
0x00007ffcf8810000 - 0x00007ffcf88cd000 	C:\Windows\System32\KERNEL32.DLL
0x00007ffcf6f50000 - 0x00007ffcf721e000 	C:\Windows\System32\KERNELBASE.dll
0x00007ffcf73f0000 - 0x00007ffcf74f0000 	C:\Windows\System32\ucrtbase.dll
0x00007ffce1840000 - 0x00007ffce1857000 	C:\Program Files\Java\graalvm-ce-java11-22.3.0\bin\jli.dll
0x00007ffcf9060000 - 0x00007ffcf9200000 	C:\Windows\System32\USER32.dll
0x00007ffcf77c0000 - 0x00007ffcf77e2000 	C:\Windows\System32\win32u.dll
0x00007ffcf88d0000 - 0x00007ffcf88fa000 	C:\Windows\System32\GDI32.dll
0x00007ffcf7220000 - 0x00007ffcf732b000 	C:\Windows\System32\gdi32full.dll
0x00007ffcf6eb0000 - 0x00007ffcf6f4d000 	C:\Windows\System32\msvcp_win.dll
0x00007ffcdf9c0000 - 0x00007ffcdf9d5000 	C:\Program Files\Java\graalvm-ce-java11-22.3.0\bin\VCRUNTIME140.dll
0x00007ffce8ef0000 - 0x00007ffce918a000 	C:\Windows\WinSxS\amd64_microsoft.windows.common-controls_6595b64144ccf1df_6.0.19041.1110_none_60b5254171f9507e\COMCTL32.dll
0x00007ffcf84b0000 - 0x00007ffcf854e000 	C:\Windows\System32\msvcrt.dll
0x00007ffcf7a20000 - 0x00007ffcf7a50000 	C:\Windows\System32\IMM32.DLL
0x00007ffcde790000 - 0x00007ffcde82b000 	C:\Program Files\Java\graalvm-ce-java11-22.3.0\bin\msvcp140.dll
0x00007ffcbcf50000 - 0x00007ffcbda84000 	C:\Program Files\Java\graalvm-ce-java11-22.3.0\bin\server\jvm.dll
0x00007ffcf7970000 - 0x00007ffcf7a1e000 	C:\Windows\System32\ADVAPI32.dll
0x00007ffcf9200000 - 0x00007ffcf929c000 	C:\Windows\System32\sechost.dll
0x00007ffcf7a50000 - 0x00007ffcf7b75000 	C:\Windows\System32\RPCRT4.dll
0x00007ffcf9050000 - 0x00007ffcf9058000 	C:\Windows\System32\PSAPI.DLL
0x00007ffcebe80000 - 0x00007ffcebe89000 	C:\Windows\SYSTEM32\WSOCK32.dll
0x00007ffcf8620000 - 0x00007ffcf868b000 	C:\Windows\System32\WS2_32.dll
0x00007ffcee600000 - 0x00007ffcee627000 	C:\Windows\SYSTEM32\WINMM.dll
0x00007ffcee630000 - 0x00007ffcee63a000 	C:\Windows\SYSTEM32\VERSION.dll
0x00007ffcf4db0000 - 0x00007ffcf4dc2000 	C:\Windows\SYSTEM32\kernel.appcore.dll
0x00007ffcf3be0000 - 0x00007ffcf3bf0000 	C:\Program Files\Java\graalvm-ce-java11-22.3.0\bin\verify.dll
0x00007ffce81c0000 - 0x00007ffce83a4000 	C:\Windows\SYSTEM32\DBGHELP.DLL
0x00007ffce55c0000 - 0x00007ffce55ec000 	C:\Windows\SYSTEM32\dbgcore.DLL
0x00007ffcf7520000 - 0x00007ffcf75a2000 	C:\Windows\System32\bcryptPrimitives.dll
0x00007ffcde760000 - 0x00007ffcde788000 	C:\Program Files\Java\graalvm-ce-java11-22.3.0\bin\java.dll
0x00007ffce9970000 - 0x00007ffce997a000 	C:\Program Files\Java\graalvm-ce-java11-22.3.0\bin\jimage.dll
0x00007ffcf2940000 - 0x00007ffcf294e000 	C:\Program Files\Java\graalvm-ce-java11-22.3.0\bin\instrument.dll
0x00007ffcdf450000 - 0x00007ffcdf468000 	C:\Program Files\Java\graalvm-ce-java11-22.3.0\bin\zip.dll
0x00007ffcf7d60000 - 0x00007ffcf84a4000 	C:\Windows\System32\SHELL32.dll
0x00007ffcf4fb0000 - 0x00007ffcf5744000 	C:\Windows\SYSTEM32\windows.storage.dll
0x00007ffcf93f0000 - 0x00007ffcf9744000 	C:\Windows\System32\combase.dll
0x00007ffcf68a0000 - 0x00007ffcf68d0000 	C:\Windows\SYSTEM32\Wldp.dll
0x00007ffcf7b80000 - 0x00007ffcf7c2d000 	C:\Windows\System32\SHCORE.dll
0x00007ffcf92a0000 - 0x00007ffcf92f5000 	C:\Windows\System32\shlwapi.dll
0x00007ffcf6df0000 - 0x00007ffcf6e0f000 	C:\Windows\SYSTEM32\profapi.dll
0x00007ffcb76b0000 - 0x00007ffcb951d000 	C:\Program Files\Java\graalvm-ce-java11-22.3.0\bin\jvmcicompiler.dll
0x00007ffcf6d70000 - 0x00007ffcf6d9e000 	C:\Windows\SYSTEM32\USERENV.dll
0x00007ffcf6600000 - 0x00007ffcf666a000 	C:\Windows\SYSTEM32\MSWSOCK.dll
0x00007ffcf6290000 - 0x00007ffcf62cb000 	C:\Windows\SYSTEM32\IPHLPAPI.DLL
0x00007ffcde740000 - 0x00007ffcde759000 	C:\Program Files\Java\graalvm-ce-java11-22.3.0\bin\net.dll
0x00007ffce6fc0000 - 0x00007ffce70ca000 	C:\Windows\SYSTEM32\WINHTTP.dll
0x00007ffcde720000 - 0x00007ffcde733000 	C:\Program Files\Java\graalvm-ce-java11-22.3.0\bin\nio.dll
0x00007ffcde1f0000 - 0x00007ffcde20a000 	C:\Program Files\JetBrains\IntelliJ IDEA 2022.3\bin\breakgen64.dll
0x00007ffcdc5b0000 - 0x00007ffcdc625000 	C:\!TEMP\lwjglDaniil\3.3.1-build-7\lwjgl.dll
0x00007ffcdb8c0000 - 0x00007ffcdb921000 	C:\!TEMP\lwjglDaniil\3.3.1-build-7\glfw.dll
0x00007ffcdb870000 - 0x00007ffcdb8b5000 	C:\Windows\SYSTEM32\dinput8.dll
0x00007ffcdb850000 - 0x00007ffcdb861000 	C:\Windows\SYSTEM32\xinput1_4.dll
0x00007ffcf7330000 - 0x00007ffcf737e000 	C:\Windows\System32\cfgmgr32.dll
0x00007ffcf6960000 - 0x00007ffcf698c000 	C:\Windows\SYSTEM32\DEVOBJ.dll
0x00007ffcf4ac0000 - 0x00007ffcf4aef000 	C:\Windows\SYSTEM32\dwmapi.dll
0x00007ffcf48d0000 - 0x00007ffcf496e000 	C:\Windows\system32\uxtheme.dll
0x00007ffcf86f0000 - 0x00007ffcf8805000 	C:\Windows\System32\MSCTF.dll
0x00007ffcf8550000 - 0x00007ffcf861d000 	C:\Windows\System32\OLEAUT32.dll
0x00007ffcf0670000 - 0x00007ffcf07c2000 	C:\Windows\SYSTEM32\inputhost.dll
0x00007ffcf4420000 - 0x00007ffcf4512000 	C:\Windows\SYSTEM32\CoreMessaging.dll
0x00007ffcf2a70000 - 0x00007ffcf2b66000 	C:\Windows\SYSTEM32\PROPSYS.dll
0x00007ffcf3800000 - 0x00007ffcf3954000 	C:\Windows\SYSTEM32\wintypes.dll
0x00007ffcf40c0000 - 0x00007ffcf441e000 	C:\Windows\SYSTEM32\CoreUIComponents.dll
0x00007ffcf5bf0000 - 0x00007ffcf5c23000 	C:\Windows\SYSTEM32\ntmarta.dll
0x00007ffcf09e0000 - 0x00007ffcf0ad9000 	C:\Windows\SYSTEM32\textinputframework.dll
0x00007ffcdb740000 - 0x00007ffcdb84f000 	C:\Windows\SYSTEM32\vulkan-1.dll
0x00007ffcf57b0000 - 0x00007ffcf58a3000 	C:\Windows\system32\dxgi.dll
0x00007ffca0860000 - 0x00007ffca341c000 	C:\Windows\System32\DriverStore\FileRepository\u0382934.inf_amd64_cbf07db13ec1507d\B381983\amdvlk64.dll
0x00007ffcf8be0000 - 0x00007ffcf904f000 	C:\Windows\System32\SETUPAPI.dll
0x00007ffcf74f0000 - 0x00007ffcf7517000 	C:\Windows\System32\bcrypt.dll
0x00007ffcebfe0000 - 0x00007ffcec010000 	C:\Windows\SYSTEM32\amdihk64.dll
0x00007ffc9e5d0000 - 0x00007ffca085c000 	C:\VulkanSDK\1.3.231.1\Bin\VkLayer_khronos_validation.dll
0x00007ffcf7380000 - 0x00007ffcf73e8000 	C:\Windows\System32\WINTRUST.dll
0x00007ffcf7660000 - 0x00007ffcf77b6000 	C:\Windows\System32\CRYPT32.dll
0x00007ffcf6b00000 - 0x00007ffcf6b12000 	C:\Windows\SYSTEM32\MSASN1.dll

dbghelp: loaded successfully - version: 4.0.5 - missing functions: none
symbol engine: initialized successfully - sym options: 0x614 - pdb path: .;C:\Program Files\Java\graalvm-ce-java11-22.3.0\bin;C:\Windows\SYSTEM32;C:\Windows\WinSxS\amd64_microsoft.windows.common-controls_6595b64144ccf1df_6.0.19041.1110_none_60b5254171f9507e;C:\Program Files\Java\graalvm-ce-java11-22.3.0\bin\server;C:\Program Files\JetBrains\IntelliJ IDEA 2022.3\bin;C:\!TEMP\lwjglDaniil\3.3.1-build-7;C:\Windows\System32\DriverStore\FileRepository\u0382934.inf_amd64_cbf07db13ec1507d\B381983;C:\VulkanSDK\1.3.231.1\Bin

VM Arguments:
jvm_args: -XX:ThreadPriorityPolicy=1 -XX:+UnlockExperimentalVMOptions -XX:+EnableJVMCIProduct -XX:JVMCIThreadsPerNativeLibraryRuntime=1 -XX:-UnlockExperimentalVMOptions -javaagent:C:\Program Files\JetBrains\IntelliJ IDEA 2022.3\lib\idea_rt.jar=52405:C:\Program Files\JetBrains\IntelliJ IDEA 2022.3\bin -Dfile.encoding=UTF-8 
java_command: com.KGAFT.VulkanGameEngine.Main
java_class_path (initial): C:\Users\Daniil\Documents\JavaGameEngine\VulkanVersion\target\classes;C:\Users\Daniil\.m2\repository\org\lwjgl\lwjgl\3.3.1\lwjgl-3.3.1.jar;C:\Users\Daniil\.m2\repository\org\lwjgl\lwjgl-assimp\3.3.1\lwjgl-assimp-3.3.1.jar;C:\Users\Daniil\.m2\repository\org\lwjgl\lwjgl-glfw\3.3.1\lwjgl-glfw-3.3.1.jar;C:\Users\Daniil\.m2\repository\org\lwjgl\lwjgl-openal\3.3.1\lwjgl-openal-3.3.1.jar;C:\Users\Daniil\.m2\repository\org\lwjgl\lwjgl-stb\3.3.1\lwjgl-stb-3.3.1.jar;C:\Users\Daniil\.m2\repository\org\lwjgl\lwjgl-vulkan\3.3.1\lwjgl-vulkan-3.3.1.jar;C:\Users\Daniil\.m2\repository\org\lwjgl\lwjgl\3.3.1\lwjgl-3.3.1-natives-windows.jar;C:\Users\Daniil\.m2\repository\org\lwjgl\lwjgl-assimp\3.3.1\lwjgl-assimp-3.3.1-natives-windows.jar;C:\Users\Daniil\.m2\repository\org\lwjgl\lwjgl-glfw\3.3.1\lwjgl-glfw-3.3.1-natives-windows.jar;C:\Users\Daniil\.m2\repository\org\lwjgl\lwjgl-openal\3.3.1\lwjgl-openal-3.3.1-natives-windows.jar;C:\Users\Daniil\.m2\repository\org\lwjgl\lwjgl-stb\3.3.1\lwjgl-stb-3.3.1-natives-windows.jar;C:\Users\Daniil\.m2\repository\org\joml\joml\1.10.5\joml-1.10.5.jar;C:\Users\Daniil\.m2\repository\org\lwjglx\lwjgl3-awt\0.1.8\lwjgl3-awt-0.1.8.jar;C:\Users\Daniil\.m2\repository\org\lwjgl\lwjgl-jawt\3.3.1\lwjgl-jawt-3.3.1.jar
Launcher Type: SUN_STANDARD

[Global flags]
     intx CICompilerCount                          = 2                                         {product} {ergonomic}
     uint ConcGCThreads                            = 1                                         {product} {ergonomic}
     bool EnableJVMCIProduct                       = true                                {JVMCI product} {jimage}
     uint G1ConcRefinementThreads                  = 2                                         {product} {ergonomic}
   size_t G1HeapRegionSize                         = 1048576                                   {product} {ergonomic}
    uintx GCDrainStackTargetSize                   = 64                                        {product} {ergonomic}
   size_t InitialHeapSize                          = 67108864                                  {product} {ergonomic}
     uint JVMCIThreadsPerNativeLibraryRuntime      = 1                                   {JVMCI product} {jimage}
   size_t MarkStackSize                            = 4194304                                   {product} {ergonomic}
   size_t MaxHeapSize                              = 1044381696                                {product} {ergonomic}
   size_t MaxNewSize                               = 625999872                                 {product} {ergonomic}
   size_t MinHeapDeltaBytes                        = 1048576                                   {product} {ergonomic}
    uintx NonNMethodCodeHeapSize                   = 5825164                                {pd product} {ergonomic}
    uintx NonProfiledCodeHeapSize                  = 164859578                              {pd product} {ergonomic}
    uintx ProfiledCodeHeapSize                     = 164859578                              {pd product} {ergonomic}
    uintx ReservedCodeCacheSize                    = 335544320                              {pd product} {ergonomic}
     bool SegmentedCodeCache                       = true                                      {product} {ergonomic}
     intx ThreadPriorityPolicy                     = 1                                         {product} {jimage}
     bool UseCompressedClassPointers               = true                                 {lp64_product} {ergonomic}
     bool UseCompressedOops                        = true                                 {lp64_product} {ergonomic}
     bool UseG1GC                                  = true                                      {product} {ergonomic}
     bool UseLargePagesIndividualAllocation        = false                                  {pd product} {ergonomic}

Logging:
Log output configuration:
 #0: stdout all=warning uptime,level,tags
 #1: stderr all=off uptime,level,tags

Environment Variables:
JAVA_HOME=C:\Program Files\Java\graalvm-ce-java11-22.3.0
PATH=C:\VulkanSDK\1.3.231.1\Bin;C:\Windows\system32;C:\Windows;C:\Windows\System32\Wbem;C:\Windows\System32\WindowsPowerShell\v1.0\;C:\Windows\System32\OpenSSH\;C:\Program Files\Java\graalvm-ce-java11-22.3.0\bin;C:\Program Files\Git\cmd;C:\Users\Daniil\AppData\Local\Microsoft\WindowsApps;;C:\Program Files\JetBrains\IntelliJ IDEA 2022.3\bin;
USERNAME=Daniil
OS=Windows_NT
PROCESSOR_IDENTIFIER=AMD64 Family 21 Model 112 Stepping 0, AuthenticAMD
TMP=C:\!TEMP
TEMP=C:\!TEMP



---------------  S Y S T E M  ---------------

OS: Windows 10 , 64 bit Build 19041 (10.0.19041.1889)
OS uptime: 0 days 8:14 hours

CPU:total 2 (initial active 2) (2 cores per cpu, 1 threads per core) family 21 model 112 stepping 0 microcode 0x0, cmov, cx8, fxsr, mmx, sse, sse2, sse3, ssse3, sse4.1, sse4.2, popcnt, avx, avx2, aes, clmul, mmxext, 3dnowpref, lzcnt, sse4a, tsc, tscinvbit, tscinv, bmi1, bmi2, fma

Memory: 4k page, system-wide physical 3981M (492M free)
TotalPageFile size 12177M (AvailPageFile size 5147M)
current process WorkingSet (physical memory assigned to process): 134M, peak: 134M
current process commit charge ("private bytes"): 236M, peak: 236M

vm_info: OpenJDK 64-Bit Server VM (11.0.17+8-jvmci-22.3-b08) for windows-amd64 JRE (11.0.17+8-jvmci-22.3-b08), built on Oct 19 2022 01:56:15 by "" with MS VC++ 15.9 (VS2017)

END.
