#
# A fatal error has been detected by the Java Runtime Environment:
#
#  EXCEPTION_ACCESS_VIOLATION (0xc0000005) at pc=0x00007ffd7ce8983f, pid=14152, tid=6664
#
# JRE version: OpenJDK Runtime Environment GraalVM CE 22.3.0 (11.0.17+8) (build 11.0.17+8-jvmci-22.3-b08)
# Java VM: OpenJDK 64-Bit Server VM GraalVM CE 22.3.0 (11.0.17+8-jvmci-22.3-b08, mixed mode, sharing, tiered, jvmci, jvmci compiler, compressed oops, g1 gc, windows-amd64)
# Problematic frame:
# C  [nvoglv64.dll+0x166983f]
#
# No core dump will be written. Minidumps are not enabled by default on client versions of Windows
#
# If you would like to submit a bug report, please visit:
#   https://github.com/oracle/graal/issues
# The crash happened outside the Java Virtual Machine in native code.
# See problematic frame for where to report the bug.
#

---------------  S U M M A R Y ------------

Command Line: -XX:ThreadPriorityPolicy=1 -XX:+UnlockExperimentalVMOptions -XX:+EnableJVMCIProduct -XX:JVMCIThreadsPerNativeLibraryRuntime=1 -XX:-UnlockExperimentalVMOptions -agentlib:jdwp=transport=dt_socket,address=127.0.0.1:56095,suspend=y,server=n -javaagent:C:\Users\Daniil\AppData\Local\JetBrains\IntelliJIdea2022.2\captureAgent\debugger-agent.jar -Dfile.encoding=UTF-8 com.KGAFT.VulkanGameEngine.Main

Host: Intel(R) Core(TM) i5-3570 CPU @ 3.40GHz, 4 cores, 7G,  Windows 10 , 64 bit Build 19041 (10.0.19041.2251)
Time: Sun Dec  4 16:04:51 2022 RTZ 2 (s 10 , 64 bit Build 19041 (10.0.19041.2251) elapsed time: 8.905700 seconds (0d 0h 0m 8s)

---------------  T H R E A D  ---------------

Current thread (0x0000023598cfc800):  JavaThread "main" [_thread_in_native, id=6664, stack(0x000000d8ded00000,0x000000d8dee00000)]

Stack: [0x000000d8ded00000,0x000000d8dee00000],  sp=0x000000d8dedfee10,  free space=1019k
Native frames: (J=compiled Java code, j=interpreted, Vv=VM code, C=native code)
C  [nvoglv64.dll+0x166983f]

Java frames: (J=compiled Java code, j=interpreted, Vv=VM code)
j  org.lwjgl.system.JNI.callPPPI(JJJJ)I+0
j  org.lwjgl.vulkan.VK10.nvkEnumeratePhysicalDevices(Lorg/lwjgl/vulkan/VkInstance;JJ)I+17
j  org.lwjgl.vulkan.VK10.vkEnumeratePhysicalDevices(Lorg/lwjgl/vulkan/VkInstance;Ljava/nio/IntBuffer;Lorg/lwjgl/PointerBuffer;)I+32
j  com.KGAFT.VulkanGameEngine.VKRenderer.VulkanRenderer.getAvailableToRenderPhysicalDevices()Ljava/util/List;+28
j  com.KGAFT.VulkanGameEngine.Main.main([Ljava/lang/String;)V+28
v  ~StubRoutines::call_stub

siginfo: EXCEPTION_ACCESS_VIOLATION (0xc0000005), writing address 0x0000000000000010


Register to memory mapping:

RIP=0x00007ffd7ce8983f nvoglv64.dll
RAX=0x0000000000000001 is an unknown value
RBX=0x00000235c298ce70 points into unknown readable memory: 0x00000235c31dce50 | 50 ce 1d c3 35 02 00 00
RCX=0x00000235c32f7dc0 points into unknown readable memory: 0x00007ffd40f3a788 | 88 a7 f3 40 fd 7f 00 00
RDX=0x00000235c26271d0 points into unknown readable memory: 0x00000235c297d5c0 | c0 d5 97 c2 35 02 00 00
RSP=0x000000d8dedfee10 is pointing into the stack for thread: 0x0000023598cfc800
RBP=0x0 is NULL
RSI=0x0 is NULL
RDI=0x0 is NULL
R8 =0x000000d8dedff1b8 is pointing into the stack for thread: 0x0000023598cfc800
R9 =0x00000235c298ce70 points into unknown readable memory: 0x00000235c31dce50 | 50 ce 1d c3 35 02 00 00
R10=0x0 is NULL
R11=0x00000235c31dce50 points into unknown readable memory: 0x00000235c297d5c0 | c0 d5 97 c2 35 02 00 00
R12=0x00000235c31398c0 points into unknown readable memory: 0x00000235c26271d0 | d0 71 62 c2 35 02 00 00
R13={method} {0x00000235be3fe318} 'callPPPI' '(JJJJ)I' in 'org/lwjgl/system/JNI'
R14=0x0000000000000010 is an unknown value
R15=0x0000023598cfc800 is a thread


Registers:
RAX=0x0000000000000001, RBX=0x00000235c298ce70, RCX=0x00000235c32f7dc0, RDX=0x00000235c26271d0
RSP=0x000000d8dedfee10, RBP=0x0000000000000000, RSI=0x0000000000000000, RDI=0x0000000000000000
R8 =0x000000d8dedff1b8, R9 =0x00000235c298ce70, R10=0x0000000000000000, R11=0x00000235c31dce50
R12=0x00000235c31398c0, R13=0x00000235be3fe310, R14=0x0000000000000010, R15=0x0000023598cfc800
RIP=0x00007ffd7ce8983f, EFLAGS=0x0000000000010246

Top of Stack: (sp=0x000000d8dedfee10)
0x000000d8dedfee10:   00000235c297d5c0 00000235c298ce70
0x000000d8dedfee20:   00000235c26271d0 0000023598cfc800
0x000000d8dedfee30:   000000d8dedfeff0 00007ffd5ac37aaa
0x000000d8dedfee40:   000000d8dedfeff0 000000d8dedff0e0
0x000000d8dedfee50:   000000d8dedfeff0 000000d8dedff0e0
0x000000d8dedfee60:   000000d8dedff000 00007ffd5ae288c8
0x000000d8dedfee70:   00000235be354598 00000235973ef2e0
0x000000d8dedfee80:   000000d8dedff000 00000235c24e9040
0x000000d8dedfee90:   0000000000000001 0000023598cfc800
0x000000d8dedfeea0:   00000235be354598 0000023598cfc800
0x000000d8dedfeeb0:   00000008003c57a8 00007ffd5aafb8b8
0x000000d8dedfeec0:   000000d8dedff118 00000000000000b4
0x000000d8dedfeed0:   000000d8dedfef48 00007ffd5ac37bc6
0x000000d8dedfeee0:   000000d8dedff100 00007ffd5afba5c5
0x000000d8dedfeef0:   0000023598cfc800 000000000000000e
0x000000d8dedfef00:   000000d8dedfeff0 00007ffd5ae2be9e 

Instructions: (pc=0x00007ffd7ce8983f)
0x00007ffd7ce8973f:   00 48 8b 04 32 48 89 06 48 8d 76 08 48 83 e9 01
0x00007ffd7ce8974f:   75 ef 8b 84 24 a8 03 00 00 e9 c7 00 00 00 48 89
0x00007ffd7ce8975f:   ac 24 98 03 00 00 33 ff 4c 89 ac 24 a0 03 00 00
0x00007ffd7ce8976f:   33 ed 4c 63 e8 8b 84 24 a8 03 00 00 85 c0 74 45
0x00007ffd7ce8977f:   90 41 3b ff 73 3f 48 8b 0c eb 4c 8d 34 eb 48 8d
0x00007ffd7ce8978f:   54 24 20 41 ff 54 24 20 49 83 fd 02 75 07 83 7c
0x00007ffd7ce8979f:   24 30 01 eb 08 81 7c 24 28 de 10 00 00 75 09 49
0x00007ffd7ce897af:   8b 06 48 89 04 fe ff c7 8b 84 24 a8 03 00 00 ff
0x00007ffd7ce897bf:   c5 3b e8 72 bc 33 ed 85 c0 74 4a 66 0f 1f 44 00
0x00007ffd7ce897cf:   00 41 3b ff 73 3f 48 8b 0c eb 4c 8d 34 eb 48 8d
0x00007ffd7ce897df:   54 24 20 41 ff 54 24 20 49 83 fd 02 75 07 83 7c
0x00007ffd7ce897ef:   24 30 01 eb 08 81 7c 24 28 de 10 00 00 74 09 49
0x00007ffd7ce897ff:   8b 06 48 89 04 fe ff c7 8b 84 24 a8 03 00 00 ff
0x00007ffd7ce8980f:   c5 3b e8 72 bc 48 8b ac 24 98 03 00 00 4c 8b ac
0x00007ffd7ce8981f:   24 a0 03 00 00 44 3b f8 4c 8b bc 24 60 03 00 00
0x00007ffd7ce8982f:   73 11 bf 05 00 00 00 eb 0c 8b 84 24 a8 03 00 00
0x00007ffd7ce8983f:   41 89 06 33 ff 48 8b cb ff 15 6b 21 f5 01 48 8b
0x00007ffd7ce8984f:   9c 24 90 03 00 00 8b c7 48 81 c4 68 03 00 00 41
0x00007ffd7ce8985f:   5e 41 5c 5f 5e c3 cc cc cc cc cc cc cc cc cc cc
0x00007ffd7ce8986f:   cc 48 89 5c 24 08 57 48 83 ec 20 48 8b da 48 8b
0x00007ffd7ce8987f:   f9 48 8b cb 48 8d 15 ee 86 3e 01 e8 c1 c3 1f 00
0x00007ffd7ce8988f:   85 c0 75 12 48 8d 05 b6 fa ff ff 48 8b 5c 24 30
0x00007ffd7ce8989f:   48 83 c4 20 5f c3 48 8b 0f e8 63 f3 ff ff 48 8b
0x00007ffd7ce898af:   d3 48 8b cf 48 8b 5c 24 30 48 83 c4 20 5f 48 ff
0x00007ffd7ce898bf:   20 48 89 5c 24 08 57 48 83 ec 20 48 8b da 48 8b
0x00007ffd7ce898cf:   f9 48 8b cb 48 8d 15 d6 85 3e 01 e8 71 c3 1f 00
0x00007ffd7ce898df:   85 c0 75 12 48 8d 05 26 f9 ff ff 48 8b 5c 24 30
0x00007ffd7ce898ef:   48 83 c4 20 5f c3 48 8d 15 cc 85 3e 01 48 8b cb
0x00007ffd7ce898ff:   e8 4c c3 1f 00 85 c0 75 12 48 8d 05 71 fb ff ff
0x00007ffd7ce8990f:   48 8b 5c 24 30 48 83 c4 20 5f c3 48 8d 15 67 86
0x00007ffd7ce8991f:   3e 01 48 8b cb e8 27 c3 1f 00 85 c0 75 12 48 8d
0x00007ffd7ce8992f:   05 8c ff ff ff 48 8b 5c 24 30 48 83 c4 20 5f c3 


Stack slot to memory mapping:
stack at sp + 0 slots: 0x00000235c297d5c0 points into unknown readable memory: 0x0000000000000000 | 00 00 00 00 00 00 00 00
stack at sp + 1 slots: 0x00000235c298ce70 points into unknown readable memory: 0x00000235c31dce50 | 50 ce 1d c3 35 02 00 00
stack at sp + 2 slots: 0x00000235c26271d0 points into unknown readable memory: 0x00000235c297d5c0 | c0 d5 97 c2 35 02 00 00
stack at sp + 3 slots: 0x0000023598cfc800 is a thread
stack at sp + 4 slots: 0x000000d8dedfeff0 is pointing into the stack for thread: 0x0000023598cfc800
stack at sp + 5 slots: 0x00007ffd5ac37aaa jvm.dll
stack at sp + 6 slots: 0x000000d8dedfeff0 is pointing into the stack for thread: 0x0000023598cfc800
stack at sp + 7 slots: 0x000000d8dedff0e0 is pointing into the stack for thread: 0x0000023598cfc800


---------------  P R O C E S S  ---------------

Threads class SMR info:
_java_thread_list=0x00000235c24eed80, length=13, elements={
0x0000023598cfc800, 0x00000235bdea0000, 0x00000235bdea1800, 0x00000235bdebe000,
0x00000235bdebf800, 0x00000235bdec0800, 0x00000235bdec1800, 0x00000235bded0800,
0x00000235bdee5000, 0x00000235bde7c800, 0x00000235be952000, 0x00000235be9ad000,
0x00000235be9b0800
}

Java Threads: ( => current thread )
=>0x0000023598cfc800 JavaThread "main" [_thread_in_native, id=6664, stack(0x000000d8ded00000,0x000000d8dee00000)]
  0x00000235bdea0000 JavaThread "Reference Handler" daemon [_thread_blocked, id=2508, stack(0x000000d8df400000,0x000000d8df500000)]
  0x00000235bdea1800 JavaThread "Finalizer" daemon [_thread_blocked, id=9628, stack(0x000000d8df500000,0x000000d8df600000)]
  0x00000235bdebe000 JavaThread "Signal Dispatcher" daemon [_thread_blocked, id=10968, stack(0x000000d8df600000,0x000000d8df700000)]
  0x00000235bdebf800 JavaThread "Attach Listener" daemon [_thread_blocked, id=13940, stack(0x000000d8df700000,0x000000d8df800000)]
  0x00000235bdec0800 JavaThread "Service Thread" daemon [_thread_blocked, id=15224, stack(0x000000d8df800000,0x000000d8df900000)]
  0x00000235bdec1800 JavaThread "JVMCI-native CompilerThread0" daemon [_thread_blocked, id=15024, stack(0x000000d8df900000,0x000000d8dfa00000)]
  0x00000235bded0800 JavaThread "C1 CompilerThread0" daemon [_thread_blocked, id=8492, stack(0x000000d8dfa00000,0x000000d8dfb00000)]
  0x00000235bdee5000 JavaThread "Sweeper thread" daemon [_thread_blocked, id=6656, stack(0x000000d8dfb00000,0x000000d8dfc00000)]
  0x00000235bde7c800 JavaThread "Common-Cleaner" daemon [_thread_blocked, id=11072, stack(0x000000d8dfc00000,0x000000d8dfd00000)]
  0x00000235be952000 JavaThread "JDWP Transport Listener: dt_socket" daemon [_thread_blocked, id=1472, stack(0x000000d8dfe00000,0x000000d8dff00000)]
  0x00000235be9ad000 JavaThread "JDWP Event Helper Thread" daemon [_thread_blocked, id=2360, stack(0x000000d8dff00000,0x000000d8e0000000)]
  0x00000235be9b0800 JavaThread "JDWP Command Reader" daemon [_thread_in_native, id=15496, stack(0x000000d8e0000000,0x000000d8e0100000)]

Other Threads:
  0x00000235bde99800 VMThread "VM Thread" [stack: 0x000000d8df300000,0x000000d8df400000] [id=12980]
  0x00000235be9ef800 WatcherThread [stack: 0x000000d8e0100000,0x000000d8e0200000] [id=14120]
  0x0000023598d16000 GCTaskThread "GC Thread#0" [stack: 0x000000d8dee00000,0x000000d8def00000] [id=6512]
  0x00000235c3304000 GCTaskThread "GC Thread#1" [stack: 0x000000d8e0600000,0x000000d8e0700000] [id=1212]
  0x00000235c3304800 GCTaskThread "GC Thread#2" [stack: 0x000000d8e0700000,0x000000d8e0800000] [id=12120]
  0x0000023598d45000 ConcurrentGCThread "G1 Main Marker" [stack: 0x000000d8def00000,0x000000d8df000000] [id=10600]
  0x0000023598d46800 ConcurrentGCThread "G1 Conc#0" [stack: 0x000000d8df000000,0x000000d8df100000] [id=2616]
  0x0000023598ddc000 ConcurrentGCThread "G1 Refine#0" [stack: 0x000000d8df100000,0x000000d8df200000] [id=7160]
  0x0000023598ddd000 ConcurrentGCThread "G1 Young RemSet Sampling" [stack: 0x000000d8df200000,0x000000d8df300000] [id=5088]

Threads with active compile tasks:

VM state:not at safepoint (normal execution)

VM Mutex/Monitor currently owned by a thread: None

Heap address: 0x0000000081000000, size: 2032 MB, Compressed Oops mode: 32-bit
Narrow klass base: 0x0000000800000000, Narrow klass shift: 3
Compressed class space size: 1073741824 Address: 0x0000000840000000

Heap:
 garbage-first heap   total 131072K, used 3439K [0x0000000081000000, 0x0000000100000000)
  region size 1024K, 4 young (4096K), 2 survivors (2048K)
 Metaspace       used 4297K, capacity 6574K, committed 6784K, reserved 1056768K
  class space    used 333K, capacity 628K, committed 640K, reserved 1048576K
Heap Regions: E=young(eden), S=young(survivor), O=old, HS=humongous(starts), HC=humongous(continues), CS=collection set, F=free, A=archive, TAMS=top-at-mark-start (previous, next)
|   0|0x0000000081000000, 0x000000008105bc00, 0x0000000081100000| 35%| O|  |TAMS 0x0000000081000000, 0x0000000081000000| Untracked 
|   1|0x0000000081100000, 0x0000000081100000, 0x0000000081200000|  0%| F|  |TAMS 0x0000000081100000, 0x0000000081100000| Untracked 
|   2|0x0000000081200000, 0x0000000081200000, 0x0000000081300000|  0%| F|  |TAMS 0x0000000081200000, 0x0000000081200000| Untracked 
|   3|0x0000000081300000, 0x0000000081300000, 0x0000000081400000|  0%| F|  |TAMS 0x0000000081300000, 0x0000000081300000| Untracked 
|   4|0x0000000081400000, 0x0000000081400000, 0x0000000081500000|  0%| F|  |TAMS 0x0000000081400000, 0x0000000081400000| Untracked 
|   5|0x0000000081500000, 0x0000000081500000, 0x0000000081600000|  0%| F|  |TAMS 0x0000000081500000, 0x0000000081500000| Untracked 
|   6|0x0000000081600000, 0x0000000081600000, 0x0000000081700000|  0%| F|  |TAMS 0x0000000081600000, 0x0000000081600000| Untracked 
|   7|0x0000000081700000, 0x0000000081700000, 0x0000000081800000|  0%| F|  |TAMS 0x0000000081700000, 0x0000000081700000| Untracked 
|   8|0x0000000081800000, 0x0000000081800000, 0x0000000081900000|  0%| F|  |TAMS 0x0000000081800000, 0x0000000081800000| Untracked 
|   9|0x0000000081900000, 0x0000000081900000, 0x0000000081a00000|  0%| F|  |TAMS 0x0000000081900000, 0x0000000081900000| Untracked 
|  10|0x0000000081a00000, 0x0000000081a00000, 0x0000000081b00000|  0%| F|  |TAMS 0x0000000081a00000, 0x0000000081a00000| Untracked 
|  11|0x0000000081b00000, 0x0000000081b00000, 0x0000000081c00000|  0%| F|  |TAMS 0x0000000081b00000, 0x0000000081b00000| Untracked 
|  12|0x0000000081c00000, 0x0000000081c00000, 0x0000000081d00000|  0%| F|  |TAMS 0x0000000081c00000, 0x0000000081c00000| Untracked 
|  13|0x0000000081d00000, 0x0000000081d00000, 0x0000000081e00000|  0%| F|  |TAMS 0x0000000081d00000, 0x0000000081d00000| Untracked 
|  14|0x0000000081e00000, 0x0000000081e00000, 0x0000000081f00000|  0%| F|  |TAMS 0x0000000081e00000, 0x0000000081e00000| Untracked 
|  15|0x0000000081f00000, 0x0000000081f00000, 0x0000000082000000|  0%| F|  |TAMS 0x0000000081f00000, 0x0000000081f00000| Untracked 
|  16|0x0000000082000000, 0x0000000082000000, 0x0000000082100000|  0%| F|  |TAMS 0x0000000082000000, 0x0000000082000000| Untracked 
|  17|0x0000000082100000, 0x0000000082100000, 0x0000000082200000|  0%| F|  |TAMS 0x0000000082100000, 0x0000000082100000| Untracked 
|  18|0x0000000082200000, 0x0000000082200000, 0x0000000082300000|  0%| F|  |TAMS 0x0000000082200000, 0x0000000082200000| Untracked 
|  19|0x0000000082300000, 0x0000000082300000, 0x0000000082400000|  0%| F|  |TAMS 0x0000000082300000, 0x0000000082300000| Untracked 
|  20|0x0000000082400000, 0x0000000082400000, 0x0000000082500000|  0%| F|  |TAMS 0x0000000082400000, 0x0000000082400000| Untracked 
|  21|0x0000000082500000, 0x0000000082500000, 0x0000000082600000|  0%| F|  |TAMS 0x0000000082500000, 0x0000000082500000| Untracked 
|  22|0x0000000082600000, 0x0000000082600000, 0x0000000082700000|  0%| F|  |TAMS 0x0000000082600000, 0x0000000082600000| Untracked 
|  23|0x0000000082700000, 0x0000000082700000, 0x0000000082800000|  0%| F|  |TAMS 0x0000000082700000, 0x0000000082700000| Untracked 
|  24|0x0000000082800000, 0x0000000082800000, 0x0000000082900000|  0%| F|  |TAMS 0x0000000082800000, 0x0000000082800000| Untracked 
|  25|0x0000000082900000, 0x0000000082900000, 0x0000000082a00000|  0%| F|  |TAMS 0x0000000082900000, 0x0000000082900000| Untracked 
|  26|0x0000000082a00000, 0x0000000082a00000, 0x0000000082b00000|  0%| F|  |TAMS 0x0000000082a00000, 0x0000000082a00000| Untracked 
|  27|0x0000000082b00000, 0x0000000082b00000, 0x0000000082c00000|  0%| F|  |TAMS 0x0000000082b00000, 0x0000000082b00000| Untracked 
|  28|0x0000000082c00000, 0x0000000082c00000, 0x0000000082d00000|  0%| F|  |TAMS 0x0000000082c00000, 0x0000000082c00000| Untracked 
|  29|0x0000000082d00000, 0x0000000082d00000, 0x0000000082e00000|  0%| F|  |TAMS 0x0000000082d00000, 0x0000000082d00000| Untracked 
|  30|0x0000000082e00000, 0x0000000082e00000, 0x0000000082f00000|  0%| F|  |TAMS 0x0000000082e00000, 0x0000000082e00000| Untracked 
|  31|0x0000000082f00000, 0x0000000082f00000, 0x0000000083000000|  0%| F|  |TAMS 0x0000000082f00000, 0x0000000082f00000| Untracked 
|  32|0x0000000083000000, 0x0000000083000000, 0x0000000083100000|  0%| F|  |TAMS 0x0000000083000000, 0x0000000083000000| Untracked 
|  33|0x0000000083100000, 0x0000000083100000, 0x0000000083200000|  0%| F|  |TAMS 0x0000000083100000, 0x0000000083100000| Untracked 
|  34|0x0000000083200000, 0x0000000083200000, 0x0000000083300000|  0%| F|  |TAMS 0x0000000083200000, 0x0000000083200000| Untracked 
|  35|0x0000000083300000, 0x0000000083300000, 0x0000000083400000|  0%| F|  |TAMS 0x0000000083300000, 0x0000000083300000| Untracked 
|  36|0x0000000083400000, 0x0000000083400000, 0x0000000083500000|  0%| F|  |TAMS 0x0000000083400000, 0x0000000083400000| Untracked 
|  37|0x0000000083500000, 0x0000000083500000, 0x0000000083600000|  0%| F|  |TAMS 0x0000000083500000, 0x0000000083500000| Untracked 
|  38|0x0000000083600000, 0x0000000083600000, 0x0000000083700000|  0%| F|  |TAMS 0x0000000083600000, 0x0000000083600000| Untracked 
|  39|0x0000000083700000, 0x0000000083700000, 0x0000000083800000|  0%| F|  |TAMS 0x0000000083700000, 0x0000000083700000| Untracked 
|  40|0x0000000083800000, 0x0000000083800000, 0x0000000083900000|  0%| F|  |TAMS 0x0000000083800000, 0x0000000083800000| Untracked 
|  41|0x0000000083900000, 0x0000000083900000, 0x0000000083a00000|  0%| F|  |TAMS 0x0000000083900000, 0x0000000083900000| Untracked 
|  42|0x0000000083a00000, 0x0000000083a00000, 0x0000000083b00000|  0%| F|  |TAMS 0x0000000083a00000, 0x0000000083a00000| Untracked 
|  43|0x0000000083b00000, 0x0000000083b00000, 0x0000000083c00000|  0%| F|  |TAMS 0x0000000083b00000, 0x0000000083b00000| Untracked 
|  44|0x0000000083c00000, 0x0000000083c00000, 0x0000000083d00000|  0%| F|  |TAMS 0x0000000083c00000, 0x0000000083c00000| Untracked 
|  45|0x0000000083d00000, 0x0000000083d00000, 0x0000000083e00000|  0%| F|  |TAMS 0x0000000083d00000, 0x0000000083d00000| Untracked 
|  46|0x0000000083e00000, 0x0000000083e00000, 0x0000000083f00000|  0%| F|  |TAMS 0x0000000083e00000, 0x0000000083e00000| Untracked 
|  47|0x0000000083f00000, 0x0000000083f00000, 0x0000000084000000|  0%| F|  |TAMS 0x0000000083f00000, 0x0000000083f00000| Untracked 
|  48|0x0000000084000000, 0x0000000084000000, 0x0000000084100000|  0%| F|  |TAMS 0x0000000084000000, 0x0000000084000000| Untracked 
|  49|0x0000000084100000, 0x0000000084100000, 0x0000000084200000|  0%| F|  |TAMS 0x0000000084100000, 0x0000000084100000| Untracked 
|  50|0x0000000084200000, 0x0000000084200000, 0x0000000084300000|  0%| F|  |TAMS 0x0000000084200000, 0x0000000084200000| Untracked 
|  51|0x0000000084300000, 0x0000000084300000, 0x0000000084400000|  0%| F|  |TAMS 0x0000000084300000, 0x0000000084300000| Untracked 
|  52|0x0000000084400000, 0x0000000084400000, 0x0000000084500000|  0%| F|  |TAMS 0x0000000084400000, 0x0000000084400000| Untracked 
|  53|0x0000000084500000, 0x0000000084500000, 0x0000000084600000|  0%| F|  |TAMS 0x0000000084500000, 0x0000000084500000| Untracked 
|  54|0x0000000084600000, 0x0000000084600000, 0x0000000084700000|  0%| F|  |TAMS 0x0000000084600000, 0x0000000084600000| Untracked 
|  55|0x0000000084700000, 0x0000000084700000, 0x0000000084800000|  0%| F|  |TAMS 0x0000000084700000, 0x0000000084700000| Untracked 
|  56|0x0000000084800000, 0x0000000084800000, 0x0000000084900000|  0%| F|  |TAMS 0x0000000084800000, 0x0000000084800000| Untracked 
|  57|0x0000000084900000, 0x0000000084900000, 0x0000000084a00000|  0%| F|  |TAMS 0x0000000084900000, 0x0000000084900000| Untracked 
|  58|0x0000000084a00000, 0x0000000084a00000, 0x0000000084b00000|  0%| F|  |TAMS 0x0000000084a00000, 0x0000000084a00000| Untracked 
|  59|0x0000000084b00000, 0x0000000084b00000, 0x0000000084c00000|  0%| F|  |TAMS 0x0000000084b00000, 0x0000000084b00000| Untracked 
|  60|0x0000000084c00000, 0x0000000084c00000, 0x0000000084d00000|  0%| F|  |TAMS 0x0000000084c00000, 0x0000000084c00000| Untracked 
|  61|0x0000000084d00000, 0x0000000084d00000, 0x0000000084e00000|  0%| F|  |TAMS 0x0000000084d00000, 0x0000000084d00000| Untracked 
|  62|0x0000000084e00000, 0x0000000084e00000, 0x0000000084f00000|  0%| F|  |TAMS 0x0000000084e00000, 0x0000000084e00000| Untracked 
|  63|0x0000000084f00000, 0x0000000084f00000, 0x0000000085000000|  0%| F|  |TAMS 0x0000000084f00000, 0x0000000084f00000| Untracked 
|  64|0x0000000085000000, 0x0000000085000000, 0x0000000085100000|  0%| F|  |TAMS 0x0000000085000000, 0x0000000085000000| Untracked 
|  65|0x0000000085100000, 0x0000000085100000, 0x0000000085200000|  0%| F|  |TAMS 0x0000000085100000, 0x0000000085100000| Untracked 
|  66|0x0000000085200000, 0x0000000085200000, 0x0000000085300000|  0%| F|  |TAMS 0x0000000085200000, 0x0000000085200000| Untracked 
|  67|0x0000000085300000, 0x0000000085300000, 0x0000000085400000|  0%| F|  |TAMS 0x0000000085300000, 0x0000000085300000| Untracked 
|  68|0x0000000085400000, 0x0000000085400000, 0x0000000085500000|  0%| F|  |TAMS 0x0000000085400000, 0x0000000085400000| Untracked 
|  69|0x0000000085500000, 0x0000000085500000, 0x0000000085600000|  0%| F|  |TAMS 0x0000000085500000, 0x0000000085500000| Untracked 
|  70|0x0000000085600000, 0x0000000085600000, 0x0000000085700000|  0%| F|  |TAMS 0x0000000085600000, 0x0000000085600000| Untracked 
|  71|0x0000000085700000, 0x0000000085700000, 0x0000000085800000|  0%| F|  |TAMS 0x0000000085700000, 0x0000000085700000| Untracked 
|  72|0x0000000085800000, 0x0000000085800000, 0x0000000085900000|  0%| F|  |TAMS 0x0000000085800000, 0x0000000085800000| Untracked 
|  73|0x0000000085900000, 0x0000000085900000, 0x0000000085a00000|  0%| F|  |TAMS 0x0000000085900000, 0x0000000085900000| Untracked 
|  74|0x0000000085a00000, 0x0000000085a00000, 0x0000000085b00000|  0%| F|  |TAMS 0x0000000085a00000, 0x0000000085a00000| Untracked 
|  75|0x0000000085b00000, 0x0000000085b00000, 0x0000000085c00000|  0%| F|  |TAMS 0x0000000085b00000, 0x0000000085b00000| Untracked 
|  76|0x0000000085c00000, 0x0000000085c00000, 0x0000000085d00000|  0%| F|  |TAMS 0x0000000085c00000, 0x0000000085c00000| Untracked 
|  77|0x0000000085d00000, 0x0000000085d00000, 0x0000000085e00000|  0%| F|  |TAMS 0x0000000085d00000, 0x0000000085d00000| Untracked 
|  78|0x0000000085e00000, 0x0000000085e00000, 0x0000000085f00000|  0%| F|  |TAMS 0x0000000085e00000, 0x0000000085e00000| Untracked 
|  79|0x0000000085f00000, 0x0000000085f00000, 0x0000000086000000|  0%| F|  |TAMS 0x0000000085f00000, 0x0000000085f00000| Untracked 
|  80|0x0000000086000000, 0x0000000086000000, 0x0000000086100000|  0%| F|  |TAMS 0x0000000086000000, 0x0000000086000000| Untracked 
|  81|0x0000000086100000, 0x0000000086100000, 0x0000000086200000|  0%| F|  |TAMS 0x0000000086100000, 0x0000000086100000| Untracked 
|  82|0x0000000086200000, 0x0000000086200000, 0x0000000086300000|  0%| F|  |TAMS 0x0000000086200000, 0x0000000086200000| Untracked 
|  83|0x0000000086300000, 0x0000000086300000, 0x0000000086400000|  0%| F|  |TAMS 0x0000000086300000, 0x0000000086300000| Untracked 
|  84|0x0000000086400000, 0x0000000086400000, 0x0000000086500000|  0%| F|  |TAMS 0x0000000086400000, 0x0000000086400000| Untracked 
|  85|0x0000000086500000, 0x0000000086500000, 0x0000000086600000|  0%| F|  |TAMS 0x0000000086500000, 0x0000000086500000| Untracked 
|  86|0x0000000086600000, 0x0000000086600000, 0x0000000086700000|  0%| F|  |TAMS 0x0000000086600000, 0x0000000086600000| Untracked 
|  87|0x0000000086700000, 0x0000000086700000, 0x0000000086800000|  0%| F|  |TAMS 0x0000000086700000, 0x0000000086700000| Untracked 
|  88|0x0000000086800000, 0x0000000086800000, 0x0000000086900000|  0%| F|  |TAMS 0x0000000086800000, 0x0000000086800000| Untracked 
|  89|0x0000000086900000, 0x0000000086900000, 0x0000000086a00000|  0%| F|  |TAMS 0x0000000086900000, 0x0000000086900000| Untracked 
|  90|0x0000000086a00000, 0x0000000086a00000, 0x0000000086b00000|  0%| F|  |TAMS 0x0000000086a00000, 0x0000000086a00000| Untracked 
|  91|0x0000000086b00000, 0x0000000086b00000, 0x0000000086c00000|  0%| F|  |TAMS 0x0000000086b00000, 0x0000000086b00000| Untracked 
|  92|0x0000000086c00000, 0x0000000086c00000, 0x0000000086d00000|  0%| F|  |TAMS 0x0000000086c00000, 0x0000000086c00000| Untracked 
|  93|0x0000000086d00000, 0x0000000086d00000, 0x0000000086e00000|  0%| F|  |TAMS 0x0000000086d00000, 0x0000000086d00000| Untracked 
|  94|0x0000000086e00000, 0x0000000086e00000, 0x0000000086f00000|  0%| F|  |TAMS 0x0000000086e00000, 0x0000000086e00000| Untracked 
|  95|0x0000000086f00000, 0x0000000086f00000, 0x0000000087000000|  0%| F|  |TAMS 0x0000000086f00000, 0x0000000086f00000| Untracked 
|  96|0x0000000087000000, 0x0000000087000000, 0x0000000087100000|  0%| F|  |TAMS 0x0000000087000000, 0x0000000087000000| Untracked 
|  97|0x0000000087100000, 0x0000000087100000, 0x0000000087200000|  0%| F|  |TAMS 0x0000000087100000, 0x0000000087100000| Untracked 
|  98|0x0000000087200000, 0x0000000087200000, 0x0000000087300000|  0%| F|  |TAMS 0x0000000087200000, 0x0000000087200000| Untracked 
|  99|0x0000000087300000, 0x0000000087300000, 0x0000000087400000|  0%| F|  |TAMS 0x0000000087300000, 0x0000000087300000| Untracked 
| 100|0x0000000087400000, 0x0000000087400000, 0x0000000087500000|  0%| F|  |TAMS 0x0000000087400000, 0x0000000087400000| Untracked 
| 101|0x0000000087500000, 0x0000000087500000, 0x0000000087600000|  0%| F|  |TAMS 0x0000000087500000, 0x0000000087500000| Untracked 
| 102|0x0000000087600000, 0x0000000087600000, 0x0000000087700000|  0%| F|  |TAMS 0x0000000087600000, 0x0000000087600000| Untracked 
| 103|0x0000000087700000, 0x0000000087700000, 0x0000000087800000|  0%| F|  |TAMS 0x0000000087700000, 0x0000000087700000| Untracked 
| 104|0x0000000087800000, 0x0000000087800000, 0x0000000087900000|  0%| F|  |TAMS 0x0000000087800000, 0x0000000087800000| Untracked 
| 105|0x0000000087900000, 0x0000000087900000, 0x0000000087a00000|  0%| F|  |TAMS 0x0000000087900000, 0x0000000087900000| Untracked 
| 106|0x0000000087a00000, 0x0000000087a00000, 0x0000000087b00000|  0%| F|  |TAMS 0x0000000087a00000, 0x0000000087a00000| Untracked 
| 107|0x0000000087b00000, 0x0000000087b00000, 0x0000000087c00000|  0%| F|  |TAMS 0x0000000087b00000, 0x0000000087b00000| Untracked 
| 108|0x0000000087c00000, 0x0000000087c00000, 0x0000000087d00000|  0%| F|  |TAMS 0x0000000087c00000, 0x0000000087c00000| Untracked 
| 109|0x0000000087d00000, 0x0000000087d00000, 0x0000000087e00000|  0%| F|  |TAMS 0x0000000087d00000, 0x0000000087d00000| Untracked 
| 110|0x0000000087e00000, 0x0000000087e00000, 0x0000000087f00000|  0%| F|  |TAMS 0x0000000087e00000, 0x0000000087e00000| Untracked 
| 111|0x0000000087f00000, 0x0000000087f00000, 0x0000000088000000|  0%| F|  |TAMS 0x0000000087f00000, 0x0000000087f00000| Untracked 
| 112|0x0000000088000000, 0x0000000088100000, 0x0000000088100000|100%| S|CS|TAMS 0x0000000088000000, 0x0000000088000000| Complete 
| 113|0x0000000088100000, 0x0000000088200000, 0x0000000088200000|100%| S|CS|TAMS 0x0000000088100000, 0x0000000088100000| Complete 
| 114|0x0000000088200000, 0x0000000088200000, 0x0000000088300000|  0%| F|  |TAMS 0x0000000088200000, 0x0000000088200000| Untracked 
| 115|0x0000000088300000, 0x0000000088300000, 0x0000000088400000|  0%| F|  |TAMS 0x0000000088300000, 0x0000000088300000| Untracked 
| 116|0x0000000088400000, 0x0000000088400000, 0x0000000088500000|  0%| F|  |TAMS 0x0000000088400000, 0x0000000088400000| Untracked 
| 117|0x0000000088500000, 0x0000000088500000, 0x0000000088600000|  0%| F|  |TAMS 0x0000000088500000, 0x0000000088500000| Untracked 
| 118|0x0000000088600000, 0x0000000088600000, 0x0000000088700000|  0%| F|  |TAMS 0x0000000088600000, 0x0000000088600000| Untracked 
| 119|0x0000000088700000, 0x0000000088700000, 0x0000000088800000|  0%| F|  |TAMS 0x0000000088700000, 0x0000000088700000| Untracked 
| 120|0x0000000088800000, 0x0000000088800000, 0x0000000088900000|  0%| F|  |TAMS 0x0000000088800000, 0x0000000088800000| Untracked 
| 121|0x0000000088900000, 0x0000000088900000, 0x0000000088a00000|  0%| F|  |TAMS 0x0000000088900000, 0x0000000088900000| Untracked 
| 122|0x0000000088a00000, 0x0000000088a00000, 0x0000000088b00000|  0%| F|  |TAMS 0x0000000088a00000, 0x0000000088a00000| Untracked 
| 123|0x0000000088b00000, 0x0000000088b00000, 0x0000000088c00000|  0%| F|  |TAMS 0x0000000088b00000, 0x0000000088b00000| Untracked 
| 124|0x0000000088c00000, 0x0000000088c00000, 0x0000000088d00000|  0%| F|  |TAMS 0x0000000088c00000, 0x0000000088c00000| Untracked 
| 125|0x0000000088d00000, 0x0000000088d00000, 0x0000000088e00000|  0%| F|  |TAMS 0x0000000088d00000, 0x0000000088d00000| Untracked 
| 126|0x0000000088e00000, 0x0000000088f00000, 0x0000000088f00000|100%| E|  |TAMS 0x0000000088e00000, 0x0000000088e00000| Complete 
| 127|0x0000000088f00000, 0x0000000089000000, 0x0000000089000000|100%| E|CS|TAMS 0x0000000088f00000, 0x0000000088f00000| Complete 

Card table byte_map: [0x00000235b7120000,0x00000235b7520000] _byte_map_base: 0x00000235b6d18000

Marking Bits (Prev, Next): (CMBitMap*) 0x0000023598d3c4d8, (CMBitMap*) 0x0000023598d3c510
 Prev Bits: [0x00000235b7920000, 0x00000235b98e0000)
 Next Bits: [0x00000235b98e0000, 0x00000235bb8a0000)

Polling page: 0x00000235a2630000

Metaspace:

Usage:
  Non-class:      5.81 MB capacity,     3.87 MB ( 67%) used,     1.92 MB ( 33%) free+waste,    16.13 KB ( <1%) overhead. 
      Class:    628.00 KB capacity,   333.48 KB ( 53%) used,   285.39 KB ( 45%) free+waste,     9.13 KB (  1%) overhead. 
       Both:      6.42 MB capacity,     4.20 MB ( 65%) used,     2.20 MB ( 34%) free+waste,    25.25 KB ( <1%) overhead. 

Virtual space:
  Non-class space:        8.00 MB reserved,       6.00 MB ( 75%) committed 
      Class space:        1.00 GB reserved,     640.00 KB ( <1%) committed 
             Both:        1.01 GB reserved,       6.63 MB ( <1%) committed 

Chunk freelists:
   Non-Class:  6.00 KB
       Class:  0 bytes
        Both:  6.00 KB

MaxMetaspaceSize: 17179869184.00 GB
CompressedClassSpaceSize: 1.00 GB
Initial GC threshold: 20.80 MB
Current GC threshold: 20.80 MB
CDS: on

CodeHeap 'non-profiled nmethods': size=160704Kb used=266Kb max_used=266Kb free=160437Kb
 bounds [0x00000235ac960000, 0x00000235ad960000, 0x00000235b6650000]
CodeHeap 'profiled nmethods': size=160704Kb used=1742Kb max_used=1742Kb free=158961Kb
 bounds [0x00000235a2c70000, 0x00000235a3c70000, 0x00000235ac960000]
CodeHeap 'non-nmethods': size=6272Kb used=1628Kb max_used=2193Kb free=4643Kb
 bounds [0x00000235a2650000, 0x00000235a2c70000, 0x00000235a2c70000]
 total_blobs=1817 nmethods=892 adapters=854
 compilation: enabled
              stopped_count=0, restarted_count=0
 full_count=0

JVMCI Events (9 events):
Event: 0.026 Thread 0x0000023598cfc800 created new Java JVMCI runtime -1 (0x0000023598d0a170)
Event: 0.117 Thread 0x00000235bdec1800 created new CompileBroker JVMCI runtime 0 (0x00000235be923010)
Event: 0.117 Thread 0x00000235bdec1800 attached to JVMCI runtime 0
Event: 0.119 Thread 0x00000235bdec1800 loaded JVMCI shared library from C:\Program Files\Java\graalvm-ce-java11-22.3.0\bin\jvmcicompiler.dll
Event: 0.122 Thread 0x00000235bdec1800 created JavaVM[1]@0x00000235bf8d8080 for JVMCI runtime 0
Event: 0.122 Thread 0x00000235bdec1800 initializing JVMCI runtime 0
Event: 0.122 Thread 0x00000235bdec1800 initializing JavaVM references in JVMCI runtime 0
Event: 0.122 Thread 0x00000235bdec1800 initialized JavaVM references in JVMCI runtime 0
Event: 0.124 Thread 0x00000235bdec1800 initialized JVMCI runtime 0

Compilation events (20 events):
Event: 5.389 Thread 0x00000235bded0800  883       3       java.util.regex.Matcher::start (65 bytes)
Event: 5.389 Thread 0x00000235bded0800 nmethod 883 0x00000235a2e1a210 code [0x00000235a2e1a4a0, 0x00000235a2e1afa8]
Event: 5.939 Thread 0x00000235bded0800  884       3       java.util.regex.Pattern$Branch::match (66 bytes)
Event: 5.940 Thread 0x00000235bded0800 nmethod 884 0x00000235a2e1b410 code [0x00000235a2e1b5e0, 0x00000235a2e1bd78]
Event: 6.873 Thread 0x00000235bdec1800  885       4       java.lang.String::startsWith (138 bytes)
Event: 6.874 Thread 0x00000235bded0800  886   !   3       jdk.internal.loader.URLClassPath$JarLoader::getResource (353 bytes)
Event: 6.876 Thread 0x00000235bded0800 nmethod 886 0x00000235a2e1bf10 code [0x00000235a2e1c3c0, 0x00000235a2e1f2e8]
Event: 6.877 Thread 0x00000235bdec1800 nmethod 885 0x00000235ac9a1810 code [0x00000235ac9a19a0, 0x00000235ac9a1bb0]
Event: 6.877 Thread 0x00000235bdec1800  887       4       java.lang.String::substring (58 bytes)
Event: 6.878 Thread 0x00000235bded0800  888       1       java.util.zip.ZipEntry::getSize (5 bytes)
Event: 6.878 Thread 0x00000235bded0800 nmethod 888 0x00000235ac9a1d90 code [0x00000235ac9a1f20, 0x00000235ac9a1ff8]
Event: 7.427 Thread 0x00000235bded0800  889       3       java.util.ArrayList::<init> (12 bytes)
Event: 7.427 Thread 0x00000235bded0800 nmethod 889 0x00000235a2e20890 code [0x00000235a2e20a40, 0x00000235a2e20cf8]
Event: 7.427 Thread 0x00000235bded0800  890       3       java.util.regex.Matcher::reset (128 bytes)
Event: 7.428 Thread 0x00000235bded0800 nmethod 890 0x00000235a2e20e10 code [0x00000235a2e21000, 0x00000235a2e21898]
Event: 7.931 Thread 0x00000235bded0800  891       3       java.util.regex.Matcher::end (67 bytes)
Event: 7.932 Thread 0x00000235bded0800 nmethod 891 0x00000235a2e21a90 code [0x00000235a2e21d20, 0x00000235a2e22828]
Event: 7.932 Thread 0x00000235bded0800  892       3       java.util.regex.Matcher::search (154 bytes)
Event: 7.932 Thread 0x00000235bded0800 nmethod 892 0x00000235a2e22c90 code [0x00000235a2e22e80, 0x00000235a2e236f8]
Event: 8.253 Thread 0x00000235bdec1800 nmethod 887 0x00000235ac9a2090 code [0x00000235ac9a2240, 0x00000235ac9a25e0]

GC Heap History (2 events):
Event: 0.898 GC heap before
{Heap before GC invocations=0 (full 0):
 garbage-first heap   total 131072K, used 14336K [0x0000000081000000, 0x0000000100000000)
  region size 1024K, 14 young (14336K), 0 survivors (0K)
 Metaspace       used 4066K, capacity 6435K, committed 6528K, reserved 1056768K
  class space    used 323K, capacity 623K, committed 640K, reserved 1048576K
}
Event: 0.905 GC heap after
{Heap after GC invocations=1 (full 0):
 garbage-first heap   total 131072K, used 2415K [0x0000000081000000, 0x0000000100000000)
  region size 1024K, 2 young (2048K), 2 survivors (2048K)
 Metaspace       used 4066K, capacity 6435K, committed 6528K, reserved 1056768K
  class space    used 323K, capacity 623K, committed 640K, reserved 1048576K
}

Deoptimization events (18 events):
Event: 0.164 Thread 0x0000023598cfc800 Uncommon trap: trap_request=0xffffffed fr.pc=0x00000235ac96c86d relative=0x00000000000002cd
Event: 0.164 Thread 0x0000023598cfc800 Uncommon trap: reason=null_assert_or_unreached0 action=reinterpret pc=0x00000235ac96c86d method=java.lang.String.hashCode()I @ 0 jvmci
Event: 0.164 Thread 0x0000023598cfc800 DEOPT PACKING pc=0x00000235ac96c86d sp=0x000000d8dedfd680
Event: 0.164 Thread 0x0000023598cfc800 DEOPT UNPACKING pc=0x00000235a269a771 sp=0x000000d8dedfcb50 mode 3
Event: 0.338 Thread 0x0000023598cfc800 Uncommon trap: trap_request=0xffffffed fr.pc=0x00000235ac96bfd9 relative=0x00000000000000b9
Event: 0.338 Thread 0x0000023598cfc800 Uncommon trap: reason=null_assert_or_unreached0 action=reinterpret pc=0x00000235ac96bfd9 method=java.lang.String.charAt(I)C @ 0 jvmci
Event: 0.338 Thread 0x0000023598cfc800 DEOPT PACKING pc=0x00000235ac96bfd9 sp=0x000000d8dedfd970
Event: 0.338 Thread 0x0000023598cfc800 DEOPT UNPACKING pc=0x00000235a269a771 sp=0x000000d8dedfce18 mode 3
Event: 0.338 Thread 0x0000023598cfc800 Uncommon trap: trap_request=0xffffffed fr.pc=0x00000235ac96c32d relative=0x000000000000008d
Event: 0.338 Thread 0x0000023598cfc800 Uncommon trap: reason=null_assert_or_unreached0 action=reinterpret pc=0x00000235ac96c32d method=java.lang.String.isLatin1()Z @ 0 jvmci
Event: 0.338 Thread 0x0000023598cfc800 DEOPT PACKING pc=0x00000235ac96c32d sp=0x000000d8dedfd900
Event: 0.338 Thread 0x0000023598cfc800 DEOPT UNPACKING pc=0x00000235a269a771 sp=0x000000d8dedfcda8 mode 3
Event: 0.442 Thread 0x0000023598cfc800 DEOPT PACKING pc=0x00000235a2d1510c sp=0x000000d8dedfdfc0
Event: 0.442 Thread 0x0000023598cfc800 DEOPT UNPACKING pc=0x00000235a269a771 sp=0x000000d8dedfd428 mode 0
Event: 0.510 Thread 0x0000023598cfc800 DEOPT PACKING pc=0x00000235a2d36b72 sp=0x000000d8dedfc230
Event: 0.510 Thread 0x0000023598cfc800 DEOPT UNPACKING pc=0x00000235a269a771 sp=0x000000d8dedfb6b8 mode 0
Event: 0.515 Thread 0x0000023598cfc800 DEOPT PACKING pc=0x00000235a2cc21d0 sp=0x000000d8dedfc5c0
Event: 0.515 Thread 0x0000023598cfc800 DEOPT UNPACKING pc=0x00000235a269a771 sp=0x000000d8dedfba48 mode 0

Classes redefined (0 events):
No events

Internal exceptions (20 events):
Event: 0.356 Thread 0x0000023598cfc800 Exception <a 'sun/nio/fs/WindowsException'{0x0000000088897160}> (0x0000000088897160) thrown at [./src/hotspot/share/prims/jni.cpp, line 613]
Event: 0.367 Thread 0x0000023598cfc800 Exception <a 'java/lang/NoSuchMethodError'{0x0000000088707a18}: 'int java.lang.invoke.DirectMethodHandle$Holder.invokeStaticInit(java.lang.Object, java.lang.Object, int, long)'> (0x0000000088707a18) thrown at [./src/hotspot/share/interpreter/linkResolver.cpp, line 773]
Event: 0.368 Thread 0x0000023598cfc800 Exception <a 'java/lang/NoSuchMethodError'{0x000000008870d350}: 'java.lang.Object java.lang.invoke.Invokers$Holder.linkToTargetMethod(java.lang.Object, int, java.lang.Object)'> (0x000000008870d350) thrown at [./src/hotspot/share/interpreter/linkResolver.cpp, line 773]
Event: 0.370 Thread 0x0000023598cfc800 Exception <a 'java/lang/NoSuchMethodError'{0x000000008871b1c0}: 'int java.lang.invoke.DirectMethodHandle$Holder.invokeStaticInit(java.lang.Object, java.lang.Object, long, long)'> (0x000000008871b1c0) thrown at [./src/hotspot/share/interpreter/linkResolver.cpp, line 773]
Event: 0.372 Thread 0x0000023598cfc800 Exception <a 'java/lang/NoSuchMethodError'{0x0000000088726920}: 'java.lang.Object java.lang.invoke.Invokers$Holder.linkToTargetMethod(java.lang.Object, long, java.lang.Object)'> (0x0000000088726920) thrown at [./src/hotspot/share/interpreter/linkResolver.cpp, line 773]
Event: 0.373 Thread 0x0000023598cfc800 Exception <a 'java/lang/NoSuchMethodError'{0x000000008872cc58}: 'int java.lang.invoke.DirectMethodHandle$Holder.invokeStaticInit(java.lang.Object, java.lang.Object, java.lang.Object, long)'> (0x000000008872cc58) thrown at [./src/hotspot/share/interpreter/linkResolver.cpp, line 773]
Event: 0.557 Thread 0x0000023598cfc800 Exception <a 'java/lang/NoSuchMethodError'{0x00000000884104d0}: 'java.lang.Object java.lang.invoke.DirectMethodHandle$Holder.invokeVirtual(java.lang.Object, java.lang.Object, java.lang.Object)'> (0x00000000884104d0) thrown at [./src/hotspot/share/interpreter/linkResolver.cpp, line 773]
Event: 0.563 Thread 0x0000023598cfc800 Exception <a 'sun/nio/fs/WindowsException'{0x000000008843df48}> (0x000000008843df48) thrown at [./src/hotspot/share/prims/jni.cpp, line 613]
Event: 0.563 Thread 0x0000023598cfc800 Exception <a 'sun/nio/fs/WindowsException'{0x000000008843e198}> (0x000000008843e198) thrown at [./src/hotspot/share/prims/jni.cpp, line 613]
Event: 0.592 Thread 0x0000023598cfc800 Exception <a 'java/lang/NoSuchMethodError'{0x00000000884f3908}: 'java.lang.Object java.lang.invoke.DirectMethodHandle$Holder.invokeStatic(java.lang.Object, java.lang.Object, java.lang.Object, java.lang.Object, java.lang.Object, java.lang.Object, java.lang.Object, java.lang.Object, java.lang.Object, java.lang.Object, java.lang.Object, java.lang.Object, java.lang.Object, java.lang.Object, java.lang.Object)'> (0x00000000884f3908) thrown at [./src/hotspot/share/interpreter/linkResolver.cpp, line 773]
Event: 0.594 Thread 0x0000023598cfc800 Exception <a 'java/lang/NoSuchMethodError'{0x0000000088309fe0}: 'java.lang.Object java.lang.invoke.DirectMethodHandle$Holder.invokeStatic(java.lang.Object, java.lang.Object, java.lang.Object, java.lang.Object, java.lang.Object, java.lang.Object, java.lang.Object, java.lang.Object, java.lang.Object, java.lang.Object, java.lang.Object, java.lang.Object, java.lang.Object, java.lang.Object, java.lang.Object, java.lang.Object)'> (0x0000000088309fe0) thrown at [./src/hotspot/share/interpreter/linkResolver.cpp, l
Event: 0.595 Thread 0x0000023598cfc800 Exception <a 'java/lang/NoSuchMethodError'{0x0000000088318048}: 'java.lang.Object java.lang.invoke.DirectMethodHandle$Holder.invokeSpecial(java.lang.Object, java.lang.Object, int, int, int, java.lang.Object, java.lang.Object, java.lang.Object)'> (0x0000000088318048) thrown at [./src/hotspot/share/interpreter/linkResolver.cpp, line 773]
Event: 0.596 Thread 0x0000023598cfc800 Exception <a 'java/lang/NoSuchMethodError'{0x000000008831b688}: 'java.lang.Object java.lang.invoke.DelegatingMethodHandle$Holder.reinvoke_L(java.lang.Object, int, int, int, java.lang.Object, java.lang.Object, java.lang.Object)'> (0x000000008831b688) thrown at [./src/hotspot/share/interpreter/linkResolver.cpp, line 773]
Event: 0.597 Thread 0x0000023598cfc800 Exception <a 'java/lang/NoSuchMethodError'{0x0000000088325018}: 'java.lang.Object java.lang.invoke.DirectMethodHandle$Holder.invokeStatic(java.lang.Object, java.lang.Object, java.lang.Object, java.lang.Object, java.lang.Object, int)'> (0x0000000088325018) thrown at [./src/hotspot/share/interpreter/linkResolver.cpp, line 773]
Event: 0.632 Thread 0x0000023598cfc800 Exception <a 'java/lang/NoSuchMethodError'{0x0000000088290e58}: 'java.lang.Object java.lang.invoke.DirectMethodHandle$Holder.invokeStatic(java.lang.Object, java.lang.Object, java.lang.Object, java.lang.Object, java.lang.Object, java.lang.Object, java.lang.Object, java.lang.Object, java.lang.Object, java.lang.Object, java.lang.Object, int)'> (0x0000000088290e58) thrown at [./src/hotspot/share/interpreter/linkResolver.cpp, line 773]
Event: 0.635 Thread 0x0000023598cfc800 Exception <a 'java/lang/NoSuchMethodError'{0x00000000882b0690}: 'java.lang.Object java.lang.invoke.DirectMethodHandle$Holder.invokeStatic(java.lang.Object, java.lang.Object, java.lang.Object, java.lang.Object, java.lang.Object, java.lang.Object, java.lang.Object, java.lang.Object, java.lang.Object, java.lang.Object, java.lang.Object, int, int)'> (0x00000000882b0690) thrown at [./src/hotspot/share/interpreter/linkResolver.cpp, line 773]
Event: 0.638 Thread 0x0000023598cfc800 Exception <a 'java/lang/NoSuchMethodError'{0x00000000882d0748}: 'java.lang.Object java.lang.invoke.DirectMethodHandle$Holder.invokeStatic(java.lang.Object, java.lang.Object, java.lang.Object, java.lang.Object, java.lang.Object, java.lang.Object, java.lang.Object, java.lang.Object, java.lang.Object, java.lang.Object, java.lang.Object, int, int, java.lang.Object)'> (0x00000000882d0748) thrown at [./src/hotspot/share/interpreter/linkResolver.cpp, line 773]
Event: 0.641 Thread 0x0000023598cfc800 Exception <a 'java/lang/NoSuchMethodError'{0x00000000882f2240}: 'java.lang.Object java.lang.invoke.DirectMethodHandle$Holder.invokeStatic(java.lang.Object, java.lang.Object, java.lang.Object, java.lang.Object, java.lang.Object, java.lang.Object, java.lang.Object, java.lang.Object, java.lang.Object, java.lang.Object, java.lang.Object, int, int, java.lang.Object, java.lang.Object)'> (0x00000000882f2240) thrown at [./src/hotspot/share/interpreter/linkResolver.cpp, line 773]
Event: 5.250 Thread 0x0000023598cfc800 Exception <a 'java/lang/NoSuchMethodError'{0x0000000088f39628}: 'java.lang.Object java.lang.invoke.DirectMethodHandle$Holder.invokeStatic(java.lang.Object, long)'> (0x0000000088f39628) thrown at [./src/hotspot/share/interpreter/linkResolver.cpp, line 773]
Event: 5.250 Thread 0x0000023598cfc800 Exception <a 'java/lang/NoSuchMethodError'{0x0000000088f3c6c0}: 'java.lang.Object java.lang.invoke.DirectMethodHandle$Holder.invokeSpecial(java.lang.Object, java.lang.Object, long)'> (0x0000000088f3c6c0) thrown at [./src/hotspot/share/interpreter/linkResolver.cpp, line 773]

Events (20 events):
Event: 8.253 Executing VM operation: GetFrameCount
Event: 8.254 Executing VM operation: GetFrameCount done
Event: 8.254 Executing VM operation: GetFrameCount
Event: 8.254 Executing VM operation: GetFrameCount done
Event: 8.254 Executing VM operation: GetStackTrace
Event: 8.254 Executing VM operation: GetStackTrace done
Event: 8.260 Executing VM operation: GetOrSetLocal
Event: 8.260 Executing VM operation: GetOrSetLocal done
Event: 8.260 Executing VM operation: GetOrSetLocal
Event: 8.260 Executing VM operation: GetOrSetLocal done
Event: 8.260 Executing VM operation: GetOrSetLocal
Event: 8.260 Executing VM operation: GetOrSetLocal done
Event: 8.260 Executing VM operation: GetFrameLocation
Event: 8.261 Executing VM operation: GetFrameLocation done
Event: 8.261 Executing VM operation: GetOrSetLocal
Event: 8.261 Executing VM operation: GetOrSetLocal done
Event: 8.265 Executing VM operation: GetFrameCount
Event: 8.265 Executing VM operation: GetFrameCount done
Event: 8.265 Executing VM operation: GetStackTrace
Event: 8.265 Executing VM operation: GetStackTrace done


Dynamic libraries:
0x00007ff71a5a0000 - 0x00007ff71a5ad000 	C:\Program Files\Java\graalvm-ce-java11-22.3.0\bin\java.exe
0x00007ffdb27f0000 - 0x00007ffdb29e8000 	C:\Windows\SYSTEM32\ntdll.dll
0x00007ffdb0840000 - 0x00007ffdb08ff000 	C:\Windows\System32\KERNEL32.DLL
0x00007ffdb0450000 - 0x00007ffdb0722000 	C:\Windows\System32\KERNELBASE.dll
0x00007ffdaff90000 - 0x00007ffdb0090000 	C:\Windows\System32\ucrtbase.dll
0x00007ffd91ad0000 - 0x00007ffd91ae5000 	C:\Program Files\Java\graalvm-ce-java11-22.3.0\bin\VCRUNTIME140.dll
0x00007ffd91860000 - 0x00007ffd91877000 	C:\Program Files\Java\graalvm-ce-java11-22.3.0\bin\jli.dll
0x00007ffdb1970000 - 0x00007ffdb1b0d000 	C:\Windows\System32\USER32.dll
0x00007ffdb01f0000 - 0x00007ffdb0212000 	C:\Windows\System32\win32u.dll
0x00007ffdb25b0000 - 0x00007ffdb25db000 	C:\Windows\System32\GDI32.dll
0x00007ffdb0730000 - 0x00007ffdb083f000 	C:\Windows\System32\gdi32full.dll
0x00007ffd9a020000 - 0x00007ffd9a2ba000 	C:\Windows\WinSxS\amd64_microsoft.windows.common-controls_6595b64144ccf1df_6.0.19041.1110_none_60b5254171f9507e\COMCTL32.dll
0x00007ffdafef0000 - 0x00007ffdaff8d000 	C:\Windows\System32\msvcp_win.dll
0x00007ffdb18d0000 - 0x00007ffdb196e000 	C:\Windows\System32\msvcrt.dll
0x00007ffdb1630000 - 0x00007ffdb1662000 	C:\Windows\System32\IMM32.DLL
0x00007ffd60b40000 - 0x00007ffd60bdb000 	C:\Program Files\Java\graalvm-ce-java11-22.3.0\bin\msvcp140.dll
0x00007ffd5a900000 - 0x00007ffd5b434000 	C:\Program Files\Java\graalvm-ce-java11-22.3.0\bin\server\jvm.dll
0x00007ffdb1700000 - 0x00007ffdb17ae000 	C:\Windows\System32\ADVAPI32.dll
0x00007ffdb2710000 - 0x00007ffdb27ac000 	C:\Windows\System32\sechost.dll
0x00007ffdb25e0000 - 0x00007ffdb2705000 	C:\Windows\System32\RPCRT4.dll
0x00007ffdb0ef0000 - 0x00007ffdb0ef8000 	C:\Windows\System32\PSAPI.DLL
0x00007ffdab9b0000 - 0x00007ffdab9b9000 	C:\Windows\SYSTEM32\WSOCK32.dll
0x00007ffdb0f90000 - 0x00007ffdb0ffb000 	C:\Windows\System32\WS2_32.dll
0x00007ffda73d0000 - 0x00007ffda73f7000 	C:\Windows\SYSTEM32\WINMM.dll
0x00007ffda9c50000 - 0x00007ffda9c5a000 	C:\Windows\SYSTEM32\VERSION.dll
0x00007ffdaddd0000 - 0x00007ffdadde2000 	C:\Windows\SYSTEM32\kernel.appcore.dll
0x00007ffdab940000 - 0x00007ffdab950000 	C:\Program Files\Java\graalvm-ce-java11-22.3.0\bin\verify.dll
0x00007ffda3280000 - 0x00007ffda3464000 	C:\Windows\SYSTEM32\DBGHELP.DLL
0x00007ffd9bfc0000 - 0x00007ffd9bfec000 	C:\Windows\SYSTEM32\dbgcore.DLL
0x00007ffdb03c0000 - 0x00007ffdb0442000 	C:\Windows\System32\bcryptPrimitives.dll
0x00007ffd8fa50000 - 0x00007ffd8fa78000 	C:\Program Files\Java\graalvm-ce-java11-22.3.0\bin\java.dll
0x00007ffd93b90000 - 0x00007ffd93b9a000 	C:\Program Files\Java\graalvm-ce-java11-22.3.0\bin\jimage.dll
0x00007ffd9ce30000 - 0x00007ffd9ce68000 	C:\Program Files\Java\graalvm-ce-java11-22.3.0\bin\jdwp.dll
0x00007ffda60d0000 - 0x00007ffda60de000 	C:\Program Files\Java\graalvm-ce-java11-22.3.0\bin\instrument.dll
0x00007ffd914e0000 - 0x00007ffd914f8000 	C:\Program Files\Java\graalvm-ce-java11-22.3.0\bin\zip.dll
0x00007ffdb1c40000 - 0x00007ffdb2383000 	C:\Windows\System32\SHELL32.dll
0x00007ffdadfd0000 - 0x00007ffdae762000 	C:\Windows\SYSTEM32\windows.storage.dll
0x00007ffdb0a50000 - 0x00007ffdb0da4000 	C:\Windows\System32\combase.dll
0x00007ffdaf950000 - 0x00007ffdaf980000 	C:\Windows\SYSTEM32\Wldp.dll
0x00007ffdb1000000 - 0x00007ffdb10ad000 	C:\Windows\System32\SHCORE.dll
0x00007ffdb2540000 - 0x00007ffdb2595000 	C:\Windows\System32\shlwapi.dll
0x00007ffdafe30000 - 0x00007ffdafe4f000 	C:\Windows\SYSTEM32\profapi.dll
0x00007ffd42410000 - 0x00007ffd4427d000 	C:\Program Files\Java\graalvm-ce-java11-22.3.0\bin\jvmcicompiler.dll
0x00007ffdafdb0000 - 0x00007ffdafdde000 	C:\Windows\SYSTEM32\USERENV.dll
0x00007ffdaf6b0000 - 0x00007ffdaf71a000 	C:\Windows\SYSTEM32\MSWSOCK.dll
0x00007ffdaf350000 - 0x00007ffdaf38b000 	C:\Windows\SYSTEM32\IPHLPAPI.DLL
0x00007ffda60c0000 - 0x00007ffda60ca000 	C:\Program Files\Java\graalvm-ce-java11-22.3.0\bin\dt_socket.dll
0x00007ffd91250000 - 0x00007ffd91269000 	C:\Program Files\Java\graalvm-ce-java11-22.3.0\bin\net.dll
0x00007ffda1bc0000 - 0x00007ffda1ccc000 	C:\Windows\SYSTEM32\WINHTTP.dll
0x00007ffd8fa30000 - 0x00007ffd8fa43000 	C:\Program Files\Java\graalvm-ce-java11-22.3.0\bin\nio.dll
0x00007ffd91b70000 - 0x00007ffd91be5000 	C:\!TEMP\lwjglDaniil\3.3.1-build-7\lwjgl.dll
0x00007ffd8efc0000 - 0x00007ffd8f021000 	C:\!TEMP\lwjglDaniil\3.3.1-build-7\glfw.dll
0x00007ffd9c470000 - 0x00007ffd9c4b5000 	C:\Windows\SYSTEM32\dinput8.dll
0x00007ffd6f3b0000 - 0x00007ffd6f3c1000 	C:\Windows\SYSTEM32\xinput1_4.dll
0x00007ffdb0220000 - 0x00007ffdb026e000 	C:\Windows\System32\cfgmgr32.dll
0x00007ffdafca0000 - 0x00007ffdafccc000 	C:\Windows\SYSTEM32\DEVOBJ.dll
0x00007ffdadbf0000 - 0x00007ffdadc1f000 	C:\Windows\SYSTEM32\dwmapi.dll
0x00007ffdad900000 - 0x00007ffdad99e000 	C:\Windows\system32\uxtheme.dll
0x00007ffdb17b0000 - 0x00007ffdb18c5000 	C:\Windows\System32\MSCTF.dll
0x00007ffdb1b10000 - 0x00007ffdb1bdd000 	C:\Windows\System32\OLEAUT32.dll
0x00007ffda39c0000 - 0x00007ffda3b12000 	C:\Windows\SYSTEM32\inputhost.dll
0x00007ffdad400000 - 0x00007ffdad4f2000 	C:\Windows\SYSTEM32\CoreMessaging.dll
0x00007ffdaba70000 - 0x00007ffdabb66000 	C:\Windows\SYSTEM32\PROPSYS.dll
0x00007ffdac9d0000 - 0x00007ffdacb24000 	C:\Windows\SYSTEM32\wintypes.dll
0x00007ffdad0a0000 - 0x00007ffdad3fe000 	C:\Windows\SYSTEM32\CoreUIComponents.dll
0x00007ffdaf080000 - 0x00007ffdaf0b3000 	C:\Windows\SYSTEM32\ntmarta.dll
0x00007ffda2410000 - 0x00007ffda2509000 	C:\Windows\SYSTEM32\textinputframework.dll
0x00007ffd88e80000 - 0x00007ffd88feb000 	C:\Windows\SYSTEM32\vulkan-1.dll
0x00007ffdae7b0000 - 0x00007ffdae8a3000 	C:\Windows\system32\dxgi.dll
0x00007ffd7b820000 - 0x00007ffd7f151000 	C:\Windows\System32\DriverStore\FileRepository\nv_dispi.inf_amd64_009debfbd2e1619b\nvoglv64.dll
0x00007ffdb11c0000 - 0x00007ffdb1628000 	C:\Windows\System32\SETUPAPI.dll
0x00007ffdb0320000 - 0x00007ffdb0347000 	C:\Windows\System32\bcrypt.dll
0x00007ffdb0920000 - 0x00007ffdb0a4a000 	C:\Windows\System32\ole32.dll
0x00007ffdabbd0000 - 0x00007ffdabbe4000 	C:\Windows\SYSTEM32\WTSAPI32.dll
0x00007ffdafae0000 - 0x00007ffdafaf2000 	C:\Windows\SYSTEM32\msasn1.dll
0x00007ffda9680000 - 0x00007ffda96b1000 	C:\Windows\SYSTEM32\cryptnet.dll
0x00007ffdb0090000 - 0x00007ffdb01e6000 	C:\Windows\System32\CRYPT32.dll
0x00007ffda98b0000 - 0x00007ffda99f8000 	C:\Windows\SYSTEM32\drvstore.dll
0x00007ffdaf8c0000 - 0x00007ffdaf8cc000 	C:\Windows\SYSTEM32\cryptbase.dll
0x00007ffdb0350000 - 0x00007ffdb03ba000 	C:\Windows\System32\WINTRUST.dll
0x00007ffdb10b0000 - 0x00007ffdb115f000 	C:\Windows\System32\clbcatq.dll
0x00007ffd40180000 - 0x00007ffd4240c000 	C:\VulkanSDK\1.3.231.1\Bin\VkLayer_khronos_validation.dll
0x00007ffda7b90000 - 0x00007ffda7bcb000 	C:\Windows\SYSTEM32\dxcore.dll
0x00007ffd8dd20000 - 0x00007ffd8dfef000 	C:\Windows\system32\nvspcap64.dll

dbghelp: loaded successfully - version: 4.0.5 - missing functions: none
symbol engine: initialized successfully - sym options: 0x614 - pdb path: .;C:\Program Files\Java\graalvm-ce-java11-22.3.0\bin;C:\Windows\SYSTEM32;C:\Windows\WinSxS\amd64_microsoft.windows.common-controls_6595b64144ccf1df_6.0.19041.1110_none_60b5254171f9507e;C:\Program Files\Java\graalvm-ce-java11-22.3.0\bin\server;C:\!TEMP\lwjglDaniil\3.3.1-build-7;C:\Windows\System32\DriverStore\FileRepository\nv_dispi.inf_amd64_009debfbd2e1619b;C:\VulkanSDK\1.3.231.1\Bin

VM Arguments:
jvm_args: -XX:ThreadPriorityPolicy=1 -XX:+UnlockExperimentalVMOptions -XX:+EnableJVMCIProduct -XX:JVMCIThreadsPerNativeLibraryRuntime=1 -XX:-UnlockExperimentalVMOptions -agentlib:jdwp=transport=dt_socket,address=127.0.0.1:56095,suspend=y,server=n -javaagent:C:\Users\Daniil\AppData\Local\JetBrains\IntelliJIdea2022.2\captureAgent\debugger-agent.jar -Dfile.encoding=UTF-8 
java_command: com.KGAFT.VulkanGameEngine.Main
java_class_path (initial): E:\documents\projects\GitHub\JavaGameEngine\VulkanVersion\target\classes;C:\Users\Daniil\.m2\repository\org\lwjgl\lwjgl\3.3.1\lwjgl-3.3.1.jar;C:\Users\Daniil\.m2\repository\org\lwjgl\lwjgl-assimp\3.3.1\lwjgl-assimp-3.3.1.jar;C:\Users\Daniil\.m2\repository\org\lwjgl\lwjgl-glfw\3.3.1\lwjgl-glfw-3.3.1.jar;C:\Users\Daniil\.m2\repository\org\lwjgl\lwjgl-openal\3.3.1\lwjgl-openal-3.3.1.jar;C:\Users\Daniil\.m2\repository\org\lwjgl\lwjgl-stb\3.3.1\lwjgl-stb-3.3.1.jar;C:\Users\Daniil\.m2\repository\org\lwjgl\lwjgl-vulkan\3.3.1\lwjgl-vulkan-3.3.1.jar;C:\Users\Daniil\.m2\repository\org\lwjgl\lwjgl\3.3.1\lwjgl-3.3.1-natives-windows.jar;C:\Users\Daniil\.m2\repository\org\lwjgl\lwjgl-assimp\3.3.1\lwjgl-assimp-3.3.1-natives-windows.jar;C:\Users\Daniil\.m2\repository\org\lwjgl\lwjgl-glfw\3.3.1\lwjgl-glfw-3.3.1-natives-windows.jar;C:\Users\Daniil\.m2\repository\org\lwjgl\lwjgl-openal\3.3.1\lwjgl-openal-3.3.1-natives-windows.jar;C:\Users\Daniil\.m2\repository\org\lwjgl\lwjgl-stb\3.3.1\lwjgl-stb-3.3.1-natives-windows.jar;C:\Users\Daniil\.m2\repository\org\joml\joml\1.10.5\joml-1.10.5.jar;C:\Users\Daniil\.m2\repository\org\lwjglx\lwjgl3-awt\0.1.8\lwjgl3-awt-0.1.8.jar;C:\Users\Daniil\.m2\repository\org\lwjgl\lwjgl-jawt\3.3.1\lwjgl-jawt-3.3.1.jar;C:\Program Files\JetBrains\IntelliJ IDEA 2022.2.3\lib\idea_rt.jar
Launcher Type: SUN_STANDARD

[Global flags]
     intx CICompilerCount                          = 3                                         {product} {ergonomic}
     uint ConcGCThreads                            = 1                                         {product} {ergonomic}
     bool EnableJVMCIProduct                       = true                                {JVMCI product} {jimage}
     uint G1ConcRefinementThreads                  = 4                                         {product} {ergonomic}
   size_t G1HeapRegionSize                         = 1048576                                   {product} {ergonomic}
    uintx GCDrainStackTargetSize                   = 64                                        {product} {ergonomic}
   size_t InitialHeapSize                          = 134217728                                 {product} {ergonomic}
     uint JVMCIThreadsPerNativeLibraryRuntime      = 1                                   {JVMCI product} {jimage}
   size_t MarkStackSize                            = 4194304                                   {product} {ergonomic}
   size_t MaxHeapSize                              = 2130706432                                {product} {ergonomic}
   size_t MaxNewSize                               = 1278214144                                {product} {ergonomic}
   size_t MinHeapDeltaBytes                        = 1048576                                   {product} {ergonomic}
    uintx NonNMethodCodeHeapSize                   = 6401880                                {pd product} {ergonomic}
    uintx NonProfiledCodeHeapSize                  = 164571220                              {pd product} {ergonomic}
    uintx ProfiledCodeHeapSize                     = 164571220                              {pd product} {ergonomic}
    uintx ReservedCodeCacheSize                    = 335544320                              {pd product} {ergonomic}
     bool SegmentedCodeCache                       = true                                      {product} {ergonomic}
     intx ThreadPriorityPolicy                     = 1                                         {product} {jimage}
     bool UseCompressedClassPointers               = true                                 {lp64_product} {ergonomic}
     bool UseCompressedOops                        = true                                 {lp64_product} {ergonomic}
     bool UseG1GC                                  = true                                      {product} {ergonomic}
     bool UseLargePagesIndividualAllocation        = false                                  {pd product} {ergonomic}

Logging:
Log output configuration:
 #0: stdout all=warning uptime,level,tags
 #1: stderr all=off uptime,level,tags

Environment Variables:
JAVA_HOME=C:\Program Files\Java\graalvm-ce-java11-22.3.0
PATH=C:\VulkanSDK\1.3.231.1\Bin;C:\Windows\system32;C:\Windows;C:\Windows\System32\Wbem;C:\Windows\System32\WindowsPowerShell\v1.0\;C:\Windows\System32\OpenSSH\;C:\Program Files (x86)\NVIDIA Corporation\PhysX\Common;C:\Program Files\NVIDIA Corporation\NVIDIA NvDLISR;C:\Program Files\Git\cmd;C:\Program Files\Java\graalvm-ce-java11-22.3.0\bin;C:\Program Files\dotnet\;C:\Users\Daniil\AppData\Local\Microsoft\WindowsApps;;C:\Program Files\JetBrains\PyCharm Community Edition 2022.2.3\bin;;C:\Users\Daniil\AppData\Local\Programs\Microsoft VS Code\bin
USERNAME=Daniil
OS=Windows_NT
PROCESSOR_IDENTIFIER=Intel64 Family 6 Model 58 Stepping 9, GenuineIntel
TMP=C:\!TEMP
TEMP=C:\!TEMP



---------------  S Y S T E M  ---------------

OS: Windows 10 , 64 bit Build 19041 (10.0.19041.2251)
OS uptime: 1 days 20:51 hours

CPU:total 4 (initial active 4) (4 cores per cpu, 1 threads per core) family 6 model 58 stepping 9 microcode 0x21, cmov, cx8, fxsr, mmx, sse, sse2, sse3, ssse3, sse4.1, sse4.2, popcnt, avx, aes, clmul, erms, tsc, tscinvbit, tscinv

Memory: 4k page, system-wide physical 8126M (1551M free)
TotalPageFile size 16322M (AvailPageFile size 6311M)
current process WorkingSet (physical memory assigned to process): 129M, peak: 129M
current process commit charge ("private bytes"): 295M, peak: 296M

vm_info: OpenJDK 64-Bit Server VM (11.0.17+8-jvmci-22.3-b08) for windows-amd64 JRE (11.0.17+8-jvmci-22.3-b08), built on Oct 19 2022 01:56:15 by "" with MS VC++ 15.9 (VS2017)

END.
